[0.011s] Invoking command in '/home/vy/GalacticRacing/sim_ws/build/lab7_pkg': CMAKE_PREFIX_PATH=${CMAKE_PREFIX_PATH}:/home/vy/GalacticRacing/sim_ws/install/particle_filter:/home/vy/GalacticRacing/sim_ws/install/f1tenth_gym_ros:/opt/ros/foxy /usr/bin/cmake --build /home/vy/GalacticRacing/sim_ws/build/lab7_pkg -- -j16 -l16
[0.127s] [100%] Built target rrt_node
[0.135s] Invoked command in '/home/vy/GalacticRacing/sim_ws/build/lab7_pkg' returned '0': CMAKE_PREFIX_PATH=${CMAKE_PREFIX_PATH}:/home/vy/GalacticRacing/sim_ws/install/particle_filter:/home/vy/GalacticRacing/sim_ws/install/f1tenth_gym_ros:/opt/ros/foxy /usr/bin/cmake --build /home/vy/GalacticRacing/sim_ws/build/lab7_pkg -- -j16 -l16
[0.180s] Invoking command in '/home/vy/GalacticRacing/sim_ws/build/lab7_pkg': CMAKE_PREFIX_PATH=${CMAKE_PREFIX_PATH}:/home/vy/GalacticRacing/sim_ws/install/particle_filter:/home/vy/GalacticRacing/sim_ws/install/f1tenth_gym_ros:/opt/ros/foxy /usr/bin/cmake --install /home/vy/GalacticRacing/sim_ws/build/lab7_pkg
[0.192s] -- Install configuration: ""
[0.193s] -- Up-to-date: /home/vy/GalacticRacing/sim_ws/install/lab7_pkg/lib/lab7_pkg/rrt_node
[0.193s] -- Up-to-date: /home/vy/GalacticRacing/sim_ws/install/lab7_pkg/share/lab7_pkg/environment/pythonpath.sh
[0.193s] -- Up-to-date: /home/vy/GalacticRacing/sim_ws/install/lab7_pkg/share/lab7_pkg/environment/pythonpath.dsv
[0.193s] -- Up-to-date: /home/vy/GalacticRacing/sim_ws/install/lab7_pkg/lib/python3.8/site-packages/lab7_pkg
[0.193s] -- Up-to-date: /home/vy/GalacticRacing/sim_ws/install/lab7_pkg/lib/python3.8/site-packages/lab7_pkg/__init__.py
[0.218s] Listing '/home/vy/GalacticRacing/sim_ws/install/lab7_pkg/lib/python3.8/site-packages/lab7_pkg'...
[0.220s] -- Installing: /home/vy/GalacticRacing/sim_ws/install/lab7_pkg/lib/lab7_pkg/rrt_node.py
[0.221s] -- Up-to-date: /home/vy/GalacticRacing/sim_ws/install/lab7_pkg/share/ament_index/resource_index/package_run_dependencies/lab7_pkg
[0.221s] -- Up-to-date: /home/vy/GalacticRacing/sim_ws/install/lab7_pkg/share/ament_index/resource_index/parent_prefix_path/lab7_pkg
[0.221s] -- Up-to-date: /home/vy/GalacticRacing/sim_ws/install/lab7_pkg/share/lab7_pkg/environment/ament_prefix_path.sh
[0.221s] -- Up-to-date: /home/vy/GalacticRacing/sim_ws/install/lab7_pkg/share/lab7_pkg/environment/ament_prefix_path.dsv
[0.221s] -- Up-to-date: /home/vy/GalacticRacing/sim_ws/install/lab7_pkg/share/lab7_pkg/environment/path.sh
[0.221s] -- Up-to-date: /home/vy/GalacticRacing/sim_ws/install/lab7_pkg/share/lab7_pkg/environment/path.dsv
[0.221s] -- Up-to-date: /home/vy/GalacticRacing/sim_ws/install/lab7_pkg/share/lab7_pkg/local_setup.bash
[0.221s] -- Up-to-date: /home/vy/GalacticRacing/sim_ws/install/lab7_pkg/share/lab7_pkg/local_setup.sh
[0.221s] -- Up-to-date: /home/vy/GalacticRacing/sim_ws/install/lab7_pkg/share/lab7_pkg/local_setup.zsh
[0.221s] -- Up-to-date: /home/vy/GalacticRacing/sim_ws/install/lab7_pkg/share/lab7_pkg/local_setup.dsv
[0.221s] -- Installing: /home/vy/GalacticRacing/sim_ws/install/lab7_pkg/share/lab7_pkg/package.dsv
[0.221s] -- Up-to-date: /home/vy/GalacticRacing/sim_ws/install/lab7_pkg/share/ament_index/resource_index/packages/lab7_pkg
[0.221s] -- Up-to-date: /home/vy/GalacticRacing/sim_ws/install/lab7_pkg/share/lab7_pkg/cmake/lab7_pkgConfig.cmake
[0.221s] -- Up-to-date: /home/vy/GalacticRacing/sim_ws/install/lab7_pkg/share/lab7_pkg/cmake/lab7_pkgConfig-version.cmake
[0.221s] -- Up-to-date: /home/vy/GalacticRacing/sim_ws/install/lab7_pkg/share/lab7_pkg/package.xml
[0.223s] Invoked command in '/home/vy/GalacticRacing/sim_ws/build/lab7_pkg' returned '0': CMAKE_PREFIX_PATH=${CMAKE_PREFIX_PATH}:/home/vy/GalacticRacing/sim_ws/install/particle_filter:/home/vy/GalacticRacing/sim_ws/install/f1tenth_gym_ros:/opt/ros/foxy /usr/bin/cmake --install /home/vy/GalacticRacing/sim_ws/build/lab7_pkg
