[0.436s] Invoking command in '/home/vy/GalacticRacing/sim_ws/src/build/lab5_pkg': /usr/bin/cmake --build /home/vy/GalacticRacing/sim_ws/src/build/lab5_pkg -- -j6 -l6
[0.503s] [100%] Built target scanmatch_node
[0.519s] Invoked command in '/home/vy/GalacticRacing/sim_ws/src/build/lab5_pkg' returned '0': /usr/bin/cmake --build /home/vy/GalacticRacing/sim_ws/src/build/lab5_pkg -- -j6 -l6
[0.561s] Invoking command in '/home/vy/GalacticRacing/sim_ws/src/build/lab5_pkg': /usr/bin/cmake --install /home/vy/GalacticRacing/sim_ws/src/build/lab5_pkg
[0.587s] -- Install configuration: ""
[0.587s] -- Up-to-date: /home/vy/GalacticRacing/sim_ws/src/install/lab5_pkg/lib/lab5_pkg/scanmatch_node
[0.587s] -- Up-to-date: /home/vy/GalacticRacing/sim_ws/src/install/lab5_pkg/share/lab5_pkg/environment/pythonpath.sh
[0.587s] -- Up-to-date: /home/vy/GalacticRacing/sim_ws/src/install/lab5_pkg/share/lab5_pkg/environment/pythonpath.dsv
[0.587s] -- Up-to-date: /home/vy/GalacticRacing/sim_ws/src/install/lab5_pkg/lib/python3.8/site-packages/lab5_pkg
[0.587s] -- Up-to-date: /home/vy/GalacticRacing/sim_ws/src/install/lab5_pkg/lib/python3.8/site-packages/lab5_pkg/__init__.py
[0.603s] Listing '/home/vy/GalacticRacing/sim_ws/src/install/lab5_pkg/lib/python3.8/site-packages/lab5_pkg'...
[0.603s] -- Up-to-date: /home/vy/GalacticRacing/sim_ws/src/install/lab5_pkg/share/ament_index/resource_index/package_run_dependencies/lab5_pkg
[0.603s] -- Up-to-date: /home/vy/GalacticRacing/sim_ws/src/install/lab5_pkg/share/ament_index/resource_index/parent_prefix_path/lab5_pkg
[0.614s] -- Up-to-date: /home/vy/GalacticRacing/sim_ws/src/install/lab5_pkg/share/lab5_pkg/environment/ament_prefix_path.sh
[0.625s] -- Up-to-date: /home/vy/GalacticRacing/sim_ws/src/install/lab5_pkg/share/lab5_pkg/environment/ament_prefix_path.dsv
[0.625s] -- Up-to-date: /home/vy/GalacticRacing/sim_ws/src/install/lab5_pkg/share/lab5_pkg/environment/path.sh
[0.625s] -- Up-to-date: /home/vy/GalacticRacing/sim_ws/src/install/lab5_pkg/share/lab5_pkg/environment/path.dsv
[0.644s] -- Up-to-date: /home/vy/GalacticRacing/sim_ws/src/install/lab5_pkg/share/lab5_pkg/local_setup.bash
[0.645s] -- Up-to-date: /home/vy/GalacticRacing/sim_ws/src/install/lab5_pkg/share/lab5_pkg/local_setup.sh
[0.645s] -- Up-to-date: /home/vy/GalacticRacing/sim_ws/src/install/lab5_pkg/share/lab5_pkg/local_setup.zsh
[0.645s] -- Up-to-date: /home/vy/GalacticRacing/sim_ws/src/install/lab5_pkg/share/lab5_pkg/local_setup.dsv
[0.645s] -- Installing: /home/vy/GalacticRacing/sim_ws/src/install/lab5_pkg/share/lab5_pkg/package.dsv
[0.645s] -- Up-to-date: /home/vy/GalacticRacing/sim_ws/src/install/lab5_pkg/share/ament_index/resource_index/packages/lab5_pkg
[0.646s] -- Up-to-date: /home/vy/GalacticRacing/sim_ws/src/install/lab5_pkg/share/lab5_pkg/cmake/lab5_pkgConfig.cmake
[0.646s] -- Up-to-date: /home/vy/GalacticRacing/sim_ws/src/install/lab5_pkg/share/lab5_pkg/cmake/lab5_pkgConfig-version.cmake
[0.647s] -- Up-to-date: /home/vy/GalacticRacing/sim_ws/src/install/lab5_pkg/share/lab5_pkg/package.xml
[0.747s] Invoked command in '/home/vy/GalacticRacing/sim_ws/src/build/lab5_pkg' returned '0': /usr/bin/cmake --install /home/vy/GalacticRacing/sim_ws/src/build/lab5_pkg
