[1.357s] Invoking command in '/home/vy/GalacticRacing/sim_ws/src/build/wall_follow': CMAKE_PREFIX_PATH=${CMAKE_PREFIX_PATH}:/home/vy/GalacticRacing/sim_ws/src/install/f1tenth_gym_ros:/opt/ros/foxy /usr/bin/cmake --build /home/vy/GalacticRacing/sim_ws/src/build/wall_follow -- -j8 -l8
[1.443s] [100%] Built target wall_follow_node
[2.272s] Invoked command in '/home/vy/GalacticRacing/sim_ws/src/build/wall_follow' returned '0': CMAKE_PREFIX_PATH=${CMAKE_PREFIX_PATH}:/home/vy/GalacticRacing/sim_ws/src/install/f1tenth_gym_ros:/opt/ros/foxy /usr/bin/cmake --build /home/vy/GalacticRacing/sim_ws/src/build/wall_follow -- -j8 -l8
[3.434s] Invoking command in '/home/vy/GalacticRacing/sim_ws/src/build/wall_follow': CMAKE_PREFIX_PATH=${CMAKE_PREFIX_PATH}:/home/vy/GalacticRacing/sim_ws/src/install/f1tenth_gym_ros:/opt/ros/foxy /usr/bin/cmake --install /home/vy/GalacticRacing/sim_ws/src/build/wall_follow
[3.672s] -- Install configuration: ""
[3.672s] -- Up-to-date: /home/vy/GalacticRacing/sim_ws/src/install/wall_follow/lib/wall_follow/wall_follow_node
[3.672s] -- Up-to-date: /home/vy/GalacticRacing/sim_ws/src/install/wall_follow/share/wall_follow/environment/pythonpath.sh
[3.673s] -- Up-to-date: /home/vy/GalacticRacing/sim_ws/src/install/wall_follow/share/wall_follow/environment/pythonpath.dsv
[3.673s] -- Up-to-date: /home/vy/GalacticRacing/sim_ws/src/install/wall_follow/lib/python3.8/site-packages/wall_follow
[3.673s] -- Up-to-date: /home/vy/GalacticRacing/sim_ws/src/install/wall_follow/lib/python3.8/site-packages/wall_follow/__init__.py
[3.673s] Listing '/home/vy/GalacticRacing/sim_ws/src/install/wall_follow/lib/python3.8/site-packages/wall_follow'...
[3.673s] -- Up-to-date: /home/vy/GalacticRacing/sim_ws/src/install/wall_follow/lib/wall_follow/wall_follow_node.py
[3.675s] -- Up-to-date: /home/vy/GalacticRacing/sim_ws/src/install/wall_follow/share/ament_index/resource_index/package_run_dependencies/wall_follow
[3.675s] -- Up-to-date: /home/vy/GalacticRacing/sim_ws/src/install/wall_follow/share/ament_index/resource_index/parent_prefix_path/wall_follow
[3.675s] -- Up-to-date: /home/vy/GalacticRacing/sim_ws/src/install/wall_follow/share/wall_follow/environment/ament_prefix_path.sh
[3.676s] -- Up-to-date: /home/vy/GalacticRacing/sim_ws/src/install/wall_follow/share/wall_follow/environment/ament_prefix_path.dsv
[3.676s] -- Up-to-date: /home/vy/GalacticRacing/sim_ws/src/install/wall_follow/share/wall_follow/environment/path.sh
[3.676s] -- Up-to-date: /home/vy/GalacticRacing/sim_ws/src/install/wall_follow/share/wall_follow/environment/path.dsv
[3.676s] -- Up-to-date: /home/vy/GalacticRacing/sim_ws/src/install/wall_follow/share/wall_follow/local_setup.bash
[3.677s] -- Up-to-date: /home/vy/GalacticRacing/sim_ws/src/install/wall_follow/share/wall_follow/local_setup.sh
[3.677s] -- Up-to-date: /home/vy/GalacticRacing/sim_ws/src/install/wall_follow/share/wall_follow/local_setup.zsh
[3.677s] -- Up-to-date: /home/vy/GalacticRacing/sim_ws/src/install/wall_follow/share/wall_follow/local_setup.dsv
[3.677s] -- Installing: /home/vy/GalacticRacing/sim_ws/src/install/wall_follow/share/wall_follow/package.dsv
[3.677s] -- Up-to-date: /home/vy/GalacticRacing/sim_ws/src/install/wall_follow/share/ament_index/resource_index/packages/wall_follow
[3.678s] -- Up-to-date: /home/vy/GalacticRacing/sim_ws/src/install/wall_follow/share/wall_follow/cmake/wall_followConfig.cmake
[3.678s] -- Up-to-date: /home/vy/GalacticRacing/sim_ws/src/install/wall_follow/share/wall_follow/cmake/wall_followConfig-version.cmake
[3.679s] -- Up-to-date: /home/vy/GalacticRacing/sim_ws/src/install/wall_follow/share/wall_follow/package.xml
[4.283s] Invoked command in '/home/vy/GalacticRacing/sim_ws/src/build/wall_follow' returned '0': CMAKE_PREFIX_PATH=${CMAKE_PREFIX_PATH}:/home/vy/GalacticRacing/sim_ws/src/install/f1tenth_gym_ros:/opt/ros/foxy /usr/bin/cmake --install /home/vy/GalacticRacing/sim_ws/src/build/wall_follow
