[0.628s] Invoking command in '/home/vy/GalacticRacing/sim_ws/build/pure_pursuit': CMAKE_PREFIX_PATH=${CMAKE_PREFIX_PATH}:/home/vy/GalacticRacing/sim_ws/install/particle_filter:/home/vy/GalacticRacing/sim_ws/install/f1tenth_gym_ros:/opt/ros/foxy /usr/bin/cmake --build /home/vy/GalacticRacing/sim_ws/build/pure_pursuit -- -j16 -l16
[0.748s] [100%] Built target pure_pursuit_node
[0.811s] Invoked command in '/home/vy/GalacticRacing/sim_ws/build/pure_pursuit' returned '0': CMAKE_PREFIX_PATH=${CMAKE_PREFIX_PATH}:/home/vy/GalacticRacing/sim_ws/install/particle_filter:/home/vy/GalacticRacing/sim_ws/install/f1tenth_gym_ros:/opt/ros/foxy /usr/bin/cmake --build /home/vy/GalacticRacing/sim_ws/build/pure_pursuit -- -j16 -l16
[0.980s] Invoking command in '/home/vy/GalacticRacing/sim_ws/build/pure_pursuit': CMAKE_PREFIX_PATH=${CMAKE_PREFIX_PATH}:/home/vy/GalacticRacing/sim_ws/install/particle_filter:/home/vy/GalacticRacing/sim_ws/install/f1tenth_gym_ros:/opt/ros/foxy /usr/bin/cmake --install /home/vy/GalacticRacing/sim_ws/build/pure_pursuit
[1.008s] -- Install configuration: ""
[1.008s] -- Up-to-date: /home/vy/GalacticRacing/sim_ws/install/pure_pursuit/lib/pure_pursuit/pure_pursuit_node
[1.016s] -- Up-to-date: /home/vy/GalacticRacing/sim_ws/install/pure_pursuit/share/pure_pursuit/environment/pythonpath.sh
[1.016s] -- Up-to-date: /home/vy/GalacticRacing/sim_ws/install/pure_pursuit/share/pure_pursuit/environment/pythonpath.dsv
[1.016s] -- Up-to-date: /home/vy/GalacticRacing/sim_ws/install/pure_pursuit/lib/python3.8/site-packages/pure_pursuit
[1.016s] -- Up-to-date: /home/vy/GalacticRacing/sim_ws/install/pure_pursuit/lib/python3.8/site-packages/pure_pursuit/__init__.py
[1.068s] Listing '/home/vy/GalacticRacing/sim_ws/install/pure_pursuit/lib/python3.8/site-packages/pure_pursuit'...
[1.074s] -- Up-to-date: /home/vy/GalacticRacing/sim_ws/install/pure_pursuit/lib/pure_pursuit/pure_pursuit_node.py
[1.074s] -- Up-to-date: /home/vy/GalacticRacing/sim_ws/install/pure_pursuit/lib/pure_pursuit/interactive_node.py
[1.075s] -- Up-to-date: /home/vy/GalacticRacing/sim_ws/install/pure_pursuit/share/ament_index/resource_index/package_run_dependencies/pure_pursuit
[1.075s] -- Up-to-date: /home/vy/GalacticRacing/sim_ws/install/pure_pursuit/share/ament_index/resource_index/parent_prefix_path/pure_pursuit
[1.075s] -- Up-to-date: /home/vy/GalacticRacing/sim_ws/install/pure_pursuit/share/pure_pursuit/environment/ament_prefix_path.sh
[1.075s] -- Up-to-date: /home/vy/GalacticRacing/sim_ws/install/pure_pursuit/share/pure_pursuit/environment/ament_prefix_path.dsv
[1.075s] -- Up-to-date: /home/vy/GalacticRacing/sim_ws/install/pure_pursuit/share/pure_pursuit/environment/path.sh
[1.075s] -- Up-to-date: /home/vy/GalacticRacing/sim_ws/install/pure_pursuit/share/pure_pursuit/environment/path.dsv
[1.075s] -- Up-to-date: /home/vy/GalacticRacing/sim_ws/install/pure_pursuit/share/pure_pursuit/local_setup.bash
[1.075s] -- Up-to-date: /home/vy/GalacticRacing/sim_ws/install/pure_pursuit/share/pure_pursuit/local_setup.sh
[1.076s] -- Up-to-date: /home/vy/GalacticRacing/sim_ws/install/pure_pursuit/share/pure_pursuit/local_setup.zsh
[1.076s] -- Up-to-date: /home/vy/GalacticRacing/sim_ws/install/pure_pursuit/share/pure_pursuit/local_setup.dsv
[1.076s] -- Installing: /home/vy/GalacticRacing/sim_ws/install/pure_pursuit/share/pure_pursuit/package.dsv
[1.076s] -- Up-to-date: /home/vy/GalacticRacing/sim_ws/install/pure_pursuit/share/ament_index/resource_index/packages/pure_pursuit
[1.076s] -- Up-to-date: /home/vy/GalacticRacing/sim_ws/install/pure_pursuit/share/pure_pursuit/cmake/pure_pursuitConfig.cmake
[1.076s] -- Up-to-date: /home/vy/GalacticRacing/sim_ws/install/pure_pursuit/share/pure_pursuit/cmake/pure_pursuitConfig-version.cmake
[1.076s] -- Up-to-date: /home/vy/GalacticRacing/sim_ws/install/pure_pursuit/share/pure_pursuit/package.xml
[1.097s] Invoked command in '/home/vy/GalacticRacing/sim_ws/build/pure_pursuit' returned '0': CMAKE_PREFIX_PATH=${CMAKE_PREFIX_PATH}:/home/vy/GalacticRacing/sim_ws/install/particle_filter:/home/vy/GalacticRacing/sim_ws/install/f1tenth_gym_ros:/opt/ros/foxy /usr/bin/cmake --install /home/vy/GalacticRacing/sim_ws/build/pure_pursuit
