[1.804s] Invoking command in '/home/vy/GalacticRacing/sim_ws/src/f1tenth_gym_ros': PYTHONPATH=/home/vy/GalacticRacing/build/f1tenth_gym_ros/prefix_override:/home/vy/GalacticRacing/install/f1tenth_gym_ros/lib/python3.8/site-packages:${PYTHONPATH} /usr/bin/python3 setup.py egg_info --egg-base ../../../build/f1tenth_gym_ros build --build-base /home/vy/GalacticRacing/build/f1tenth_gym_ros/build install --record /home/vy/GalacticRacing/build/f1tenth_gym_ros/install.log --install-scripts $base/lib/f1tenth_gym_ros --single-version-externally-managed
[2.010s] running egg_info
[2.011s] writing ../../../build/f1tenth_gym_ros/f1tenth_gym_ros.egg-info/PKG-INFO
[2.012s] writing dependency_links to ../../../build/f1tenth_gym_ros/f1tenth_gym_ros.egg-info/dependency_links.txt
[2.012s] writing entry points to ../../../build/f1tenth_gym_ros/f1tenth_gym_ros.egg-info/entry_points.txt
[2.013s] writing requirements to ../../../build/f1tenth_gym_ros/f1tenth_gym_ros.egg-info/requires.txt
[2.013s] writing top-level names to ../../../build/f1tenth_gym_ros/f1tenth_gym_ros.egg-info/top_level.txt
[2.052s] reading manifest file '../../../build/f1tenth_gym_ros/f1tenth_gym_ros.egg-info/SOURCES.txt'
[2.053s] writing manifest file '../../../build/f1tenth_gym_ros/f1tenth_gym_ros.egg-info/SOURCES.txt'
[2.054s] running build
[2.054s] running build_py
[2.054s] running install
[2.056s] running install_lib
[2.056s] running install_data
[2.056s] running install_egg_info
[2.058s] removing '/home/vy/GalacticRacing/install/f1tenth_gym_ros/lib/python3.8/site-packages/f1tenth_gym_ros-0.0.0-py3.8.egg-info' (and everything under it)
[2.058s] Copying ../../../build/f1tenth_gym_ros/f1tenth_gym_ros.egg-info to /home/vy/GalacticRacing/install/f1tenth_gym_ros/lib/python3.8/site-packages/f1tenth_gym_ros-0.0.0-py3.8.egg-info
[2.065s] running install_scripts
[2.073s] Installing gym_bridge script to /home/vy/GalacticRacing/install/f1tenth_gym_ros/lib/f1tenth_gym_ros
[2.074s] writing list of installed files to '/home/vy/GalacticRacing/build/f1tenth_gym_ros/install.log'
[2.224s] Invoked command in '/home/vy/GalacticRacing/sim_ws/src/f1tenth_gym_ros' returned '0': PYTHONPATH=/home/vy/GalacticRacing/build/f1tenth_gym_ros/prefix_override:/home/vy/GalacticRacing/install/f1tenth_gym_ros/lib/python3.8/site-packages:${PYTHONPATH} /usr/bin/python3 setup.py egg_info --egg-base ../../../build/f1tenth_gym_ros build --build-base /home/vy/GalacticRacing/build/f1tenth_gym_ros/build install --record /home/vy/GalacticRacing/build/f1tenth_gym_ros/install.log --install-scripts $base/lib/f1tenth_gym_ros --single-version-externally-managed
