[1.384s] DEBUG:colcon:Command line arguments: ['/usr/bin/colcon', 'build']
[1.384s] DEBUG:colcon:Parsed command line arguments: Namespace(allow_overriding=[], ament_cmake_args=None, base_paths=['.'], build_base='build', catkin_cmake_args=None, catkin_skip_building_tests=False, cmake_args=None, cmake_clean_cache=False, cmake_clean_first=False, cmake_force_configure=False, cmake_target=None, cmake_target_skip_unavailable=False, continue_on_error=False, event_handlers=None, executor='parallel', ignore_user_meta=False, install_base='install', log_base=None, log_level=None, main=<bound method BuildVerb.main of <colcon_core.verb.build.BuildVerb object at 0x7fe4ff58c8b0>>, merge_install=False, metas=['./colcon.meta'], packages_above=None, packages_above_and_dependencies=None, packages_above_depth=None, packages_end=None, packages_ignore=None, packages_ignore_regex=None, packages_select=None, packages_select_build_failed=False, packages_select_by_dep=None, packages_select_regex=None, packages_select_test_failures=False, packages_skip=None, packages_skip_build_finished=False, packages_skip_by_dep=None, packages_skip_regex=None, packages_skip_test_passed=False, packages_skip_up_to=None, packages_start=None, packages_up_to=None, packages_up_to_regex=None, parallel_workers=6, paths=None, symlink_install=False, test_result_base=None, verb_extension=<colcon_core.verb.build.BuildVerb object at 0x7fe4ff58c8b0>, verb_name='build', verb_parser=<colcon_defaults.argument_parser.defaults.DefaultArgumentsDecorator object at 0x7fe4ff10cee0>)
[1.447s] Level 1:colcon.colcon_core.package_discovery:discover_packages(colcon_meta) check parameters
[1.447s] Level 1:colcon.colcon_core.package_discovery:discover_packages(recursive) check parameters
[1.447s] Level 1:colcon.colcon_core.package_discovery:discover_packages(ignore) check parameters
[1.447s] Level 1:colcon.colcon_core.package_discovery:discover_packages(path) check parameters
[1.447s] Level 1:colcon.colcon_core.package_discovery:discover_packages(colcon_meta) discover
[1.447s] Level 1:colcon.colcon_core.package_discovery:discover_packages(recursive) discover
[1.447s] INFO:colcon.colcon_core.package_discovery:Crawling recursively for packages in '/home/vy/GalacticRacing'
[1.448s] Level 1:colcon.colcon_core.package_identification:_identify(.) by extensions ['ignore', 'ignore_ament_install']
[1.448s] Level 1:colcon.colcon_core.package_identification:_identify(.) by extension 'ignore'
[1.448s] Level 1:colcon.colcon_core.package_identification:_identify(.) by extension 'ignore_ament_install'
[1.448s] Level 1:colcon.colcon_core.package_identification:_identify(.) by extensions ['colcon_pkg']
[1.448s] Level 1:colcon.colcon_core.package_identification:_identify(.) by extension 'colcon_pkg'
[1.448s] Level 1:colcon.colcon_core.package_identification:_identify(.) by extensions ['colcon_meta']
[1.448s] Level 1:colcon.colcon_core.package_identification:_identify(.) by extension 'colcon_meta'
[1.448s] Level 1:colcon.colcon_core.package_identification:_identify(.) by extensions ['ros']
[1.448s] Level 1:colcon.colcon_core.package_identification:_identify(.) by extension 'ros'
[1.457s] Level 1:colcon.colcon_core.package_identification:_identify(.) by extensions ['cmake', 'python']
[1.457s] Level 1:colcon.colcon_core.package_identification:_identify(.) by extension 'cmake'
[1.457s] Level 1:colcon.colcon_core.package_identification:_identify(.) by extension 'python'
[1.457s] Level 1:colcon.colcon_core.package_identification:_identify(.) by extensions ['python_setup_py']
[1.457s] Level 1:colcon.colcon_core.package_identification:_identify(.) by extension 'python_setup_py'
[1.457s] Level 1:colcon.colcon_core.package_identification:_identify(build) by extensions ['ignore', 'ignore_ament_install']
[1.457s] Level 1:colcon.colcon_core.package_identification:_identify(build) by extension 'ignore'
[1.458s] Level 1:colcon.colcon_core.package_identification:_identify(build) ignored
[1.458s] Level 1:colcon.colcon_core.package_identification:_identify(docs) by extensions ['ignore', 'ignore_ament_install']
[1.458s] Level 1:colcon.colcon_core.package_identification:_identify(docs) by extension 'ignore'
[1.458s] Level 1:colcon.colcon_core.package_identification:_identify(docs) by extension 'ignore_ament_install'
[1.458s] Level 1:colcon.colcon_core.package_identification:_identify(docs) by extensions ['colcon_pkg']
[1.458s] Level 1:colcon.colcon_core.package_identification:_identify(docs) by extension 'colcon_pkg'
[1.458s] Level 1:colcon.colcon_core.package_identification:_identify(docs) by extensions ['colcon_meta']
[1.458s] Level 1:colcon.colcon_core.package_identification:_identify(docs) by extension 'colcon_meta'
[1.458s] Level 1:colcon.colcon_core.package_identification:_identify(docs) by extensions ['ros']
[1.458s] Level 1:colcon.colcon_core.package_identification:_identify(docs) by extension 'ros'
[1.458s] Level 1:colcon.colcon_core.package_identification:_identify(docs) by extensions ['cmake', 'python']
[1.458s] Level 1:colcon.colcon_core.package_identification:_identify(docs) by extension 'cmake'
[1.458s] Level 1:colcon.colcon_core.package_identification:_identify(docs) by extension 'python'
[1.458s] Level 1:colcon.colcon_core.package_identification:_identify(docs) by extensions ['python_setup_py']
[1.458s] Level 1:colcon.colcon_core.package_identification:_identify(docs) by extension 'python_setup_py'
[1.459s] Level 1:colcon.colcon_core.package_identification:_identify(install) by extensions ['ignore', 'ignore_ament_install']
[1.459s] Level 1:colcon.colcon_core.package_identification:_identify(install) by extension 'ignore'
[1.459s] Level 1:colcon.colcon_core.package_identification:_identify(install) ignored
[1.459s] Level 1:colcon.colcon_core.package_identification:_identify(log) by extensions ['ignore', 'ignore_ament_install']
[1.459s] Level 1:colcon.colcon_core.package_identification:_identify(log) by extension 'ignore'
[1.459s] Level 1:colcon.colcon_core.package_identification:_identify(log) ignored
[1.459s] Level 1:colcon.colcon_core.package_identification:_identify(scripts) by extensions ['ignore', 'ignore_ament_install']
[1.459s] Level 1:colcon.colcon_core.package_identification:_identify(scripts) by extension 'ignore'
[1.459s] Level 1:colcon.colcon_core.package_identification:_identify(scripts) by extension 'ignore_ament_install'
[1.459s] Level 1:colcon.colcon_core.package_identification:_identify(scripts) by extensions ['colcon_pkg']
[1.459s] Level 1:colcon.colcon_core.package_identification:_identify(scripts) by extension 'colcon_pkg'
[1.459s] Level 1:colcon.colcon_core.package_identification:_identify(scripts) by extensions ['colcon_meta']
[1.459s] Level 1:colcon.colcon_core.package_identification:_identify(scripts) by extension 'colcon_meta'
[1.459s] Level 1:colcon.colcon_core.package_identification:_identify(scripts) by extensions ['ros']
[1.459s] Level 1:colcon.colcon_core.package_identification:_identify(scripts) by extension 'ros'
[1.460s] Level 1:colcon.colcon_core.package_identification:_identify(scripts) by extensions ['cmake', 'python']
[1.460s] Level 1:colcon.colcon_core.package_identification:_identify(scripts) by extension 'cmake'
[1.460s] Level 1:colcon.colcon_core.package_identification:_identify(scripts) by extension 'python'
[1.460s] Level 1:colcon.colcon_core.package_identification:_identify(scripts) by extensions ['python_setup_py']
[1.460s] Level 1:colcon.colcon_core.package_identification:_identify(scripts) by extension 'python_setup_py'
[1.460s] Level 1:colcon.colcon_core.package_identification:_identify(sim_ws) by extensions ['ignore', 'ignore_ament_install']
[1.460s] Level 1:colcon.colcon_core.package_identification:_identify(sim_ws) by extension 'ignore'
[1.460s] Level 1:colcon.colcon_core.package_identification:_identify(sim_ws) by extension 'ignore_ament_install'
[1.460s] Level 1:colcon.colcon_core.package_identification:_identify(sim_ws) by extensions ['colcon_pkg']
[1.460s] Level 1:colcon.colcon_core.package_identification:_identify(sim_ws) by extension 'colcon_pkg'
[1.460s] Level 1:colcon.colcon_core.package_identification:_identify(sim_ws) by extensions ['colcon_meta']
[1.460s] Level 1:colcon.colcon_core.package_identification:_identify(sim_ws) by extension 'colcon_meta'
[1.460s] Level 1:colcon.colcon_core.package_identification:_identify(sim_ws) by extensions ['ros']
[1.460s] Level 1:colcon.colcon_core.package_identification:_identify(sim_ws) by extension 'ros'
[1.460s] Level 1:colcon.colcon_core.package_identification:_identify(sim_ws) by extensions ['cmake', 'python']
[1.460s] Level 1:colcon.colcon_core.package_identification:_identify(sim_ws) by extension 'cmake'
[1.460s] Level 1:colcon.colcon_core.package_identification:_identify(sim_ws) by extension 'python'
[1.460s] Level 1:colcon.colcon_core.package_identification:_identify(sim_ws) by extensions ['python_setup_py']
[1.460s] Level 1:colcon.colcon_core.package_identification:_identify(sim_ws) by extension 'python_setup_py'
[1.460s] Level 1:colcon.colcon_core.package_identification:_identify(sim_ws/build) by extensions ['ignore', 'ignore_ament_install']
[1.460s] Level 1:colcon.colcon_core.package_identification:_identify(sim_ws/build) by extension 'ignore'
[1.461s] Level 1:colcon.colcon_core.package_identification:_identify(sim_ws/build) ignored
[1.461s] Level 1:colcon.colcon_core.package_identification:_identify(sim_ws/install) by extensions ['ignore', 'ignore_ament_install']
[1.461s] Level 1:colcon.colcon_core.package_identification:_identify(sim_ws/install) by extension 'ignore'
[1.461s] Level 1:colcon.colcon_core.package_identification:_identify(sim_ws/install) ignored
[1.461s] Level 1:colcon.colcon_core.package_identification:_identify(sim_ws/log) by extensions ['ignore', 'ignore_ament_install']
[1.461s] Level 1:colcon.colcon_core.package_identification:_identify(sim_ws/log) by extension 'ignore'
[1.461s] Level 1:colcon.colcon_core.package_identification:_identify(sim_ws/log) ignored
[1.461s] Level 1:colcon.colcon_core.package_identification:_identify(sim_ws/src) by extensions ['ignore', 'ignore_ament_install']
[1.461s] Level 1:colcon.colcon_core.package_identification:_identify(sim_ws/src) by extension 'ignore'
[1.461s] Level 1:colcon.colcon_core.package_identification:_identify(sim_ws/src) by extension 'ignore_ament_install'
[1.461s] Level 1:colcon.colcon_core.package_identification:_identify(sim_ws/src) by extensions ['colcon_pkg']
[1.462s] Level 1:colcon.colcon_core.package_identification:_identify(sim_ws/src) by extension 'colcon_pkg'
[1.462s] Level 1:colcon.colcon_core.package_identification:_identify(sim_ws/src) by extensions ['colcon_meta']
[1.462s] Level 1:colcon.colcon_core.package_identification:_identify(sim_ws/src) by extension 'colcon_meta'
[1.462s] Level 1:colcon.colcon_core.package_identification:_identify(sim_ws/src) by extensions ['ros']
[1.462s] Level 1:colcon.colcon_core.package_identification:_identify(sim_ws/src) by extension 'ros'
[1.462s] Level 1:colcon.colcon_core.package_identification:_identify(sim_ws/src) by extensions ['cmake', 'python']
[1.462s] Level 1:colcon.colcon_core.package_identification:_identify(sim_ws/src) by extension 'cmake'
[1.462s] Level 1:colcon.colcon_core.package_identification:_identify(sim_ws/src) by extension 'python'
[1.462s] Level 1:colcon.colcon_core.package_identification:_identify(sim_ws/src) by extensions ['python_setup_py']
[1.462s] Level 1:colcon.colcon_core.package_identification:_identify(sim_ws/src) by extension 'python_setup_py'
[1.462s] Level 1:colcon.colcon_core.package_identification:_identify(sim_ws/src/build) by extensions ['ignore', 'ignore_ament_install']
[1.462s] Level 1:colcon.colcon_core.package_identification:_identify(sim_ws/src/build) by extension 'ignore'
[1.462s] Level 1:colcon.colcon_core.package_identification:_identify(sim_ws/src/build) ignored
[1.462s] Level 1:colcon.colcon_core.package_identification:_identify(sim_ws/src/f1tenth_gym_ros) by extensions ['ignore', 'ignore_ament_install']
[1.462s] Level 1:colcon.colcon_core.package_identification:_identify(sim_ws/src/f1tenth_gym_ros) by extension 'ignore'
[1.462s] Level 1:colcon.colcon_core.package_identification:_identify(sim_ws/src/f1tenth_gym_ros) by extension 'ignore_ament_install'
[1.463s] Level 1:colcon.colcon_core.package_identification:_identify(sim_ws/src/f1tenth_gym_ros) by extensions ['colcon_pkg']
[1.463s] Level 1:colcon.colcon_core.package_identification:_identify(sim_ws/src/f1tenth_gym_ros) by extension 'colcon_pkg'
[1.463s] Level 1:colcon.colcon_core.package_identification:_identify(sim_ws/src/f1tenth_gym_ros) by extensions ['colcon_meta']
[1.463s] Level 1:colcon.colcon_core.package_identification:_identify(sim_ws/src/f1tenth_gym_ros) by extension 'colcon_meta'
[1.463s] Level 1:colcon.colcon_core.package_identification:_identify(sim_ws/src/f1tenth_gym_ros) by extensions ['ros']
[1.463s] Level 1:colcon.colcon_core.package_identification:_identify(sim_ws/src/f1tenth_gym_ros) by extension 'ros'
[1.465s] DEBUG:colcon.colcon_core.package_identification:Package 'sim_ws/src/f1tenth_gym_ros' with type 'ros.ament_python' and name 'f1tenth_gym_ros'
[1.465s] Level 1:colcon.colcon_core.package_identification:_identify(sim_ws/src/gap_follow) by extensions ['ignore', 'ignore_ament_install']
[1.466s] Level 1:colcon.colcon_core.package_identification:_identify(sim_ws/src/gap_follow) by extension 'ignore'
[1.466s] Level 1:colcon.colcon_core.package_identification:_identify(sim_ws/src/gap_follow) by extension 'ignore_ament_install'
[1.466s] Level 1:colcon.colcon_core.package_identification:_identify(sim_ws/src/gap_follow) by extensions ['colcon_pkg']
[1.466s] Level 1:colcon.colcon_core.package_identification:_identify(sim_ws/src/gap_follow) by extension 'colcon_pkg'
[1.466s] Level 1:colcon.colcon_core.package_identification:_identify(sim_ws/src/gap_follow) by extensions ['colcon_meta']
[1.466s] Level 1:colcon.colcon_core.package_identification:_identify(sim_ws/src/gap_follow) by extension 'colcon_meta'
[1.466s] Level 1:colcon.colcon_core.package_identification:_identify(sim_ws/src/gap_follow) by extensions ['ros']
[1.466s] Level 1:colcon.colcon_core.package_identification:_identify(sim_ws/src/gap_follow) by extension 'ros'
[1.467s] DEBUG:colcon.colcon_core.package_identification:Package 'sim_ws/src/gap_follow' with type 'ros.ament_cmake' and name 'gap_follow'
[1.467s] Level 1:colcon.colcon_core.package_identification:_identify(sim_ws/src/install) by extensions ['ignore', 'ignore_ament_install']
[1.467s] Level 1:colcon.colcon_core.package_identification:_identify(sim_ws/src/install) by extension 'ignore'
[1.467s] Level 1:colcon.colcon_core.package_identification:_identify(sim_ws/src/install) ignored
[1.467s] Level 1:colcon.colcon_core.package_identification:_identify(sim_ws/src/log) by extensions ['ignore', 'ignore_ament_install']
[1.467s] Level 1:colcon.colcon_core.package_identification:_identify(sim_ws/src/log) by extension 'ignore'
[1.467s] Level 1:colcon.colcon_core.package_identification:_identify(sim_ws/src/log) ignored
[1.467s] Level 1:colcon.colcon_core.package_identification:_identify(sim_ws/src/ros_msg_pkg) by extensions ['ignore', 'ignore_ament_install']
[1.468s] Level 1:colcon.colcon_core.package_identification:_identify(sim_ws/src/ros_msg_pkg) by extension 'ignore'
[1.468s] Level 1:colcon.colcon_core.package_identification:_identify(sim_ws/src/ros_msg_pkg) by extension 'ignore_ament_install'
[1.468s] Level 1:colcon.colcon_core.package_identification:_identify(sim_ws/src/ros_msg_pkg) by extensions ['colcon_pkg']
[1.468s] Level 1:colcon.colcon_core.package_identification:_identify(sim_ws/src/ros_msg_pkg) by extension 'colcon_pkg'
[1.468s] Level 1:colcon.colcon_core.package_identification:_identify(sim_ws/src/ros_msg_pkg) by extensions ['colcon_meta']
[1.468s] Level 1:colcon.colcon_core.package_identification:_identify(sim_ws/src/ros_msg_pkg) by extension 'colcon_meta'
[1.468s] Level 1:colcon.colcon_core.package_identification:_identify(sim_ws/src/ros_msg_pkg) by extensions ['ros']
[1.468s] Level 1:colcon.colcon_core.package_identification:_identify(sim_ws/src/ros_msg_pkg) by extension 'ros'
[1.469s] DEBUG:colcon.colcon_core.package_identification:Package 'sim_ws/src/ros_msg_pkg' with type 'ros.ament_python' and name 'ros_msg_pkg'
[1.469s] Level 1:colcon.colcon_core.package_identification:_identify(sim_ws/src/safety_node) by extensions ['ignore', 'ignore_ament_install']
[1.469s] Level 1:colcon.colcon_core.package_identification:_identify(sim_ws/src/safety_node) by extension 'ignore'
[1.469s] Level 1:colcon.colcon_core.package_identification:_identify(sim_ws/src/safety_node) by extension 'ignore_ament_install'
[1.469s] Level 1:colcon.colcon_core.package_identification:_identify(sim_ws/src/safety_node) by extensions ['colcon_pkg']
[1.469s] Level 1:colcon.colcon_core.package_identification:_identify(sim_ws/src/safety_node) by extension 'colcon_pkg'
[1.469s] Level 1:colcon.colcon_core.package_identification:_identify(sim_ws/src/safety_node) by extensions ['colcon_meta']
[1.469s] Level 1:colcon.colcon_core.package_identification:_identify(sim_ws/src/safety_node) by extension 'colcon_meta'
[1.469s] Level 1:colcon.colcon_core.package_identification:_identify(sim_ws/src/safety_node) by extensions ['ros']
[1.469s] Level 1:colcon.colcon_core.package_identification:_identify(sim_ws/src/safety_node) by extension 'ros'
[1.470s] DEBUG:colcon.colcon_core.package_identification:Package 'sim_ws/src/safety_node' with type 'ros.ament_cmake' and name 'safety_node'
[1.470s] Level 1:colcon.colcon_core.package_identification:_identify(sim_ws/src/wall_follow) by extensions ['ignore', 'ignore_ament_install']
[1.470s] Level 1:colcon.colcon_core.package_identification:_identify(sim_ws/src/wall_follow) by extension 'ignore'
[1.470s] Level 1:colcon.colcon_core.package_identification:_identify(sim_ws/src/wall_follow) by extension 'ignore_ament_install'
[1.470s] Level 1:colcon.colcon_core.package_identification:_identify(sim_ws/src/wall_follow) by extensions ['colcon_pkg']
[1.471s] Level 1:colcon.colcon_core.package_identification:_identify(sim_ws/src/wall_follow) by extension 'colcon_pkg'
[1.471s] Level 1:colcon.colcon_core.package_identification:_identify(sim_ws/src/wall_follow) by extensions ['colcon_meta']
[1.471s] Level 1:colcon.colcon_core.package_identification:_identify(sim_ws/src/wall_follow) by extension 'colcon_meta'
[1.471s] Level 1:colcon.colcon_core.package_identification:_identify(sim_ws/src/wall_follow) by extensions ['ros']
[1.471s] Level 1:colcon.colcon_core.package_identification:_identify(sim_ws/src/wall_follow) by extension 'ros'
[1.471s] DEBUG:colcon.colcon_core.package_identification:Package 'sim_ws/src/wall_follow' with type 'ros.ament_cmake' and name 'wall_follow'
[1.471s] Level 1:colcon.colcon_core.package_discovery:discover_packages(recursive) using defaults
[1.471s] Level 1:colcon.colcon_core.package_discovery:discover_packages(ignore) discover
[1.471s] Level 1:colcon.colcon_core.package_discovery:discover_packages(ignore) using defaults
[1.471s] Level 1:colcon.colcon_core.package_discovery:discover_packages(path) discover
[1.472s] Level 1:colcon.colcon_core.package_discovery:discover_packages(path) using defaults
[1.619s] Level 1:colcon.colcon_core.package_discovery:discover_packages(prefix_path) check parameters
[1.619s] Level 1:colcon.colcon_core.package_discovery:discover_packages(prefix_path) discover
[1.642s] Level 1:colcon.colcon_core.package_discovery:discover_packages(prefix_path) using defaults
[1.691s] Level 5:colcon.colcon_core.verb:set package 'f1tenth_gym_ros' build argument 'cmake_args' from command line to 'None'
[1.691s] Level 5:colcon.colcon_core.verb:set package 'f1tenth_gym_ros' build argument 'cmake_target' from command line to 'None'
[1.691s] Level 5:colcon.colcon_core.verb:set package 'f1tenth_gym_ros' build argument 'cmake_target_skip_unavailable' from command line to 'False'
[1.692s] Level 5:colcon.colcon_core.verb:set package 'f1tenth_gym_ros' build argument 'cmake_clean_cache' from command line to 'False'
[1.692s] Level 5:colcon.colcon_core.verb:set package 'f1tenth_gym_ros' build argument 'cmake_clean_first' from command line to 'False'
[1.692s] Level 5:colcon.colcon_core.verb:set package 'f1tenth_gym_ros' build argument 'cmake_force_configure' from command line to 'False'
[1.692s] Level 5:colcon.colcon_core.verb:set package 'f1tenth_gym_ros' build argument 'ament_cmake_args' from command line to 'None'
[1.692s] Level 5:colcon.colcon_core.verb:set package 'f1tenth_gym_ros' build argument 'catkin_cmake_args' from command line to 'None'
[1.692s] Level 5:colcon.colcon_core.verb:set package 'f1tenth_gym_ros' build argument 'catkin_skip_building_tests' from command line to 'False'
[1.692s] DEBUG:colcon.colcon_core.verb:Building package 'f1tenth_gym_ros' with the following arguments: {'ament_cmake_args': None, 'build_base': '/home/vy/GalacticRacing/build/f1tenth_gym_ros', 'catkin_cmake_args': None, 'catkin_skip_building_tests': False, 'cmake_args': None, 'cmake_clean_cache': False, 'cmake_clean_first': False, 'cmake_force_configure': False, 'cmake_target': None, 'cmake_target_skip_unavailable': False, 'install_base': '/home/vy/GalacticRacing/install/f1tenth_gym_ros', 'merge_install': False, 'path': '/home/vy/GalacticRacing/sim_ws/src/f1tenth_gym_ros', 'symlink_install': False, 'test_result_base': None}
[1.714s] Level 5:colcon.colcon_core.verb:set package 'gap_follow' build argument 'cmake_args' from command line to 'None'
[1.714s] Level 5:colcon.colcon_core.verb:set package 'gap_follow' build argument 'cmake_target' from command line to 'None'
[1.714s] Level 5:colcon.colcon_core.verb:set package 'gap_follow' build argument 'cmake_target_skip_unavailable' from command line to 'False'
[1.714s] Level 5:colcon.colcon_core.verb:set package 'gap_follow' build argument 'cmake_clean_cache' from command line to 'False'
[1.714s] Level 5:colcon.colcon_core.verb:set package 'gap_follow' build argument 'cmake_clean_first' from command line to 'False'
[1.714s] Level 5:colcon.colcon_core.verb:set package 'gap_follow' build argument 'cmake_force_configure' from command line to 'False'
[1.714s] Level 5:colcon.colcon_core.verb:set package 'gap_follow' build argument 'ament_cmake_args' from command line to 'None'
[1.714s] Level 5:colcon.colcon_core.verb:set package 'gap_follow' build argument 'catkin_cmake_args' from command line to 'None'
[1.714s] Level 5:colcon.colcon_core.verb:set package 'gap_follow' build argument 'catkin_skip_building_tests' from command line to 'False'
[1.715s] DEBUG:colcon.colcon_core.verb:Building package 'gap_follow' with the following arguments: {'ament_cmake_args': None, 'build_base': '/home/vy/GalacticRacing/build/gap_follow', 'catkin_cmake_args': None, 'catkin_skip_building_tests': False, 'cmake_args': None, 'cmake_clean_cache': False, 'cmake_clean_first': False, 'cmake_force_configure': False, 'cmake_target': None, 'cmake_target_skip_unavailable': False, 'install_base': '/home/vy/GalacticRacing/install/gap_follow', 'merge_install': False, 'path': '/home/vy/GalacticRacing/sim_ws/src/gap_follow', 'symlink_install': False, 'test_result_base': None}
[1.737s] Level 5:colcon.colcon_core.verb:set package 'ros_msg_pkg' build argument 'cmake_args' from command line to 'None'
[1.738s] Level 5:colcon.colcon_core.verb:set package 'ros_msg_pkg' build argument 'cmake_target' from command line to 'None'
[1.738s] Level 5:colcon.colcon_core.verb:set package 'ros_msg_pkg' build argument 'cmake_target_skip_unavailable' from command line to 'False'
[1.738s] Level 5:colcon.colcon_core.verb:set package 'ros_msg_pkg' build argument 'cmake_clean_cache' from command line to 'False'
[1.738s] Level 5:colcon.colcon_core.verb:set package 'ros_msg_pkg' build argument 'cmake_clean_first' from command line to 'False'
[1.738s] Level 5:colcon.colcon_core.verb:set package 'ros_msg_pkg' build argument 'cmake_force_configure' from command line to 'False'
[1.738s] Level 5:colcon.colcon_core.verb:set package 'ros_msg_pkg' build argument 'ament_cmake_args' from command line to 'None'
[1.738s] Level 5:colcon.colcon_core.verb:set package 'ros_msg_pkg' build argument 'catkin_cmake_args' from command line to 'None'
[1.738s] Level 5:colcon.colcon_core.verb:set package 'ros_msg_pkg' build argument 'catkin_skip_building_tests' from command line to 'False'
[1.738s] DEBUG:colcon.colcon_core.verb:Building package 'ros_msg_pkg' with the following arguments: {'ament_cmake_args': None, 'build_base': '/home/vy/GalacticRacing/build/ros_msg_pkg', 'catkin_cmake_args': None, 'catkin_skip_building_tests': False, 'cmake_args': None, 'cmake_clean_cache': False, 'cmake_clean_first': False, 'cmake_force_configure': False, 'cmake_target': None, 'cmake_target_skip_unavailable': False, 'install_base': '/home/vy/GalacticRacing/install/ros_msg_pkg', 'merge_install': False, 'path': '/home/vy/GalacticRacing/sim_ws/src/ros_msg_pkg', 'symlink_install': False, 'test_result_base': None}
[1.761s] Level 5:colcon.colcon_core.verb:set package 'safety_node' build argument 'cmake_args' from command line to 'None'
[1.761s] Level 5:colcon.colcon_core.verb:set package 'safety_node' build argument 'cmake_target' from command line to 'None'
[1.761s] Level 5:colcon.colcon_core.verb:set package 'safety_node' build argument 'cmake_target_skip_unavailable' from command line to 'False'
[1.761s] Level 5:colcon.colcon_core.verb:set package 'safety_node' build argument 'cmake_clean_cache' from command line to 'False'
[1.761s] Level 5:colcon.colcon_core.verb:set package 'safety_node' build argument 'cmake_clean_first' from command line to 'False'
[1.761s] Level 5:colcon.colcon_core.verb:set package 'safety_node' build argument 'cmake_force_configure' from command line to 'False'
[1.761s] Level 5:colcon.colcon_core.verb:set package 'safety_node' build argument 'ament_cmake_args' from command line to 'None'
[1.761s] Level 5:colcon.colcon_core.verb:set package 'safety_node' build argument 'catkin_cmake_args' from command line to 'None'
[1.761s] Level 5:colcon.colcon_core.verb:set package 'safety_node' build argument 'catkin_skip_building_tests' from command line to 'False'
[1.761s] DEBUG:colcon.colcon_core.verb:Building package 'safety_node' with the following arguments: {'ament_cmake_args': None, 'build_base': '/home/vy/GalacticRacing/build/safety_node', 'catkin_cmake_args': None, 'catkin_skip_building_tests': False, 'cmake_args': None, 'cmake_clean_cache': False, 'cmake_clean_first': False, 'cmake_force_configure': False, 'cmake_target': None, 'cmake_target_skip_unavailable': False, 'install_base': '/home/vy/GalacticRacing/install/safety_node', 'merge_install': False, 'path': '/home/vy/GalacticRacing/sim_ws/src/safety_node', 'symlink_install': False, 'test_result_base': None}
[1.785s] Level 5:colcon.colcon_core.verb:set package 'wall_follow' build argument 'cmake_args' from command line to 'None'
[1.785s] Level 5:colcon.colcon_core.verb:set package 'wall_follow' build argument 'cmake_target' from command line to 'None'
[1.785s] Level 5:colcon.colcon_core.verb:set package 'wall_follow' build argument 'cmake_target_skip_unavailable' from command line to 'False'
[1.785s] Level 5:colcon.colcon_core.verb:set package 'wall_follow' build argument 'cmake_clean_cache' from command line to 'False'
[1.785s] Level 5:colcon.colcon_core.verb:set package 'wall_follow' build argument 'cmake_clean_first' from command line to 'False'
[1.785s] Level 5:colcon.colcon_core.verb:set package 'wall_follow' build argument 'cmake_force_configure' from command line to 'False'
[1.785s] Level 5:colcon.colcon_core.verb:set package 'wall_follow' build argument 'ament_cmake_args' from command line to 'None'
[1.785s] Level 5:colcon.colcon_core.verb:set package 'wall_follow' build argument 'catkin_cmake_args' from command line to 'None'
[1.785s] Level 5:colcon.colcon_core.verb:set package 'wall_follow' build argument 'catkin_skip_building_tests' from command line to 'False'
[1.785s] DEBUG:colcon.colcon_core.verb:Building package 'wall_follow' with the following arguments: {'ament_cmake_args': None, 'build_base': '/home/vy/GalacticRacing/build/wall_follow', 'catkin_cmake_args': None, 'catkin_skip_building_tests': False, 'cmake_args': None, 'cmake_clean_cache': False, 'cmake_clean_first': False, 'cmake_force_configure': False, 'cmake_target': None, 'cmake_target_skip_unavailable': False, 'install_base': '/home/vy/GalacticRacing/install/wall_follow', 'merge_install': False, 'path': '/home/vy/GalacticRacing/sim_ws/src/wall_follow', 'symlink_install': False, 'test_result_base': None}
[1.809s] INFO:colcon.colcon_core.executor:Executing jobs using 'parallel' executor
[1.833s] DEBUG:colcon.colcon_parallel_executor.executor.parallel:run_until_complete
[1.833s] INFO:colcon.colcon_ros.task.ament_python.build:Building ROS package in '/home/vy/GalacticRacing/sim_ws/src/f1tenth_gym_ros' with build type 'ament_python'
[1.833s] Level 1:colcon.colcon_core.shell:create_environment_hook('f1tenth_gym_ros', 'ament_prefix_path')
[1.862s] INFO:colcon.colcon_core.plugin_system:Skipping extension 'colcon_core.shell.bat': Not used on non-Windows systems
[1.862s] INFO:colcon.colcon_core.shell:Creating environment hook '/home/vy/GalacticRacing/install/f1tenth_gym_ros/share/f1tenth_gym_ros/hook/ament_prefix_path.ps1'
[1.863s] INFO:colcon.colcon_core.shell:Creating environment descriptor '/home/vy/GalacticRacing/install/f1tenth_gym_ros/share/f1tenth_gym_ros/hook/ament_prefix_path.dsv'
[1.865s] INFO:colcon.colcon_core.shell:Creating environment hook '/home/vy/GalacticRacing/install/f1tenth_gym_ros/share/f1tenth_gym_ros/hook/ament_prefix_path.sh'
[1.894s] INFO:colcon.colcon_core.shell:Skip shell extension 'powershell' for command environment: Not usable outside of PowerShell
[1.894s] DEBUG:colcon.colcon_core.shell:Skip shell extension 'dsv' for command environment
[1.921s] INFO:colcon.colcon_ros.task.ament_cmake.build:Building ROS package in '/home/vy/GalacticRacing/sim_ws/src/gap_follow' with build type 'ament_cmake'
[1.921s] INFO:colcon.colcon_cmake.task.cmake.build:Building CMake package in '/home/vy/GalacticRacing/sim_ws/src/gap_follow'
[1.964s] INFO:colcon.colcon_core.shell:Skip shell extension 'powershell' for command environment: Not usable outside of PowerShell
[1.964s] DEBUG:colcon.colcon_core.shell:Skip shell extension 'dsv' for command environment
[1.996s] INFO:colcon.colcon_ros.task.ament_python.build:Building ROS package in '/home/vy/GalacticRacing/sim_ws/src/ros_msg_pkg' with build type 'ament_python'
[1.999s] Level 1:colcon.colcon_core.shell:create_environment_hook('ros_msg_pkg', 'ament_prefix_path')
[2.043s] INFO:colcon.colcon_core.shell:Creating environment hook '/home/vy/GalacticRacing/install/ros_msg_pkg/share/ros_msg_pkg/hook/ament_prefix_path.ps1'
[2.044s] INFO:colcon.colcon_core.shell:Creating environment descriptor '/home/vy/GalacticRacing/install/ros_msg_pkg/share/ros_msg_pkg/hook/ament_prefix_path.dsv'
[2.045s] INFO:colcon.colcon_core.shell:Creating environment hook '/home/vy/GalacticRacing/install/ros_msg_pkg/share/ros_msg_pkg/hook/ament_prefix_path.sh'
[2.075s] INFO:colcon.colcon_core.shell:Skip shell extension 'powershell' for command environment: Not usable outside of PowerShell
[2.075s] DEBUG:colcon.colcon_core.shell:Skip shell extension 'dsv' for command environment
[2.111s] INFO:colcon.colcon_ros.task.ament_cmake.build:Building ROS package in '/home/vy/GalacticRacing/sim_ws/src/safety_node' with build type 'ament_cmake'
[2.112s] INFO:colcon.colcon_cmake.task.cmake.build:Building CMake package in '/home/vy/GalacticRacing/sim_ws/src/safety_node'
[2.144s] INFO:colcon.colcon_core.shell:Skip shell extension 'powershell' for command environment: Not usable outside of PowerShell
[2.144s] DEBUG:colcon.colcon_core.shell:Skip shell extension 'dsv' for command environment
[2.186s] INFO:colcon.colcon_ros.task.ament_cmake.build:Building ROS package in '/home/vy/GalacticRacing/sim_ws/src/wall_follow' with build type 'ament_cmake'
[2.191s] INFO:colcon.colcon_cmake.task.cmake.build:Building CMake package in '/home/vy/GalacticRacing/sim_ws/src/wall_follow'
[2.229s] INFO:colcon.colcon_core.shell:Skip shell extension 'powershell' for command environment: Not usable outside of PowerShell
[2.229s] DEBUG:colcon.colcon_core.shell:Skip shell extension 'dsv' for command environment
[2.434s] INFO:colcon.colcon_core.task.python.build:Building Python package in '/home/vy/GalacticRacing/sim_ws/src/f1tenth_gym_ros'
[2.463s] INFO:colcon.colcon_core.shell:Skip shell extension 'powershell' for command environment: Not usable outside of PowerShell
[2.463s] DEBUG:colcon.colcon_core.shell:Skip shell extension 'dsv' for command environment
[2.508s] DEBUG:colcon.colcon_core.event_handler.log_command:Invoking command in '/home/vy/GalacticRacing/build/gap_follow': /usr/bin/cmake --build /home/vy/GalacticRacing/build/gap_follow -- -j6 -l6
[2.684s] INFO:colcon.colcon_core.task.python.build:Building Python package in '/home/vy/GalacticRacing/sim_ws/src/ros_msg_pkg'
[2.710s] INFO:colcon.colcon_core.shell:Skip shell extension 'powershell' for command environment: Not usable outside of PowerShell
[2.710s] DEBUG:colcon.colcon_core.shell:Skip shell extension 'dsv' for command environment
[2.754s] DEBUG:colcon.colcon_core.event_handler.log_command:Invoking command in '/home/vy/GalacticRacing/build/safety_node': /usr/bin/cmake --build /home/vy/GalacticRacing/build/safety_node -- -j6 -l6
[2.767s] DEBUG:colcon.colcon_core.event_handler.log_command:Invoking command in '/home/vy/GalacticRacing/build/wall_follow': /usr/bin/cmake --build /home/vy/GalacticRacing/build/wall_follow -- -j6 -l6
[2.774s] DEBUG:colcon.colcon_core.event_handler.log_command:Invoked command in '/home/vy/GalacticRacing/build/gap_follow' returned '0': /usr/bin/cmake --build /home/vy/GalacticRacing/build/gap_follow -- -j6 -l6
[2.824s] DEBUG:colcon.colcon_core.event_handler.log_command:Invoking command in '/home/vy/GalacticRacing/build/gap_follow': /usr/bin/cmake --install /home/vy/GalacticRacing/build/gap_follow
[2.845s] DEBUG:colcon.colcon_core.event_handler.log_command:Invoked command in '/home/vy/GalacticRacing/build/safety_node' returned '0': /usr/bin/cmake --build /home/vy/GalacticRacing/build/safety_node -- -j6 -l6
[2.848s] DEBUG:colcon.colcon_core.event_handler.log_command:Invoked command in '/home/vy/GalacticRacing/build/wall_follow' returned '0': /usr/bin/cmake --build /home/vy/GalacticRacing/build/wall_follow -- -j6 -l6
[2.871s] Level 1:colcon.colcon_core.environment:create_environment_scripts_only(gap_follow)
[2.898s] DEBUG:colcon.colcon_core.event_handler.log_command:Invoked command in '/home/vy/GalacticRacing/build/gap_follow' returned '0': /usr/bin/cmake --install /home/vy/GalacticRacing/build/gap_follow
[2.908s] Level 1:colcon.colcon_core.environment:checking '/home/vy/GalacticRacing/install/gap_follow' for CMake module files
[2.909s] Level 1:colcon.colcon_core.environment:checking '/home/vy/GalacticRacing/install/gap_follow' for CMake config files
[2.909s] Level 1:colcon.colcon_core.shell:create_environment_hook('gap_follow', 'cmake_prefix_path')
[2.931s] INFO:colcon.colcon_core.shell:Creating environment hook '/home/vy/GalacticRacing/install/gap_follow/share/gap_follow/hook/cmake_prefix_path.ps1'
[2.933s] INFO:colcon.colcon_core.shell:Creating environment descriptor '/home/vy/GalacticRacing/install/gap_follow/share/gap_follow/hook/cmake_prefix_path.dsv'
[2.934s] INFO:colcon.colcon_core.shell:Creating environment hook '/home/vy/GalacticRacing/install/gap_follow/share/gap_follow/hook/cmake_prefix_path.sh'
[2.934s] Level 1:colcon.colcon_core.environment:checking '/home/vy/GalacticRacing/install/gap_follow/lib'
[2.935s] Level 1:colcon.colcon_core.environment:checking '/home/vy/GalacticRacing/install/gap_follow/bin'
[2.935s] Level 1:colcon.colcon_core.environment:checking '/home/vy/GalacticRacing/install/gap_follow/lib/pkgconfig/gap_follow.pc'
[2.935s] Level 1:colcon.colcon_core.environment:checking '/home/vy/GalacticRacing/install/gap_follow/lib/python3.8/site-packages'
[2.935s] Level 1:colcon.colcon_core.shell:create_environment_hook('gap_follow', 'pythonpath')
[2.957s] INFO:colcon.colcon_core.shell:Creating environment hook '/home/vy/GalacticRacing/install/gap_follow/share/gap_follow/hook/pythonpath.ps1'
[2.958s] INFO:colcon.colcon_core.shell:Creating environment descriptor '/home/vy/GalacticRacing/install/gap_follow/share/gap_follow/hook/pythonpath.dsv'
[2.960s] INFO:colcon.colcon_core.shell:Creating environment hook '/home/vy/GalacticRacing/install/gap_follow/share/gap_follow/hook/pythonpath.sh'
[2.960s] Level 1:colcon.colcon_core.environment:checking '/home/vy/GalacticRacing/install/gap_follow/bin'
[2.983s] INFO:colcon.colcon_core.shell:Creating package script '/home/vy/GalacticRacing/install/gap_follow/share/gap_follow/package.ps1'
[2.986s] INFO:colcon.colcon_core.shell:Creating package descriptor '/home/vy/GalacticRacing/install/gap_follow/share/gap_follow/package.dsv'
[2.987s] INFO:colcon.colcon_core.shell:Creating package script '/home/vy/GalacticRacing/install/gap_follow/share/gap_follow/package.sh'
[2.988s] INFO:colcon.colcon_core.shell:Creating package script '/home/vy/GalacticRacing/install/gap_follow/share/gap_follow/package.bash'
[2.991s] INFO:colcon.colcon_core.shell:Creating package script '/home/vy/GalacticRacing/install/gap_follow/share/gap_follow/package.zsh'
[2.992s] Level 1:colcon.colcon_core.environment:create_file_with_runtime_dependencies(/home/vy/GalacticRacing/install/gap_follow/share/colcon-core/packages/gap_follow)
[3.003s] DEBUG:colcon.colcon_core.event_handler.log_command:Invoking command in '/home/vy/GalacticRacing/build/wall_follow': /usr/bin/cmake --install /home/vy/GalacticRacing/build/wall_follow
[3.014s] DEBUG:colcon.colcon_core.event_handler.log_command:Invoking command in '/home/vy/GalacticRacing/build/safety_node': /usr/bin/cmake --install /home/vy/GalacticRacing/build/safety_node
[3.090s] Level 1:colcon.colcon_core.environment:create_environment_scripts_only(gap_follow)
[3.116s] Level 1:colcon.colcon_core.environment:checking '/home/vy/GalacticRacing/install/gap_follow' for CMake module files
[3.116s] Level 1:colcon.colcon_core.environment:checking '/home/vy/GalacticRacing/install/gap_follow' for CMake config files
[3.117s] Level 1:colcon.colcon_core.shell:create_environment_hook('gap_follow', 'cmake_prefix_path')
[3.142s] INFO:colcon.colcon_core.shell:Creating environment hook '/home/vy/GalacticRacing/install/gap_follow/share/gap_follow/hook/cmake_prefix_path.ps1'
[3.143s] INFO:colcon.colcon_core.shell:Creating environment descriptor '/home/vy/GalacticRacing/install/gap_follow/share/gap_follow/hook/cmake_prefix_path.dsv'
[3.143s] INFO:colcon.colcon_core.shell:Creating environment hook '/home/vy/GalacticRacing/install/gap_follow/share/gap_follow/hook/cmake_prefix_path.sh'
[3.144s] Level 1:colcon.colcon_core.environment:checking '/home/vy/GalacticRacing/install/gap_follow/lib'
[3.144s] Level 1:colcon.colcon_core.environment:checking '/home/vy/GalacticRacing/install/gap_follow/bin'
[3.144s] Level 1:colcon.colcon_core.environment:checking '/home/vy/GalacticRacing/install/gap_follow/lib/pkgconfig/gap_follow.pc'
[3.144s] Level 1:colcon.colcon_core.environment:checking '/home/vy/GalacticRacing/install/gap_follow/lib/python3.8/site-packages'
[3.144s] Level 1:colcon.colcon_core.shell:create_environment_hook('gap_follow', 'pythonpath')
[3.170s] INFO:colcon.colcon_core.shell:Creating environment hook '/home/vy/GalacticRacing/install/gap_follow/share/gap_follow/hook/pythonpath.ps1'
[3.171s] INFO:colcon.colcon_core.shell:Creating environment descriptor '/home/vy/GalacticRacing/install/gap_follow/share/gap_follow/hook/pythonpath.dsv'
[3.172s] INFO:colcon.colcon_core.shell:Creating environment hook '/home/vy/GalacticRacing/install/gap_follow/share/gap_follow/hook/pythonpath.sh'
[3.172s] Level 1:colcon.colcon_core.environment:checking '/home/vy/GalacticRacing/install/gap_follow/bin'
[3.201s] INFO:colcon.colcon_core.shell:Creating package script '/home/vy/GalacticRacing/install/gap_follow/share/gap_follow/package.ps1'
[3.202s] INFO:colcon.colcon_core.shell:Creating package descriptor '/home/vy/GalacticRacing/install/gap_follow/share/gap_follow/package.dsv'
[3.204s] INFO:colcon.colcon_core.shell:Creating package script '/home/vy/GalacticRacing/install/gap_follow/share/gap_follow/package.sh'
[3.205s] INFO:colcon.colcon_core.shell:Creating package script '/home/vy/GalacticRacing/install/gap_follow/share/gap_follow/package.bash'
[3.205s] INFO:colcon.colcon_core.shell:Creating package script '/home/vy/GalacticRacing/install/gap_follow/share/gap_follow/package.zsh'
[3.206s] Level 1:colcon.colcon_core.environment:create_file_with_runtime_dependencies(/home/vy/GalacticRacing/install/gap_follow/share/colcon-core/packages/gap_follow)
[3.209s] Level 1:colcon.colcon_core.environment:create_environment_scripts_only(safety_node)
[3.210s] DEBUG:colcon.colcon_core.event_handler.log_command:Invoked command in '/home/vy/GalacticRacing/build/safety_node' returned '0': /usr/bin/cmake --install /home/vy/GalacticRacing/build/safety_node
[3.264s] Level 1:colcon.colcon_core.environment:checking '/home/vy/GalacticRacing/install/safety_node' for CMake module files
[3.264s] Level 1:colcon.colcon_core.environment:checking '/home/vy/GalacticRacing/install/safety_node' for CMake config files
[3.265s] Level 1:colcon.colcon_core.shell:create_environment_hook('safety_node', 'cmake_prefix_path')
[3.295s] INFO:colcon.colcon_core.shell:Creating environment hook '/home/vy/GalacticRacing/install/safety_node/share/safety_node/hook/cmake_prefix_path.ps1'
[3.296s] INFO:colcon.colcon_core.shell:Creating environment descriptor '/home/vy/GalacticRacing/install/safety_node/share/safety_node/hook/cmake_prefix_path.dsv'
[3.296s] INFO:colcon.colcon_core.shell:Creating environment hook '/home/vy/GalacticRacing/install/safety_node/share/safety_node/hook/cmake_prefix_path.sh'
[3.297s] Level 1:colcon.colcon_core.environment:checking '/home/vy/GalacticRacing/install/safety_node/lib'
[3.297s] Level 1:colcon.colcon_core.environment:checking '/home/vy/GalacticRacing/install/safety_node/bin'
[3.298s] Level 1:colcon.colcon_core.environment:checking '/home/vy/GalacticRacing/install/safety_node/lib/pkgconfig/safety_node.pc'
[3.298s] Level 1:colcon.colcon_core.environment:checking '/home/vy/GalacticRacing/install/safety_node/lib/python3.8/site-packages'
[3.298s] Level 1:colcon.colcon_core.shell:create_environment_hook('safety_node', 'pythonpath')
[3.331s] INFO:colcon.colcon_core.shell:Creating environment hook '/home/vy/GalacticRacing/install/safety_node/share/safety_node/hook/pythonpath.ps1'
[3.332s] INFO:colcon.colcon_core.shell:Creating environment descriptor '/home/vy/GalacticRacing/install/safety_node/share/safety_node/hook/pythonpath.dsv'
[3.334s] INFO:colcon.colcon_core.shell:Creating environment hook '/home/vy/GalacticRacing/install/safety_node/share/safety_node/hook/pythonpath.sh'
[3.335s] Level 1:colcon.colcon_core.environment:checking '/home/vy/GalacticRacing/install/safety_node/bin'
[3.363s] INFO:colcon.colcon_core.shell:Creating package script '/home/vy/GalacticRacing/install/safety_node/share/safety_node/package.ps1'
[3.363s] INFO:colcon.colcon_core.shell:Creating package descriptor '/home/vy/GalacticRacing/install/safety_node/share/safety_node/package.dsv'
[3.364s] INFO:colcon.colcon_core.shell:Creating package script '/home/vy/GalacticRacing/install/safety_node/share/safety_node/package.sh'
[3.365s] INFO:colcon.colcon_core.shell:Creating package script '/home/vy/GalacticRacing/install/safety_node/share/safety_node/package.bash'
[3.366s] INFO:colcon.colcon_core.shell:Creating package script '/home/vy/GalacticRacing/install/safety_node/share/safety_node/package.zsh'
[3.366s] Level 1:colcon.colcon_core.environment:create_file_with_runtime_dependencies(/home/vy/GalacticRacing/install/safety_node/share/colcon-core/packages/safety_node)
[3.370s] Level 1:colcon.colcon_core.environment:create_environment_scripts_only(wall_follow)
[3.371s] DEBUG:colcon.colcon_core.event_handler.log_command:Invoked command in '/home/vy/GalacticRacing/build/wall_follow' returned '0': /usr/bin/cmake --install /home/vy/GalacticRacing/build/wall_follow
[3.407s] Level 1:colcon.colcon_core.environment:checking '/home/vy/GalacticRacing/install/wall_follow' for CMake module files
[3.409s] Level 1:colcon.colcon_core.environment:checking '/home/vy/GalacticRacing/install/wall_follow' for CMake config files
[3.409s] Level 1:colcon.colcon_core.shell:create_environment_hook('wall_follow', 'cmake_prefix_path')
[3.438s] INFO:colcon.colcon_core.shell:Creating environment hook '/home/vy/GalacticRacing/install/wall_follow/share/wall_follow/hook/cmake_prefix_path.ps1'
[3.439s] INFO:colcon.colcon_core.shell:Creating environment descriptor '/home/vy/GalacticRacing/install/wall_follow/share/wall_follow/hook/cmake_prefix_path.dsv'
[3.439s] INFO:colcon.colcon_core.shell:Creating environment hook '/home/vy/GalacticRacing/install/wall_follow/share/wall_follow/hook/cmake_prefix_path.sh'
[3.440s] Level 1:colcon.colcon_core.environment:checking '/home/vy/GalacticRacing/install/wall_follow/lib'
[3.440s] Level 1:colcon.colcon_core.environment:checking '/home/vy/GalacticRacing/install/wall_follow/bin'
[3.441s] Level 1:colcon.colcon_core.environment:checking '/home/vy/GalacticRacing/install/wall_follow/lib/pkgconfig/wall_follow.pc'
[3.441s] Level 1:colcon.colcon_core.environment:checking '/home/vy/GalacticRacing/install/wall_follow/lib/python3.8/site-packages'
[3.441s] Level 1:colcon.colcon_core.shell:create_environment_hook('wall_follow', 'pythonpath')
[3.465s] INFO:colcon.colcon_core.shell:Creating environment hook '/home/vy/GalacticRacing/install/wall_follow/share/wall_follow/hook/pythonpath.ps1'
[3.465s] INFO:colcon.colcon_core.shell:Creating environment descriptor '/home/vy/GalacticRacing/install/wall_follow/share/wall_follow/hook/pythonpath.dsv'
[3.466s] INFO:colcon.colcon_core.shell:Creating environment hook '/home/vy/GalacticRacing/install/wall_follow/share/wall_follow/hook/pythonpath.sh'
[3.466s] Level 1:colcon.colcon_core.environment:checking '/home/vy/GalacticRacing/install/wall_follow/bin'
[3.491s] INFO:colcon.colcon_core.shell:Creating package script '/home/vy/GalacticRacing/install/wall_follow/share/wall_follow/package.ps1'
[3.492s] INFO:colcon.colcon_core.shell:Creating package descriptor '/home/vy/GalacticRacing/install/wall_follow/share/wall_follow/package.dsv'
[3.492s] INFO:colcon.colcon_core.shell:Creating package script '/home/vy/GalacticRacing/install/wall_follow/share/wall_follow/package.sh'
[3.493s] INFO:colcon.colcon_core.shell:Creating package script '/home/vy/GalacticRacing/install/wall_follow/share/wall_follow/package.bash'
[3.493s] INFO:colcon.colcon_core.shell:Creating package script '/home/vy/GalacticRacing/install/wall_follow/share/wall_follow/package.zsh'
[3.495s] Level 1:colcon.colcon_core.environment:create_file_with_runtime_dependencies(/home/vy/GalacticRacing/install/wall_follow/share/colcon-core/packages/wall_follow)
[3.506s] DEBUG:colcon.colcon_core.event_handler.log_command:Invoking command in '/home/vy/GalacticRacing/sim_ws/src/f1tenth_gym_ros': PYTHONPATH=/home/vy/GalacticRacing/build/f1tenth_gym_ros/prefix_override:/home/vy/GalacticRacing/install/f1tenth_gym_ros/lib/python3.8/site-packages: /usr/bin/python3 setup.py egg_info --egg-base ../../../build/f1tenth_gym_ros build --build-base /home/vy/GalacticRacing/build/f1tenth_gym_ros/build install --record /home/vy/GalacticRacing/build/f1tenth_gym_ros/install.log --install-scripts $base/lib/f1tenth_gym_ros --single-version-externally-managed
[3.508s] DEBUG:colcon.colcon_core.event_handler.log_command:Invoking command in '/home/vy/GalacticRacing/sim_ws/src/ros_msg_pkg': PYTHONPATH=/home/vy/GalacticRacing/build/ros_msg_pkg/prefix_override:/home/vy/GalacticRacing/install/ros_msg_pkg/lib/python3.8/site-packages: /usr/bin/python3 setup.py egg_info --egg-base ../../../build/ros_msg_pkg build --build-base /home/vy/GalacticRacing/build/ros_msg_pkg/build install --record /home/vy/GalacticRacing/build/ros_msg_pkg/install.log --install-scripts $base/lib/ros_msg_pkg --single-version-externally-managed
[3.543s] Level 1:colcon.colcon_core.environment:create_environment_scripts_only(safety_node)
[3.567s] Level 1:colcon.colcon_core.environment:checking '/home/vy/GalacticRacing/install/safety_node' for CMake module files
[3.568s] Level 1:colcon.colcon_core.environment:checking '/home/vy/GalacticRacing/install/safety_node' for CMake config files
[3.568s] Level 1:colcon.colcon_core.shell:create_environment_hook('safety_node', 'cmake_prefix_path')
[3.590s] INFO:colcon.colcon_core.shell:Creating environment hook '/home/vy/GalacticRacing/install/safety_node/share/safety_node/hook/cmake_prefix_path.ps1'
[3.591s] INFO:colcon.colcon_core.shell:Creating environment descriptor '/home/vy/GalacticRacing/install/safety_node/share/safety_node/hook/cmake_prefix_path.dsv'
[3.591s] INFO:colcon.colcon_core.shell:Creating environment hook '/home/vy/GalacticRacing/install/safety_node/share/safety_node/hook/cmake_prefix_path.sh'
[3.592s] Level 1:colcon.colcon_core.environment:checking '/home/vy/GalacticRacing/install/safety_node/lib'
[3.592s] Level 1:colcon.colcon_core.environment:checking '/home/vy/GalacticRacing/install/safety_node/bin'
[3.593s] Level 1:colcon.colcon_core.environment:checking '/home/vy/GalacticRacing/install/safety_node/lib/pkgconfig/safety_node.pc'
[3.593s] Level 1:colcon.colcon_core.environment:checking '/home/vy/GalacticRacing/install/safety_node/lib/python3.8/site-packages'
[3.593s] Level 1:colcon.colcon_core.shell:create_environment_hook('safety_node', 'pythonpath')
[3.615s] INFO:colcon.colcon_core.shell:Creating environment hook '/home/vy/GalacticRacing/install/safety_node/share/safety_node/hook/pythonpath.ps1'
[3.616s] INFO:colcon.colcon_core.shell:Creating environment descriptor '/home/vy/GalacticRacing/install/safety_node/share/safety_node/hook/pythonpath.dsv'
[3.616s] INFO:colcon.colcon_core.shell:Creating environment hook '/home/vy/GalacticRacing/install/safety_node/share/safety_node/hook/pythonpath.sh'
[3.617s] Level 1:colcon.colcon_core.environment:checking '/home/vy/GalacticRacing/install/safety_node/bin'
[3.654s] INFO:colcon.colcon_core.shell:Creating package script '/home/vy/GalacticRacing/install/safety_node/share/safety_node/package.ps1'
[3.656s] INFO:colcon.colcon_core.shell:Creating package descriptor '/home/vy/GalacticRacing/install/safety_node/share/safety_node/package.dsv'
[3.656s] INFO:colcon.colcon_core.shell:Creating package script '/home/vy/GalacticRacing/install/safety_node/share/safety_node/package.sh'
[3.657s] INFO:colcon.colcon_core.shell:Creating package script '/home/vy/GalacticRacing/install/safety_node/share/safety_node/package.bash'
[3.657s] INFO:colcon.colcon_core.shell:Creating package script '/home/vy/GalacticRacing/install/safety_node/share/safety_node/package.zsh'
[3.658s] Level 1:colcon.colcon_core.environment:create_file_with_runtime_dependencies(/home/vy/GalacticRacing/install/safety_node/share/colcon-core/packages/safety_node)
[3.723s] Level 1:colcon.colcon_core.environment:create_environment_scripts_only(wall_follow)
[3.774s] Level 1:colcon.colcon_core.environment:checking '/home/vy/GalacticRacing/install/wall_follow' for CMake module files
[3.776s] Level 1:colcon.colcon_core.environment:checking '/home/vy/GalacticRacing/install/wall_follow' for CMake config files
[3.778s] Level 1:colcon.colcon_core.shell:create_environment_hook('wall_follow', 'cmake_prefix_path')
[3.806s] INFO:colcon.colcon_core.shell:Creating environment hook '/home/vy/GalacticRacing/install/wall_follow/share/wall_follow/hook/cmake_prefix_path.ps1'
[3.807s] INFO:colcon.colcon_core.shell:Creating environment descriptor '/home/vy/GalacticRacing/install/wall_follow/share/wall_follow/hook/cmake_prefix_path.dsv'
[3.808s] INFO:colcon.colcon_core.shell:Creating environment hook '/home/vy/GalacticRacing/install/wall_follow/share/wall_follow/hook/cmake_prefix_path.sh'
[3.808s] Level 1:colcon.colcon_core.environment:checking '/home/vy/GalacticRacing/install/wall_follow/lib'
[3.809s] Level 1:colcon.colcon_core.environment:checking '/home/vy/GalacticRacing/install/wall_follow/bin'
[3.809s] Level 1:colcon.colcon_core.environment:checking '/home/vy/GalacticRacing/install/wall_follow/lib/pkgconfig/wall_follow.pc'
[3.809s] Level 1:colcon.colcon_core.environment:checking '/home/vy/GalacticRacing/install/wall_follow/lib/python3.8/site-packages'
[3.809s] Level 1:colcon.colcon_core.shell:create_environment_hook('wall_follow', 'pythonpath')
[3.835s] INFO:colcon.colcon_core.shell:Creating environment hook '/home/vy/GalacticRacing/install/wall_follow/share/wall_follow/hook/pythonpath.ps1'
[3.840s] INFO:colcon.colcon_core.shell:Creating environment descriptor '/home/vy/GalacticRacing/install/wall_follow/share/wall_follow/hook/pythonpath.dsv'
[3.841s] INFO:colcon.colcon_core.shell:Creating environment hook '/home/vy/GalacticRacing/install/wall_follow/share/wall_follow/hook/pythonpath.sh'
[3.841s] Level 1:colcon.colcon_core.environment:checking '/home/vy/GalacticRacing/install/wall_follow/bin'
[3.871s] INFO:colcon.colcon_core.shell:Creating package script '/home/vy/GalacticRacing/install/wall_follow/share/wall_follow/package.ps1'
[3.873s] INFO:colcon.colcon_core.shell:Creating package descriptor '/home/vy/GalacticRacing/install/wall_follow/share/wall_follow/package.dsv'
[3.878s] INFO:colcon.colcon_core.shell:Creating package script '/home/vy/GalacticRacing/install/wall_follow/share/wall_follow/package.sh'
[3.879s] INFO:colcon.colcon_core.shell:Creating package script '/home/vy/GalacticRacing/install/wall_follow/share/wall_follow/package.bash'
[3.880s] INFO:colcon.colcon_core.shell:Creating package script '/home/vy/GalacticRacing/install/wall_follow/share/wall_follow/package.zsh'
[3.883s] Level 1:colcon.colcon_core.environment:create_file_with_runtime_dependencies(/home/vy/GalacticRacing/install/wall_follow/share/colcon-core/packages/wall_follow)
[3.898s] DEBUG:colcon.colcon_core.event_handler.log_command:Invoked command in '/home/vy/GalacticRacing/sim_ws/src/f1tenth_gym_ros' returned '0': PYTHONPATH=/home/vy/GalacticRacing/build/f1tenth_gym_ros/prefix_override:/home/vy/GalacticRacing/install/f1tenth_gym_ros/lib/python3.8/site-packages: /usr/bin/python3 setup.py egg_info --egg-base ../../../build/f1tenth_gym_ros build --build-base /home/vy/GalacticRacing/build/f1tenth_gym_ros/build install --record /home/vy/GalacticRacing/build/f1tenth_gym_ros/install.log --install-scripts $base/lib/f1tenth_gym_ros --single-version-externally-managed
[3.926s] Level 1:colcon.colcon_core.environment:checking '/home/vy/GalacticRacing/install/f1tenth_gym_ros' for CMake module files
[3.926s] Level 1:colcon.colcon_core.environment:checking '/home/vy/GalacticRacing/install/f1tenth_gym_ros' for CMake config files
[3.927s] Level 1:colcon.colcon_core.environment:checking '/home/vy/GalacticRacing/install/f1tenth_gym_ros/lib'
[3.928s] Level 1:colcon.colcon_core.environment:checking '/home/vy/GalacticRacing/install/f1tenth_gym_ros/bin'
[3.928s] Level 1:colcon.colcon_core.environment:checking '/home/vy/GalacticRacing/install/f1tenth_gym_ros/lib/pkgconfig/f1tenth_gym_ros.pc'
[3.928s] Level 1:colcon.colcon_core.environment:checking '/home/vy/GalacticRacing/install/f1tenth_gym_ros/lib/python3.8/site-packages'
[3.928s] Level 1:colcon.colcon_core.shell:create_environment_hook('f1tenth_gym_ros', 'pythonpath')
[3.954s] INFO:colcon.colcon_core.shell:Creating environment hook '/home/vy/GalacticRacing/install/f1tenth_gym_ros/share/f1tenth_gym_ros/hook/pythonpath.ps1'
[3.955s] INFO:colcon.colcon_core.shell:Creating environment descriptor '/home/vy/GalacticRacing/install/f1tenth_gym_ros/share/f1tenth_gym_ros/hook/pythonpath.dsv'
[3.956s] INFO:colcon.colcon_core.shell:Creating environment hook '/home/vy/GalacticRacing/install/f1tenth_gym_ros/share/f1tenth_gym_ros/hook/pythonpath.sh'
[3.958s] Level 1:colcon.colcon_core.environment:checking '/home/vy/GalacticRacing/install/f1tenth_gym_ros/bin'
[3.958s] Level 1:colcon.colcon_core.environment:create_environment_scripts_only(f1tenth_gym_ros)
[3.994s] INFO:colcon.colcon_core.shell:Creating package script '/home/vy/GalacticRacing/install/f1tenth_gym_ros/share/f1tenth_gym_ros/package.ps1'
[3.997s] INFO:colcon.colcon_core.shell:Creating package descriptor '/home/vy/GalacticRacing/install/f1tenth_gym_ros/share/f1tenth_gym_ros/package.dsv'
[3.999s] INFO:colcon.colcon_core.shell:Creating package script '/home/vy/GalacticRacing/install/f1tenth_gym_ros/share/f1tenth_gym_ros/package.sh'
[4.003s] INFO:colcon.colcon_core.shell:Creating package script '/home/vy/GalacticRacing/install/f1tenth_gym_ros/share/f1tenth_gym_ros/package.bash'
[4.004s] INFO:colcon.colcon_core.shell:Creating package script '/home/vy/GalacticRacing/install/f1tenth_gym_ros/share/f1tenth_gym_ros/package.zsh'
[4.005s] Level 1:colcon.colcon_core.environment:create_file_with_runtime_dependencies(/home/vy/GalacticRacing/install/f1tenth_gym_ros/share/colcon-core/packages/f1tenth_gym_ros)
[4.074s] DEBUG:colcon.colcon_core.event_handler.log_command:Invoked command in '/home/vy/GalacticRacing/sim_ws/src/ros_msg_pkg' returned '0': PYTHONPATH=/home/vy/GalacticRacing/build/ros_msg_pkg/prefix_override:/home/vy/GalacticRacing/install/ros_msg_pkg/lib/python3.8/site-packages: /usr/bin/python3 setup.py egg_info --egg-base ../../../build/ros_msg_pkg build --build-base /home/vy/GalacticRacing/build/ros_msg_pkg/build install --record /home/vy/GalacticRacing/build/ros_msg_pkg/install.log --install-scripts $base/lib/ros_msg_pkg --single-version-externally-managed
[4.078s] Level 1:colcon.colcon_core.environment:checking '/home/vy/GalacticRacing/install/ros_msg_pkg' for CMake module files
[4.079s] Level 1:colcon.colcon_core.environment:checking '/home/vy/GalacticRacing/install/ros_msg_pkg' for CMake config files
[4.079s] Level 1:colcon.colcon_core.environment:checking '/home/vy/GalacticRacing/install/ros_msg_pkg/lib'
[4.079s] Level 1:colcon.colcon_core.environment:checking '/home/vy/GalacticRacing/install/ros_msg_pkg/bin'
[4.079s] Level 1:colcon.colcon_core.environment:checking '/home/vy/GalacticRacing/install/ros_msg_pkg/lib/pkgconfig/ros_msg_pkg.pc'
[4.080s] Level 1:colcon.colcon_core.environment:checking '/home/vy/GalacticRacing/install/ros_msg_pkg/lib/python3.8/site-packages'
[4.080s] Level 1:colcon.colcon_core.shell:create_environment_hook('ros_msg_pkg', 'pythonpath')
[4.119s] INFO:colcon.colcon_core.shell:Creating environment hook '/home/vy/GalacticRacing/install/ros_msg_pkg/share/ros_msg_pkg/hook/pythonpath.ps1'
[4.120s] INFO:colcon.colcon_core.shell:Creating environment descriptor '/home/vy/GalacticRacing/install/ros_msg_pkg/share/ros_msg_pkg/hook/pythonpath.dsv'
[4.122s] INFO:colcon.colcon_core.shell:Creating environment hook '/home/vy/GalacticRacing/install/ros_msg_pkg/share/ros_msg_pkg/hook/pythonpath.sh'
[4.126s] Level 1:colcon.colcon_core.environment:checking '/home/vy/GalacticRacing/install/ros_msg_pkg/bin'
[4.126s] Level 1:colcon.colcon_core.environment:create_environment_scripts_only(ros_msg_pkg)
[4.157s] INFO:colcon.colcon_core.shell:Creating package script '/home/vy/GalacticRacing/install/ros_msg_pkg/share/ros_msg_pkg/package.ps1'
[4.158s] INFO:colcon.colcon_core.shell:Creating package descriptor '/home/vy/GalacticRacing/install/ros_msg_pkg/share/ros_msg_pkg/package.dsv'
[4.158s] INFO:colcon.colcon_core.shell:Creating package script '/home/vy/GalacticRacing/install/ros_msg_pkg/share/ros_msg_pkg/package.sh'
[4.159s] INFO:colcon.colcon_core.shell:Creating package script '/home/vy/GalacticRacing/install/ros_msg_pkg/share/ros_msg_pkg/package.bash'
[4.159s] INFO:colcon.colcon_core.shell:Creating package script '/home/vy/GalacticRacing/install/ros_msg_pkg/share/ros_msg_pkg/package.zsh'
[4.160s] Level 1:colcon.colcon_core.environment:create_file_with_runtime_dependencies(/home/vy/GalacticRacing/install/ros_msg_pkg/share/colcon-core/packages/ros_msg_pkg)
[4.161s] DEBUG:colcon.colcon_parallel_executor.executor.parallel:closing loop
[4.161s] DEBUG:colcon.colcon_parallel_executor.executor.parallel:loop closed
[4.161s] DEBUG:colcon.colcon_parallel_executor.executor.parallel:run_until_complete finished with '0'
[4.161s] DEBUG:colcon.colcon_core.event_reactor:joining thread
[4.197s] INFO:colcon.colcon_core.plugin_system:Skipping extension 'colcon_notification.desktop_notification.terminal_notifier': Not used on non-Darwin systems
[4.198s] INFO:colcon.colcon_core.plugin_system:Skipping extension 'colcon_notification.desktop_notification.win32': Not used on non-Windows systems
[4.198s] INFO:colcon.colcon_notification.desktop_notification:Sending desktop notification using 'notify2'
[4.218s] DEBUG:colcon.colcon_core.event_reactor:joined thread
[4.248s] INFO:colcon.colcon_core.shell:Creating prefix script '/home/vy/GalacticRacing/install/local_setup.ps1'
[4.255s] INFO:colcon.colcon_core.shell:Creating prefix util module '/home/vy/GalacticRacing/install/_local_setup_util_ps1.py'
[4.257s] INFO:colcon.colcon_core.shell:Creating prefix chain script '/home/vy/GalacticRacing/install/setup.ps1'
[4.290s] INFO:colcon.colcon_core.shell:Creating prefix script '/home/vy/GalacticRacing/install/local_setup.sh'
[4.291s] INFO:colcon.colcon_core.shell:Creating prefix util module '/home/vy/GalacticRacing/install/_local_setup_util_sh.py'
[4.292s] INFO:colcon.colcon_core.shell:Creating prefix chain script '/home/vy/GalacticRacing/install/setup.sh'
[4.326s] INFO:colcon.colcon_core.shell:Creating prefix script '/home/vy/GalacticRacing/install/local_setup.bash'
[4.330s] INFO:colcon.colcon_core.shell:Creating prefix chain script '/home/vy/GalacticRacing/install/setup.bash'
[4.363s] INFO:colcon.colcon_core.shell:Creating prefix script '/home/vy/GalacticRacing/install/local_setup.zsh'
[4.364s] INFO:colcon.colcon_core.shell:Creating prefix chain script '/home/vy/GalacticRacing/install/setup.zsh'
