[0.434s] Invoking command in '/home/vy/GalacticRacing/sim_ws/src/build/wall_follow': CMAKE_PREFIX_PATH=/opt/ros/foxy /usr/bin/cmake --build /home/vy/GalacticRacing/sim_ws/src/build/wall_follow -- -j6 -l6
[0.495s] [100%] Built target wall_follow_node
[0.511s] Invoked command in '/home/vy/GalacticRacing/sim_ws/src/build/wall_follow' returned '0': CMAKE_PREFIX_PATH=/opt/ros/foxy /usr/bin/cmake --build /home/vy/GalacticRacing/sim_ws/src/build/wall_follow -- -j6 -l6
[0.557s] Invoking command in '/home/vy/GalacticRacing/sim_ws/src/build/wall_follow': CMAKE_PREFIX_PATH=/opt/ros/foxy /usr/bin/cmake --install /home/vy/GalacticRacing/sim_ws/src/build/wall_follow
[0.574s] -- Install configuration: ""
[0.574s] -- Up-to-date: /home/vy/GalacticRacing/sim_ws/src/install/wall_follow/lib/wall_follow/wall_follow_node
[0.574s] -- Up-to-date: /home/vy/GalacticRacing/sim_ws/src/install/wall_follow/share/wall_follow/environment/pythonpath.sh
[0.574s] -- Up-to-date: /home/vy/GalacticRacing/sim_ws/src/install/wall_follow/share/wall_follow/environment/pythonpath.dsv
[0.574s] -- Up-to-date: /home/vy/GalacticRacing/sim_ws/src/install/wall_follow/lib/python3.8/site-packages/wall_follow
[0.575s] -- Up-to-date: /home/vy/GalacticRacing/sim_ws/src/install/wall_follow/lib/python3.8/site-packages/wall_follow/__init__.py
[0.623s] Listing '/home/vy/GalacticRacing/sim_ws/src/install/wall_follow/lib/python3.8/site-packages/wall_follow'...
[0.623s] -- Up-to-date: /home/vy/GalacticRacing/sim_ws/src/install/wall_follow/lib/wall_follow/wall_follow_node.py
[0.623s] -- Up-to-date: /home/vy/GalacticRacing/sim_ws/src/install/wall_follow/share/ament_index/resource_index/package_run_dependencies/wall_follow
[0.624s] -- Up-to-date: /home/vy/GalacticRacing/sim_ws/src/install/wall_follow/share/ament_index/resource_index/parent_prefix_path/wall_follow
[0.624s] -- Up-to-date: /home/vy/GalacticRacing/sim_ws/src/install/wall_follow/share/wall_follow/environment/ament_prefix_path.sh
[0.624s] -- Up-to-date: /home/vy/GalacticRacing/sim_ws/src/install/wall_follow/share/wall_follow/environment/ament_prefix_path.dsv
[0.624s] -- Up-to-date: /home/vy/GalacticRacing/sim_ws/src/install/wall_follow/share/wall_follow/environment/path.sh
[0.624s] -- Up-to-date: /home/vy/GalacticRacing/sim_ws/src/install/wall_follow/share/wall_follow/environment/path.dsv
[0.624s] -- Up-to-date: /home/vy/GalacticRacing/sim_ws/src/install/wall_follow/share/wall_follow/local_setup.bash
[0.625s] -- Up-to-date: /home/vy/GalacticRacing/sim_ws/src/install/wall_follow/share/wall_follow/local_setup.sh
[0.625s] -- Up-to-date: /home/vy/GalacticRacing/sim_ws/src/install/wall_follow/share/wall_follow/local_setup.zsh
[0.625s] -- Up-to-date: /home/vy/GalacticRacing/sim_ws/src/install/wall_follow/share/wall_follow/local_setup.dsv
[0.625s] -- Installing: /home/vy/GalacticRacing/sim_ws/src/install/wall_follow/share/wall_follow/package.dsv
[0.625s] -- Up-to-date: /home/vy/GalacticRacing/sim_ws/src/install/wall_follow/share/ament_index/resource_index/packages/wall_follow
[0.625s] -- Up-to-date: /home/vy/GalacticRacing/sim_ws/src/install/wall_follow/share/wall_follow/cmake/wall_followConfig.cmake
[0.626s] -- Up-to-date: /home/vy/GalacticRacing/sim_ws/src/install/wall_follow/share/wall_follow/cmake/wall_followConfig-version.cmake
[0.670s] -- Up-to-date: /home/vy/GalacticRacing/sim_ws/src/install/wall_follow/share/wall_follow/package.xml
[1.188s] Invoked command in '/home/vy/GalacticRacing/sim_ws/src/build/wall_follow' returned '0': CMAKE_PREFIX_PATH=/opt/ros/foxy /usr/bin/cmake --install /home/vy/GalacticRacing/sim_ws/src/build/wall_follow
