[0.852s] Invoking command in '/home/vy/GalacticRacing/sim_ws/build/lab5_pkg': CMAKE_PREFIX_PATH=/opt/ros/foxy /usr/bin/cmake /home/vy/GalacticRacing/sim_ws/lab5_pkg -DCMAKE_INSTALL_PREFIX=/home/vy/GalacticRacing/sim_ws/install/lab5_pkg
[1.228s] -- The C compiler identification is GNU 9.4.0
[1.259s] -- The CXX compiler identification is GNU 9.4.0
[1.267s] -- Check for working C compiler: /usr/bin/cc
[1.363s] -- Check for working C compiler: /usr/bin/cc -- works
[1.365s] -- Detecting C compiler ABI info
[1.455s] -- Detecting C compiler ABI info - done
[1.467s] -- Detecting C compile features
[1.468s] -- Detecting C compile features - done
[1.471s] -- Check for working CXX compiler: /usr/bin/c++
[1.607s] -- Check for working CXX compiler: /usr/bin/c++ -- works
[1.608s] -- Detecting CXX compiler ABI info
[1.734s] -- Detecting CXX compiler ABI info - done
[1.746s] -- Detecting CXX compile features
[1.747s] -- Detecting CXX compile features - done
[1.749s] -- Found ament_cmake: 0.9.12 (/opt/ros/foxy/share/ament_cmake/cmake)
[1.817s] -- Found PythonInterp: /usr/bin/python3 (found suitable version "3.8.10", minimum required is "3") 
[1.817s] -- Using PYTHON_EXECUTABLE: /usr/bin/python3
[2.142s] -- Found rclcpp: 2.4.3 (/opt/ros/foxy/share/rclcpp/cmake)
[2.300s] -- Using all available rosidl_typesupport_c: rosidl_typesupport_fastrtps_c;rosidl_typesupport_introspection_c
[2.332s] -- Found rosidl_adapter: 1.3.1 (/opt/ros/foxy/share/rosidl_adapter/cmake)
[2.596s] -- Found OpenSSL: /usr/lib/x86_64-linux-gnu/libcrypto.so (found version "1.1.1f")  
[2.679s] -- Found FastRTPS: /opt/ros/foxy/include  
[2.822s] -- Using all available rosidl_typesupport_cpp: rosidl_typesupport_fastrtps_cpp;rosidl_typesupport_introspection_cpp
[2.996s] -- Found rmw_implementation_cmake: 1.0.4 (/opt/ros/foxy/share/rmw_implementation_cmake/cmake)
[2.996s] -- Using RMW implementation 'rmw_fastrtps_cpp' as default
[3.002s] -- Looking for pthread.h
[3.105s] -- Looking for pthread.h - found
[3.106s] -- Performing Test CMAKE_HAVE_LIBC_PTHREAD
[3.202s] -- Performing Test CMAKE_HAVE_LIBC_PTHREAD - Failed
[3.203s] -- Looking for pthread_create in pthreads
[3.301s] -- Looking for pthread_create in pthreads - not found
[3.302s] -- Looking for pthread_create in pthread
[3.386s] -- Looking for pthread_create in pthread - found
[3.388s] -- Found Threads: TRUE  
[3.707s] -- Found rclpy: 1.0.13 (/opt/ros/foxy/share/rclpy/cmake)
[3.720s] -- Found geometry_msgs: 2.0.5 (/opt/ros/foxy/share/geometry_msgs/cmake)
[3.790s] -- Found nav_msgs: 2.0.5 (/opt/ros/foxy/share/nav_msgs/cmake)
[3.902s] -- Found ackermann_msgs: 2.0.2 (/opt/ros/foxy/share/ackermann_msgs/cmake)
[3.962s] -- Found sensor_msgs: 2.0.5 (/opt/ros/foxy/share/sensor_msgs/cmake)
[4.061s] -- Found visualization_msgs: 2.0.5 (/opt/ros/foxy/share/visualization_msgs/cmake)
[4.229s] -- Found tf2_ros: 0.13.14 (/opt/ros/foxy/share/tf2_ros/cmake)
[5.009s] -- Found ament_lint_auto: 0.9.8 (/opt/ros/foxy/share/ament_lint_auto/cmake)
[5.111s] -- Added test 'copyright' to check source files copyright and LICENSE
[5.112s] -- Added test 'cppcheck' to perform static code analysis on C / C++ code
[5.114s] -- Configured cppcheck include dirs: /home/vy/GalacticRacing/sim_ws/lab5_pkg/include
[5.114s] -- Configured cppcheck exclude dirs and/or files: 
[5.114s] -- Added test 'cpplint' to check C / C++ code against the Google style
[5.114s] -- Configured cpplint exclude dirs and/or files: 
[5.114s] -- Added test 'flake8' to check Python code syntax and style conventions
[5.115s] -- Added test 'lint_cmake' to check CMake code style
[5.115s] -- Added test 'pep257' to check Python code against some of the style conventions in PEP 257
[5.116s] -- Added test 'uncrustify' to check C / C++ code style
[5.116s] -- Configured uncrustify additional arguments: 
[5.117s] -- Added test 'xmllint' to check XML markup files
[5.128s] -- Configuring done
[5.145s] -- Generating done
[5.148s] -- Build files have been written to: /home/vy/GalacticRacing/sim_ws/build/lab5_pkg
[5.163s] Invoked command in '/home/vy/GalacticRacing/sim_ws/build/lab5_pkg' returned '0': CMAKE_PREFIX_PATH=/opt/ros/foxy /usr/bin/cmake /home/vy/GalacticRacing/sim_ws/lab5_pkg -DCMAKE_INSTALL_PREFIX=/home/vy/GalacticRacing/sim_ws/install/lab5_pkg
[5.164s] Invoking command in '/home/vy/GalacticRacing/sim_ws/build/lab5_pkg': CMAKE_PREFIX_PATH=/opt/ros/foxy /usr/bin/cmake --build /home/vy/GalacticRacing/sim_ws/build/lab5_pkg -- -j6 -l6
[5.619s] [35m[1mScanning dependencies of target scanmatch_node[0m
[5.619s] [ 20%] [32mBuilding CXX object CMakeFiles/scanmatch_node.dir/src/scanmatch_node.cpp.o[0m
[5.633s] [ 40%] [32mBuilding CXX object CMakeFiles/scanmatch_node.dir/src/correspond.cpp.o[0m
[5.987s] [ 60%] [32mBuilding CXX object CMakeFiles/scanmatch_node.dir/src/visualization.cpp.o[0m
[6.026s] [ 80%] [32mBuilding CXX object CMakeFiles/scanmatch_node.dir/src/transform.cpp.o[0m
[8.574s] [01m[K/home/vy/GalacticRacing/sim_ws/lab5_pkg/src/transform.cpp:[m[K In function ‘[01m[Kvoid transformPoints(const std::vector<Point>&, Transform&, std::vector<Point>&)[m[K’:
[8.576s] [01m[K/home/vy/GalacticRacing/sim_ws/lab5_pkg/src/transform.cpp:12:21:[m[K [01;35m[Kwarning: [m[Kcomparison of integer expressions of different signedness: ‘[01m[Kint[m[K’ and ‘[01m[Kstd::vector<Point>::size_type[m[K’ {aka ‘[01m[Klong unsigned int[m[K’} [[01;35m[K-Wsign-compare[m[K]
[8.576s]    12 |   for (int i = 0; [01;35m[Ki < points.size()[m[K; i++)
[8.576s]       |                   [01;35m[K~~^~~~~~~~~~~~~~~[m[K
[9.176s] [01m[K/home/vy/GalacticRacing/sim_ws/lab5_pkg/src/correspond.cpp:[m[K In function ‘[01m[Kvoid getNaiveCorrespondence(std::vector<Point>&, std::vector<Point>&, std::vector<Point>&, std::vector<std::vector<int> >&, std::vector<Correspondence>&, float)[m[K’:
[9.176s] [01m[K/home/vy/GalacticRacing/sim_ws/lab5_pkg/src/correspond.cpp:16:7:[m[K [01;35m[Kwarning: [m[Kunused variable ‘[01m[Klast_best[m[K’ [[01;35m[K-Wunused-variable[m[K]
[9.177s]    16 |   int [01;35m[Klast_best[m[K = -1;
[9.177s]       |       [01;35m[K^~~~~~~~~[m[K
[9.178s] [01m[K/home/vy/GalacticRacing/sim_ws/lab5_pkg/src/correspond.cpp:12:50:[m[K [01;35m[Kwarning: [m[Kunused parameter ‘[01m[Kjump_table[m[K’ [[01;35m[K-Wunused-parameter[m[K]
[9.178s]    12 |                             [01;35m[Kvector<vector<int>> &jump_table[m[K, vector<Correspondence> &c, float prob)
[9.178s]       |                             [01;35m[K~~~~~~~~~~~~~~~~~~~~~^~~~~~~~~~[m[K
[9.178s] [01m[K/home/vy/GalacticRacing/sim_ws/lab5_pkg/src/correspond.cpp:12:95:[m[K [01;35m[Kwarning: [m[Kunused parameter ‘[01m[Kprob[m[K’ [[01;35m[K-Wunused-parameter[m[K]
[9.178s]    12 |                             vector<vector<int>> &jump_table, vector<Correspondence> &c, [01;35m[Kfloat prob[m[K)
[9.180s]       |                                                                                         [01;35m[K~~~~~~^~~~[m[K
[9.182s] [01m[K/home/vy/GalacticRacing/sim_ws/lab5_pkg/src/correspond.cpp:[m[K In function ‘[01m[Kvoid getCorrespondence(std::vector<Point>&, std::vector<Point>&, std::vector<Point>&, std::vector<std::vector<int> >&, std::vector<Correspondence>&, float)[m[K’:
[9.184s] [01m[K/home/vy/GalacticRacing/sim_ws/lab5_pkg/src/correspond.cpp:61:7:[m[K [01;35m[Kwarning: [m[Kunused variable ‘[01m[Klast_best[m[K’ [[01;35m[K-Wunused-variable[m[K]
[9.184s]    61 |   int [01;35m[Klast_best[m[K = -1;
[9.184s]       |       [01;35m[K^~~~~~~~~[m[K
[9.184s] [01m[K/home/vy/GalacticRacing/sim_ws/lab5_pkg/src/correspond.cpp:48:45:[m[K [01;35m[Kwarning: [m[Kunused parameter ‘[01m[Kjump_table[m[K’ [[01;35m[K-Wunused-parameter[m[K]
[9.184s]    48 |                        [01;35m[Kvector<vector<int>> &jump_table[m[K, vector<Correspondence> &c, float prob)
[9.184s]       |                        [01;35m[K~~~~~~~~~~~~~~~~~~~~~^~~~~~~~~~[m[K
[9.184s] [01m[K/home/vy/GalacticRacing/sim_ws/lab5_pkg/src/correspond.cpp:48:90:[m[K [01;35m[Kwarning: [m[Kunused parameter ‘[01m[Kprob[m[K’ [[01;35m[K-Wunused-parameter[m[K]
[9.184s]    48 |                        vector<vector<int>> &jump_table, vector<Correspondence> &c, [01;35m[Kfloat prob[m[K)
[9.184s]       |                                                                                    [01;35m[K~~~~~~^~~~[m[K
[10.412s] [01m[K/home/vy/GalacticRacing/sim_ws/lab5_pkg/src/scanmatch_node.cpp:[m[K In member function ‘[01m[Kvoid ScanMatch::readScan(sensor_msgs::msg::LaserScan_<std::allocator<void> >::ConstSharedPtr)[m[K’:
[10.412s] [01m[K/home/vy/GalacticRacing/sim_ws/lab5_pkg/src/scanmatch_node.cpp:140:27:[m[K [01;35m[Kwarning: [m[Kcomparison of integer expressions of different signedness: ‘[01m[Kint[m[K’ and ‘[01m[Kstd::vector<float>::size_type[m[K’ {aka ‘[01m[Klong unsigned int[m[K’} [[01;35m[K-Wsign-compare[m[K]
[10.412s]   140 |         for (int i = 0; [01;35m[Ki < ranges.size()[m[K; ++i)
[10.412s]       |                         [01;35m[K~~^~~~~~~~~~~~~~~[m[K
[11.978s] [01m[K/home/vy/GalacticRacing/sim_ws/lab5_pkg/src/transform.cpp:[m[K In function ‘[01m[Kfloat greatest_real_root(float, float, float, float, float)[m[K’:
[11.978s] [01m[K/home/vy/GalacticRacing/sim_ws/lab5_pkg/src/transform.cpp:274:1:[m[K [01;35m[Kwarning: [m[Kcontrol reaches end of non-void function [[01;35m[K-Wreturn-type[m[K]
[11.978s]   274 | [01;35m[K}[m[K
[11.980s]       | [01;35m[K^[m[K
[12.605s] In file included from [01m[K/home/vy/GalacticRacing/sim_ws/lab5_pkg/src/scanmatch_node.cpp:20[m[K:
[12.606s] [01m[K/home/vy/GalacticRacing/sim_ws/lab5_pkg/include/scan_matching_skeleton/visualization.h:[m[K At global scope:
[12.606s] [01m[K/home/vy/GalacticRacing/sim_ws/lab5_pkg/include/scan_matching_skeleton/visualization.h:9:12:[m[K [01;35m[Kwarning: [m[K‘[01m[Knum_visuals[m[K’ defined but not used [[01;35m[K-Wunused-variable[m[K]
[12.606s]     9 | static int [01;35m[Knum_visuals[m[K = 0;
[12.606s]       |            [01;35m[K^~~~~~~~~~~[m[K
[15.342s] [100%] [32m[1mLinking CXX executable scanmatch_node[0m
[15.847s] [100%] Built target scanmatch_node
[15.865s] Invoked command in '/home/vy/GalacticRacing/sim_ws/build/lab5_pkg' returned '0': CMAKE_PREFIX_PATH=/opt/ros/foxy /usr/bin/cmake --build /home/vy/GalacticRacing/sim_ws/build/lab5_pkg -- -j6 -l6
[15.914s] Invoking command in '/home/vy/GalacticRacing/sim_ws/build/lab5_pkg': CMAKE_PREFIX_PATH=/opt/ros/foxy /usr/bin/cmake --install /home/vy/GalacticRacing/sim_ws/build/lab5_pkg
[15.924s] -- Install configuration: ""
[15.924s] -- Installing: /home/vy/GalacticRacing/sim_ws/install/lab5_pkg/lib/lab5_pkg/scanmatch_node
[15.928s] -- Set runtime path of "/home/vy/GalacticRacing/sim_ws/install/lab5_pkg/lib/lab5_pkg/scanmatch_node" to ""
[15.928s] -- Installing: /home/vy/GalacticRacing/sim_ws/install/lab5_pkg/share/lab5_pkg/environment/pythonpath.sh
[15.929s] -- Installing: /home/vy/GalacticRacing/sim_ws/install/lab5_pkg/share/lab5_pkg/environment/pythonpath.dsv
[15.929s] -- Installing: /home/vy/GalacticRacing/sim_ws/install/lab5_pkg/lib/python3.8/site-packages/lab5_pkg
[15.929s] -- Installing: /home/vy/GalacticRacing/sim_ws/install/lab5_pkg/lib/python3.8/site-packages/lab5_pkg/__init__.py
[15.955s] Listing '/home/vy/GalacticRacing/sim_ws/install/lab5_pkg/lib/python3.8/site-packages/lab5_pkg'...
[15.955s] Compiling '/home/vy/GalacticRacing/sim_ws/install/lab5_pkg/lib/python3.8/site-packages/lab5_pkg/__init__.py'...
[15.958s] -- Installing: /home/vy/GalacticRacing/sim_ws/install/lab5_pkg/share/ament_index/resource_index/package_run_dependencies/lab5_pkg
[15.958s] -- Installing: /home/vy/GalacticRacing/sim_ws/install/lab5_pkg/share/ament_index/resource_index/parent_prefix_path/lab5_pkg
[15.959s] -- Installing: /home/vy/GalacticRacing/sim_ws/install/lab5_pkg/share/lab5_pkg/environment/ament_prefix_path.sh
[15.959s] -- Installing: /home/vy/GalacticRacing/sim_ws/install/lab5_pkg/share/lab5_pkg/environment/ament_prefix_path.dsv
[15.959s] -- Installing: /home/vy/GalacticRacing/sim_ws/install/lab5_pkg/share/lab5_pkg/environment/path.sh
[15.959s] -- Installing: /home/vy/GalacticRacing/sim_ws/install/lab5_pkg/share/lab5_pkg/environment/path.dsv
[15.960s] -- Installing: /home/vy/GalacticRacing/sim_ws/install/lab5_pkg/share/lab5_pkg/local_setup.bash
[15.960s] -- Installing: /home/vy/GalacticRacing/sim_ws/install/lab5_pkg/share/lab5_pkg/local_setup.sh
[15.960s] -- Installing: /home/vy/GalacticRacing/sim_ws/install/lab5_pkg/share/lab5_pkg/local_setup.zsh
[15.960s] -- Installing: /home/vy/GalacticRacing/sim_ws/install/lab5_pkg/share/lab5_pkg/local_setup.dsv
[15.961s] -- Installing: /home/vy/GalacticRacing/sim_ws/install/lab5_pkg/share/lab5_pkg/package.dsv
[15.961s] -- Installing: /home/vy/GalacticRacing/sim_ws/install/lab5_pkg/share/ament_index/resource_index/packages/lab5_pkg
[15.961s] -- Installing: /home/vy/GalacticRacing/sim_ws/install/lab5_pkg/share/lab5_pkg/cmake/lab5_pkgConfig.cmake
[15.961s] -- Installing: /home/vy/GalacticRacing/sim_ws/install/lab5_pkg/share/lab5_pkg/cmake/lab5_pkgConfig-version.cmake
[15.962s] -- Installing: /home/vy/GalacticRacing/sim_ws/install/lab5_pkg/share/lab5_pkg/package.xml
[15.966s] Invoked command in '/home/vy/GalacticRacing/sim_ws/build/lab5_pkg' returned '0': CMAKE_PREFIX_PATH=/opt/ros/foxy /usr/bin/cmake --install /home/vy/GalacticRacing/sim_ws/build/lab5_pkg
