[2.804s] Invoking command in '/home/vy/GalacticRacing/sim_ws/src/f1tenth_gym_ros': PYTHONPATH=/home/vy/GalacticRacing/sim_ws/build/f1tenth_gym_ros/prefix_override:/home/vy/GalacticRacing/sim_ws/install/f1tenth_gym_ros/lib/python3.8/site-packages:${PYTHONPATH} /usr/bin/python3 setup.py egg_info --egg-base ../../build/f1tenth_gym_ros build --build-base /home/vy/GalacticRacing/sim_ws/build/f1tenth_gym_ros/build install --record /home/vy/GalacticRacing/sim_ws/build/f1tenth_gym_ros/install.log --install-scripts $base/lib/f1tenth_gym_ros --single-version-externally-managed
[3.044s] running egg_info
[3.068s] writing ../../build/f1tenth_gym_ros/f1tenth_gym_ros.egg-info/PKG-INFO
[3.069s] writing dependency_links to ../../build/f1tenth_gym_ros/f1tenth_gym_ros.egg-info/dependency_links.txt
[3.069s] writing entry points to ../../build/f1tenth_gym_ros/f1tenth_gym_ros.egg-info/entry_points.txt
[3.069s] writing requirements to ../../build/f1tenth_gym_ros/f1tenth_gym_ros.egg-info/requires.txt
[3.069s] writing top-level names to ../../build/f1tenth_gym_ros/f1tenth_gym_ros.egg-info/top_level.txt
[3.153s] reading manifest file '../../build/f1tenth_gym_ros/f1tenth_gym_ros.egg-info/SOURCES.txt'
[3.153s] writing manifest file '../../build/f1tenth_gym_ros/f1tenth_gym_ros.egg-info/SOURCES.txt'
[3.153s] running build
[3.154s] running build_py
[3.176s] running install
[3.179s] running install_lib
[3.183s] running install_data
[3.183s] running install_egg_info
[3.183s] removing '/home/vy/GalacticRacing/sim_ws/install/f1tenth_gym_ros/lib/python3.8/site-packages/f1tenth_gym_ros-0.0.0-py3.8.egg-info' (and everything under it)
[3.183s] Copying ../../build/f1tenth_gym_ros/f1tenth_gym_ros.egg-info to /home/vy/GalacticRacing/sim_ws/install/f1tenth_gym_ros/lib/python3.8/site-packages/f1tenth_gym_ros-0.0.0-py3.8.egg-info
[3.183s] running install_scripts
[3.185s] Installing gym_bridge script to /home/vy/GalacticRacing/sim_ws/install/f1tenth_gym_ros/lib/f1tenth_gym_ros
[3.185s] writing list of installed files to '/home/vy/GalacticRacing/sim_ws/build/f1tenth_gym_ros/install.log'
[4.332s] Invoked command in '/home/vy/GalacticRacing/sim_ws/src/f1tenth_gym_ros' returned '0': PYTHONPATH=/home/vy/GalacticRacing/sim_ws/build/f1tenth_gym_ros/prefix_override:/home/vy/GalacticRacing/sim_ws/install/f1tenth_gym_ros/lib/python3.8/site-packages:${PYTHONPATH} /usr/bin/python3 setup.py egg_info --egg-base ../../build/f1tenth_gym_ros build --build-base /home/vy/GalacticRacing/sim_ws/build/f1tenth_gym_ros/build install --record /home/vy/GalacticRacing/sim_ws/build/f1tenth_gym_ros/install.log --install-scripts $base/lib/f1tenth_gym_ros --single-version-externally-managed
