[0.583s] Invoking command in '/home/vy/GalacticRacing/build/gap_follow': /usr/bin/cmake --build /home/vy/GalacticRacing/build/gap_follow -- -j6 -l6
[0.851s] [100%] Built target reactive_node
[0.859s] Invoked command in '/home/vy/GalacticRacing/build/gap_follow' returned '0': /usr/bin/cmake --build /home/vy/GalacticRacing/build/gap_follow -- -j6 -l6
[0.908s] Invoking command in '/home/vy/GalacticRacing/build/gap_follow': /usr/bin/cmake --install /home/vy/GalacticRacing/build/gap_follow
[0.919s] -- Install configuration: ""
[0.920s] -- Up-to-date: /home/vy/GalacticRacing/install/gap_follow/lib/gap_follow/reactive_node
[0.920s] -- Up-to-date: /home/vy/GalacticRacing/install/gap_follow/share/gap_follow/environment/pythonpath.sh
[0.920s] -- Up-to-date: /home/vy/GalacticRacing/install/gap_follow/share/gap_follow/environment/pythonpath.dsv
[0.920s] -- Up-to-date: /home/vy/GalacticRacing/install/gap_follow/lib/python3.8/site-packages/gap_follow
[0.920s] -- Up-to-date: /home/vy/GalacticRacing/install/gap_follow/lib/python3.8/site-packages/gap_follow/__init__.py
[0.953s] Listing '/home/vy/GalacticRacing/install/gap_follow/lib/python3.8/site-packages/gap_follow'...
[0.954s] -- Installing: /home/vy/GalacticRacing/install/gap_follow/lib/gap_follow/reactive_node.py
[0.954s] -- Up-to-date: /home/vy/GalacticRacing/install/gap_follow/share/ament_index/resource_index/package_run_dependencies/gap_follow
[0.954s] -- Up-to-date: /home/vy/GalacticRacing/install/gap_follow/share/ament_index/resource_index/parent_prefix_path/gap_follow
[0.954s] -- Up-to-date: /home/vy/GalacticRacing/install/gap_follow/share/gap_follow/environment/ament_prefix_path.sh
[0.954s] -- Up-to-date: /home/vy/GalacticRacing/install/gap_follow/share/gap_follow/environment/ament_prefix_path.dsv
[0.954s] -- Up-to-date: /home/vy/GalacticRacing/install/gap_follow/share/gap_follow/environment/path.sh
[0.954s] -- Up-to-date: /home/vy/GalacticRacing/install/gap_follow/share/gap_follow/environment/path.dsv
[0.955s] -- Up-to-date: /home/vy/GalacticRacing/install/gap_follow/share/gap_follow/local_setup.bash
[0.956s] -- Up-to-date: /home/vy/GalacticRacing/install/gap_follow/share/gap_follow/local_setup.sh
[0.958s] -- Up-to-date: /home/vy/GalacticRacing/install/gap_follow/share/gap_follow/local_setup.zsh
[0.958s] -- Up-to-date: /home/vy/GalacticRacing/install/gap_follow/share/gap_follow/local_setup.dsv
[0.958s] -- Installing: /home/vy/GalacticRacing/install/gap_follow/share/gap_follow/package.dsv
[0.960s] -- Up-to-date: /home/vy/GalacticRacing/install/gap_follow/share/ament_index/resource_index/packages/gap_follow
[0.960s] -- Up-to-date: /home/vy/GalacticRacing/install/gap_follow/share/gap_follow/cmake/gap_followConfig.cmake
[0.960s] -- Up-to-date: /home/vy/GalacticRacing/install/gap_follow/share/gap_follow/cmake/gap_followConfig-version.cmake
[0.960s] -- Up-to-date: /home/vy/GalacticRacing/install/gap_follow/share/gap_follow/package.xml
[0.960s] Invoked command in '/home/vy/GalacticRacing/build/gap_follow' returned '0': /usr/bin/cmake --install /home/vy/GalacticRacing/build/gap_follow
