[0.688s] Invoking command in '/home/vy/GalacticRacing/sim_ws/build/safety_node': CMAKE_PREFIX_PATH=/home/vy/GalacticRacing/sim_ws/install/particle_filter:/home/vy/GalacticRacing/sim_ws/install/f1tenth_gym_ros:/opt/ros/foxy:${CMAKE_PREFIX_PATH} /usr/bin/cmake --build /home/vy/GalacticRacing/sim_ws/build/safety_node -- -j6 -l6
[0.964s] [100%] Built target safety_node
[3.057s] Invoked command in '/home/vy/GalacticRacing/sim_ws/build/safety_node' returned '0': CMAKE_PREFIX_PATH=/home/vy/GalacticRacing/sim_ws/install/particle_filter:/home/vy/GalacticRacing/sim_ws/install/f1tenth_gym_ros:/opt/ros/foxy:${CMAKE_PREFIX_PATH} /usr/bin/cmake --build /home/vy/GalacticRacing/sim_ws/build/safety_node -- -j6 -l6
[5.115s] Invoking command in '/home/vy/GalacticRacing/sim_ws/build/safety_node': CMAKE_PREFIX_PATH=/home/vy/GalacticRacing/sim_ws/install/particle_filter:/home/vy/GalacticRacing/sim_ws/install/f1tenth_gym_ros:/opt/ros/foxy:${CMAKE_PREFIX_PATH} /usr/bin/cmake --install /home/vy/GalacticRacing/sim_ws/build/safety_node
[6.070s] -- Install configuration: ""
[6.070s] -- Up-to-date: /home/vy/GalacticRacing/sim_ws/install/safety_node/lib/safety_node/safety_node
[6.075s] -- Up-to-date: /home/vy/GalacticRacing/sim_ws/install/safety_node/share/safety_node/environment/pythonpath.sh
[6.078s] -- Up-to-date: /home/vy/GalacticRacing/sim_ws/install/safety_node/share/safety_node/environment/pythonpath.dsv
[6.080s] -- Up-to-date: /home/vy/GalacticRacing/sim_ws/install/safety_node/lib/python3.8/site-packages/safety_node
[6.081s] -- Up-to-date: /home/vy/GalacticRacing/sim_ws/install/safety_node/lib/python3.8/site-packages/safety_node/__init__.py
[6.082s] Listing '/home/vy/GalacticRacing/sim_ws/install/safety_node/lib/python3.8/site-packages/safety_node'...
[6.084s] -- Up-to-date: /home/vy/GalacticRacing/sim_ws/install/safety_node/lib/safety_node/safety_node.py
[6.086s] -- Up-to-date: /home/vy/GalacticRacing/sim_ws/install/safety_node/share/ament_index/resource_index/package_run_dependencies/safety_node
[6.092s] -- Up-to-date: /home/vy/GalacticRacing/sim_ws/install/safety_node/share/ament_index/resource_index/parent_prefix_path/safety_node
[6.093s] -- Up-to-date: /home/vy/GalacticRacing/sim_ws/install/safety_node/share/safety_node/environment/ament_prefix_path.sh
[6.093s] -- Up-to-date: /home/vy/GalacticRacing/sim_ws/install/safety_node/share/safety_node/environment/ament_prefix_path.dsv
[6.094s] -- Up-to-date: /home/vy/GalacticRacing/sim_ws/install/safety_node/share/safety_node/environment/path.sh
[6.094s] -- Up-to-date: /home/vy/GalacticRacing/sim_ws/install/safety_node/share/safety_node/environment/path.dsv
[6.095s] -- Up-to-date: /home/vy/GalacticRacing/sim_ws/install/safety_node/share/safety_node/local_setup.bash
[6.097s] -- Up-to-date: /home/vy/GalacticRacing/sim_ws/install/safety_node/share/safety_node/local_setup.sh
[6.098s] -- Up-to-date: /home/vy/GalacticRacing/sim_ws/install/safety_node/share/safety_node/local_setup.zsh
[6.098s] -- Up-to-date: /home/vy/GalacticRacing/sim_ws/install/safety_node/share/safety_node/local_setup.dsv
[6.099s] -- Installing: /home/vy/GalacticRacing/sim_ws/install/safety_node/share/safety_node/package.dsv
[6.100s] -- Up-to-date: /home/vy/GalacticRacing/sim_ws/install/safety_node/share/ament_index/resource_index/packages/safety_node
[6.101s] -- Up-to-date: /home/vy/GalacticRacing/sim_ws/install/safety_node/share/safety_node/cmake/safety_nodeConfig.cmake
[6.102s] -- Up-to-date: /home/vy/GalacticRacing/sim_ws/install/safety_node/share/safety_node/cmake/safety_nodeConfig-version.cmake
[6.102s] -- Up-to-date: /home/vy/GalacticRacing/sim_ws/install/safety_node/share/safety_node/package.xml
[6.103s] Invoked command in '/home/vy/GalacticRacing/sim_ws/build/safety_node' returned '0': CMAKE_PREFIX_PATH=/home/vy/GalacticRacing/sim_ws/install/particle_filter:/home/vy/GalacticRacing/sim_ws/install/f1tenth_gym_ros:/opt/ros/foxy:${CMAKE_PREFIX_PATH} /usr/bin/cmake --install /home/vy/GalacticRacing/sim_ws/build/safety_node
