[0.469s] Invoking command in '/home/vy/GalacticRacing/sim_ws/build/wall_follow': CMAKE_PREFIX_PATH=${CMAKE_PREFIX_PATH}:/home/vy/GalacticRacing/sim_ws/install/particle_filter:/home/vy/GalacticRacing/sim_ws/install/f1tenth_gym_ros:/opt/ros/foxy /usr/bin/cmake --build /home/vy/GalacticRacing/sim_ws/build/wall_follow -- -j16 -l16
[0.527s] [100%] Built target wall_follow_node
[0.536s] Invoked command in '/home/vy/GalacticRacing/sim_ws/build/wall_follow' returned '0': CMAKE_PREFIX_PATH=${CMAKE_PREFIX_PATH}:/home/vy/GalacticRacing/sim_ws/install/particle_filter:/home/vy/GalacticRacing/sim_ws/install/f1tenth_gym_ros:/opt/ros/foxy /usr/bin/cmake --build /home/vy/GalacticRacing/sim_ws/build/wall_follow -- -j16 -l16
[0.559s] Invoking command in '/home/vy/GalacticRacing/sim_ws/build/wall_follow': CMAKE_PREFIX_PATH=${CMAKE_PREFIX_PATH}:/home/vy/GalacticRacing/sim_ws/install/particle_filter:/home/vy/GalacticRacing/sim_ws/install/f1tenth_gym_ros:/opt/ros/foxy /usr/bin/cmake --install /home/vy/GalacticRacing/sim_ws/build/wall_follow
[0.566s] -- Install configuration: ""
[0.567s] -- Up-to-date: /home/vy/GalacticRacing/sim_ws/install/wall_follow/lib/wall_follow/wall_follow_node
[0.570s] -- Up-to-date: /home/vy/GalacticRacing/sim_ws/install/wall_follow/share/wall_follow/environment/pythonpath.sh
[0.570s] -- Up-to-date: /home/vy/GalacticRacing/sim_ws/install/wall_follow/share/wall_follow/environment/pythonpath.dsv
[0.570s] -- Up-to-date: /home/vy/GalacticRacing/sim_ws/install/wall_follow/lib/python3.8/site-packages/wall_follow
[0.570s] -- Up-to-date: /home/vy/GalacticRacing/sim_ws/install/wall_follow/lib/python3.8/site-packages/wall_follow/__init__.py
[0.597s] Listing '/home/vy/GalacticRacing/sim_ws/install/wall_follow/lib/python3.8/site-packages/wall_follow'...
[0.600s] -- Up-to-date: /home/vy/GalacticRacing/sim_ws/install/wall_follow/lib/wall_follow/wall_follow_node.py
[0.600s] -- Up-to-date: /home/vy/GalacticRacing/sim_ws/install/wall_follow/share/ament_index/resource_index/package_run_dependencies/wall_follow
[0.601s] -- Up-to-date: /home/vy/GalacticRacing/sim_ws/install/wall_follow/share/ament_index/resource_index/parent_prefix_path/wall_follow
[0.601s] -- Up-to-date: /home/vy/GalacticRacing/sim_ws/install/wall_follow/share/wall_follow/environment/ament_prefix_path.sh
[0.601s] -- Up-to-date: /home/vy/GalacticRacing/sim_ws/install/wall_follow/share/wall_follow/environment/ament_prefix_path.dsv
[0.601s] -- Up-to-date: /home/vy/GalacticRacing/sim_ws/install/wall_follow/share/wall_follow/environment/path.sh
[0.601s] -- Up-to-date: /home/vy/GalacticRacing/sim_ws/install/wall_follow/share/wall_follow/environment/path.dsv
[0.601s] -- Up-to-date: /home/vy/GalacticRacing/sim_ws/install/wall_follow/share/wall_follow/local_setup.bash
[0.602s] -- Up-to-date: /home/vy/GalacticRacing/sim_ws/install/wall_follow/share/wall_follow/local_setup.sh
[0.603s] -- Up-to-date: /home/vy/GalacticRacing/sim_ws/install/wall_follow/share/wall_follow/local_setup.zsh
[0.603s] -- Up-to-date: /home/vy/GalacticRacing/sim_ws/install/wall_follow/share/wall_follow/local_setup.dsv
[0.603s] -- Installing: /home/vy/GalacticRacing/sim_ws/install/wall_follow/share/wall_follow/package.dsv
[0.603s] -- Up-to-date: /home/vy/GalacticRacing/sim_ws/install/wall_follow/share/ament_index/resource_index/packages/wall_follow
[0.604s] -- Up-to-date: /home/vy/GalacticRacing/sim_ws/install/wall_follow/share/wall_follow/cmake/wall_followConfig.cmake
[0.604s] -- Up-to-date: /home/vy/GalacticRacing/sim_ws/install/wall_follow/share/wall_follow/cmake/wall_followConfig-version.cmake
[0.604s] -- Up-to-date: /home/vy/GalacticRacing/sim_ws/install/wall_follow/share/wall_follow/package.xml
[0.622s] Invoked command in '/home/vy/GalacticRacing/sim_ws/build/wall_follow' returned '0': CMAKE_PREFIX_PATH=${CMAKE_PREFIX_PATH}:/home/vy/GalacticRacing/sim_ws/install/particle_filter:/home/vy/GalacticRacing/sim_ws/install/f1tenth_gym_ros:/opt/ros/foxy /usr/bin/cmake --install /home/vy/GalacticRacing/sim_ws/build/wall_follow
