[0.801s] Invoking command in '/home/vy/GalacticRacing/sim_ws/build/wall_follow': CMAKE_PREFIX_PATH=${CMAKE_PREFIX_PATH}:/home/vy/GalacticRacing/sim_ws/install/particle_filter:/home/vy/GalacticRacing/sim_ws/install/f1tenth_gym_ros:/opt/ros/foxy /usr/bin/cmake --build /home/vy/GalacticRacing/sim_ws/build/wall_follow -- -j16 -l16
[0.945s] [100%] Built target wall_follow_node
[1.036s] Invoked command in '/home/vy/GalacticRacing/sim_ws/build/wall_follow' returned '0': CMAKE_PREFIX_PATH=${CMAKE_PREFIX_PATH}:/home/vy/GalacticRacing/sim_ws/install/particle_filter:/home/vy/GalacticRacing/sim_ws/install/f1tenth_gym_ros:/opt/ros/foxy /usr/bin/cmake --build /home/vy/GalacticRacing/sim_ws/build/wall_follow -- -j16 -l16
[1.157s] Invoking command in '/home/vy/GalacticRacing/sim_ws/build/wall_follow': CMAKE_PREFIX_PATH=${CMAKE_PREFIX_PATH}:/home/vy/GalacticRacing/sim_ws/install/particle_filter:/home/vy/GalacticRacing/sim_ws/install/f1tenth_gym_ros:/opt/ros/foxy /usr/bin/cmake --install /home/vy/GalacticRacing/sim_ws/build/wall_follow
[1.186s] -- Install configuration: ""
[1.187s] -- Up-to-date: /home/vy/GalacticRacing/sim_ws/install/wall_follow/lib/wall_follow/wall_follow_node
[1.187s] -- Up-to-date: /home/vy/GalacticRacing/sim_ws/install/wall_follow/share/wall_follow/environment/pythonpath.sh
[1.188s] -- Up-to-date: /home/vy/GalacticRacing/sim_ws/install/wall_follow/share/wall_follow/environment/pythonpath.dsv
[1.188s] -- Up-to-date: /home/vy/GalacticRacing/sim_ws/install/wall_follow/lib/python3.8/site-packages/wall_follow
[1.188s] -- Up-to-date: /home/vy/GalacticRacing/sim_ws/install/wall_follow/lib/python3.8/site-packages/wall_follow/__init__.py
[1.240s] Listing '/home/vy/GalacticRacing/sim_ws/install/wall_follow/lib/python3.8/site-packages/wall_follow'...
[1.246s] -- Up-to-date: /home/vy/GalacticRacing/sim_ws/install/wall_follow/lib/wall_follow/wall_follow_node.py
[1.246s] -- Up-to-date: /home/vy/GalacticRacing/sim_ws/install/wall_follow/share/ament_index/resource_index/package_run_dependencies/wall_follow
[1.247s] -- Up-to-date: /home/vy/GalacticRacing/sim_ws/install/wall_follow/share/ament_index/resource_index/parent_prefix_path/wall_follow
[1.247s] -- Up-to-date: /home/vy/GalacticRacing/sim_ws/install/wall_follow/share/wall_follow/environment/ament_prefix_path.sh
[1.248s] -- Up-to-date: /home/vy/GalacticRacing/sim_ws/install/wall_follow/share/wall_follow/environment/ament_prefix_path.dsv
[1.248s] -- Up-to-date: /home/vy/GalacticRacing/sim_ws/install/wall_follow/share/wall_follow/environment/path.sh
[1.248s] -- Up-to-date: /home/vy/GalacticRacing/sim_ws/install/wall_follow/share/wall_follow/environment/path.dsv
[1.249s] -- Up-to-date: /home/vy/GalacticRacing/sim_ws/install/wall_follow/share/wall_follow/local_setup.bash
[1.249s] -- Up-to-date: /home/vy/GalacticRacing/sim_ws/install/wall_follow/share/wall_follow/local_setup.sh
[1.249s] -- Up-to-date: /home/vy/GalacticRacing/sim_ws/install/wall_follow/share/wall_follow/local_setup.zsh
[1.250s] -- Up-to-date: /home/vy/GalacticRacing/sim_ws/install/wall_follow/share/wall_follow/local_setup.dsv
[1.250s] -- Installing: /home/vy/GalacticRacing/sim_ws/install/wall_follow/share/wall_follow/package.dsv
[1.250s] -- Up-to-date: /home/vy/GalacticRacing/sim_ws/install/wall_follow/share/ament_index/resource_index/packages/wall_follow
[1.251s] -- Up-to-date: /home/vy/GalacticRacing/sim_ws/install/wall_follow/share/wall_follow/cmake/wall_followConfig.cmake
[1.251s] -- Up-to-date: /home/vy/GalacticRacing/sim_ws/install/wall_follow/share/wall_follow/cmake/wall_followConfig-version.cmake
[1.253s] -- Up-to-date: /home/vy/GalacticRacing/sim_ws/install/wall_follow/share/wall_follow/package.xml
[1.266s] Invoked command in '/home/vy/GalacticRacing/sim_ws/build/wall_follow' returned '0': CMAKE_PREFIX_PATH=${CMAKE_PREFIX_PATH}:/home/vy/GalacticRacing/sim_ws/install/particle_filter:/home/vy/GalacticRacing/sim_ws/install/f1tenth_gym_ros:/opt/ros/foxy /usr/bin/cmake --install /home/vy/GalacticRacing/sim_ws/build/wall_follow
