[0.768s] Invoking command in '/home/vy/GalacticRacing/sim_ws/src/build/gap_follow': CMAKE_PREFIX_PATH=/opt/ros/foxy /usr/bin/cmake --build /home/vy/GalacticRacing/sim_ws/src/build/gap_follow -- -j6 -l6
[0.835s] [100%] Built target reactive_node
[0.849s] Invoked command in '/home/vy/GalacticRacing/sim_ws/src/build/gap_follow' returned '0': CMAKE_PREFIX_PATH=/opt/ros/foxy /usr/bin/cmake --build /home/vy/GalacticRacing/sim_ws/src/build/gap_follow -- -j6 -l6
[0.892s] Invoking command in '/home/vy/GalacticRacing/sim_ws/src/build/gap_follow': CMAKE_PREFIX_PATH=/opt/ros/foxy /usr/bin/cmake --install /home/vy/GalacticRacing/sim_ws/src/build/gap_follow
[0.910s] -- Install configuration: ""
[0.910s] -- Up-to-date: /home/vy/GalacticRacing/sim_ws/src/install/gap_follow/lib/gap_follow/reactive_node
[0.910s] -- Up-to-date: /home/vy/GalacticRacing/sim_ws/src/install/gap_follow/share/gap_follow/environment/pythonpath.sh
[0.910s] -- Up-to-date: /home/vy/GalacticRacing/sim_ws/src/install/gap_follow/share/gap_follow/environment/pythonpath.dsv
[0.910s] -- Up-to-date: /home/vy/GalacticRacing/sim_ws/src/install/gap_follow/lib/python3.8/site-packages/gap_follow
[0.910s] -- Up-to-date: /home/vy/GalacticRacing/sim_ws/src/install/gap_follow/lib/python3.8/site-packages/gap_follow/__init__.py
[0.929s] Listing '/home/vy/GalacticRacing/sim_ws/src/install/gap_follow/lib/python3.8/site-packages/gap_follow'...
[0.933s] -- Up-to-date: /home/vy/GalacticRacing/sim_ws/src/install/gap_follow/lib/gap_follow/reactive_node.py
[0.933s] -- Up-to-date: /home/vy/GalacticRacing/sim_ws/src/install/gap_follow/share/ament_index/resource_index/package_run_dependencies/gap_follow
[0.933s] -- Up-to-date: /home/vy/GalacticRacing/sim_ws/src/install/gap_follow/share/ament_index/resource_index/parent_prefix_path/gap_follow
[0.933s] -- Up-to-date: /home/vy/GalacticRacing/sim_ws/src/install/gap_follow/share/gap_follow/environment/ament_prefix_path.sh
[0.933s] -- Up-to-date: /home/vy/GalacticRacing/sim_ws/src/install/gap_follow/share/gap_follow/environment/ament_prefix_path.dsv
[0.933s] -- Up-to-date: /home/vy/GalacticRacing/sim_ws/src/install/gap_follow/share/gap_follow/environment/path.sh
[0.934s] -- Up-to-date: /home/vy/GalacticRacing/sim_ws/src/install/gap_follow/share/gap_follow/environment/path.dsv
[0.934s] -- Up-to-date: /home/vy/GalacticRacing/sim_ws/src/install/gap_follow/share/gap_follow/local_setup.bash
[0.934s] -- Up-to-date: /home/vy/GalacticRacing/sim_ws/src/install/gap_follow/share/gap_follow/local_setup.sh
[0.935s] -- Up-to-date: /home/vy/GalacticRacing/sim_ws/src/install/gap_follow/share/gap_follow/local_setup.zsh
[0.935s] -- Up-to-date: /home/vy/GalacticRacing/sim_ws/src/install/gap_follow/share/gap_follow/local_setup.dsv
[0.935s] -- Installing: /home/vy/GalacticRacing/sim_ws/src/install/gap_follow/share/gap_follow/package.dsv
[0.935s] -- Up-to-date: /home/vy/GalacticRacing/sim_ws/src/install/gap_follow/share/ament_index/resource_index/packages/gap_follow
[0.935s] -- Up-to-date: /home/vy/GalacticRacing/sim_ws/src/install/gap_follow/share/gap_follow/cmake/gap_followConfig.cmake
[0.935s] -- Up-to-date: /home/vy/GalacticRacing/sim_ws/src/install/gap_follow/share/gap_follow/cmake/gap_followConfig-version.cmake
[0.935s] -- Up-to-date: /home/vy/GalacticRacing/sim_ws/src/install/gap_follow/share/gap_follow/package.xml
[0.947s] Invoked command in '/home/vy/GalacticRacing/sim_ws/src/build/gap_follow' returned '0': CMAKE_PREFIX_PATH=/opt/ros/foxy /usr/bin/cmake --install /home/vy/GalacticRacing/sim_ws/src/build/gap_follow
