[5.757s] DEBUG:colcon:Command line arguments: ['/usr/bin/colcon', 'build', '--packages-select', 'pure_pursuit']
[5.757s] DEBUG:colcon:Parsed command line arguments: Namespace(allow_overriding=[], ament_cmake_args=None, base_paths=['.'], build_base='build', catkin_cmake_args=None, catkin_skip_building_tests=False, cmake_args=None, cmake_clean_cache=False, cmake_clean_first=False, cmake_force_configure=False, cmake_target=None, cmake_target_skip_unavailable=False, continue_on_error=False, event_handlers=None, executor='parallel', ignore_user_meta=False, install_base='install', log_base=None, log_level=None, main=<bound method BuildVerb.main of <colcon_core.verb.build.BuildVerb object at 0x7f0b0aa4f700>>, merge_install=False, metas=['./colcon.meta'], packages_above=None, packages_above_and_dependencies=None, packages_above_depth=None, packages_end=None, packages_ignore=None, packages_ignore_regex=None, packages_select=['pure_pursuit'], packages_select_build_failed=False, packages_select_by_dep=None, packages_select_regex=None, packages_select_test_failures=False, packages_skip=None, packages_skip_build_finished=False, packages_skip_by_dep=None, packages_skip_regex=None, packages_skip_test_passed=False, packages_skip_up_to=None, packages_start=None, packages_up_to=None, packages_up_to_regex=None, parallel_workers=8, paths=None, symlink_install=False, test_result_base=None, verb_extension=<colcon_core.verb.build.BuildVerb object at 0x7f0b0aa4f700>, verb_name='build', verb_parser=<colcon_defaults.argument_parser.defaults.DefaultArgumentsDecorator object at 0x7f0b0b2067c0>)
[6.129s] Level 1:colcon.colcon_core.package_discovery:discover_packages(colcon_meta) check parameters
[6.129s] Level 1:colcon.colcon_core.package_discovery:discover_packages(recursive) check parameters
[6.130s] Level 1:colcon.colcon_core.package_discovery:discover_packages(ignore) check parameters
[6.130s] Level 1:colcon.colcon_core.package_discovery:discover_packages(path) check parameters
[6.130s] Level 1:colcon.colcon_core.package_discovery:discover_packages(colcon_meta) discover
[6.130s] Level 1:colcon.colcon_core.package_discovery:discover_packages(recursive) discover
[6.130s] INFO:colcon.colcon_core.package_discovery:Crawling recursively for packages in '/home/vy/GalacticRacing/sim_ws'
[6.131s] Level 1:colcon.colcon_core.package_identification:_identify(.) by extensions ['ignore', 'ignore_ament_install']
[6.131s] Level 1:colcon.colcon_core.package_identification:_identify(.) by extension 'ignore'
[6.131s] Level 1:colcon.colcon_core.package_identification:_identify(.) by extension 'ignore_ament_install'
[6.131s] Level 1:colcon.colcon_core.package_identification:_identify(.) by extensions ['colcon_pkg']
[6.131s] Level 1:colcon.colcon_core.package_identification:_identify(.) by extension 'colcon_pkg'
[6.132s] Level 1:colcon.colcon_core.package_identification:_identify(.) by extensions ['colcon_meta']
[6.132s] Level 1:colcon.colcon_core.package_identification:_identify(.) by extension 'colcon_meta'
[6.132s] Level 1:colcon.colcon_core.package_identification:_identify(.) by extensions ['ros']
[6.132s] Level 1:colcon.colcon_core.package_identification:_identify(.) by extension 'ros'
[6.172s] Level 1:colcon.colcon_core.package_identification:_identify(.) by extensions ['cmake', 'python']
[6.173s] Level 1:colcon.colcon_core.package_identification:_identify(.) by extension 'cmake'
[6.173s] Level 1:colcon.colcon_core.package_identification:_identify(.) by extension 'python'
[6.173s] Level 1:colcon.colcon_core.package_identification:_identify(.) by extensions ['python_setup_py']
[6.173s] Level 1:colcon.colcon_core.package_identification:_identify(.) by extension 'python_setup_py'
[6.174s] Level 1:colcon.colcon_core.package_identification:_identify(build) by extensions ['ignore', 'ignore_ament_install']
[6.174s] Level 1:colcon.colcon_core.package_identification:_identify(build) by extension 'ignore'
[6.174s] Level 1:colcon.colcon_core.package_identification:_identify(build) ignored
[6.174s] Level 1:colcon.colcon_core.package_identification:_identify(install) by extensions ['ignore', 'ignore_ament_install']
[6.175s] Level 1:colcon.colcon_core.package_identification:_identify(install) by extension 'ignore'
[6.175s] Level 1:colcon.colcon_core.package_identification:_identify(install) ignored
[6.175s] Level 1:colcon.colcon_core.package_identification:_identify(lab5_pkg) by extensions ['ignore', 'ignore_ament_install']
[6.175s] Level 1:colcon.colcon_core.package_identification:_identify(lab5_pkg) by extension 'ignore'
[6.175s] Level 1:colcon.colcon_core.package_identification:_identify(lab5_pkg) by extension 'ignore_ament_install'
[6.175s] Level 1:colcon.colcon_core.package_identification:_identify(lab5_pkg) by extensions ['colcon_pkg']
[6.175s] Level 1:colcon.colcon_core.package_identification:_identify(lab5_pkg) by extension 'colcon_pkg'
[6.176s] Level 1:colcon.colcon_core.package_identification:_identify(lab5_pkg) by extensions ['colcon_meta']
[6.176s] Level 1:colcon.colcon_core.package_identification:_identify(lab5_pkg) by extension 'colcon_meta'
[6.176s] Level 1:colcon.colcon_core.package_identification:_identify(lab5_pkg) by extensions ['ros']
[6.176s] Level 1:colcon.colcon_core.package_identification:_identify(lab5_pkg) by extension 'ros'
[6.181s] DEBUG:colcon.colcon_core.package_identification:Package 'lab5_pkg' with type 'ros.ament_cmake' and name 'lab5_pkg'
[6.182s] Level 1:colcon.colcon_core.package_identification:_identify(log) by extensions ['ignore', 'ignore_ament_install']
[6.182s] Level 1:colcon.colcon_core.package_identification:_identify(log) by extension 'ignore'
[6.182s] Level 1:colcon.colcon_core.package_identification:_identify(log) ignored
[6.182s] Level 1:colcon.colcon_core.package_identification:_identify(range_libc) by extensions ['ignore', 'ignore_ament_install']
[6.182s] Level 1:colcon.colcon_core.package_identification:_identify(range_libc) by extension 'ignore'
[6.183s] Level 1:colcon.colcon_core.package_identification:_identify(range_libc) by extension 'ignore_ament_install'
[6.183s] Level 1:colcon.colcon_core.package_identification:_identify(range_libc) by extensions ['colcon_pkg']
[6.183s] Level 1:colcon.colcon_core.package_identification:_identify(range_libc) by extension 'colcon_pkg'
[6.183s] Level 1:colcon.colcon_core.package_identification:_identify(range_libc) by extensions ['colcon_meta']
[6.183s] Level 1:colcon.colcon_core.package_identification:_identify(range_libc) by extension 'colcon_meta'
[6.183s] Level 1:colcon.colcon_core.package_identification:_identify(range_libc) by extensions ['ros']
[6.183s] Level 1:colcon.colcon_core.package_identification:_identify(range_libc) by extension 'ros'
[6.183s] Level 1:colcon.colcon_core.package_identification:_identify(range_libc) by extensions ['cmake', 'python']
[6.184s] Level 1:colcon.colcon_core.package_identification:_identify(range_libc) by extension 'cmake'
[6.209s] Level 1:colcon.colcon_core.package_identification:_identify(range_libc) by extension 'python'
[6.209s] DEBUG:colcon.colcon_core.package_identification:Package 'range_libc' with type 'cmake' and name 'range_lib'
[6.210s] Level 1:colcon.colcon_core.package_identification:_identify(src) by extensions ['ignore', 'ignore_ament_install']
[6.210s] Level 1:colcon.colcon_core.package_identification:_identify(src) by extension 'ignore'
[6.210s] Level 1:colcon.colcon_core.package_identification:_identify(src) by extension 'ignore_ament_install'
[6.210s] Level 1:colcon.colcon_core.package_identification:_identify(src) by extensions ['colcon_pkg']
[6.210s] Level 1:colcon.colcon_core.package_identification:_identify(src) by extension 'colcon_pkg'
[6.210s] Level 1:colcon.colcon_core.package_identification:_identify(src) by extensions ['colcon_meta']
[6.210s] Level 1:colcon.colcon_core.package_identification:_identify(src) by extension 'colcon_meta'
[6.211s] Level 1:colcon.colcon_core.package_identification:_identify(src) by extensions ['ros']
[6.211s] Level 1:colcon.colcon_core.package_identification:_identify(src) by extension 'ros'
[6.211s] Level 1:colcon.colcon_core.package_identification:_identify(src) by extensions ['cmake', 'python']
[6.211s] Level 1:colcon.colcon_core.package_identification:_identify(src) by extension 'cmake'
[6.211s] Level 1:colcon.colcon_core.package_identification:_identify(src) by extension 'python'
[6.211s] Level 1:colcon.colcon_core.package_identification:_identify(src) by extensions ['python_setup_py']
[6.211s] Level 1:colcon.colcon_core.package_identification:_identify(src) by extension 'python_setup_py'
[6.212s] Level 1:colcon.colcon_core.package_identification:_identify(src/f1tenth_gym_ros) by extensions ['ignore', 'ignore_ament_install']
[6.212s] Level 1:colcon.colcon_core.package_identification:_identify(src/f1tenth_gym_ros) by extension 'ignore'
[6.212s] Level 1:colcon.colcon_core.package_identification:_identify(src/f1tenth_gym_ros) by extension 'ignore_ament_install'
[6.212s] Level 1:colcon.colcon_core.package_identification:_identify(src/f1tenth_gym_ros) by extensions ['colcon_pkg']
[6.212s] Level 1:colcon.colcon_core.package_identification:_identify(src/f1tenth_gym_ros) by extension 'colcon_pkg'
[6.212s] Level 1:colcon.colcon_core.package_identification:_identify(src/f1tenth_gym_ros) by extensions ['colcon_meta']
[6.212s] Level 1:colcon.colcon_core.package_identification:_identify(src/f1tenth_gym_ros) by extension 'colcon_meta'
[6.212s] Level 1:colcon.colcon_core.package_identification:_identify(src/f1tenth_gym_ros) by extensions ['ros']
[6.213s] Level 1:colcon.colcon_core.package_identification:_identify(src/f1tenth_gym_ros) by extension 'ros'
[6.213s] DEBUG:colcon.colcon_core.package_identification:Package 'src/f1tenth_gym_ros' with type 'ros.ament_python' and name 'f1tenth_gym_ros'
[6.214s] Level 1:colcon.colcon_core.package_identification:_identify(src/gap_follow) by extensions ['ignore', 'ignore_ament_install']
[6.221s] Level 1:colcon.colcon_core.package_identification:_identify(src/gap_follow) by extension 'ignore'
[6.221s] Level 1:colcon.colcon_core.package_identification:_identify(src/gap_follow) by extension 'ignore_ament_install'
[6.221s] Level 1:colcon.colcon_core.package_identification:_identify(src/gap_follow) by extensions ['colcon_pkg']
[6.222s] Level 1:colcon.colcon_core.package_identification:_identify(src/gap_follow) by extension 'colcon_pkg'
[6.222s] Level 1:colcon.colcon_core.package_identification:_identify(src/gap_follow) by extensions ['colcon_meta']
[6.223s] Level 1:colcon.colcon_core.package_identification:_identify(src/gap_follow) by extension 'colcon_meta'
[6.223s] Level 1:colcon.colcon_core.package_identification:_identify(src/gap_follow) by extensions ['ros']
[6.223s] Level 1:colcon.colcon_core.package_identification:_identify(src/gap_follow) by extension 'ros'
[6.224s] DEBUG:colcon.colcon_core.package_identification:Package 'src/gap_follow' with type 'ros.ament_cmake' and name 'gap_follow'
[6.224s] Level 1:colcon.colcon_core.package_identification:_identify(src/particle_filter) by extensions ['ignore', 'ignore_ament_install']
[6.224s] Level 1:colcon.colcon_core.package_identification:_identify(src/particle_filter) by extension 'ignore'
[6.224s] Level 1:colcon.colcon_core.package_identification:_identify(src/particle_filter) by extension 'ignore_ament_install'
[6.225s] Level 1:colcon.colcon_core.package_identification:_identify(src/particle_filter) by extensions ['colcon_pkg']
[6.225s] Level 1:colcon.colcon_core.package_identification:_identify(src/particle_filter) by extension 'colcon_pkg'
[6.225s] Level 1:colcon.colcon_core.package_identification:_identify(src/particle_filter) by extensions ['colcon_meta']
[6.225s] Level 1:colcon.colcon_core.package_identification:_identify(src/particle_filter) by extension 'colcon_meta'
[6.225s] Level 1:colcon.colcon_core.package_identification:_identify(src/particle_filter) by extensions ['ros']
[6.225s] Level 1:colcon.colcon_core.package_identification:_identify(src/particle_filter) by extension 'ros'
[6.226s] DEBUG:colcon.colcon_core.package_identification:Package 'src/particle_filter' with type 'ros.ament_python' and name 'particle_filter'
[6.227s] Level 1:colcon.colcon_core.package_identification:_identify(src/pure_pursuit) by extensions ['ignore', 'ignore_ament_install']
[6.227s] Level 1:colcon.colcon_core.package_identification:_identify(src/pure_pursuit) by extension 'ignore'
[6.227s] Level 1:colcon.colcon_core.package_identification:_identify(src/pure_pursuit) by extension 'ignore_ament_install'
[6.227s] Level 1:colcon.colcon_core.package_identification:_identify(src/pure_pursuit) by extensions ['colcon_pkg']
[6.227s] Level 1:colcon.colcon_core.package_identification:_identify(src/pure_pursuit) by extension 'colcon_pkg'
[6.228s] Level 1:colcon.colcon_core.package_identification:_identify(src/pure_pursuit) by extensions ['colcon_meta']
[6.228s] Level 1:colcon.colcon_core.package_identification:_identify(src/pure_pursuit) by extension 'colcon_meta'
[6.228s] Level 1:colcon.colcon_core.package_identification:_identify(src/pure_pursuit) by extensions ['ros']
[6.228s] Level 1:colcon.colcon_core.package_identification:_identify(src/pure_pursuit) by extension 'ros'
[6.229s] DEBUG:colcon.colcon_core.package_identification:Package 'src/pure_pursuit' with type 'ros.ament_cmake' and name 'pure_pursuit'
[6.229s] Level 1:colcon.colcon_core.package_identification:_identify(src/safety_node) by extensions ['ignore', 'ignore_ament_install']
[6.229s] Level 1:colcon.colcon_core.package_identification:_identify(src/safety_node) by extension 'ignore'
[6.229s] Level 1:colcon.colcon_core.package_identification:_identify(src/safety_node) by extension 'ignore_ament_install'
[6.230s] Level 1:colcon.colcon_core.package_identification:_identify(src/safety_node) by extensions ['colcon_pkg']
[6.230s] Level 1:colcon.colcon_core.package_identification:_identify(src/safety_node) by extension 'colcon_pkg'
[6.230s] Level 1:colcon.colcon_core.package_identification:_identify(src/safety_node) by extensions ['colcon_meta']
[6.230s] Level 1:colcon.colcon_core.package_identification:_identify(src/safety_node) by extension 'colcon_meta'
[6.230s] Level 1:colcon.colcon_core.package_identification:_identify(src/safety_node) by extensions ['ros']
[6.230s] Level 1:colcon.colcon_core.package_identification:_identify(src/safety_node) by extension 'ros'
[6.231s] DEBUG:colcon.colcon_core.package_identification:Package 'src/safety_node' with type 'ros.ament_cmake' and name 'safety_node'
[6.231s] Level 1:colcon.colcon_core.package_identification:_identify(src/wall_follow) by extensions ['ignore', 'ignore_ament_install']
[6.231s] Level 1:colcon.colcon_core.package_identification:_identify(src/wall_follow) by extension 'ignore'
[6.231s] Level 1:colcon.colcon_core.package_identification:_identify(src/wall_follow) by extension 'ignore_ament_install'
[6.232s] Level 1:colcon.colcon_core.package_identification:_identify(src/wall_follow) by extensions ['colcon_pkg']
[6.232s] Level 1:colcon.colcon_core.package_identification:_identify(src/wall_follow) by extension 'colcon_pkg'
[6.232s] Level 1:colcon.colcon_core.package_identification:_identify(src/wall_follow) by extensions ['colcon_meta']
[6.232s] Level 1:colcon.colcon_core.package_identification:_identify(src/wall_follow) by extension 'colcon_meta'
[6.232s] Level 1:colcon.colcon_core.package_identification:_identify(src/wall_follow) by extensions ['ros']
[6.232s] Level 1:colcon.colcon_core.package_identification:_identify(src/wall_follow) by extension 'ros'
[6.233s] DEBUG:colcon.colcon_core.package_identification:Package 'src/wall_follow' with type 'ros.ament_cmake' and name 'wall_follow'
[6.233s] Level 1:colcon.colcon_core.package_identification:_identify(src/waypoint_logger) by extensions ['ignore', 'ignore_ament_install']
[6.233s] Level 1:colcon.colcon_core.package_identification:_identify(src/waypoint_logger) by extension 'ignore'
[6.233s] Level 1:colcon.colcon_core.package_identification:_identify(src/waypoint_logger) by extension 'ignore_ament_install'
[6.233s] Level 1:colcon.colcon_core.package_identification:_identify(src/waypoint_logger) by extensions ['colcon_pkg']
[6.234s] Level 1:colcon.colcon_core.package_identification:_identify(src/waypoint_logger) by extension 'colcon_pkg'
[6.234s] Level 1:colcon.colcon_core.package_identification:_identify(src/waypoint_logger) by extensions ['colcon_meta']
[6.234s] Level 1:colcon.colcon_core.package_identification:_identify(src/waypoint_logger) by extension 'colcon_meta'
[6.234s] Level 1:colcon.colcon_core.package_identification:_identify(src/waypoint_logger) by extensions ['ros']
[6.234s] Level 1:colcon.colcon_core.package_identification:_identify(src/waypoint_logger) by extension 'ros'
[6.235s] DEBUG:colcon.colcon_core.package_identification:Package 'src/waypoint_logger' with type 'ros.ament_cmake' and name 'waypoint_logger'
[6.235s] Level 1:colcon.colcon_core.package_discovery:discover_packages(recursive) using defaults
[6.235s] Level 1:colcon.colcon_core.package_discovery:discover_packages(ignore) discover
[6.235s] Level 1:colcon.colcon_core.package_discovery:discover_packages(ignore) using defaults
[6.235s] Level 1:colcon.colcon_core.package_discovery:discover_packages(path) discover
[6.235s] Level 1:colcon.colcon_core.package_discovery:discover_packages(path) using defaults
[6.699s] INFO:colcon.colcon_core.package_selection:Skipping not selected package 'f1tenth_gym_ros' in 'src/f1tenth_gym_ros'
[6.699s] INFO:colcon.colcon_core.package_selection:Skipping not selected package 'gap_follow' in 'src/gap_follow'
[6.699s] INFO:colcon.colcon_core.package_selection:Skipping not selected package 'lab5_pkg' in 'lab5_pkg'
[6.699s] INFO:colcon.colcon_core.package_selection:Skipping not selected package 'particle_filter' in 'src/particle_filter'
[6.699s] INFO:colcon.colcon_core.package_selection:Skipping not selected package 'range_lib' in 'range_libc'
[6.699s] INFO:colcon.colcon_core.package_selection:Skipping not selected package 'safety_node' in 'src/safety_node'
[6.699s] INFO:colcon.colcon_core.package_selection:Skipping not selected package 'wall_follow' in 'src/wall_follow'
[6.699s] INFO:colcon.colcon_core.package_selection:Skipping not selected package 'waypoint_logger' in 'src/waypoint_logger'
[6.924s] Level 1:colcon.colcon_core.package_discovery:discover_packages(prefix_path) check parameters
[6.925s] Level 1:colcon.colcon_core.package_discovery:discover_packages(prefix_path) discover
[7.077s] DEBUG:colcon.colcon_installed_package_information.package_discovery:Found 8 installed packages in /home/vy/GalacticRacing/sim_ws/install
[7.180s] DEBUG:colcon.colcon_installed_package_information.package_discovery:Found 302 installed packages in /opt/ros/foxy
[7.182s] Level 1:colcon.colcon_core.package_discovery:discover_packages(prefix_path) using defaults
[7.562s] Level 5:colcon.colcon_core.verb:set package 'pure_pursuit' build argument 'cmake_args' from command line to 'None'
[7.564s] Level 5:colcon.colcon_core.verb:set package 'pure_pursuit' build argument 'cmake_target' from command line to 'None'
[7.565s] Level 5:colcon.colcon_core.verb:set package 'pure_pursuit' build argument 'cmake_target_skip_unavailable' from command line to 'False'
[7.565s] Level 5:colcon.colcon_core.verb:set package 'pure_pursuit' build argument 'cmake_clean_cache' from command line to 'False'
[7.565s] Level 5:colcon.colcon_core.verb:set package 'pure_pursuit' build argument 'cmake_clean_first' from command line to 'False'
[7.565s] Level 5:colcon.colcon_core.verb:set package 'pure_pursuit' build argument 'cmake_force_configure' from command line to 'False'
[7.565s] Level 5:colcon.colcon_core.verb:set package 'pure_pursuit' build argument 'ament_cmake_args' from command line to 'None'
[7.565s] Level 5:colcon.colcon_core.verb:set package 'pure_pursuit' build argument 'catkin_cmake_args' from command line to 'None'
[7.565s] Level 5:colcon.colcon_core.verb:set package 'pure_pursuit' build argument 'catkin_skip_building_tests' from command line to 'False'
[7.580s] DEBUG:colcon.colcon_core.verb:Building package 'pure_pursuit' with the following arguments: {'ament_cmake_args': None, 'build_base': '/home/vy/GalacticRacing/sim_ws/build/pure_pursuit', 'catkin_cmake_args': None, 'catkin_skip_building_tests': False, 'cmake_args': None, 'cmake_clean_cache': False, 'cmake_clean_first': False, 'cmake_force_configure': False, 'cmake_target': None, 'cmake_target_skip_unavailable': False, 'install_base': '/home/vy/GalacticRacing/sim_ws/install/pure_pursuit', 'merge_install': False, 'path': '/home/vy/GalacticRacing/sim_ws/src/pure_pursuit', 'symlink_install': False, 'test_result_base': None}
[7.659s] INFO:colcon.colcon_core.executor:Executing jobs using 'parallel' executor
[7.736s] DEBUG:colcon.colcon_parallel_executor.executor.parallel:run_until_complete
[7.746s] INFO:colcon.colcon_ros.task.ament_cmake.build:Building ROS package in '/home/vy/GalacticRacing/sim_ws/src/pure_pursuit' with build type 'ament_cmake'
[7.746s] INFO:colcon.colcon_cmake.task.cmake.build:Building CMake package in '/home/vy/GalacticRacing/sim_ws/src/pure_pursuit'
[7.883s] INFO:colcon.colcon_core.plugin_system:Skipping extension 'colcon_core.shell.bat': Not used on non-Windows systems
[7.884s] INFO:colcon.colcon_core.shell:Skip shell extension 'powershell' for command environment: Not usable outside of PowerShell
[7.884s] DEBUG:colcon.colcon_core.shell:Skip shell extension 'dsv' for command environment
[8.213s] DEBUG:colcon.colcon_core.event_handler.log_command:Invoking command in '/home/vy/GalacticRacing/sim_ws/build/pure_pursuit': CMAKE_PREFIX_PATH=${CMAKE_PREFIX_PATH}:/home/vy/GalacticRacing/sim_ws/install/particle_filter:/home/vy/GalacticRacing/sim_ws/install/f1tenth_gym_ros:/opt/ros/foxy /usr/bin/cmake --build /home/vy/GalacticRacing/sim_ws/build/pure_pursuit -- -j8 -l8
[8.385s] DEBUG:colcon.colcon_core.event_handler.log_command:Invoked command in '/home/vy/GalacticRacing/sim_ws/build/pure_pursuit' returned '0': CMAKE_PREFIX_PATH=${CMAKE_PREFIX_PATH}:/home/vy/GalacticRacing/sim_ws/install/particle_filter:/home/vy/GalacticRacing/sim_ws/install/f1tenth_gym_ros:/opt/ros/foxy /usr/bin/cmake --build /home/vy/GalacticRacing/sim_ws/build/pure_pursuit -- -j8 -l8
[8.443s] DEBUG:colcon.colcon_core.event_handler.log_command:Invoking command in '/home/vy/GalacticRacing/sim_ws/build/pure_pursuit': CMAKE_PREFIX_PATH=${CMAKE_PREFIX_PATH}:/home/vy/GalacticRacing/sim_ws/install/particle_filter:/home/vy/GalacticRacing/sim_ws/install/f1tenth_gym_ros:/opt/ros/foxy /usr/bin/cmake --install /home/vy/GalacticRacing/sim_ws/build/pure_pursuit
[8.541s] Level 1:colcon.colcon_core.environment:create_environment_scripts_only(pure_pursuit)
[8.554s] DEBUG:colcon.colcon_core.event_handler.log_command:Invoked command in '/home/vy/GalacticRacing/sim_ws/build/pure_pursuit' returned '0': CMAKE_PREFIX_PATH=${CMAKE_PREFIX_PATH}:/home/vy/GalacticRacing/sim_ws/install/particle_filter:/home/vy/GalacticRacing/sim_ws/install/f1tenth_gym_ros:/opt/ros/foxy /usr/bin/cmake --install /home/vy/GalacticRacing/sim_ws/build/pure_pursuit
[8.666s] Level 1:colcon.colcon_core.environment:checking '/home/vy/GalacticRacing/sim_ws/install/pure_pursuit' for CMake module files
[8.666s] Level 1:colcon.colcon_core.environment:checking '/home/vy/GalacticRacing/sim_ws/install/pure_pursuit' for CMake config files
[8.667s] Level 1:colcon.colcon_core.shell:create_environment_hook('pure_pursuit', 'cmake_prefix_path')
[8.785s] INFO:colcon.colcon_core.shell:Creating environment hook '/home/vy/GalacticRacing/sim_ws/install/pure_pursuit/share/pure_pursuit/hook/cmake_prefix_path.ps1'
[8.786s] INFO:colcon.colcon_core.shell:Creating environment descriptor '/home/vy/GalacticRacing/sim_ws/install/pure_pursuit/share/pure_pursuit/hook/cmake_prefix_path.dsv'
[8.787s] INFO:colcon.colcon_core.shell:Creating environment hook '/home/vy/GalacticRacing/sim_ws/install/pure_pursuit/share/pure_pursuit/hook/cmake_prefix_path.sh'
[8.788s] Level 1:colcon.colcon_core.environment:checking '/home/vy/GalacticRacing/sim_ws/install/pure_pursuit/lib'
[8.788s] Level 1:colcon.colcon_core.environment:checking '/home/vy/GalacticRacing/sim_ws/install/pure_pursuit/bin'
[8.788s] Level 1:colcon.colcon_core.environment:checking '/home/vy/GalacticRacing/sim_ws/install/pure_pursuit/lib/pkgconfig/pure_pursuit.pc'
[8.789s] Level 1:colcon.colcon_core.environment:checking '/home/vy/GalacticRacing/sim_ws/install/pure_pursuit/lib/python3.8/site-packages'
[8.789s] Level 1:colcon.colcon_core.shell:create_environment_hook('pure_pursuit', 'pythonpath')
[8.911s] INFO:colcon.colcon_core.shell:Creating environment hook '/home/vy/GalacticRacing/sim_ws/install/pure_pursuit/share/pure_pursuit/hook/pythonpath.ps1'
[8.912s] INFO:colcon.colcon_core.shell:Creating environment descriptor '/home/vy/GalacticRacing/sim_ws/install/pure_pursuit/share/pure_pursuit/hook/pythonpath.dsv'
[8.913s] INFO:colcon.colcon_core.shell:Creating environment hook '/home/vy/GalacticRacing/sim_ws/install/pure_pursuit/share/pure_pursuit/hook/pythonpath.sh'
[8.914s] Level 1:colcon.colcon_core.environment:checking '/home/vy/GalacticRacing/sim_ws/install/pure_pursuit/bin'
[9.019s] INFO:colcon.colcon_core.shell:Creating package script '/home/vy/GalacticRacing/sim_ws/install/pure_pursuit/share/pure_pursuit/package.ps1'
[9.021s] INFO:colcon.colcon_core.shell:Creating package descriptor '/home/vy/GalacticRacing/sim_ws/install/pure_pursuit/share/pure_pursuit/package.dsv'
[9.022s] INFO:colcon.colcon_core.shell:Creating package script '/home/vy/GalacticRacing/sim_ws/install/pure_pursuit/share/pure_pursuit/package.sh'
[9.023s] INFO:colcon.colcon_core.shell:Creating package script '/home/vy/GalacticRacing/sim_ws/install/pure_pursuit/share/pure_pursuit/package.bash'
[9.024s] INFO:colcon.colcon_core.shell:Creating package script '/home/vy/GalacticRacing/sim_ws/install/pure_pursuit/share/pure_pursuit/package.zsh'
[9.025s] Level 1:colcon.colcon_core.environment:create_file_with_runtime_dependencies(/home/vy/GalacticRacing/sim_ws/install/pure_pursuit/share/colcon-core/packages/pure_pursuit)
[9.229s] Level 1:colcon.colcon_core.environment:create_environment_scripts_only(pure_pursuit)
[9.395s] Level 1:colcon.colcon_core.environment:checking '/home/vy/GalacticRacing/sim_ws/install/pure_pursuit' for CMake module files
[9.397s] Level 1:colcon.colcon_core.environment:checking '/home/vy/GalacticRacing/sim_ws/install/pure_pursuit' for CMake config files
[9.398s] Level 1:colcon.colcon_core.shell:create_environment_hook('pure_pursuit', 'cmake_prefix_path')
[9.536s] INFO:colcon.colcon_core.shell:Creating environment hook '/home/vy/GalacticRacing/sim_ws/install/pure_pursuit/share/pure_pursuit/hook/cmake_prefix_path.ps1'
[9.537s] INFO:colcon.colcon_core.shell:Creating environment descriptor '/home/vy/GalacticRacing/sim_ws/install/pure_pursuit/share/pure_pursuit/hook/cmake_prefix_path.dsv'
[9.539s] INFO:colcon.colcon_core.shell:Creating environment hook '/home/vy/GalacticRacing/sim_ws/install/pure_pursuit/share/pure_pursuit/hook/cmake_prefix_path.sh'
[9.540s] Level 1:colcon.colcon_core.environment:checking '/home/vy/GalacticRacing/sim_ws/install/pure_pursuit/lib'
[9.541s] Level 1:colcon.colcon_core.environment:checking '/home/vy/GalacticRacing/sim_ws/install/pure_pursuit/bin'
[9.541s] Level 1:colcon.colcon_core.environment:checking '/home/vy/GalacticRacing/sim_ws/install/pure_pursuit/lib/pkgconfig/pure_pursuit.pc'
[9.542s] Level 1:colcon.colcon_core.environment:checking '/home/vy/GalacticRacing/sim_ws/install/pure_pursuit/lib/python3.8/site-packages'
[9.542s] Level 1:colcon.colcon_core.shell:create_environment_hook('pure_pursuit', 'pythonpath')
[9.711s] INFO:colcon.colcon_core.shell:Creating environment hook '/home/vy/GalacticRacing/sim_ws/install/pure_pursuit/share/pure_pursuit/hook/pythonpath.ps1'
[9.712s] INFO:colcon.colcon_core.shell:Creating environment descriptor '/home/vy/GalacticRacing/sim_ws/install/pure_pursuit/share/pure_pursuit/hook/pythonpath.dsv'
[9.713s] INFO:colcon.colcon_core.shell:Creating environment hook '/home/vy/GalacticRacing/sim_ws/install/pure_pursuit/share/pure_pursuit/hook/pythonpath.sh'
[9.714s] Level 1:colcon.colcon_core.environment:checking '/home/vy/GalacticRacing/sim_ws/install/pure_pursuit/bin'
[9.910s] INFO:colcon.colcon_core.shell:Creating package script '/home/vy/GalacticRacing/sim_ws/install/pure_pursuit/share/pure_pursuit/package.ps1'
[9.911s] INFO:colcon.colcon_core.shell:Creating package descriptor '/home/vy/GalacticRacing/sim_ws/install/pure_pursuit/share/pure_pursuit/package.dsv'
[9.911s] INFO:colcon.colcon_core.shell:Creating package script '/home/vy/GalacticRacing/sim_ws/install/pure_pursuit/share/pure_pursuit/package.sh'
[9.912s] INFO:colcon.colcon_core.shell:Creating package script '/home/vy/GalacticRacing/sim_ws/install/pure_pursuit/share/pure_pursuit/package.bash'
[9.912s] INFO:colcon.colcon_core.shell:Creating package script '/home/vy/GalacticRacing/sim_ws/install/pure_pursuit/share/pure_pursuit/package.zsh'
[9.913s] Level 1:colcon.colcon_core.environment:create_file_with_runtime_dependencies(/home/vy/GalacticRacing/sim_ws/install/pure_pursuit/share/colcon-core/packages/pure_pursuit)
[9.914s] DEBUG:colcon.colcon_parallel_executor.executor.parallel:closing loop
[9.963s] DEBUG:colcon.colcon_parallel_executor.executor.parallel:loop closed
[9.963s] DEBUG:colcon.colcon_parallel_executor.executor.parallel:run_until_complete finished with '0'
[9.964s] DEBUG:colcon.colcon_core.event_reactor:joining thread
[10.045s] INFO:colcon.colcon_core.plugin_system:Skipping extension 'colcon_notification.desktop_notification.terminal_notifier': Not used on non-Darwin systems
[10.047s] INFO:colcon.colcon_core.plugin_system:Skipping extension 'colcon_notification.desktop_notification.win32': Not used on non-Windows systems
[10.047s] INFO:colcon.colcon_notification.desktop_notification:Sending desktop notification using 'notify2'
[10.087s] DEBUG:colcon.colcon_core.event_reactor:joined thread
[10.162s] INFO:colcon.colcon_core.shell:Creating prefix script '/home/vy/GalacticRacing/sim_ws/install/local_setup.ps1'
[10.163s] INFO:colcon.colcon_core.shell:Creating prefix util module '/home/vy/GalacticRacing/sim_ws/install/_local_setup_util_ps1.py'
[10.164s] INFO:colcon.colcon_core.shell:Creating prefix chain script '/home/vy/GalacticRacing/sim_ws/install/setup.ps1'
[10.291s] INFO:colcon.colcon_core.shell:Creating prefix script '/home/vy/GalacticRacing/sim_ws/install/local_setup.sh'
[10.295s] INFO:colcon.colcon_core.shell:Creating prefix util module '/home/vy/GalacticRacing/sim_ws/install/_local_setup_util_sh.py'
[10.296s] INFO:colcon.colcon_core.shell:Creating prefix chain script '/home/vy/GalacticRacing/sim_ws/install/setup.sh'
[10.410s] INFO:colcon.colcon_core.shell:Creating prefix script '/home/vy/GalacticRacing/sim_ws/install/local_setup.bash'
[10.411s] INFO:colcon.colcon_core.shell:Creating prefix chain script '/home/vy/GalacticRacing/sim_ws/install/setup.bash'
[10.516s] INFO:colcon.colcon_core.shell:Creating prefix script '/home/vy/GalacticRacing/sim_ws/install/local_setup.zsh'
[10.518s] INFO:colcon.colcon_core.shell:Creating prefix chain script '/home/vy/GalacticRacing/sim_ws/install/setup.zsh'
