[1.336s] Invoking command in '/home/vy/GalacticRacing/sim_ws/src/build/gap_follow': CMAKE_PREFIX_PATH=/opt/ros/foxy /usr/bin/cmake /home/vy/GalacticRacing/sim_ws/src/gap_follow -DCMAKE_INSTALL_PREFIX=/home/vy/GalacticRacing/sim_ws/src/install/gap_follow
[1.398s] -- Found ament_cmake: 0.9.12 (/opt/ros/foxy/share/ament_cmake/cmake)
[1.418s] -- Using PYTHON_EXECUTABLE: /usr/bin/python3
[1.572s] -- Found rclcpp: 2.4.3 (/opt/ros/foxy/share/rclcpp/cmake)
[1.633s] -- Using all available rosidl_typesupport_c: rosidl_typesupport_fastrtps_c;rosidl_typesupport_introspection_c
[1.637s] -- Found rosidl_adapter: 1.3.1 (/opt/ros/foxy/share/rosidl_adapter/cmake)
[1.763s] -- Using all available rosidl_typesupport_cpp: rosidl_typesupport_fastrtps_cpp;rosidl_typesupport_introspection_cpp
[1.811s] -- Found rmw_implementation_cmake: 1.0.4 (/opt/ros/foxy/share/rmw_implementation_cmake/cmake)
[1.812s] -- Using RMW implementation 'rmw_fastrtps_cpp' as default
[1.935s] -- Found rclpy: 1.0.13 (/opt/ros/foxy/share/rclpy/cmake)
[1.935s] -- Found geometry_msgs: 2.0.5 (/opt/ros/foxy/share/geometry_msgs/cmake)
[1.963s] -- Found nav_msgs: 2.0.5 (/opt/ros/foxy/share/nav_msgs/cmake)
[2.053s] CMake Error at CMakeLists.txt:25 (find_package):
[2.053s]   By not providing "Findackermann_msgs.cmake" in CMAKE_MODULE_PATH this
[2.053s]   project has asked CMake to find a package configuration file provided by
[2.053s]   "ackermann_msgs", but CMake did not find one.
[2.053s] 
[2.053s]   Could not find a package configuration file provided by "ackermann_msgs"
[2.053s]   with any of the following names:
[2.053s] 
[2.053s]     ackermann_msgsConfig.cmake
[2.054s]     ackermann_msgs-config.cmake
[2.054s] 
[2.054s]   Add the installation prefix of "ackermann_msgs" to CMAKE_PREFIX_PATH or set
[2.054s]   "ackermann_msgs_DIR" to a directory containing one of the above files.  If
[2.054s]   "ackermann_msgs" provides a separate development package or SDK, be sure it
[2.055s]   has been installed.
[2.055s] 
[2.055s] 
[2.056s] -- Configuring incomplete, errors occurred!
[2.056s] See also "/home/vy/GalacticRacing/sim_ws/src/build/gap_follow/CMakeFiles/CMakeOutput.log".
[2.056s] See also "/home/vy/GalacticRacing/sim_ws/src/build/gap_follow/CMakeFiles/CMakeError.log".
[2.065s] Invoked command in '/home/vy/GalacticRacing/sim_ws/src/build/gap_follow' returned '1': CMAKE_PREFIX_PATH=/opt/ros/foxy /usr/bin/cmake /home/vy/GalacticRacing/sim_ws/src/gap_follow -DCMAKE_INSTALL_PREFIX=/home/vy/GalacticRacing/sim_ws/src/install/gap_follow
