[0.465s] Invoking command in '/home/vy/GalacticRacing/build/gap_follow': /usr/bin/cmake --build /home/vy/GalacticRacing/build/gap_follow -- -j6 -l6
[0.683s] [100%] Built target reactive_node
[0.695s] Invoked command in '/home/vy/GalacticRacing/build/gap_follow' returned '0': /usr/bin/cmake --build /home/vy/GalacticRacing/build/gap_follow -- -j6 -l6
[0.731s] Invoking command in '/home/vy/GalacticRacing/build/gap_follow': /usr/bin/cmake --install /home/vy/GalacticRacing/build/gap_follow
[0.738s] -- Install configuration: ""
[0.739s] -- Up-to-date: /home/vy/GalacticRacing/install/gap_follow/lib/gap_follow/reactive_node
[0.739s] -- Up-to-date: /home/vy/GalacticRacing/install/gap_follow/share/gap_follow/environment/pythonpath.sh
[0.739s] -- Up-to-date: /home/vy/GalacticRacing/install/gap_follow/share/gap_follow/environment/pythonpath.dsv
[0.739s] -- Up-to-date: /home/vy/GalacticRacing/install/gap_follow/lib/python3.8/site-packages/gap_follow
[0.739s] -- Up-to-date: /home/vy/GalacticRacing/install/gap_follow/lib/python3.8/site-packages/gap_follow/__init__.py
[0.759s] Listing '/home/vy/GalacticRacing/install/gap_follow/lib/python3.8/site-packages/gap_follow'...
[0.762s] -- Up-to-date: /home/vy/GalacticRacing/install/gap_follow/lib/gap_follow/reactive_node.py
[0.762s] -- Up-to-date: /home/vy/GalacticRacing/install/gap_follow/share/ament_index/resource_index/package_run_dependencies/gap_follow
[0.762s] -- Up-to-date: /home/vy/GalacticRacing/install/gap_follow/share/ament_index/resource_index/parent_prefix_path/gap_follow
[0.763s] -- Up-to-date: /home/vy/GalacticRacing/install/gap_follow/share/gap_follow/environment/ament_prefix_path.sh
[0.763s] -- Up-to-date: /home/vy/GalacticRacing/install/gap_follow/share/gap_follow/environment/ament_prefix_path.dsv
[0.763s] -- Up-to-date: /home/vy/GalacticRacing/install/gap_follow/share/gap_follow/environment/path.sh
[0.763s] -- Up-to-date: /home/vy/GalacticRacing/install/gap_follow/share/gap_follow/environment/path.dsv
[0.763s] -- Up-to-date: /home/vy/GalacticRacing/install/gap_follow/share/gap_follow/local_setup.bash
[0.763s] -- Up-to-date: /home/vy/GalacticRacing/install/gap_follow/share/gap_follow/local_setup.sh
[0.763s] -- Up-to-date: /home/vy/GalacticRacing/install/gap_follow/share/gap_follow/local_setup.zsh
[0.763s] -- Up-to-date: /home/vy/GalacticRacing/install/gap_follow/share/gap_follow/local_setup.dsv
[0.763s] -- Installing: /home/vy/GalacticRacing/install/gap_follow/share/gap_follow/package.dsv
[0.763s] -- Up-to-date: /home/vy/GalacticRacing/install/gap_follow/share/ament_index/resource_index/packages/gap_follow
[0.763s] -- Up-to-date: /home/vy/GalacticRacing/install/gap_follow/share/gap_follow/cmake/gap_followConfig.cmake
[0.763s] -- Up-to-date: /home/vy/GalacticRacing/install/gap_follow/share/gap_follow/cmake/gap_followConfig-version.cmake
[0.763s] -- Up-to-date: /home/vy/GalacticRacing/install/gap_follow/share/gap_follow/package.xml
[0.767s] Invoked command in '/home/vy/GalacticRacing/build/gap_follow' returned '0': /usr/bin/cmake --install /home/vy/GalacticRacing/build/gap_follow
