[0.726s] Invoking command in '/home/vy/GalacticRacing/sim_ws/src/build/gap_follow': /usr/bin/cmake /home/vy/GalacticRacing/sim_ws/src/gap_follow -DCMAKE_INSTALL_PREFIX=/home/vy/GalacticRacing/sim_ws/src/install/gap_follow
[0.744s] -- Found ament_cmake: 0.9.12 (/opt/ros/foxy/share/ament_cmake/cmake)
[0.758s] -- Using PYTHON_EXECUTABLE: /usr/bin/python3
[0.927s] Traceback (most recent call last):
[0.927s]   File "/opt/ros/foxy/share/ament_cmake_core/cmake/package_templates/templates_2_cmake.py", line 21, in <module>
[0.928s]     from ament_package.templates import get_environment_hook_template_path
[0.928s] ModuleNotFoundError: No module named 'ament_package'
[0.962s] CMake Error at /opt/ros/foxy/share/ament_cmake_core/cmake/ament_cmake_package_templates-extras.cmake:41 (message):
[0.962s]   execute_process(/usr/bin/python3
[0.962s]   /opt/ros/foxy/share/ament_cmake_core/cmake/package_templates/templates_2_cmake.py
[0.962s]   /home/vy/GalacticRacing/sim_ws/src/build/gap_follow/ament_cmake_package_templates/templates.cmake)
[0.962s]   returned error code 1
[0.962s] Call Stack (most recent call first):
[0.962s]   /opt/ros/foxy/share/ament_cmake_core/cmake/ament_cmake_coreConfig.cmake:41 (include)
[0.962s]   /opt/ros/foxy/share/ament_cmake/cmake/ament_cmake_export_dependencies-extras.cmake:15 (find_package)
[0.962s]   /opt/ros/foxy/share/ament_cmake/cmake/ament_cmakeConfig.cmake:41 (include)
[0.962s]   CMakeLists.txt:25 (find_package)
[0.962s] 
[0.962s] 
[0.962s] -- Configuring incomplete, errors occurred!
[0.962s] See also "/home/vy/GalacticRacing/sim_ws/src/build/gap_follow/CMakeFiles/CMakeOutput.log".
[0.962s] See also "/home/vy/GalacticRacing/sim_ws/src/build/gap_follow/CMakeFiles/CMakeError.log".
[0.965s] Invoked command in '/home/vy/GalacticRacing/sim_ws/src/build/gap_follow' returned '1': /usr/bin/cmake /home/vy/GalacticRacing/sim_ws/src/gap_follow -DCMAKE_INSTALL_PREFIX=/home/vy/GalacticRacing/sim_ws/src/install/gap_follow
