[1.282s] Invoking command in '/home/vy/GalacticRacing/sim_ws/build/wall_follow': CMAKE_PREFIX_PATH=/opt/ros/foxy /usr/bin/cmake /home/vy/GalacticRacing/sim_ws/src/wall_follow -DCMAKE_INSTALL_PREFIX=/home/vy/GalacticRacing/sim_ws/install/wall_follow
[1.356s] -- The C compiler identification is GNU 9.4.0
[1.400s] -- The CXX compiler identification is GNU 9.4.0
[1.400s] -- Check for working C compiler: /usr/bin/cc
[1.532s] -- Check for working C compiler: /usr/bin/cc -- works
[1.533s] -- Detecting C compiler ABI info
[1.630s] -- Detecting C compiler ABI info - done
[1.645s] -- Detecting C compile features
[1.645s] -- Detecting C compile features - done
[1.647s] -- Check for working CXX compiler: /usr/bin/c++
[1.739s] -- Check for working CXX compiler: /usr/bin/c++ -- works
[1.744s] -- Detecting CXX compiler ABI info
[1.835s] -- Detecting CXX compiler ABI info - done
[1.852s] -- Detecting CXX compile features
[1.853s] -- Detecting CXX compile features - done
[1.854s] -- Found ament_cmake: 0.9.12 (/opt/ros/foxy/share/ament_cmake/cmake)
[1.893s] -- Found PythonInterp: /usr/bin/python3 (found suitable version "3.8.10", minimum required is "3") 
[1.893s] -- Using PYTHON_EXECUTABLE: /usr/bin/python3
[2.153s] -- Found rclcpp: 2.4.3 (/opt/ros/foxy/share/rclcpp/cmake)
[2.204s] -- Using all available rosidl_typesupport_c: rosidl_typesupport_fastrtps_c;rosidl_typesupport_introspection_c
[2.217s] -- Found rosidl_adapter: 1.3.1 (/opt/ros/foxy/share/rosidl_adapter/cmake)
[2.340s] -- Found OpenSSL: /usr/lib/x86_64-linux-gnu/libcrypto.so (found version "1.1.1f")  
[2.375s] -- Found FastRTPS: /opt/ros/foxy/include  
[2.480s] -- Using all available rosidl_typesupport_cpp: rosidl_typesupport_fastrtps_cpp;rosidl_typesupport_introspection_cpp
[2.598s] -- Found rmw_implementation_cmake: 1.0.4 (/opt/ros/foxy/share/rmw_implementation_cmake/cmake)
[2.621s] -- Using RMW implementation 'rmw_fastrtps_cpp' as default
[2.621s] -- Looking for pthread.h
[2.743s] -- Looking for pthread.h - found
[2.753s] -- Performing Test CMAKE_HAVE_LIBC_PTHREAD
[2.841s] -- Performing Test CMAKE_HAVE_LIBC_PTHREAD - Failed
[2.842s] -- Looking for pthread_create in pthreads
[2.940s] -- Looking for pthread_create in pthreads - not found
[2.940s] -- Looking for pthread_create in pthread
[3.039s] -- Looking for pthread_create in pthread - found
[3.040s] -- Found Threads: TRUE  
[3.258s] -- Found rclpy: 1.0.13 (/opt/ros/foxy/share/rclpy/cmake)
[3.259s] -- Found geometry_msgs: 2.0.5 (/opt/ros/foxy/share/geometry_msgs/cmake)
[3.323s] -- Found nav_msgs: 2.0.5 (/opt/ros/foxy/share/nav_msgs/cmake)
[3.404s] -- Found ackermann_msgs: 2.0.2 (/opt/ros/foxy/share/ackermann_msgs/cmake)
[3.451s] -- Found sensor_msgs: 2.0.5 (/opt/ros/foxy/share/sensor_msgs/cmake)
[3.566s] -- Found ament_lint_auto: 0.9.8 (/opt/ros/foxy/share/ament_lint_auto/cmake)
[3.677s] -- Added test 'copyright' to check source files copyright and LICENSE
[3.682s] -- Added test 'cppcheck' to perform static code analysis on C / C++ code
[3.682s] -- Configured cppcheck include dirs: /home/vy/GalacticRacing/sim_ws/src/wall_follow/include
[3.682s] -- Configured cppcheck exclude dirs and/or files: 
[3.686s] -- Added test 'cpplint' to check C / C++ code against the Google style
[3.686s] -- Configured cpplint exclude dirs and/or files: 
[3.700s] -- Added test 'flake8' to check Python code syntax and style conventions
[3.703s] -- Added test 'lint_cmake' to check CMake code style
[3.722s] -- Added test 'pep257' to check Python code against some of the style conventions in PEP 257
[3.731s] -- Added test 'uncrustify' to check C / C++ code style
[3.731s] -- Configured uncrustify additional arguments: 
[3.733s] -- Added test 'xmllint' to check XML markup files
[3.739s] -- Configuring done
[3.750s] -- Generating done
[3.751s] -- Build files have been written to: /home/vy/GalacticRacing/sim_ws/build/wall_follow
[3.775s] Invoked command in '/home/vy/GalacticRacing/sim_ws/build/wall_follow' returned '0': CMAKE_PREFIX_PATH=/opt/ros/foxy /usr/bin/cmake /home/vy/GalacticRacing/sim_ws/src/wall_follow -DCMAKE_INSTALL_PREFIX=/home/vy/GalacticRacing/sim_ws/install/wall_follow
[3.777s] Invoking command in '/home/vy/GalacticRacing/sim_ws/build/wall_follow': CMAKE_PREFIX_PATH=/opt/ros/foxy /usr/bin/cmake --build /home/vy/GalacticRacing/sim_ws/build/wall_follow -- -j8 -l8
[3.835s] [35m[1mScanning dependencies of target wall_follow_node[0m
[4.162s] [ 50%] [32mBuilding CXX object CMakeFiles/wall_follow_node.dir/src/wall_follow_node.cpp.o[0m
[6.776s] [01m[K/home/vy/GalacticRacing/sim_ws/src/wall_follow/src/wall_follow_node.cpp:[m[K In member function ‘[01m[Kdouble WallFollow::get_range(float*, double)[m[K’:
[6.776s] [01m[K/home/vy/GalacticRacing/sim_ws/src/wall_follow/src/wall_follow_node.cpp:30:29:[m[K [01;35m[Kwarning: [m[Kunused parameter ‘[01m[Krange_data[m[K’ [[01;35m[K-Wunused-parameter[m[K]
[6.776s]    30 |     double get_range([01;35m[Kfloat* range_data[m[K, double angle)
[6.776s]       |                      [01;35m[K~~~~~~~^~~~~~~~~~[m[K
[6.776s] [01m[K/home/vy/GalacticRacing/sim_ws/src/wall_follow/src/wall_follow_node.cpp:30:48:[m[K [01;35m[Kwarning: [m[Kunused parameter ‘[01m[Kangle[m[K’ [[01;35m[K-Wunused-parameter[m[K]
[6.777s]    30 |     double get_range(float* range_data, [01;35m[Kdouble angle[m[K)
[6.777s]       |                                         [01;35m[K~~~~~~~^~~~~[m[K
[6.777s] [01m[K/home/vy/GalacticRacing/sim_ws/src/wall_follow/src/wall_follow_node.cpp:[m[K In member function ‘[01m[Kdouble WallFollow::get_error(float*, double)[m[K’:
[6.777s] [01m[K/home/vy/GalacticRacing/sim_ws/src/wall_follow/src/wall_follow_node.cpp:47:29:[m[K [01;35m[Kwarning: [m[Kunused parameter ‘[01m[Krange_data[m[K’ [[01;35m[K-Wunused-parameter[m[K]
[6.777s]    47 |     double get_error([01;35m[Kfloat* range_data[m[K, double dist)
[6.777s]       |                      [01;35m[K~~~~~~~^~~~~~~~~~[m[K
[6.777s] [01m[K/home/vy/GalacticRacing/sim_ws/src/wall_follow/src/wall_follow_node.cpp:47:48:[m[K [01;35m[Kwarning: [m[Kunused parameter ‘[01m[Kdist[m[K’ [[01;35m[K-Wunused-parameter[m[K]
[6.777s]    47 |     double get_error(float* range_data, [01;35m[Kdouble dist[m[K)
[6.777s]       |                                         [01;35m[K~~~~~~~^~~~[m[K
[6.777s] [01m[K/home/vy/GalacticRacing/sim_ws/src/wall_follow/src/wall_follow_node.cpp:[m[K In member function ‘[01m[Kvoid WallFollow::pid_control(double, double)[m[K’:
[6.777s] [01m[K/home/vy/GalacticRacing/sim_ws/src/wall_follow/src/wall_follow_node.cpp:76:16:[m[K [01;35m[Kwarning: [m[Kunused variable ‘[01m[Kangle[m[K’ [[01;35m[K-Wunused-variable[m[K]
[6.777s]    76 |         double [01;35m[Kangle[m[K = 0.0;
[6.777s]       |                [01;35m[K^~~~~[m[K
[6.777s] [01m[K/home/vy/GalacticRacing/sim_ws/src/wall_follow/src/wall_follow_node.cpp:64:29:[m[K [01;35m[Kwarning: [m[Kunused parameter ‘[01m[Kerror[m[K’ [[01;35m[K-Wunused-parameter[m[K]
[6.777s]    64 |     void pid_control([01;35m[Kdouble error[m[K, double velocity)
[6.777s]       |                      [01;35m[K~~~~~~~^~~~~[m[K
[6.777s] [01m[K/home/vy/GalacticRacing/sim_ws/src/wall_follow/src/wall_follow_node.cpp:64:43:[m[K [01;35m[Kwarning: [m[Kunused parameter ‘[01m[Kvelocity[m[K’ [[01;35m[K-Wunused-parameter[m[K]
[6.777s]    64 |     void pid_control(double error, [01;35m[Kdouble velocity[m[K)
[6.777s]       |                                    [01;35m[K~~~~~~~^~~~~~~~[m[K
[6.789s] [01m[K/home/vy/GalacticRacing/sim_ws/src/wall_follow/src/wall_follow_node.cpp:[m[K In member function ‘[01m[Kvoid WallFollow::scan_callback(sensor_msgs::msg::LaserScan_<std::allocator<void> >::ConstSharedPtr)[m[K’:
[6.790s] [01m[K/home/vy/GalacticRacing/sim_ws/src/wall_follow/src/wall_follow_node.cpp:93:16:[m[K [01;35m[Kwarning: [m[Kunused variable ‘[01m[Kerror[m[K’ [[01;35m[K-Wunused-variable[m[K]
[6.790s]    93 |         double [01;35m[Kerror[m[K = 0.0; // TODO: replace with error calculated by get_error()
[6.790s]       |                [01;35m[K^~~~~[m[K
[6.790s] [01m[K/home/vy/GalacticRacing/sim_ws/src/wall_follow/src/wall_follow_node.cpp:94:16:[m[K [01;35m[Kwarning: [m[Kunused variable ‘[01m[Kvelocity[m[K’ [[01;35m[K-Wunused-variable[m[K]
[6.790s]    94 |         double [01;35m[Kvelocity[m[K = 0.0; // TODO: calculate desired car velocity based on error
[6.790s]       |                [01;35m[K^~~~~~~~[m[K
[6.790s] [01m[K/home/vy/GalacticRacing/sim_ws/src/wall_follow/src/wall_follow_node.cpp:82:74:[m[K [01;35m[Kwarning: [m[Kunused parameter ‘[01m[Kscan_msg[m[K’ [[01;35m[K-Wunused-parameter[m[K]
[6.790s]    82 | void scan_callback([01;35m[Kconst sensor_msgs::msg::LaserScan::ConstSharedPtr scan_msg[m[K)
[6.790s]       |                    [01;35m[K~~~~~~~~~~~~~~~~~~~~~~~~~~~~~~~~~~~~~~~~~~~~~~~~~~^~~~~~~~[m[K
[6.791s] 
[7.646s] [100%] [32m[1mLinking CXX executable wall_follow_node[0m
[7.933s] [100%] Built target wall_follow_node
[7.950s] Invoked command in '/home/vy/GalacticRacing/sim_ws/build/wall_follow' returned '0': CMAKE_PREFIX_PATH=/opt/ros/foxy /usr/bin/cmake --build /home/vy/GalacticRacing/sim_ws/build/wall_follow -- -j8 -l8
[7.992s] Invoking command in '/home/vy/GalacticRacing/sim_ws/build/wall_follow': CMAKE_PREFIX_PATH=/opt/ros/foxy /usr/bin/cmake --install /home/vy/GalacticRacing/sim_ws/build/wall_follow
[8.000s] -- Install configuration: ""
[8.000s] -- Installing: /home/vy/GalacticRacing/sim_ws/install/wall_follow/lib/wall_follow/wall_follow_node
[8.001s] -- Set runtime path of "/home/vy/GalacticRacing/sim_ws/install/wall_follow/lib/wall_follow/wall_follow_node" to ""
[8.001s] -- Installing: /home/vy/GalacticRacing/sim_ws/install/wall_follow/share/wall_follow/environment/pythonpath.sh
[8.001s] -- Installing: /home/vy/GalacticRacing/sim_ws/install/wall_follow/share/wall_follow/environment/pythonpath.dsv
[8.001s] -- Installing: /home/vy/GalacticRacing/sim_ws/install/wall_follow/lib/python3.8/site-packages/wall_follow
[8.001s] -- Installing: /home/vy/GalacticRacing/sim_ws/install/wall_follow/lib/python3.8/site-packages/wall_follow/__init__.py
[8.024s] Listing '/home/vy/GalacticRacing/sim_ws/install/wall_follow/lib/python3.8/site-packages/wall_follow'...
[8.025s] Compiling '/home/vy/GalacticRacing/sim_ws/install/wall_follow/lib/python3.8/site-packages/wall_follow/__init__.py'...
[8.037s] -- Installing: /home/vy/GalacticRacing/sim_ws/install/wall_follow/lib/wall_follow/wall_follow_node.py
[8.042s] -- Installing: /home/vy/GalacticRacing/sim_ws/install/wall_follow/share/ament_index/resource_index/package_run_dependencies/wall_follow
[8.042s] -- Installing: /home/vy/GalacticRacing/sim_ws/install/wall_follow/share/ament_index/resource_index/parent_prefix_path/wall_follow
[8.043s] -- Installing: /home/vy/GalacticRacing/sim_ws/install/wall_follow/share/wall_follow/environment/ament_prefix_path.sh
[8.043s] -- Installing: /home/vy/GalacticRacing/sim_ws/install/wall_follow/share/wall_follow/environment/ament_prefix_path.dsv
[8.044s] -- Installing: /home/vy/GalacticRacing/sim_ws/install/wall_follow/share/wall_follow/environment/path.sh
[8.044s] -- Installing: /home/vy/GalacticRacing/sim_ws/install/wall_follow/share/wall_follow/environment/path.dsv
[8.045s] -- Installing: /home/vy/GalacticRacing/sim_ws/install/wall_follow/share/wall_follow/local_setup.bash
[8.045s] -- Installing: /home/vy/GalacticRacing/sim_ws/install/wall_follow/share/wall_follow/local_setup.sh
[8.045s] -- Installing: /home/vy/GalacticRacing/sim_ws/install/wall_follow/share/wall_follow/local_setup.zsh
[8.046s] -- Installing: /home/vy/GalacticRacing/sim_ws/install/wall_follow/share/wall_follow/local_setup.dsv
[8.046s] -- Installing: /home/vy/GalacticRacing/sim_ws/install/wall_follow/share/wall_follow/package.dsv
[8.047s] -- Installing: /home/vy/GalacticRacing/sim_ws/install/wall_follow/share/ament_index/resource_index/packages/wall_follow
[8.047s] -- Installing: /home/vy/GalacticRacing/sim_ws/install/wall_follow/share/wall_follow/cmake/wall_followConfig.cmake
[8.048s] -- Installing: /home/vy/GalacticRacing/sim_ws/install/wall_follow/share/wall_follow/cmake/wall_followConfig-version.cmake
[8.049s] -- Installing: /home/vy/GalacticRacing/sim_ws/install/wall_follow/share/wall_follow/package.xml
[8.353s] Invoked command in '/home/vy/GalacticRacing/sim_ws/build/wall_follow' returned '0': CMAKE_PREFIX_PATH=/opt/ros/foxy /usr/bin/cmake --install /home/vy/GalacticRacing/sim_ws/build/wall_follow
