[5.324s] DEBUG:colcon:Command line arguments: ['/usr/bin/colcon', 'build', '--packages-select', 'pure_pursuit']
[5.324s] DEBUG:colcon:Parsed command line arguments: Namespace(allow_overriding=[], ament_cmake_args=None, base_paths=['.'], build_base='build', catkin_cmake_args=None, catkin_skip_building_tests=False, cmake_args=None, cmake_clean_cache=False, cmake_clean_first=False, cmake_force_configure=False, cmake_target=None, cmake_target_skip_unavailable=False, continue_on_error=False, event_handlers=None, executor='parallel', ignore_user_meta=False, install_base='install', log_base=None, log_level=None, main=<bound method BuildVerb.main of <colcon_core.verb.build.BuildVerb object at 0x7fe51867a700>>, merge_install=False, metas=['./colcon.meta'], packages_above=None, packages_above_and_dependencies=None, packages_above_depth=None, packages_end=None, packages_ignore=None, packages_ignore_regex=None, packages_select=['pure_pursuit'], packages_select_build_failed=False, packages_select_by_dep=None, packages_select_regex=None, packages_select_test_failures=False, packages_skip=None, packages_skip_build_finished=False, packages_skip_by_dep=None, packages_skip_regex=None, packages_skip_test_passed=False, packages_skip_up_to=None, packages_start=None, packages_up_to=None, packages_up_to_regex=None, parallel_workers=8, paths=None, symlink_install=False, test_result_base=None, verb_extension=<colcon_core.verb.build.BuildVerb object at 0x7fe51867a700>, verb_name='build', verb_parser=<colcon_defaults.argument_parser.defaults.DefaultArgumentsDecorator object at 0x7fe518e1f7c0>)
[5.568s] Level 1:colcon.colcon_core.package_discovery:discover_packages(colcon_meta) check parameters
[5.568s] Level 1:colcon.colcon_core.package_discovery:discover_packages(recursive) check parameters
[5.569s] Level 1:colcon.colcon_core.package_discovery:discover_packages(ignore) check parameters
[5.569s] Level 1:colcon.colcon_core.package_discovery:discover_packages(path) check parameters
[5.569s] Level 1:colcon.colcon_core.package_discovery:discover_packages(colcon_meta) discover
[5.569s] Level 1:colcon.colcon_core.package_discovery:discover_packages(recursive) discover
[5.569s] INFO:colcon.colcon_core.package_discovery:Crawling recursively for packages in '/home/vy/GalacticRacing/sim_ws'
[5.569s] Level 1:colcon.colcon_core.package_identification:_identify(.) by extensions ['ignore', 'ignore_ament_install']
[5.569s] Level 1:colcon.colcon_core.package_identification:_identify(.) by extension 'ignore'
[5.569s] Level 1:colcon.colcon_core.package_identification:_identify(.) by extension 'ignore_ament_install'
[5.569s] Level 1:colcon.colcon_core.package_identification:_identify(.) by extensions ['colcon_pkg']
[5.570s] Level 1:colcon.colcon_core.package_identification:_identify(.) by extension 'colcon_pkg'
[5.570s] Level 1:colcon.colcon_core.package_identification:_identify(.) by extensions ['colcon_meta']
[5.570s] Level 1:colcon.colcon_core.package_identification:_identify(.) by extension 'colcon_meta'
[5.570s] Level 1:colcon.colcon_core.package_identification:_identify(.) by extensions ['ros']
[5.570s] Level 1:colcon.colcon_core.package_identification:_identify(.) by extension 'ros'
[5.578s] Level 1:colcon.colcon_core.package_identification:_identify(.) by extensions ['cmake', 'python']
[5.579s] Level 1:colcon.colcon_core.package_identification:_identify(.) by extension 'cmake'
[5.579s] Level 1:colcon.colcon_core.package_identification:_identify(.) by extension 'python'
[5.579s] Level 1:colcon.colcon_core.package_identification:_identify(.) by extensions ['python_setup_py']
[5.579s] Level 1:colcon.colcon_core.package_identification:_identify(.) by extension 'python_setup_py'
[5.579s] Level 1:colcon.colcon_core.package_identification:_identify(build) by extensions ['ignore', 'ignore_ament_install']
[5.580s] Level 1:colcon.colcon_core.package_identification:_identify(build) by extension 'ignore'
[5.580s] Level 1:colcon.colcon_core.package_identification:_identify(build) ignored
[5.580s] Level 1:colcon.colcon_core.package_identification:_identify(install) by extensions ['ignore', 'ignore_ament_install']
[5.580s] Level 1:colcon.colcon_core.package_identification:_identify(install) by extension 'ignore'
[5.580s] Level 1:colcon.colcon_core.package_identification:_identify(install) ignored
[5.581s] Level 1:colcon.colcon_core.package_identification:_identify(lab5_pkg) by extensions ['ignore', 'ignore_ament_install']
[5.581s] Level 1:colcon.colcon_core.package_identification:_identify(lab5_pkg) by extension 'ignore'
[5.581s] Level 1:colcon.colcon_core.package_identification:_identify(lab5_pkg) by extension 'ignore_ament_install'
[5.581s] Level 1:colcon.colcon_core.package_identification:_identify(lab5_pkg) by extensions ['colcon_pkg']
[5.581s] Level 1:colcon.colcon_core.package_identification:_identify(lab5_pkg) by extension 'colcon_pkg'
[5.582s] Level 1:colcon.colcon_core.package_identification:_identify(lab5_pkg) by extensions ['colcon_meta']
[5.582s] Level 1:colcon.colcon_core.package_identification:_identify(lab5_pkg) by extension 'colcon_meta'
[5.582s] Level 1:colcon.colcon_core.package_identification:_identify(lab5_pkg) by extensions ['ros']
[5.582s] Level 1:colcon.colcon_core.package_identification:_identify(lab5_pkg) by extension 'ros'
[5.584s] DEBUG:colcon.colcon_core.package_identification:Package 'lab5_pkg' with type 'ros.ament_cmake' and name 'lab5_pkg'
[5.585s] Level 1:colcon.colcon_core.package_identification:_identify(log) by extensions ['ignore', 'ignore_ament_install']
[5.585s] Level 1:colcon.colcon_core.package_identification:_identify(log) by extension 'ignore'
[5.585s] Level 1:colcon.colcon_core.package_identification:_identify(log) ignored
[5.585s] Level 1:colcon.colcon_core.package_identification:_identify(range_libc) by extensions ['ignore', 'ignore_ament_install']
[5.585s] Level 1:colcon.colcon_core.package_identification:_identify(range_libc) by extension 'ignore'
[5.586s] Level 1:colcon.colcon_core.package_identification:_identify(range_libc) by extension 'ignore_ament_install'
[5.586s] Level 1:colcon.colcon_core.package_identification:_identify(range_libc) by extensions ['colcon_pkg']
[5.586s] Level 1:colcon.colcon_core.package_identification:_identify(range_libc) by extension 'colcon_pkg'
[5.586s] Level 1:colcon.colcon_core.package_identification:_identify(range_libc) by extensions ['colcon_meta']
[5.586s] Level 1:colcon.colcon_core.package_identification:_identify(range_libc) by extension 'colcon_meta'
[5.587s] Level 1:colcon.colcon_core.package_identification:_identify(range_libc) by extensions ['ros']
[5.587s] Level 1:colcon.colcon_core.package_identification:_identify(range_libc) by extension 'ros'
[5.587s] Level 1:colcon.colcon_core.package_identification:_identify(range_libc) by extensions ['cmake', 'python']
[5.587s] Level 1:colcon.colcon_core.package_identification:_identify(range_libc) by extension 'cmake'
[5.594s] Level 1:colcon.colcon_core.package_identification:_identify(range_libc) by extension 'python'
[5.595s] DEBUG:colcon.colcon_core.package_identification:Package 'range_libc' with type 'cmake' and name 'range_lib'
[5.595s] Level 1:colcon.colcon_core.package_identification:_identify(src) by extensions ['ignore', 'ignore_ament_install']
[5.595s] Level 1:colcon.colcon_core.package_identification:_identify(src) by extension 'ignore'
[5.595s] Level 1:colcon.colcon_core.package_identification:_identify(src) by extension 'ignore_ament_install'
[5.595s] Level 1:colcon.colcon_core.package_identification:_identify(src) by extensions ['colcon_pkg']
[5.596s] Level 1:colcon.colcon_core.package_identification:_identify(src) by extension 'colcon_pkg'
[5.596s] Level 1:colcon.colcon_core.package_identification:_identify(src) by extensions ['colcon_meta']
[5.596s] Level 1:colcon.colcon_core.package_identification:_identify(src) by extension 'colcon_meta'
[5.596s] Level 1:colcon.colcon_core.package_identification:_identify(src) by extensions ['ros']
[5.596s] Level 1:colcon.colcon_core.package_identification:_identify(src) by extension 'ros'
[5.596s] Level 1:colcon.colcon_core.package_identification:_identify(src) by extensions ['cmake', 'python']
[5.597s] Level 1:colcon.colcon_core.package_identification:_identify(src) by extension 'cmake'
[5.597s] Level 1:colcon.colcon_core.package_identification:_identify(src) by extension 'python'
[5.597s] Level 1:colcon.colcon_core.package_identification:_identify(src) by extensions ['python_setup_py']
[5.597s] Level 1:colcon.colcon_core.package_identification:_identify(src) by extension 'python_setup_py'
[5.598s] Level 1:colcon.colcon_core.package_identification:_identify(src/f1tenth_gym_ros) by extensions ['ignore', 'ignore_ament_install']
[5.598s] Level 1:colcon.colcon_core.package_identification:_identify(src/f1tenth_gym_ros) by extension 'ignore'
[5.598s] Level 1:colcon.colcon_core.package_identification:_identify(src/f1tenth_gym_ros) by extension 'ignore_ament_install'
[5.598s] Level 1:colcon.colcon_core.package_identification:_identify(src/f1tenth_gym_ros) by extensions ['colcon_pkg']
[5.598s] Level 1:colcon.colcon_core.package_identification:_identify(src/f1tenth_gym_ros) by extension 'colcon_pkg'
[5.598s] Level 1:colcon.colcon_core.package_identification:_identify(src/f1tenth_gym_ros) by extensions ['colcon_meta']
[5.598s] Level 1:colcon.colcon_core.package_identification:_identify(src/f1tenth_gym_ros) by extension 'colcon_meta'
[5.598s] Level 1:colcon.colcon_core.package_identification:_identify(src/f1tenth_gym_ros) by extensions ['ros']
[5.598s] Level 1:colcon.colcon_core.package_identification:_identify(src/f1tenth_gym_ros) by extension 'ros'
[5.599s] DEBUG:colcon.colcon_core.package_identification:Package 'src/f1tenth_gym_ros' with type 'ros.ament_python' and name 'f1tenth_gym_ros'
[5.599s] Level 1:colcon.colcon_core.package_identification:_identify(src/gap_follow) by extensions ['ignore', 'ignore_ament_install']
[5.605s] Level 1:colcon.colcon_core.package_identification:_identify(src/gap_follow) by extension 'ignore'
[5.606s] Level 1:colcon.colcon_core.package_identification:_identify(src/gap_follow) by extension 'ignore_ament_install'
[5.606s] Level 1:colcon.colcon_core.package_identification:_identify(src/gap_follow) by extensions ['colcon_pkg']
[5.606s] Level 1:colcon.colcon_core.package_identification:_identify(src/gap_follow) by extension 'colcon_pkg'
[5.607s] Level 1:colcon.colcon_core.package_identification:_identify(src/gap_follow) by extensions ['colcon_meta']
[5.608s] Level 1:colcon.colcon_core.package_identification:_identify(src/gap_follow) by extension 'colcon_meta'
[5.608s] Level 1:colcon.colcon_core.package_identification:_identify(src/gap_follow) by extensions ['ros']
[5.608s] Level 1:colcon.colcon_core.package_identification:_identify(src/gap_follow) by extension 'ros'
[5.609s] DEBUG:colcon.colcon_core.package_identification:Package 'src/gap_follow' with type 'ros.ament_cmake' and name 'gap_follow'
[5.612s] Level 1:colcon.colcon_core.package_identification:_identify(src/particle_filter) by extensions ['ignore', 'ignore_ament_install']
[5.612s] Level 1:colcon.colcon_core.package_identification:_identify(src/particle_filter) by extension 'ignore'
[5.617s] Level 1:colcon.colcon_core.package_identification:_identify(src/particle_filter) by extension 'ignore_ament_install'
[5.620s] Level 1:colcon.colcon_core.package_identification:_identify(src/particle_filter) by extensions ['colcon_pkg']
[5.621s] Level 1:colcon.colcon_core.package_identification:_identify(src/particle_filter) by extension 'colcon_pkg'
[5.621s] Level 1:colcon.colcon_core.package_identification:_identify(src/particle_filter) by extensions ['colcon_meta']
[5.621s] Level 1:colcon.colcon_core.package_identification:_identify(src/particle_filter) by extension 'colcon_meta'
[5.621s] Level 1:colcon.colcon_core.package_identification:_identify(src/particle_filter) by extensions ['ros']
[5.621s] Level 1:colcon.colcon_core.package_identification:_identify(src/particle_filter) by extension 'ros'
[5.623s] DEBUG:colcon.colcon_core.package_identification:Package 'src/particle_filter' with type 'ros.ament_python' and name 'particle_filter'
[5.625s] Level 1:colcon.colcon_core.package_identification:_identify(src/pure_pursuit) by extensions ['ignore', 'ignore_ament_install']
[5.629s] Level 1:colcon.colcon_core.package_identification:_identify(src/pure_pursuit) by extension 'ignore'
[5.629s] Level 1:colcon.colcon_core.package_identification:_identify(src/pure_pursuit) by extension 'ignore_ament_install'
[5.630s] Level 1:colcon.colcon_core.package_identification:_identify(src/pure_pursuit) by extensions ['colcon_pkg']
[5.631s] Level 1:colcon.colcon_core.package_identification:_identify(src/pure_pursuit) by extension 'colcon_pkg'
[5.631s] Level 1:colcon.colcon_core.package_identification:_identify(src/pure_pursuit) by extensions ['colcon_meta']
[5.632s] Level 1:colcon.colcon_core.package_identification:_identify(src/pure_pursuit) by extension 'colcon_meta'
[5.632s] Level 1:colcon.colcon_core.package_identification:_identify(src/pure_pursuit) by extensions ['ros']
[5.632s] Level 1:colcon.colcon_core.package_identification:_identify(src/pure_pursuit) by extension 'ros'
[5.640s] DEBUG:colcon.colcon_core.package_identification:Package 'src/pure_pursuit' with type 'ros.ament_cmake' and name 'pure_pursuit'
[5.641s] Level 1:colcon.colcon_core.package_identification:_identify(src/safety_node) by extensions ['ignore', 'ignore_ament_install']
[5.641s] Level 1:colcon.colcon_core.package_identification:_identify(src/safety_node) by extension 'ignore'
[5.641s] Level 1:colcon.colcon_core.package_identification:_identify(src/safety_node) by extension 'ignore_ament_install'
[5.641s] Level 1:colcon.colcon_core.package_identification:_identify(src/safety_node) by extensions ['colcon_pkg']
[5.641s] Level 1:colcon.colcon_core.package_identification:_identify(src/safety_node) by extension 'colcon_pkg'
[5.641s] Level 1:colcon.colcon_core.package_identification:_identify(src/safety_node) by extensions ['colcon_meta']
[5.641s] Level 1:colcon.colcon_core.package_identification:_identify(src/safety_node) by extension 'colcon_meta'
[5.641s] Level 1:colcon.colcon_core.package_identification:_identify(src/safety_node) by extensions ['ros']
[5.641s] Level 1:colcon.colcon_core.package_identification:_identify(src/safety_node) by extension 'ros'
[5.643s] DEBUG:colcon.colcon_core.package_identification:Package 'src/safety_node' with type 'ros.ament_cmake' and name 'safety_node'
[5.644s] Level 1:colcon.colcon_core.package_identification:_identify(src/wall_follow) by extensions ['ignore', 'ignore_ament_install']
[5.644s] Level 1:colcon.colcon_core.package_identification:_identify(src/wall_follow) by extension 'ignore'
[5.644s] Level 1:colcon.colcon_core.package_identification:_identify(src/wall_follow) by extension 'ignore_ament_install'
[5.644s] Level 1:colcon.colcon_core.package_identification:_identify(src/wall_follow) by extensions ['colcon_pkg']
[5.644s] Level 1:colcon.colcon_core.package_identification:_identify(src/wall_follow) by extension 'colcon_pkg'
[5.644s] Level 1:colcon.colcon_core.package_identification:_identify(src/wall_follow) by extensions ['colcon_meta']
[5.644s] Level 1:colcon.colcon_core.package_identification:_identify(src/wall_follow) by extension 'colcon_meta'
[5.644s] Level 1:colcon.colcon_core.package_identification:_identify(src/wall_follow) by extensions ['ros']
[5.644s] Level 1:colcon.colcon_core.package_identification:_identify(src/wall_follow) by extension 'ros'
[5.644s] DEBUG:colcon.colcon_core.package_identification:Package 'src/wall_follow' with type 'ros.ament_cmake' and name 'wall_follow'
[5.645s] Level 1:colcon.colcon_core.package_identification:_identify(src/waypoint_logger) by extensions ['ignore', 'ignore_ament_install']
[5.648s] Level 1:colcon.colcon_core.package_identification:_identify(src/waypoint_logger) by extension 'ignore'
[5.648s] Level 1:colcon.colcon_core.package_identification:_identify(src/waypoint_logger) by extension 'ignore_ament_install'
[5.648s] Level 1:colcon.colcon_core.package_identification:_identify(src/waypoint_logger) by extensions ['colcon_pkg']
[5.648s] Level 1:colcon.colcon_core.package_identification:_identify(src/waypoint_logger) by extension 'colcon_pkg'
[5.648s] Level 1:colcon.colcon_core.package_identification:_identify(src/waypoint_logger) by extensions ['colcon_meta']
[5.648s] Level 1:colcon.colcon_core.package_identification:_identify(src/waypoint_logger) by extension 'colcon_meta'
[5.648s] Level 1:colcon.colcon_core.package_identification:_identify(src/waypoint_logger) by extensions ['ros']
[5.648s] Level 1:colcon.colcon_core.package_identification:_identify(src/waypoint_logger) by extension 'ros'
[5.649s] DEBUG:colcon.colcon_core.package_identification:Package 'src/waypoint_logger' with type 'ros.ament_cmake' and name 'waypoint_logger'
[5.649s] Level 1:colcon.colcon_core.package_discovery:discover_packages(recursive) using defaults
[5.649s] Level 1:colcon.colcon_core.package_discovery:discover_packages(ignore) discover
[5.649s] Level 1:colcon.colcon_core.package_discovery:discover_packages(ignore) using defaults
[5.649s] Level 1:colcon.colcon_core.package_discovery:discover_packages(path) discover
[5.649s] Level 1:colcon.colcon_core.package_discovery:discover_packages(path) using defaults
[5.974s] INFO:colcon.colcon_core.package_selection:Skipping not selected package 'f1tenth_gym_ros' in 'src/f1tenth_gym_ros'
[5.974s] INFO:colcon.colcon_core.package_selection:Skipping not selected package 'gap_follow' in 'src/gap_follow'
[5.974s] INFO:colcon.colcon_core.package_selection:Skipping not selected package 'lab5_pkg' in 'lab5_pkg'
[5.974s] INFO:colcon.colcon_core.package_selection:Skipping not selected package 'particle_filter' in 'src/particle_filter'
[5.974s] INFO:colcon.colcon_core.package_selection:Skipping not selected package 'range_lib' in 'range_libc'
[5.974s] INFO:colcon.colcon_core.package_selection:Skipping not selected package 'safety_node' in 'src/safety_node'
[5.974s] INFO:colcon.colcon_core.package_selection:Skipping not selected package 'wall_follow' in 'src/wall_follow'
[5.974s] INFO:colcon.colcon_core.package_selection:Skipping not selected package 'waypoint_logger' in 'src/waypoint_logger'
[6.192s] Level 1:colcon.colcon_core.package_discovery:discover_packages(prefix_path) check parameters
[6.192s] Level 1:colcon.colcon_core.package_discovery:discover_packages(prefix_path) discover
[6.387s] DEBUG:colcon.colcon_installed_package_information.package_discovery:Found 8 installed packages in /home/vy/GalacticRacing/sim_ws/install
[6.496s] DEBUG:colcon.colcon_installed_package_information.package_discovery:Found 302 installed packages in /opt/ros/foxy
[6.498s] Level 1:colcon.colcon_core.package_discovery:discover_packages(prefix_path) using defaults
[6.805s] Level 5:colcon.colcon_core.verb:set package 'pure_pursuit' build argument 'cmake_args' from command line to 'None'
[6.805s] Level 5:colcon.colcon_core.verb:set package 'pure_pursuit' build argument 'cmake_target' from command line to 'None'
[6.806s] Level 5:colcon.colcon_core.verb:set package 'pure_pursuit' build argument 'cmake_target_skip_unavailable' from command line to 'False'
[6.806s] Level 5:colcon.colcon_core.verb:set package 'pure_pursuit' build argument 'cmake_clean_cache' from command line to 'False'
[6.806s] Level 5:colcon.colcon_core.verb:set package 'pure_pursuit' build argument 'cmake_clean_first' from command line to 'False'
[6.806s] Level 5:colcon.colcon_core.verb:set package 'pure_pursuit' build argument 'cmake_force_configure' from command line to 'False'
[6.806s] Level 5:colcon.colcon_core.verb:set package 'pure_pursuit' build argument 'ament_cmake_args' from command line to 'None'
[6.806s] Level 5:colcon.colcon_core.verb:set package 'pure_pursuit' build argument 'catkin_cmake_args' from command line to 'None'
[6.806s] Level 5:colcon.colcon_core.verb:set package 'pure_pursuit' build argument 'catkin_skip_building_tests' from command line to 'False'
[6.806s] DEBUG:colcon.colcon_core.verb:Building package 'pure_pursuit' with the following arguments: {'ament_cmake_args': None, 'build_base': '/home/vy/GalacticRacing/sim_ws/build/pure_pursuit', 'catkin_cmake_args': None, 'catkin_skip_building_tests': False, 'cmake_args': None, 'cmake_clean_cache': False, 'cmake_clean_first': False, 'cmake_force_configure': False, 'cmake_target': None, 'cmake_target_skip_unavailable': False, 'install_base': '/home/vy/GalacticRacing/sim_ws/install/pure_pursuit', 'merge_install': False, 'path': '/home/vy/GalacticRacing/sim_ws/src/pure_pursuit', 'symlink_install': False, 'test_result_base': None}
[6.876s] INFO:colcon.colcon_core.executor:Executing jobs using 'parallel' executor
[6.993s] DEBUG:colcon.colcon_parallel_executor.executor.parallel:run_until_complete
[6.997s] INFO:colcon.colcon_ros.task.ament_cmake.build:Building ROS package in '/home/vy/GalacticRacing/sim_ws/src/pure_pursuit' with build type 'ament_cmake'
[6.997s] INFO:colcon.colcon_cmake.task.cmake.build:Building CMake package in '/home/vy/GalacticRacing/sim_ws/src/pure_pursuit'
[7.103s] INFO:colcon.colcon_core.plugin_system:Skipping extension 'colcon_core.shell.bat': Not used on non-Windows systems
[7.112s] INFO:colcon.colcon_core.shell:Skip shell extension 'powershell' for command environment: Not usable outside of PowerShell
[7.113s] DEBUG:colcon.colcon_core.shell:Skip shell extension 'dsv' for command environment
[7.420s] DEBUG:colcon.colcon_core.event_handler.log_command:Invoking command in '/home/vy/GalacticRacing/sim_ws/build/pure_pursuit': CMAKE_PREFIX_PATH=${CMAKE_PREFIX_PATH}:/home/vy/GalacticRacing/sim_ws/install/particle_filter:/home/vy/GalacticRacing/sim_ws/install/f1tenth_gym_ros:/opt/ros/foxy /usr/bin/cmake --build /home/vy/GalacticRacing/sim_ws/build/pure_pursuit -- -j8 -l8
[7.618s] DEBUG:colcon.colcon_core.event_handler.log_command:Invoked command in '/home/vy/GalacticRacing/sim_ws/build/pure_pursuit' returned '0': CMAKE_PREFIX_PATH=${CMAKE_PREFIX_PATH}:/home/vy/GalacticRacing/sim_ws/install/particle_filter:/home/vy/GalacticRacing/sim_ws/install/f1tenth_gym_ros:/opt/ros/foxy /usr/bin/cmake --build /home/vy/GalacticRacing/sim_ws/build/pure_pursuit -- -j8 -l8
[7.681s] DEBUG:colcon.colcon_core.event_handler.log_command:Invoking command in '/home/vy/GalacticRacing/sim_ws/build/pure_pursuit': CMAKE_PREFIX_PATH=${CMAKE_PREFIX_PATH}:/home/vy/GalacticRacing/sim_ws/install/particle_filter:/home/vy/GalacticRacing/sim_ws/install/f1tenth_gym_ros:/opt/ros/foxy /usr/bin/cmake --install /home/vy/GalacticRacing/sim_ws/build/pure_pursuit
[7.738s] Level 1:colcon.colcon_core.environment:create_environment_scripts_only(pure_pursuit)
[7.738s] DEBUG:colcon.colcon_core.event_handler.log_command:Invoked command in '/home/vy/GalacticRacing/sim_ws/build/pure_pursuit' returned '0': CMAKE_PREFIX_PATH=${CMAKE_PREFIX_PATH}:/home/vy/GalacticRacing/sim_ws/install/particle_filter:/home/vy/GalacticRacing/sim_ws/install/f1tenth_gym_ros:/opt/ros/foxy /usr/bin/cmake --install /home/vy/GalacticRacing/sim_ws/build/pure_pursuit
[7.870s] Level 1:colcon.colcon_core.environment:checking '/home/vy/GalacticRacing/sim_ws/install/pure_pursuit' for CMake module files
[7.871s] Level 1:colcon.colcon_core.environment:checking '/home/vy/GalacticRacing/sim_ws/install/pure_pursuit' for CMake config files
[7.872s] Level 1:colcon.colcon_core.shell:create_environment_hook('pure_pursuit', 'cmake_prefix_path')
[7.980s] INFO:colcon.colcon_core.shell:Creating environment hook '/home/vy/GalacticRacing/sim_ws/install/pure_pursuit/share/pure_pursuit/hook/cmake_prefix_path.ps1'
[7.981s] INFO:colcon.colcon_core.shell:Creating environment descriptor '/home/vy/GalacticRacing/sim_ws/install/pure_pursuit/share/pure_pursuit/hook/cmake_prefix_path.dsv'
[7.985s] INFO:colcon.colcon_core.shell:Creating environment hook '/home/vy/GalacticRacing/sim_ws/install/pure_pursuit/share/pure_pursuit/hook/cmake_prefix_path.sh'
[7.990s] Level 1:colcon.colcon_core.environment:checking '/home/vy/GalacticRacing/sim_ws/install/pure_pursuit/lib'
[7.991s] Level 1:colcon.colcon_core.environment:checking '/home/vy/GalacticRacing/sim_ws/install/pure_pursuit/bin'
[7.991s] Level 1:colcon.colcon_core.environment:checking '/home/vy/GalacticRacing/sim_ws/install/pure_pursuit/lib/pkgconfig/pure_pursuit.pc'
[7.993s] Level 1:colcon.colcon_core.environment:checking '/home/vy/GalacticRacing/sim_ws/install/pure_pursuit/lib/python3.8/site-packages'
[7.993s] Level 1:colcon.colcon_core.shell:create_environment_hook('pure_pursuit', 'pythonpath')
[8.076s] INFO:colcon.colcon_core.shell:Creating environment hook '/home/vy/GalacticRacing/sim_ws/install/pure_pursuit/share/pure_pursuit/hook/pythonpath.ps1'
[8.099s] INFO:colcon.colcon_core.shell:Creating environment descriptor '/home/vy/GalacticRacing/sim_ws/install/pure_pursuit/share/pure_pursuit/hook/pythonpath.dsv'
[8.106s] INFO:colcon.colcon_core.shell:Creating environment hook '/home/vy/GalacticRacing/sim_ws/install/pure_pursuit/share/pure_pursuit/hook/pythonpath.sh'
[8.108s] Level 1:colcon.colcon_core.environment:checking '/home/vy/GalacticRacing/sim_ws/install/pure_pursuit/bin'
[8.204s] INFO:colcon.colcon_core.shell:Creating package script '/home/vy/GalacticRacing/sim_ws/install/pure_pursuit/share/pure_pursuit/package.ps1'
[8.210s] INFO:colcon.colcon_core.shell:Creating package descriptor '/home/vy/GalacticRacing/sim_ws/install/pure_pursuit/share/pure_pursuit/package.dsv'
[8.212s] INFO:colcon.colcon_core.shell:Creating package script '/home/vy/GalacticRacing/sim_ws/install/pure_pursuit/share/pure_pursuit/package.sh'
[8.215s] INFO:colcon.colcon_core.shell:Creating package script '/home/vy/GalacticRacing/sim_ws/install/pure_pursuit/share/pure_pursuit/package.bash'
[8.215s] INFO:colcon.colcon_core.shell:Creating package script '/home/vy/GalacticRacing/sim_ws/install/pure_pursuit/share/pure_pursuit/package.zsh'
[8.216s] Level 1:colcon.colcon_core.environment:create_file_with_runtime_dependencies(/home/vy/GalacticRacing/sim_ws/install/pure_pursuit/share/colcon-core/packages/pure_pursuit)
[8.396s] Level 1:colcon.colcon_core.environment:create_environment_scripts_only(pure_pursuit)
[8.478s] Level 1:colcon.colcon_core.environment:checking '/home/vy/GalacticRacing/sim_ws/install/pure_pursuit' for CMake module files
[8.479s] Level 1:colcon.colcon_core.environment:checking '/home/vy/GalacticRacing/sim_ws/install/pure_pursuit' for CMake config files
[8.480s] Level 1:colcon.colcon_core.shell:create_environment_hook('pure_pursuit', 'cmake_prefix_path')
[8.606s] INFO:colcon.colcon_core.shell:Creating environment hook '/home/vy/GalacticRacing/sim_ws/install/pure_pursuit/share/pure_pursuit/hook/cmake_prefix_path.ps1'
[8.611s] INFO:colcon.colcon_core.shell:Creating environment descriptor '/home/vy/GalacticRacing/sim_ws/install/pure_pursuit/share/pure_pursuit/hook/cmake_prefix_path.dsv'
[8.628s] INFO:colcon.colcon_core.shell:Creating environment hook '/home/vy/GalacticRacing/sim_ws/install/pure_pursuit/share/pure_pursuit/hook/cmake_prefix_path.sh'
[8.629s] Level 1:colcon.colcon_core.environment:checking '/home/vy/GalacticRacing/sim_ws/install/pure_pursuit/lib'
[8.629s] Level 1:colcon.colcon_core.environment:checking '/home/vy/GalacticRacing/sim_ws/install/pure_pursuit/bin'
[8.629s] Level 1:colcon.colcon_core.environment:checking '/home/vy/GalacticRacing/sim_ws/install/pure_pursuit/lib/pkgconfig/pure_pursuit.pc'
[8.629s] Level 1:colcon.colcon_core.environment:checking '/home/vy/GalacticRacing/sim_ws/install/pure_pursuit/lib/python3.8/site-packages'
[8.630s] Level 1:colcon.colcon_core.shell:create_environment_hook('pure_pursuit', 'pythonpath')
[8.721s] INFO:colcon.colcon_core.shell:Creating environment hook '/home/vy/GalacticRacing/sim_ws/install/pure_pursuit/share/pure_pursuit/hook/pythonpath.ps1'
[8.722s] INFO:colcon.colcon_core.shell:Creating environment descriptor '/home/vy/GalacticRacing/sim_ws/install/pure_pursuit/share/pure_pursuit/hook/pythonpath.dsv'
[8.722s] INFO:colcon.colcon_core.shell:Creating environment hook '/home/vy/GalacticRacing/sim_ws/install/pure_pursuit/share/pure_pursuit/hook/pythonpath.sh'
[8.723s] Level 1:colcon.colcon_core.environment:checking '/home/vy/GalacticRacing/sim_ws/install/pure_pursuit/bin'
[8.838s] INFO:colcon.colcon_core.shell:Creating package script '/home/vy/GalacticRacing/sim_ws/install/pure_pursuit/share/pure_pursuit/package.ps1'
[8.839s] INFO:colcon.colcon_core.shell:Creating package descriptor '/home/vy/GalacticRacing/sim_ws/install/pure_pursuit/share/pure_pursuit/package.dsv'
[8.839s] INFO:colcon.colcon_core.shell:Creating package script '/home/vy/GalacticRacing/sim_ws/install/pure_pursuit/share/pure_pursuit/package.sh'
[8.840s] INFO:colcon.colcon_core.shell:Creating package script '/home/vy/GalacticRacing/sim_ws/install/pure_pursuit/share/pure_pursuit/package.bash'
[8.841s] INFO:colcon.colcon_core.shell:Creating package script '/home/vy/GalacticRacing/sim_ws/install/pure_pursuit/share/pure_pursuit/package.zsh'
[8.841s] Level 1:colcon.colcon_core.environment:create_file_with_runtime_dependencies(/home/vy/GalacticRacing/sim_ws/install/pure_pursuit/share/colcon-core/packages/pure_pursuit)
[8.842s] DEBUG:colcon.colcon_parallel_executor.executor.parallel:closing loop
[8.842s] DEBUG:colcon.colcon_parallel_executor.executor.parallel:loop closed
[8.843s] DEBUG:colcon.colcon_parallel_executor.executor.parallel:run_until_complete finished with '0'
[8.843s] DEBUG:colcon.colcon_core.event_reactor:joining thread
[8.920s] INFO:colcon.colcon_core.plugin_system:Skipping extension 'colcon_notification.desktop_notification.terminal_notifier': Not used on non-Darwin systems
[8.920s] INFO:colcon.colcon_core.plugin_system:Skipping extension 'colcon_notification.desktop_notification.win32': Not used on non-Windows systems
[8.921s] INFO:colcon.colcon_notification.desktop_notification:Sending desktop notification using 'notify2'
[8.981s] DEBUG:colcon.colcon_core.event_reactor:joined thread
[9.059s] INFO:colcon.colcon_core.shell:Creating prefix script '/home/vy/GalacticRacing/sim_ws/install/local_setup.ps1'
[9.060s] INFO:colcon.colcon_core.shell:Creating prefix util module '/home/vy/GalacticRacing/sim_ws/install/_local_setup_util_ps1.py'
[9.061s] INFO:colcon.colcon_core.shell:Creating prefix chain script '/home/vy/GalacticRacing/sim_ws/install/setup.ps1'
[9.177s] INFO:colcon.colcon_core.shell:Creating prefix script '/home/vy/GalacticRacing/sim_ws/install/local_setup.sh'
[9.179s] INFO:colcon.colcon_core.shell:Creating prefix util module '/home/vy/GalacticRacing/sim_ws/install/_local_setup_util_sh.py'
[9.180s] INFO:colcon.colcon_core.shell:Creating prefix chain script '/home/vy/GalacticRacing/sim_ws/install/setup.sh'
[9.255s] INFO:colcon.colcon_core.shell:Creating prefix script '/home/vy/GalacticRacing/sim_ws/install/local_setup.bash'
[9.256s] INFO:colcon.colcon_core.shell:Creating prefix chain script '/home/vy/GalacticRacing/sim_ws/install/setup.bash'
[9.354s] INFO:colcon.colcon_core.shell:Creating prefix script '/home/vy/GalacticRacing/sim_ws/install/local_setup.zsh'
[9.357s] INFO:colcon.colcon_core.shell:Creating prefix chain script '/home/vy/GalacticRacing/sim_ws/install/setup.zsh'
