[1.749s] Invoking command in '/home/vy/GalacticRacing/sim_ws/src/build/gap_follow': CMAKE_PREFIX_PATH=/opt/ros/foxy /usr/bin/cmake --build /home/vy/GalacticRacing/sim_ws/src/build/gap_follow -- -j8 -l8
[2.182s] [100%] Built target reactive_node
[2.197s] Invoked command in '/home/vy/GalacticRacing/sim_ws/src/build/gap_follow' returned '0': CMAKE_PREFIX_PATH=/opt/ros/foxy /usr/bin/cmake --build /home/vy/GalacticRacing/sim_ws/src/build/gap_follow -- -j8 -l8
[2.245s] Invoking command in '/home/vy/GalacticRacing/sim_ws/src/build/gap_follow': CMAKE_PREFIX_PATH=/opt/ros/foxy /usr/bin/cmake --install /home/vy/GalacticRacing/sim_ws/src/build/gap_follow
[2.253s] -- Install configuration: ""
[2.253s] -- Up-to-date: /home/vy/GalacticRacing/sim_ws/src/install/gap_follow/lib/gap_follow/reactive_node
[2.253s] -- Up-to-date: /home/vy/GalacticRacing/sim_ws/src/install/gap_follow/share/gap_follow/environment/pythonpath.sh
[2.253s] -- Up-to-date: /home/vy/GalacticRacing/sim_ws/src/install/gap_follow/share/gap_follow/environment/pythonpath.dsv
[2.253s] -- Up-to-date: /home/vy/GalacticRacing/sim_ws/src/install/gap_follow/lib/python3.8/site-packages/gap_follow
[2.254s] -- Up-to-date: /home/vy/GalacticRacing/sim_ws/src/install/gap_follow/lib/python3.8/site-packages/gap_follow/__init__.py
[2.254s] -- Up-to-date: /home/vy/GalacticRacing/sim_ws/src/install/gap_follow/lib/python3.8/site-packages/gap_follow/variables.py
[2.254s] -- Up-to-date: /home/vy/GalacticRacing/sim_ws/src/install/gap_follow/lib/python3.8/site-packages/gap_follow/helper.py
[2.275s] Listing '/home/vy/GalacticRacing/sim_ws/src/install/gap_follow/lib/python3.8/site-packages/gap_follow'...
[2.279s] -- Up-to-date: /home/vy/GalacticRacing/sim_ws/src/install/gap_follow/lib/gap_follow/reactive_node.py
[2.280s] -- Up-to-date: /home/vy/GalacticRacing/sim_ws/src/install/gap_follow/share/ament_index/resource_index/package_run_dependencies/gap_follow
[2.280s] -- Up-to-date: /home/vy/GalacticRacing/sim_ws/src/install/gap_follow/share/ament_index/resource_index/parent_prefix_path/gap_follow
[2.280s] -- Up-to-date: /home/vy/GalacticRacing/sim_ws/src/install/gap_follow/share/gap_follow/environment/ament_prefix_path.sh
[2.280s] -- Up-to-date: /home/vy/GalacticRacing/sim_ws/src/install/gap_follow/share/gap_follow/environment/ament_prefix_path.dsv
[2.280s] -- Up-to-date: /home/vy/GalacticRacing/sim_ws/src/install/gap_follow/share/gap_follow/environment/path.sh
[2.280s] -- Up-to-date: /home/vy/GalacticRacing/sim_ws/src/install/gap_follow/share/gap_follow/environment/path.dsv
[2.280s] -- Up-to-date: /home/vy/GalacticRacing/sim_ws/src/install/gap_follow/share/gap_follow/local_setup.bash
[2.280s] -- Up-to-date: /home/vy/GalacticRacing/sim_ws/src/install/gap_follow/share/gap_follow/local_setup.sh
[2.280s] -- Up-to-date: /home/vy/GalacticRacing/sim_ws/src/install/gap_follow/share/gap_follow/local_setup.zsh
[2.281s] -- Up-to-date: /home/vy/GalacticRacing/sim_ws/src/install/gap_follow/share/gap_follow/local_setup.dsv
[2.281s] -- Installing: /home/vy/GalacticRacing/sim_ws/src/install/gap_follow/share/gap_follow/package.dsv
[2.281s] -- Up-to-date: /home/vy/GalacticRacing/sim_ws/src/install/gap_follow/share/ament_index/resource_index/packages/gap_follow
[2.281s] -- Up-to-date: /home/vy/GalacticRacing/sim_ws/src/install/gap_follow/share/gap_follow/cmake/gap_followConfig.cmake
[2.281s] -- Up-to-date: /home/vy/GalacticRacing/sim_ws/src/install/gap_follow/share/gap_follow/cmake/gap_followConfig-version.cmake
[2.281s] -- Up-to-date: /home/vy/GalacticRacing/sim_ws/src/install/gap_follow/share/gap_follow/package.xml
[2.283s] Invoked command in '/home/vy/GalacticRacing/sim_ws/src/build/gap_follow' returned '0': CMAKE_PREFIX_PATH=/opt/ros/foxy /usr/bin/cmake --install /home/vy/GalacticRacing/sim_ws/src/build/gap_follow
