[1.943s] DEBUG:colcon:Command line arguments: ['/usr/bin/colcon', 'build']
[1.944s] DEBUG:colcon:Parsed command line arguments: Namespace(allow_overriding=[], ament_cmake_args=None, base_paths=['.'], build_base='build', catkin_cmake_args=None, catkin_skip_building_tests=False, cmake_args=None, cmake_clean_cache=False, cmake_clean_first=False, cmake_force_configure=False, cmake_target=None, cmake_target_skip_unavailable=False, continue_on_error=False, event_handlers=None, executor='parallel', ignore_user_meta=False, install_base='install', log_base=None, log_level=None, main=<bound method BuildVerb.main of <colcon_core.verb.build.BuildVerb object at 0x7f801c661e50>>, merge_install=False, metas=['./colcon.meta'], packages_above=None, packages_above_and_dependencies=None, packages_above_depth=None, packages_end=None, packages_ignore=None, packages_ignore_regex=None, packages_select=None, packages_select_build_failed=False, packages_select_by_dep=None, packages_select_regex=None, packages_select_test_failures=False, packages_skip=None, packages_skip_build_finished=False, packages_skip_by_dep=None, packages_skip_regex=None, packages_skip_test_passed=False, packages_skip_up_to=None, packages_start=None, packages_up_to=None, packages_up_to_regex=None, parallel_workers=6, paths=None, symlink_install=False, test_result_base=None, verb_extension=<colcon_core.verb.build.BuildVerb object at 0x7f801c661e50>, verb_name='build', verb_parser=<colcon_defaults.argument_parser.defaults.DefaultArgumentsDecorator object at 0x7f801c6a9370>)
[2.061s] Level 1:colcon.colcon_core.package_discovery:discover_packages(colcon_meta) check parameters
[2.061s] Level 1:colcon.colcon_core.package_discovery:discover_packages(recursive) check parameters
[2.061s] Level 1:colcon.colcon_core.package_discovery:discover_packages(ignore) check parameters
[2.061s] Level 1:colcon.colcon_core.package_discovery:discover_packages(path) check parameters
[2.062s] Level 1:colcon.colcon_core.package_discovery:discover_packages(colcon_meta) discover
[2.062s] Level 1:colcon.colcon_core.package_discovery:discover_packages(recursive) discover
[2.062s] INFO:colcon.colcon_core.package_discovery:Crawling recursively for packages in '/home/vy/GalacticRacing/sim_ws/src/f1tenth_gym_ros'
[2.062s] Level 1:colcon.colcon_core.package_identification:_identify(.) by extensions ['ignore', 'ignore_ament_install']
[2.062s] Level 1:colcon.colcon_core.package_identification:_identify(.) by extension 'ignore'
[2.062s] Level 1:colcon.colcon_core.package_identification:_identify(.) by extension 'ignore_ament_install'
[2.062s] Level 1:colcon.colcon_core.package_identification:_identify(.) by extensions ['colcon_pkg']
[2.062s] Level 1:colcon.colcon_core.package_identification:_identify(.) by extension 'colcon_pkg'
[2.062s] Level 1:colcon.colcon_core.package_identification:_identify(.) by extensions ['colcon_meta']
[2.062s] Level 1:colcon.colcon_core.package_identification:_identify(.) by extension 'colcon_meta'
[2.062s] Level 1:colcon.colcon_core.package_identification:_identify(.) by extensions ['ros']
[2.062s] Level 1:colcon.colcon_core.package_identification:_identify(.) by extension 'ros'
[2.082s] DEBUG:colcon.colcon_core.package_identification:Package '.' with type 'ros.ament_python' and name 'f1tenth_gym_ros'
[2.082s] Level 1:colcon.colcon_core.package_discovery:discover_packages(recursive) using defaults
[2.082s] Level 1:colcon.colcon_core.package_discovery:discover_packages(ignore) discover
[2.082s] Level 1:colcon.colcon_core.package_discovery:discover_packages(ignore) using defaults
[2.082s] Level 1:colcon.colcon_core.package_discovery:discover_packages(path) discover
[2.082s] Level 1:colcon.colcon_core.package_discovery:discover_packages(path) using defaults
[2.222s] Level 1:colcon.colcon_core.package_discovery:discover_packages(prefix_path) check parameters
[2.222s] Level 1:colcon.colcon_core.package_discovery:discover_packages(prefix_path) discover
[2.248s] Level 1:colcon.colcon_core.package_discovery:discover_packages(prefix_path) using defaults
[2.302s] Level 5:colcon.colcon_core.verb:set package 'f1tenth_gym_ros' build argument 'cmake_args' from command line to 'None'
[2.302s] Level 5:colcon.colcon_core.verb:set package 'f1tenth_gym_ros' build argument 'cmake_target' from command line to 'None'
[2.302s] Level 5:colcon.colcon_core.verb:set package 'f1tenth_gym_ros' build argument 'cmake_target_skip_unavailable' from command line to 'False'
[2.302s] Level 5:colcon.colcon_core.verb:set package 'f1tenth_gym_ros' build argument 'cmake_clean_cache' from command line to 'False'
[2.302s] Level 5:colcon.colcon_core.verb:set package 'f1tenth_gym_ros' build argument 'cmake_clean_first' from command line to 'False'
[2.302s] Level 5:colcon.colcon_core.verb:set package 'f1tenth_gym_ros' build argument 'cmake_force_configure' from command line to 'False'
[2.302s] Level 5:colcon.colcon_core.verb:set package 'f1tenth_gym_ros' build argument 'ament_cmake_args' from command line to 'None'
[2.302s] Level 5:colcon.colcon_core.verb:set package 'f1tenth_gym_ros' build argument 'catkin_cmake_args' from command line to 'None'
[2.302s] Level 5:colcon.colcon_core.verb:set package 'f1tenth_gym_ros' build argument 'catkin_skip_building_tests' from command line to 'False'
[2.302s] DEBUG:colcon.colcon_core.verb:Building package 'f1tenth_gym_ros' with the following arguments: {'ament_cmake_args': None, 'build_base': '/home/vy/GalacticRacing/sim_ws/src/f1tenth_gym_ros/build/f1tenth_gym_ros', 'catkin_cmake_args': None, 'catkin_skip_building_tests': False, 'cmake_args': None, 'cmake_clean_cache': False, 'cmake_clean_first': False, 'cmake_force_configure': False, 'cmake_target': None, 'cmake_target_skip_unavailable': False, 'install_base': '/home/vy/GalacticRacing/sim_ws/src/f1tenth_gym_ros/install/f1tenth_gym_ros', 'merge_install': False, 'path': '/home/vy/GalacticRacing/sim_ws/src/f1tenth_gym_ros', 'symlink_install': False, 'test_result_base': None}
[2.324s] INFO:colcon.colcon_core.executor:Executing jobs using 'parallel' executor
[2.351s] DEBUG:colcon.colcon_parallel_executor.executor.parallel:run_until_complete
[2.353s] INFO:colcon.colcon_ros.task.ament_python.build:Building ROS package in '/home/vy/GalacticRacing/sim_ws/src/f1tenth_gym_ros' with build type 'ament_python'
[2.353s] Level 1:colcon.colcon_core.shell:create_environment_hook('f1tenth_gym_ros', 'ament_prefix_path')
[2.387s] INFO:colcon.colcon_core.plugin_system:Skipping extension 'colcon_core.shell.bat': Not used on non-Windows systems
[2.387s] INFO:colcon.colcon_core.shell:Creating environment hook '/home/vy/GalacticRacing/sim_ws/src/f1tenth_gym_ros/install/f1tenth_gym_ros/share/f1tenth_gym_ros/hook/ament_prefix_path.ps1'
[2.390s] INFO:colcon.colcon_core.shell:Creating environment descriptor '/home/vy/GalacticRacing/sim_ws/src/f1tenth_gym_ros/install/f1tenth_gym_ros/share/f1tenth_gym_ros/hook/ament_prefix_path.dsv'
[2.391s] INFO:colcon.colcon_core.shell:Creating environment hook '/home/vy/GalacticRacing/sim_ws/src/f1tenth_gym_ros/install/f1tenth_gym_ros/share/f1tenth_gym_ros/hook/ament_prefix_path.sh'
[2.416s] INFO:colcon.colcon_core.shell:Skip shell extension 'powershell' for command environment: Not usable outside of PowerShell
[2.416s] DEBUG:colcon.colcon_core.shell:Skip shell extension 'dsv' for command environment
[2.616s] INFO:colcon.colcon_core.task.python.build:Building Python package in '/home/vy/GalacticRacing/sim_ws/src/f1tenth_gym_ros'
[2.639s] INFO:colcon.colcon_core.shell:Skip shell extension 'powershell' for command environment: Not usable outside of PowerShell
[2.639s] DEBUG:colcon.colcon_core.shell:Skip shell extension 'dsv' for command environment
[3.162s] DEBUG:colcon.colcon_core.event_handler.log_command:Invoking command in '/home/vy/GalacticRacing/sim_ws/src/f1tenth_gym_ros': PYTHONPATH=/home/vy/GalacticRacing/sim_ws/src/f1tenth_gym_ros/build/f1tenth_gym_ros/prefix_override:/home/vy/GalacticRacing/sim_ws/src/f1tenth_gym_ros/install/f1tenth_gym_ros/lib/python3.8/site-packages: /usr/bin/python3 setup.py egg_info --egg-base build/f1tenth_gym_ros build --build-base /home/vy/GalacticRacing/sim_ws/src/f1tenth_gym_ros/build/f1tenth_gym_ros/build install --record /home/vy/GalacticRacing/sim_ws/src/f1tenth_gym_ros/build/f1tenth_gym_ros/install.log --install-scripts $base/lib/f1tenth_gym_ros --single-version-externally-managed
[3.415s] DEBUG:colcon.colcon_core.event_handler.log_command:Invoked command in '/home/vy/GalacticRacing/sim_ws/src/f1tenth_gym_ros' returned '0': PYTHONPATH=/home/vy/GalacticRacing/sim_ws/src/f1tenth_gym_ros/build/f1tenth_gym_ros/prefix_override:/home/vy/GalacticRacing/sim_ws/src/f1tenth_gym_ros/install/f1tenth_gym_ros/lib/python3.8/site-packages: /usr/bin/python3 setup.py egg_info --egg-base build/f1tenth_gym_ros build --build-base /home/vy/GalacticRacing/sim_ws/src/f1tenth_gym_ros/build/f1tenth_gym_ros/build install --record /home/vy/GalacticRacing/sim_ws/src/f1tenth_gym_ros/build/f1tenth_gym_ros/install.log --install-scripts $base/lib/f1tenth_gym_ros --single-version-externally-managed
[3.458s] Level 1:colcon.colcon_core.environment:checking '/home/vy/GalacticRacing/sim_ws/src/f1tenth_gym_ros/install/f1tenth_gym_ros' for CMake module files
[3.459s] Level 1:colcon.colcon_core.environment:checking '/home/vy/GalacticRacing/sim_ws/src/f1tenth_gym_ros/install/f1tenth_gym_ros' for CMake config files
[3.459s] Level 1:colcon.colcon_core.environment:checking '/home/vy/GalacticRacing/sim_ws/src/f1tenth_gym_ros/install/f1tenth_gym_ros/lib'
[3.460s] Level 1:colcon.colcon_core.environment:checking '/home/vy/GalacticRacing/sim_ws/src/f1tenth_gym_ros/install/f1tenth_gym_ros/bin'
[3.460s] Level 1:colcon.colcon_core.environment:checking '/home/vy/GalacticRacing/sim_ws/src/f1tenth_gym_ros/install/f1tenth_gym_ros/lib/pkgconfig/f1tenth_gym_ros.pc'
[3.460s] Level 1:colcon.colcon_core.environment:checking '/home/vy/GalacticRacing/sim_ws/src/f1tenth_gym_ros/install/f1tenth_gym_ros/lib/python3.8/site-packages'
[3.460s] Level 1:colcon.colcon_core.shell:create_environment_hook('f1tenth_gym_ros', 'pythonpath')
[3.484s] INFO:colcon.colcon_core.shell:Creating environment hook '/home/vy/GalacticRacing/sim_ws/src/f1tenth_gym_ros/install/f1tenth_gym_ros/share/f1tenth_gym_ros/hook/pythonpath.ps1'
[3.485s] INFO:colcon.colcon_core.shell:Creating environment descriptor '/home/vy/GalacticRacing/sim_ws/src/f1tenth_gym_ros/install/f1tenth_gym_ros/share/f1tenth_gym_ros/hook/pythonpath.dsv'
[3.485s] INFO:colcon.colcon_core.shell:Creating environment hook '/home/vy/GalacticRacing/sim_ws/src/f1tenth_gym_ros/install/f1tenth_gym_ros/share/f1tenth_gym_ros/hook/pythonpath.sh'
[3.486s] Level 1:colcon.colcon_core.environment:checking '/home/vy/GalacticRacing/sim_ws/src/f1tenth_gym_ros/install/f1tenth_gym_ros/bin'
[3.486s] Level 1:colcon.colcon_core.environment:create_environment_scripts_only(f1tenth_gym_ros)
[3.508s] INFO:colcon.colcon_core.shell:Creating package script '/home/vy/GalacticRacing/sim_ws/src/f1tenth_gym_ros/install/f1tenth_gym_ros/share/f1tenth_gym_ros/package.ps1'
[3.510s] INFO:colcon.colcon_core.shell:Creating package descriptor '/home/vy/GalacticRacing/sim_ws/src/f1tenth_gym_ros/install/f1tenth_gym_ros/share/f1tenth_gym_ros/package.dsv'
[3.512s] INFO:colcon.colcon_core.shell:Creating package script '/home/vy/GalacticRacing/sim_ws/src/f1tenth_gym_ros/install/f1tenth_gym_ros/share/f1tenth_gym_ros/package.sh'
[3.513s] INFO:colcon.colcon_core.shell:Creating package script '/home/vy/GalacticRacing/sim_ws/src/f1tenth_gym_ros/install/f1tenth_gym_ros/share/f1tenth_gym_ros/package.bash'
[3.516s] INFO:colcon.colcon_core.shell:Creating package script '/home/vy/GalacticRacing/sim_ws/src/f1tenth_gym_ros/install/f1tenth_gym_ros/share/f1tenth_gym_ros/package.zsh'
[3.518s] Level 1:colcon.colcon_core.environment:create_file_with_runtime_dependencies(/home/vy/GalacticRacing/sim_ws/src/f1tenth_gym_ros/install/f1tenth_gym_ros/share/colcon-core/packages/f1tenth_gym_ros)
[3.520s] DEBUG:colcon.colcon_parallel_executor.executor.parallel:closing loop
[3.521s] DEBUG:colcon.colcon_parallel_executor.executor.parallel:loop closed
[3.521s] DEBUG:colcon.colcon_parallel_executor.executor.parallel:run_until_complete finished with '0'
[3.521s] DEBUG:colcon.colcon_core.event_reactor:joining thread
[3.554s] INFO:colcon.colcon_core.plugin_system:Skipping extension 'colcon_notification.desktop_notification.terminal_notifier': Not used on non-Darwin systems
[3.554s] INFO:colcon.colcon_core.plugin_system:Skipping extension 'colcon_notification.desktop_notification.win32': Not used on non-Windows systems
[3.554s] INFO:colcon.colcon_notification.desktop_notification:Sending desktop notification using 'notify2'
[3.579s] DEBUG:colcon.colcon_core.event_reactor:joined thread
[3.612s] INFO:colcon.colcon_core.shell:Creating prefix script '/home/vy/GalacticRacing/sim_ws/src/f1tenth_gym_ros/install/local_setup.ps1'
[3.614s] INFO:colcon.colcon_core.shell:Creating prefix util module '/home/vy/GalacticRacing/sim_ws/src/f1tenth_gym_ros/install/_local_setup_util_ps1.py'
[3.617s] INFO:colcon.colcon_core.shell:Creating prefix chain script '/home/vy/GalacticRacing/sim_ws/src/f1tenth_gym_ros/install/setup.ps1'
[3.646s] INFO:colcon.colcon_core.shell:Creating prefix script '/home/vy/GalacticRacing/sim_ws/src/f1tenth_gym_ros/install/local_setup.sh'
[3.649s] INFO:colcon.colcon_core.shell:Creating prefix util module '/home/vy/GalacticRacing/sim_ws/src/f1tenth_gym_ros/install/_local_setup_util_sh.py'
[3.650s] INFO:colcon.colcon_core.shell:Creating prefix chain script '/home/vy/GalacticRacing/sim_ws/src/f1tenth_gym_ros/install/setup.sh'
[3.680s] INFO:colcon.colcon_core.shell:Creating prefix script '/home/vy/GalacticRacing/sim_ws/src/f1tenth_gym_ros/install/local_setup.bash'
[3.682s] INFO:colcon.colcon_core.shell:Creating prefix chain script '/home/vy/GalacticRacing/sim_ws/src/f1tenth_gym_ros/install/setup.bash'
[3.715s] INFO:colcon.colcon_core.shell:Creating prefix script '/home/vy/GalacticRacing/sim_ws/src/f1tenth_gym_ros/install/local_setup.zsh'
[3.718s] INFO:colcon.colcon_core.shell:Creating prefix chain script '/home/vy/GalacticRacing/sim_ws/src/f1tenth_gym_ros/install/setup.zsh'
