[0.612s] Invoking command in '/home/vy/GalacticRacing/sim_ws/src/build/safety_node': /usr/bin/cmake /home/vy/GalacticRacing/sim_ws/src/safety_node -DCMAKE_INSTALL_PREFIX=/home/vy/GalacticRacing/sim_ws/src/install/safety_node
[0.800s] -- Found ament_cmake: 0.9.12 (/opt/ros/foxy/share/ament_cmake/cmake)
[0.808s] -- Using PYTHON_EXECUTABLE: /usr/bin/python3
[0.913s] Traceback (most recent call last):
[0.916s]   File "/opt/ros/foxy/share/ament_cmake_core/cmake/package_templates/templates_2_cmake.py", line 21, in <module>
[0.916s]     from ament_package.templates import get_environment_hook_template_path
[0.916s] ModuleNotFoundError: No module named 'ament_package'
[0.939s] CMake Error at /opt/ros/foxy/share/ament_cmake_core/cmake/ament_cmake_package_templates-extras.cmake:41 (message):
[0.939s]   execute_process(/usr/bin/python3
[0.939s]   /opt/ros/foxy/share/ament_cmake_core/cmake/package_templates/templates_2_cmake.py
[0.939s]   /home/vy/GalacticRacing/sim_ws/src/build/safety_node/ament_cmake_package_templates/templates.cmake)
[0.939s]   returned error code 1
[0.939s] Call Stack (most recent call first):
[0.939s]   /opt/ros/foxy/share/ament_cmake_core/cmake/ament_cmake_coreConfig.cmake:41 (include)
[0.939s]   /opt/ros/foxy/share/ament_cmake/cmake/ament_cmake_export_dependencies-extras.cmake:15 (find_package)
[0.940s]   /opt/ros/foxy/share/ament_cmake/cmake/ament_cmakeConfig.cmake:41 (include)
[0.940s]   CMakeLists.txt:24 (find_package)
[0.940s] 
[0.940s] 
[0.940s] -- Configuring incomplete, errors occurred!
[0.940s] See also "/home/vy/GalacticRacing/sim_ws/src/build/safety_node/CMakeFiles/CMakeOutput.log".
[0.940s] See also "/home/vy/GalacticRacing/sim_ws/src/build/safety_node/CMakeFiles/CMakeError.log".
[0.949s] Invoked command in '/home/vy/GalacticRacing/sim_ws/src/build/safety_node' returned '1': /usr/bin/cmake /home/vy/GalacticRacing/sim_ws/src/safety_node -DCMAKE_INSTALL_PREFIX=/home/vy/GalacticRacing/sim_ws/src/install/safety_node
