[1.115s] DEBUG:colcon:Command line arguments: ['/usr/bin/colcon', 'build', '--packages-select', 'wall_follow']
[1.115s] DEBUG:colcon:Parsed command line arguments: Namespace(allow_overriding=[], ament_cmake_args=None, base_paths=['.'], build_base='build', catkin_cmake_args=None, catkin_skip_building_tests=False, cmake_args=None, cmake_clean_cache=False, cmake_clean_first=False, cmake_force_configure=False, cmake_target=None, cmake_target_skip_unavailable=False, continue_on_error=False, event_handlers=None, executor='parallel', ignore_user_meta=False, install_base='install', log_base=None, log_level=None, main=<bound method BuildVerb.main of <colcon_core.verb.build.BuildVerb object at 0x7f8cd8e8afa0>>, merge_install=False, metas=['./colcon.meta'], packages_above=None, packages_above_and_dependencies=None, packages_above_depth=None, packages_end=None, packages_ignore=None, packages_ignore_regex=None, packages_select=['wall_follow'], packages_select_build_failed=False, packages_select_by_dep=None, packages_select_regex=None, packages_select_test_failures=False, packages_skip=None, packages_skip_build_finished=False, packages_skip_by_dep=None, packages_skip_regex=None, packages_skip_test_passed=False, packages_skip_up_to=None, packages_start=None, packages_up_to=None, packages_up_to_regex=None, parallel_workers=6, paths=None, symlink_install=False, test_result_base=None, verb_extension=<colcon_core.verb.build.BuildVerb object at 0x7f8cd8e8afa0>, verb_name='build', verb_parser=<colcon_defaults.argument_parser.defaults.DefaultArgumentsDecorator object at 0x7f8cd8b11ca0>)
[1.166s] Level 1:colcon.colcon_core.package_discovery:discover_packages(colcon_meta) check parameters
[1.166s] Level 1:colcon.colcon_core.package_discovery:discover_packages(recursive) check parameters
[1.166s] Level 1:colcon.colcon_core.package_discovery:discover_packages(ignore) check parameters
[1.166s] Level 1:colcon.colcon_core.package_discovery:discover_packages(path) check parameters
[1.166s] Level 1:colcon.colcon_core.package_discovery:discover_packages(colcon_meta) discover
[1.166s] Level 1:colcon.colcon_core.package_discovery:discover_packages(recursive) discover
[1.166s] INFO:colcon.colcon_core.package_discovery:Crawling recursively for packages in '/home/vy/GalacticRacing/sim_ws/src'
[1.166s] Level 1:colcon.colcon_core.package_identification:_identify(.) by extensions ['ignore', 'ignore_ament_install']
[1.166s] Level 1:colcon.colcon_core.package_identification:_identify(.) by extension 'ignore'
[1.166s] Level 1:colcon.colcon_core.package_identification:_identify(.) by extension 'ignore_ament_install'
[1.166s] Level 1:colcon.colcon_core.package_identification:_identify(.) by extensions ['colcon_pkg']
[1.166s] Level 1:colcon.colcon_core.package_identification:_identify(.) by extension 'colcon_pkg'
[1.166s] Level 1:colcon.colcon_core.package_identification:_identify(.) by extensions ['colcon_meta']
[1.166s] Level 1:colcon.colcon_core.package_identification:_identify(.) by extension 'colcon_meta'
[1.167s] Level 1:colcon.colcon_core.package_identification:_identify(.) by extensions ['ros']
[1.167s] Level 1:colcon.colcon_core.package_identification:_identify(.) by extension 'ros'
[1.175s] Level 1:colcon.colcon_core.package_identification:_identify(.) by extensions ['cmake', 'python']
[1.175s] Level 1:colcon.colcon_core.package_identification:_identify(.) by extension 'cmake'
[1.175s] Level 1:colcon.colcon_core.package_identification:_identify(.) by extension 'python'
[1.175s] Level 1:colcon.colcon_core.package_identification:_identify(.) by extensions ['python_setup_py']
[1.175s] Level 1:colcon.colcon_core.package_identification:_identify(.) by extension 'python_setup_py'
[1.175s] Level 1:colcon.colcon_core.package_identification:_identify(build) by extensions ['ignore', 'ignore_ament_install']
[1.175s] Level 1:colcon.colcon_core.package_identification:_identify(build) by extension 'ignore'
[1.175s] Level 1:colcon.colcon_core.package_identification:_identify(build) ignored
[1.175s] Level 1:colcon.colcon_core.package_identification:_identify(f1tenth_gym_ros) by extensions ['ignore', 'ignore_ament_install']
[1.175s] Level 1:colcon.colcon_core.package_identification:_identify(f1tenth_gym_ros) by extension 'ignore'
[1.176s] Level 1:colcon.colcon_core.package_identification:_identify(f1tenth_gym_ros) by extension 'ignore_ament_install'
[1.176s] Level 1:colcon.colcon_core.package_identification:_identify(f1tenth_gym_ros) by extensions ['colcon_pkg']
[1.176s] Level 1:colcon.colcon_core.package_identification:_identify(f1tenth_gym_ros) by extension 'colcon_pkg'
[1.176s] Level 1:colcon.colcon_core.package_identification:_identify(f1tenth_gym_ros) by extensions ['colcon_meta']
[1.176s] Level 1:colcon.colcon_core.package_identification:_identify(f1tenth_gym_ros) by extension 'colcon_meta'
[1.176s] Level 1:colcon.colcon_core.package_identification:_identify(f1tenth_gym_ros) by extensions ['ros']
[1.176s] Level 1:colcon.colcon_core.package_identification:_identify(f1tenth_gym_ros) by extension 'ros'
[1.178s] DEBUG:colcon.colcon_core.package_identification:Package 'f1tenth_gym_ros' with type 'ros.ament_python' and name 'f1tenth_gym_ros'
[1.178s] Level 1:colcon.colcon_core.package_identification:_identify(install) by extensions ['ignore', 'ignore_ament_install']
[1.178s] Level 1:colcon.colcon_core.package_identification:_identify(install) by extension 'ignore'
[1.178s] Level 1:colcon.colcon_core.package_identification:_identify(install) ignored
[1.178s] Level 1:colcon.colcon_core.package_identification:_identify(log) by extensions ['ignore', 'ignore_ament_install']
[1.178s] Level 1:colcon.colcon_core.package_identification:_identify(log) by extension 'ignore'
[1.178s] Level 1:colcon.colcon_core.package_identification:_identify(log) ignored
[1.178s] Level 1:colcon.colcon_core.package_identification:_identify(ros_msg_pkg) by extensions ['ignore', 'ignore_ament_install']
[1.179s] Level 1:colcon.colcon_core.package_identification:_identify(ros_msg_pkg) by extension 'ignore'
[1.179s] Level 1:colcon.colcon_core.package_identification:_identify(ros_msg_pkg) by extension 'ignore_ament_install'
[1.179s] Level 1:colcon.colcon_core.package_identification:_identify(ros_msg_pkg) by extensions ['colcon_pkg']
[1.179s] Level 1:colcon.colcon_core.package_identification:_identify(ros_msg_pkg) by extension 'colcon_pkg'
[1.179s] Level 1:colcon.colcon_core.package_identification:_identify(ros_msg_pkg) by extensions ['colcon_meta']
[1.179s] Level 1:colcon.colcon_core.package_identification:_identify(ros_msg_pkg) by extension 'colcon_meta'
[1.179s] Level 1:colcon.colcon_core.package_identification:_identify(ros_msg_pkg) by extensions ['ros']
[1.179s] Level 1:colcon.colcon_core.package_identification:_identify(ros_msg_pkg) by extension 'ros'
[1.179s] DEBUG:colcon.colcon_core.package_identification:Package 'ros_msg_pkg' with type 'ros.ament_python' and name 'ros_msg_pkg'
[1.179s] Level 1:colcon.colcon_core.package_identification:_identify(safety_node) by extensions ['ignore', 'ignore_ament_install']
[1.179s] Level 1:colcon.colcon_core.package_identification:_identify(safety_node) by extension 'ignore'
[1.179s] Level 1:colcon.colcon_core.package_identification:_identify(safety_node) by extension 'ignore_ament_install'
[1.180s] Level 1:colcon.colcon_core.package_identification:_identify(safety_node) by extensions ['colcon_pkg']
[1.180s] Level 1:colcon.colcon_core.package_identification:_identify(safety_node) by extension 'colcon_pkg'
[1.180s] Level 1:colcon.colcon_core.package_identification:_identify(safety_node) by extensions ['colcon_meta']
[1.180s] Level 1:colcon.colcon_core.package_identification:_identify(safety_node) by extension 'colcon_meta'
[1.180s] Level 1:colcon.colcon_core.package_identification:_identify(safety_node) by extensions ['ros']
[1.180s] Level 1:colcon.colcon_core.package_identification:_identify(safety_node) by extension 'ros'
[1.180s] DEBUG:colcon.colcon_core.package_identification:Package 'safety_node' with type 'ros.ament_cmake' and name 'safety_node'
[1.180s] Level 1:colcon.colcon_core.package_identification:_identify(wall_follow) by extensions ['ignore', 'ignore_ament_install']
[1.180s] Level 1:colcon.colcon_core.package_identification:_identify(wall_follow) by extension 'ignore'
[1.181s] Level 1:colcon.colcon_core.package_identification:_identify(wall_follow) by extension 'ignore_ament_install'
[1.181s] Level 1:colcon.colcon_core.package_identification:_identify(wall_follow) by extensions ['colcon_pkg']
[1.181s] Level 1:colcon.colcon_core.package_identification:_identify(wall_follow) by extension 'colcon_pkg'
[1.181s] Level 1:colcon.colcon_core.package_identification:_identify(wall_follow) by extensions ['colcon_meta']
[1.181s] Level 1:colcon.colcon_core.package_identification:_identify(wall_follow) by extension 'colcon_meta'
[1.181s] Level 1:colcon.colcon_core.package_identification:_identify(wall_follow) by extensions ['ros']
[1.181s] Level 1:colcon.colcon_core.package_identification:_identify(wall_follow) by extension 'ros'
[1.181s] DEBUG:colcon.colcon_core.package_identification:Package 'wall_follow' with type 'ros.ament_cmake' and name 'wall_follow'
[1.182s] Level 1:colcon.colcon_core.package_discovery:discover_packages(recursive) using defaults
[1.182s] Level 1:colcon.colcon_core.package_discovery:discover_packages(ignore) discover
[1.182s] Level 1:colcon.colcon_core.package_discovery:discover_packages(ignore) using defaults
[1.182s] Level 1:colcon.colcon_core.package_discovery:discover_packages(path) discover
[1.182s] Level 1:colcon.colcon_core.package_discovery:discover_packages(path) using defaults
[1.251s] INFO:colcon.colcon_core.package_selection:Skipping not selected package 'f1tenth_gym_ros' in 'f1tenth_gym_ros'
[1.252s] INFO:colcon.colcon_core.package_selection:Skipping not selected package 'ros_msg_pkg' in 'ros_msg_pkg'
[1.253s] INFO:colcon.colcon_core.package_selection:Skipping not selected package 'safety_node' in 'safety_node'
[1.290s] Level 1:colcon.colcon_core.package_discovery:discover_packages(prefix_path) check parameters
[1.291s] Level 1:colcon.colcon_core.package_discovery:discover_packages(prefix_path) discover
[1.315s] Level 1:colcon.colcon_core.package_discovery:discover_packages(prefix_path) using defaults
[1.361s] Level 5:colcon.colcon_core.verb:set package 'wall_follow' build argument 'cmake_args' from command line to 'None'
[1.361s] Level 5:colcon.colcon_core.verb:set package 'wall_follow' build argument 'cmake_target' from command line to 'None'
[1.361s] Level 5:colcon.colcon_core.verb:set package 'wall_follow' build argument 'cmake_target_skip_unavailable' from command line to 'False'
[1.361s] Level 5:colcon.colcon_core.verb:set package 'wall_follow' build argument 'cmake_clean_cache' from command line to 'False'
[1.361s] Level 5:colcon.colcon_core.verb:set package 'wall_follow' build argument 'cmake_clean_first' from command line to 'False'
[1.361s] Level 5:colcon.colcon_core.verb:set package 'wall_follow' build argument 'cmake_force_configure' from command line to 'False'
[1.361s] Level 5:colcon.colcon_core.verb:set package 'wall_follow' build argument 'ament_cmake_args' from command line to 'None'
[1.361s] Level 5:colcon.colcon_core.verb:set package 'wall_follow' build argument 'catkin_cmake_args' from command line to 'None'
[1.361s] Level 5:colcon.colcon_core.verb:set package 'wall_follow' build argument 'catkin_skip_building_tests' from command line to 'False'
[1.361s] DEBUG:colcon.colcon_core.verb:Building package 'wall_follow' with the following arguments: {'ament_cmake_args': None, 'build_base': '/home/vy/GalacticRacing/sim_ws/src/build/wall_follow', 'catkin_cmake_args': None, 'catkin_skip_building_tests': False, 'cmake_args': None, 'cmake_clean_cache': False, 'cmake_clean_first': False, 'cmake_force_configure': False, 'cmake_target': None, 'cmake_target_skip_unavailable': False, 'install_base': '/home/vy/GalacticRacing/sim_ws/src/install/wall_follow', 'merge_install': False, 'path': '/home/vy/GalacticRacing/sim_ws/src/wall_follow', 'symlink_install': False, 'test_result_base': None}
[1.380s] INFO:colcon.colcon_core.executor:Executing jobs using 'parallel' executor
[1.400s] DEBUG:colcon.colcon_parallel_executor.executor.parallel:run_until_complete
[1.400s] INFO:colcon.colcon_ros.task.ament_cmake.build:Building ROS package in '/home/vy/GalacticRacing/sim_ws/src/wall_follow' with build type 'ament_cmake'
[1.400s] INFO:colcon.colcon_cmake.task.cmake.build:Building CMake package in '/home/vy/GalacticRacing/sim_ws/src/wall_follow'
[1.421s] INFO:colcon.colcon_core.plugin_system:Skipping extension 'colcon_core.shell.bat': Not used on non-Windows systems
[1.421s] INFO:colcon.colcon_core.shell:Skip shell extension 'powershell' for command environment: Not usable outside of PowerShell
[1.421s] DEBUG:colcon.colcon_core.shell:Skip shell extension 'dsv' for command environment
[1.472s] DEBUG:colcon.colcon_core.event_handler.log_command:Invoking command in '/home/vy/GalacticRacing/sim_ws/src/build/wall_follow': /usr/bin/cmake --build /home/vy/GalacticRacing/sim_ws/src/build/wall_follow -- -j6 -l6
[1.544s] DEBUG:colcon.colcon_core.event_handler.log_command:Invoked command in '/home/vy/GalacticRacing/sim_ws/src/build/wall_follow' returned '0': /usr/bin/cmake --build /home/vy/GalacticRacing/sim_ws/src/build/wall_follow -- -j6 -l6
[1.583s] DEBUG:colcon.colcon_core.event_handler.log_command:Invoking command in '/home/vy/GalacticRacing/sim_ws/src/build/wall_follow': /usr/bin/cmake --install /home/vy/GalacticRacing/sim_ws/src/build/wall_follow
[1.624s] Level 1:colcon.colcon_core.environment:create_environment_scripts_only(wall_follow)
[1.624s] DEBUG:colcon.colcon_core.event_handler.log_command:Invoked command in '/home/vy/GalacticRacing/sim_ws/src/build/wall_follow' returned '0': /usr/bin/cmake --install /home/vy/GalacticRacing/sim_ws/src/build/wall_follow
[1.647s] Level 1:colcon.colcon_core.environment:checking '/home/vy/GalacticRacing/sim_ws/src/install/wall_follow' for CMake module files
[1.647s] Level 1:colcon.colcon_core.environment:checking '/home/vy/GalacticRacing/sim_ws/src/install/wall_follow' for CMake config files
[1.648s] Level 1:colcon.colcon_core.shell:create_environment_hook('wall_follow', 'cmake_prefix_path')
[1.670s] INFO:colcon.colcon_core.shell:Creating environment hook '/home/vy/GalacticRacing/sim_ws/src/install/wall_follow/share/wall_follow/hook/cmake_prefix_path.ps1'
[1.671s] INFO:colcon.colcon_core.shell:Creating environment descriptor '/home/vy/GalacticRacing/sim_ws/src/install/wall_follow/share/wall_follow/hook/cmake_prefix_path.dsv'
[1.672s] INFO:colcon.colcon_core.shell:Creating environment hook '/home/vy/GalacticRacing/sim_ws/src/install/wall_follow/share/wall_follow/hook/cmake_prefix_path.sh'
[1.673s] Level 1:colcon.colcon_core.environment:checking '/home/vy/GalacticRacing/sim_ws/src/install/wall_follow/lib'
[1.673s] Level 1:colcon.colcon_core.environment:checking '/home/vy/GalacticRacing/sim_ws/src/install/wall_follow/bin'
[1.673s] Level 1:colcon.colcon_core.environment:checking '/home/vy/GalacticRacing/sim_ws/src/install/wall_follow/lib/pkgconfig/wall_follow.pc'
[1.674s] Level 1:colcon.colcon_core.environment:checking '/home/vy/GalacticRacing/sim_ws/src/install/wall_follow/lib/python3.8/site-packages'
[1.674s] Level 1:colcon.colcon_core.shell:create_environment_hook('wall_follow', 'pythonpath')
[1.694s] INFO:colcon.colcon_core.shell:Creating environment hook '/home/vy/GalacticRacing/sim_ws/src/install/wall_follow/share/wall_follow/hook/pythonpath.ps1'
[1.694s] INFO:colcon.colcon_core.shell:Creating environment descriptor '/home/vy/GalacticRacing/sim_ws/src/install/wall_follow/share/wall_follow/hook/pythonpath.dsv'
[1.695s] INFO:colcon.colcon_core.shell:Creating environment hook '/home/vy/GalacticRacing/sim_ws/src/install/wall_follow/share/wall_follow/hook/pythonpath.sh'
[1.695s] Level 1:colcon.colcon_core.environment:checking '/home/vy/GalacticRacing/sim_ws/src/install/wall_follow/bin'
[1.730s] INFO:colcon.colcon_core.shell:Creating package script '/home/vy/GalacticRacing/sim_ws/src/install/wall_follow/share/wall_follow/package.ps1'
[1.733s] INFO:colcon.colcon_core.shell:Creating package descriptor '/home/vy/GalacticRacing/sim_ws/src/install/wall_follow/share/wall_follow/package.dsv'
[1.734s] INFO:colcon.colcon_core.shell:Creating package script '/home/vy/GalacticRacing/sim_ws/src/install/wall_follow/share/wall_follow/package.sh'
[1.734s] INFO:colcon.colcon_core.shell:Creating package script '/home/vy/GalacticRacing/sim_ws/src/install/wall_follow/share/wall_follow/package.bash'
[1.735s] INFO:colcon.colcon_core.shell:Creating package script '/home/vy/GalacticRacing/sim_ws/src/install/wall_follow/share/wall_follow/package.zsh'
[1.736s] Level 1:colcon.colcon_core.environment:create_file_with_runtime_dependencies(/home/vy/GalacticRacing/sim_ws/src/install/wall_follow/share/colcon-core/packages/wall_follow)
[1.792s] Level 1:colcon.colcon_core.environment:create_environment_scripts_only(wall_follow)
[1.810s] Level 1:colcon.colcon_core.environment:checking '/home/vy/GalacticRacing/sim_ws/src/install/wall_follow' for CMake module files
[1.811s] Level 1:colcon.colcon_core.environment:checking '/home/vy/GalacticRacing/sim_ws/src/install/wall_follow' for CMake config files
[1.811s] Level 1:colcon.colcon_core.shell:create_environment_hook('wall_follow', 'cmake_prefix_path')
[1.830s] INFO:colcon.colcon_core.shell:Creating environment hook '/home/vy/GalacticRacing/sim_ws/src/install/wall_follow/share/wall_follow/hook/cmake_prefix_path.ps1'
[1.832s] INFO:colcon.colcon_core.shell:Creating environment descriptor '/home/vy/GalacticRacing/sim_ws/src/install/wall_follow/share/wall_follow/hook/cmake_prefix_path.dsv'
[1.832s] INFO:colcon.colcon_core.shell:Creating environment hook '/home/vy/GalacticRacing/sim_ws/src/install/wall_follow/share/wall_follow/hook/cmake_prefix_path.sh'
[1.833s] Level 1:colcon.colcon_core.environment:checking '/home/vy/GalacticRacing/sim_ws/src/install/wall_follow/lib'
[1.833s] Level 1:colcon.colcon_core.environment:checking '/home/vy/GalacticRacing/sim_ws/src/install/wall_follow/bin'
[1.833s] Level 1:colcon.colcon_core.environment:checking '/home/vy/GalacticRacing/sim_ws/src/install/wall_follow/lib/pkgconfig/wall_follow.pc'
[1.833s] Level 1:colcon.colcon_core.environment:checking '/home/vy/GalacticRacing/sim_ws/src/install/wall_follow/lib/python3.8/site-packages'
[1.834s] Level 1:colcon.colcon_core.shell:create_environment_hook('wall_follow', 'pythonpath')
[1.855s] INFO:colcon.colcon_core.shell:Creating environment hook '/home/vy/GalacticRacing/sim_ws/src/install/wall_follow/share/wall_follow/hook/pythonpath.ps1'
[1.855s] INFO:colcon.colcon_core.shell:Creating environment descriptor '/home/vy/GalacticRacing/sim_ws/src/install/wall_follow/share/wall_follow/hook/pythonpath.dsv'
[1.858s] INFO:colcon.colcon_core.shell:Creating environment hook '/home/vy/GalacticRacing/sim_ws/src/install/wall_follow/share/wall_follow/hook/pythonpath.sh'
[1.859s] Level 1:colcon.colcon_core.environment:checking '/home/vy/GalacticRacing/sim_ws/src/install/wall_follow/bin'
[1.880s] INFO:colcon.colcon_core.shell:Creating package script '/home/vy/GalacticRacing/sim_ws/src/install/wall_follow/share/wall_follow/package.ps1'
[1.881s] INFO:colcon.colcon_core.shell:Creating package descriptor '/home/vy/GalacticRacing/sim_ws/src/install/wall_follow/share/wall_follow/package.dsv'
[1.882s] INFO:colcon.colcon_core.shell:Creating package script '/home/vy/GalacticRacing/sim_ws/src/install/wall_follow/share/wall_follow/package.sh'
[1.882s] INFO:colcon.colcon_core.shell:Creating package script '/home/vy/GalacticRacing/sim_ws/src/install/wall_follow/share/wall_follow/package.bash'
[1.883s] INFO:colcon.colcon_core.shell:Creating package script '/home/vy/GalacticRacing/sim_ws/src/install/wall_follow/share/wall_follow/package.zsh'
[1.883s] Level 1:colcon.colcon_core.environment:create_file_with_runtime_dependencies(/home/vy/GalacticRacing/sim_ws/src/install/wall_follow/share/colcon-core/packages/wall_follow)
[1.887s] DEBUG:colcon.colcon_parallel_executor.executor.parallel:closing loop
[1.889s] DEBUG:colcon.colcon_parallel_executor.executor.parallel:loop closed
[1.889s] DEBUG:colcon.colcon_parallel_executor.executor.parallel:run_until_complete finished with '0'
[1.889s] DEBUG:colcon.colcon_core.event_reactor:joining thread
[1.923s] INFO:colcon.colcon_core.plugin_system:Skipping extension 'colcon_notification.desktop_notification.terminal_notifier': Not used on non-Darwin systems
[1.924s] INFO:colcon.colcon_core.plugin_system:Skipping extension 'colcon_notification.desktop_notification.win32': Not used on non-Windows systems
[1.924s] INFO:colcon.colcon_notification.desktop_notification:Sending desktop notification using 'notify2'
[1.933s] DEBUG:colcon.colcon_notification.desktop_notification.notify2:Failed to initialize notify2: org.freedesktop.DBus.Error.ServiceUnknown: The name org.freedesktop.Notifications was not provided by any .service files
[1.933s] DEBUG:colcon.colcon_core.event_reactor:joined thread
[1.954s] INFO:colcon.colcon_core.shell:Creating prefix script '/home/vy/GalacticRacing/sim_ws/src/install/local_setup.ps1'
[1.956s] INFO:colcon.colcon_core.shell:Creating prefix util module '/home/vy/GalacticRacing/sim_ws/src/install/_local_setup_util_ps1.py'
[1.958s] INFO:colcon.colcon_core.shell:Creating prefix chain script '/home/vy/GalacticRacing/sim_ws/src/install/setup.ps1'
[1.980s] INFO:colcon.colcon_core.shell:Creating prefix script '/home/vy/GalacticRacing/sim_ws/src/install/local_setup.sh'
[1.981s] INFO:colcon.colcon_core.shell:Creating prefix util module '/home/vy/GalacticRacing/sim_ws/src/install/_local_setup_util_sh.py'
[1.982s] INFO:colcon.colcon_core.shell:Creating prefix chain script '/home/vy/GalacticRacing/sim_ws/src/install/setup.sh'
[2.002s] INFO:colcon.colcon_core.shell:Creating prefix script '/home/vy/GalacticRacing/sim_ws/src/install/local_setup.bash'
[2.003s] INFO:colcon.colcon_core.shell:Creating prefix chain script '/home/vy/GalacticRacing/sim_ws/src/install/setup.bash'
[2.022s] INFO:colcon.colcon_core.shell:Creating prefix script '/home/vy/GalacticRacing/sim_ws/src/install/local_setup.zsh'
[2.023s] INFO:colcon.colcon_core.shell:Creating prefix chain script '/home/vy/GalacticRacing/sim_ws/src/install/setup.zsh'
