[0.166s] DEBUG:colcon:Command line arguments: ['/usr/bin/colcon', 'build']
[0.166s] DEBUG:colcon:Parsed command line arguments: Namespace(allow_overriding=[], ament_cmake_args=None, base_paths=['.'], build_base='build', catkin_cmake_args=None, catkin_skip_building_tests=False, cmake_args=None, cmake_clean_cache=False, cmake_clean_first=False, cmake_force_configure=False, cmake_target=None, cmake_target_skip_unavailable=False, continue_on_error=False, event_handlers=None, executor='parallel', ignore_user_meta=False, install_base='install', log_base=None, log_level=None, main=<bound method BuildVerb.main of <colcon_core.verb.build.BuildVerb object at 0x7fb639a665e0>>, merge_install=False, metas=['./colcon.meta'], packages_above=None, packages_above_and_dependencies=None, packages_above_depth=None, packages_end=None, packages_ignore=None, packages_ignore_regex=None, packages_select=None, packages_select_build_failed=False, packages_select_by_dep=None, packages_select_regex=None, packages_select_test_failures=False, packages_skip=None, packages_skip_build_finished=False, packages_skip_by_dep=None, packages_skip_regex=None, packages_skip_test_passed=False, packages_skip_up_to=None, packages_start=None, packages_up_to=None, packages_up_to_regex=None, parallel_workers=16, paths=None, symlink_install=False, test_result_base=None, verb_extension=<colcon_core.verb.build.BuildVerb object at 0x7fb639a665e0>, verb_name='build', verb_parser=<colcon_defaults.argument_parser.defaults.DefaultArgumentsDecorator object at 0x7fb63992d280>)
[0.312s] Level 1:colcon.colcon_core.package_discovery:discover_packages(colcon_meta) check parameters
[0.312s] Level 1:colcon.colcon_core.package_discovery:discover_packages(recursive) check parameters
[0.312s] Level 1:colcon.colcon_core.package_discovery:discover_packages(ignore) check parameters
[0.312s] Level 1:colcon.colcon_core.package_discovery:discover_packages(path) check parameters
[0.312s] Level 1:colcon.colcon_core.package_discovery:discover_packages(colcon_meta) discover
[0.312s] Level 1:colcon.colcon_core.package_discovery:discover_packages(recursive) discover
[0.312s] INFO:colcon.colcon_core.package_discovery:Crawling recursively for packages in '/home/vy/GalacticRacing'
[0.312s] Level 1:colcon.colcon_core.package_identification:_identify(.) by extensions ['ignore', 'ignore_ament_install']
[0.312s] Level 1:colcon.colcon_core.package_identification:_identify(.) by extension 'ignore'
[0.312s] Level 1:colcon.colcon_core.package_identification:_identify(.) by extension 'ignore_ament_install'
[0.312s] Level 1:colcon.colcon_core.package_identification:_identify(.) by extensions ['colcon_pkg']
[0.312s] Level 1:colcon.colcon_core.package_identification:_identify(.) by extension 'colcon_pkg'
[0.312s] Level 1:colcon.colcon_core.package_identification:_identify(.) by extensions ['colcon_meta']
[0.312s] Level 1:colcon.colcon_core.package_identification:_identify(.) by extension 'colcon_meta'
[0.313s] Level 1:colcon.colcon_core.package_identification:_identify(.) by extensions ['ros']
[0.313s] Level 1:colcon.colcon_core.package_identification:_identify(.) by extension 'ros'
[0.324s] Level 1:colcon.colcon_core.package_identification:_identify(.) by extensions ['cmake', 'python']
[0.324s] Level 1:colcon.colcon_core.package_identification:_identify(.) by extension 'cmake'
[0.324s] Level 1:colcon.colcon_core.package_identification:_identify(.) by extension 'python'
[0.324s] Level 1:colcon.colcon_core.package_identification:_identify(.) by extensions ['python_setup_py']
[0.324s] Level 1:colcon.colcon_core.package_identification:_identify(.) by extension 'python_setup_py'
[0.324s] Level 1:colcon.colcon_core.package_identification:_identify(build) by extensions ['ignore', 'ignore_ament_install']
[0.324s] Level 1:colcon.colcon_core.package_identification:_identify(build) by extension 'ignore'
[0.324s] Level 1:colcon.colcon_core.package_identification:_identify(build) ignored
[0.324s] Level 1:colcon.colcon_core.package_identification:_identify(docs) by extensions ['ignore', 'ignore_ament_install']
[0.324s] Level 1:colcon.colcon_core.package_identification:_identify(docs) by extension 'ignore'
[0.324s] Level 1:colcon.colcon_core.package_identification:_identify(docs) by extension 'ignore_ament_install'
[0.324s] Level 1:colcon.colcon_core.package_identification:_identify(docs) by extensions ['colcon_pkg']
[0.325s] Level 1:colcon.colcon_core.package_identification:_identify(docs) by extension 'colcon_pkg'
[0.325s] Level 1:colcon.colcon_core.package_identification:_identify(docs) by extensions ['colcon_meta']
[0.325s] Level 1:colcon.colcon_core.package_identification:_identify(docs) by extension 'colcon_meta'
[0.325s] Level 1:colcon.colcon_core.package_identification:_identify(docs) by extensions ['ros']
[0.325s] Level 1:colcon.colcon_core.package_identification:_identify(docs) by extension 'ros'
[0.325s] Level 1:colcon.colcon_core.package_identification:_identify(docs) by extensions ['cmake', 'python']
[0.325s] Level 1:colcon.colcon_core.package_identification:_identify(docs) by extension 'cmake'
[0.325s] Level 1:colcon.colcon_core.package_identification:_identify(docs) by extension 'python'
[0.325s] Level 1:colcon.colcon_core.package_identification:_identify(docs) by extensions ['python_setup_py']
[0.325s] Level 1:colcon.colcon_core.package_identification:_identify(docs) by extension 'python_setup_py'
[0.325s] Level 1:colcon.colcon_core.package_identification:_identify(f1tenth_gym) by extensions ['ignore', 'ignore_ament_install']
[0.325s] Level 1:colcon.colcon_core.package_identification:_identify(f1tenth_gym) by extension 'ignore'
[0.325s] Level 1:colcon.colcon_core.package_identification:_identify(f1tenth_gym) by extension 'ignore_ament_install'
[0.325s] Level 1:colcon.colcon_core.package_identification:_identify(f1tenth_gym) by extensions ['colcon_pkg']
[0.325s] Level 1:colcon.colcon_core.package_identification:_identify(f1tenth_gym) by extension 'colcon_pkg'
[0.325s] Level 1:colcon.colcon_core.package_identification:_identify(f1tenth_gym) by extensions ['colcon_meta']
[0.325s] Level 1:colcon.colcon_core.package_identification:_identify(f1tenth_gym) by extension 'colcon_meta'
[0.325s] Level 1:colcon.colcon_core.package_identification:_identify(f1tenth_gym) by extensions ['ros']
[0.325s] Level 1:colcon.colcon_core.package_identification:_identify(f1tenth_gym) by extension 'ros'
[0.325s] Level 1:colcon.colcon_core.package_identification:_identify(f1tenth_gym) by extensions ['cmake', 'python']
[0.325s] Level 1:colcon.colcon_core.package_identification:_identify(f1tenth_gym) by extension 'cmake'
[0.325s] Level 1:colcon.colcon_core.package_identification:_identify(f1tenth_gym) by extension 'python'
[0.326s] Level 1:colcon.colcon_core.package_identification:_identify(f1tenth_gym) by extensions ['python_setup_py']
[0.326s] Level 1:colcon.colcon_core.package_identification:_identify(f1tenth_gym) by extension 'python_setup_py'
[0.531s] DEBUG:colcon.colcon_core.package_identification:Package 'f1tenth_gym' with type 'python' and name 'f110_gym'
[0.531s] Level 1:colcon.colcon_core.package_identification:_identify(install) by extensions ['ignore', 'ignore_ament_install']
[0.531s] Level 1:colcon.colcon_core.package_identification:_identify(install) by extension 'ignore'
[0.531s] Level 1:colcon.colcon_core.package_identification:_identify(install) ignored
[0.531s] Level 1:colcon.colcon_core.package_identification:_identify(log) by extensions ['ignore', 'ignore_ament_install']
[0.531s] Level 1:colcon.colcon_core.package_identification:_identify(log) by extension 'ignore'
[0.531s] Level 1:colcon.colcon_core.package_identification:_identify(log) ignored
[0.531s] Level 1:colcon.colcon_core.package_identification:_identify(scripts) by extensions ['ignore', 'ignore_ament_install']
[0.531s] Level 1:colcon.colcon_core.package_identification:_identify(scripts) by extension 'ignore'
[0.531s] Level 1:colcon.colcon_core.package_identification:_identify(scripts) by extension 'ignore_ament_install'
[0.532s] Level 1:colcon.colcon_core.package_identification:_identify(scripts) by extensions ['colcon_pkg']
[0.532s] Level 1:colcon.colcon_core.package_identification:_identify(scripts) by extension 'colcon_pkg'
[0.532s] Level 1:colcon.colcon_core.package_identification:_identify(scripts) by extensions ['colcon_meta']
[0.532s] Level 1:colcon.colcon_core.package_identification:_identify(scripts) by extension 'colcon_meta'
[0.532s] Level 1:colcon.colcon_core.package_identification:_identify(scripts) by extensions ['ros']
[0.532s] Level 1:colcon.colcon_core.package_identification:_identify(scripts) by extension 'ros'
[0.532s] Level 1:colcon.colcon_core.package_identification:_identify(scripts) by extensions ['cmake', 'python']
[0.532s] Level 1:colcon.colcon_core.package_identification:_identify(scripts) by extension 'cmake'
[0.532s] Level 1:colcon.colcon_core.package_identification:_identify(scripts) by extension 'python'
[0.532s] Level 1:colcon.colcon_core.package_identification:_identify(scripts) by extensions ['python_setup_py']
[0.532s] Level 1:colcon.colcon_core.package_identification:_identify(scripts) by extension 'python_setup_py'
[0.532s] Level 1:colcon.colcon_core.package_identification:_identify(setup) by extensions ['ignore', 'ignore_ament_install']
[0.532s] Level 1:colcon.colcon_core.package_identification:_identify(setup) by extension 'ignore'
[0.532s] Level 1:colcon.colcon_core.package_identification:_identify(setup) by extension 'ignore_ament_install'
[0.532s] Level 1:colcon.colcon_core.package_identification:_identify(setup) by extensions ['colcon_pkg']
[0.532s] Level 1:colcon.colcon_core.package_identification:_identify(setup) by extension 'colcon_pkg'
[0.532s] Level 1:colcon.colcon_core.package_identification:_identify(setup) by extensions ['colcon_meta']
[0.532s] Level 1:colcon.colcon_core.package_identification:_identify(setup) by extension 'colcon_meta'
[0.532s] Level 1:colcon.colcon_core.package_identification:_identify(setup) by extensions ['ros']
[0.532s] Level 1:colcon.colcon_core.package_identification:_identify(setup) by extension 'ros'
[0.532s] Level 1:colcon.colcon_core.package_identification:_identify(setup) by extensions ['cmake', 'python']
[0.533s] Level 1:colcon.colcon_core.package_identification:_identify(setup) by extension 'cmake'
[0.533s] Level 1:colcon.colcon_core.package_identification:_identify(setup) by extension 'python'
[0.533s] Level 1:colcon.colcon_core.package_identification:_identify(setup) by extensions ['python_setup_py']
[0.533s] Level 1:colcon.colcon_core.package_identification:_identify(setup) by extension 'python_setup_py'
[0.533s] Level 1:colcon.colcon_core.package_identification:_identify(setup/gym_config) by extensions ['ignore', 'ignore_ament_install']
[0.533s] Level 1:colcon.colcon_core.package_identification:_identify(setup/gym_config) by extension 'ignore'
[0.533s] Level 1:colcon.colcon_core.package_identification:_identify(setup/gym_config) by extension 'ignore_ament_install'
[0.533s] Level 1:colcon.colcon_core.package_identification:_identify(setup/gym_config) by extensions ['colcon_pkg']
[0.533s] Level 1:colcon.colcon_core.package_identification:_identify(setup/gym_config) by extension 'colcon_pkg'
[0.533s] Level 1:colcon.colcon_core.package_identification:_identify(setup/gym_config) by extensions ['colcon_meta']
[0.533s] Level 1:colcon.colcon_core.package_identification:_identify(setup/gym_config) by extension 'colcon_meta'
[0.533s] Level 1:colcon.colcon_core.package_identification:_identify(setup/gym_config) by extensions ['ros']
[0.533s] Level 1:colcon.colcon_core.package_identification:_identify(setup/gym_config) by extension 'ros'
[0.533s] Level 1:colcon.colcon_core.package_identification:_identify(setup/gym_config) by extensions ['cmake', 'python']
[0.533s] Level 1:colcon.colcon_core.package_identification:_identify(setup/gym_config) by extension 'cmake'
[0.533s] Level 1:colcon.colcon_core.package_identification:_identify(setup/gym_config) by extension 'python'
[0.533s] Level 1:colcon.colcon_core.package_identification:_identify(setup/gym_config) by extensions ['python_setup_py']
[0.533s] Level 1:colcon.colcon_core.package_identification:_identify(setup/gym_config) by extension 'python_setup_py'
[0.533s] Level 1:colcon.colcon_core.package_identification:_identify(setup/models) by extensions ['ignore', 'ignore_ament_install']
[0.533s] Level 1:colcon.colcon_core.package_identification:_identify(setup/models) by extension 'ignore'
[0.534s] Level 1:colcon.colcon_core.package_identification:_identify(setup/models) by extension 'ignore_ament_install'
[0.534s] Level 1:colcon.colcon_core.package_identification:_identify(setup/models) by extensions ['colcon_pkg']
[0.534s] Level 1:colcon.colcon_core.package_identification:_identify(setup/models) by extension 'colcon_pkg'
[0.534s] Level 1:colcon.colcon_core.package_identification:_identify(setup/models) by extensions ['colcon_meta']
[0.534s] Level 1:colcon.colcon_core.package_identification:_identify(setup/models) by extension 'colcon_meta'
[0.534s] Level 1:colcon.colcon_core.package_identification:_identify(setup/models) by extensions ['ros']
[0.534s] Level 1:colcon.colcon_core.package_identification:_identify(setup/models) by extension 'ros'
[0.534s] Level 1:colcon.colcon_core.package_identification:_identify(setup/models) by extensions ['cmake', 'python']
[0.534s] Level 1:colcon.colcon_core.package_identification:_identify(setup/models) by extension 'cmake'
[0.534s] Level 1:colcon.colcon_core.package_identification:_identify(setup/models) by extension 'python'
[0.534s] Level 1:colcon.colcon_core.package_identification:_identify(setup/models) by extensions ['python_setup_py']
[0.534s] Level 1:colcon.colcon_core.package_identification:_identify(setup/models) by extension 'python_setup_py'
[0.534s] Level 1:colcon.colcon_core.package_identification:_identify(sim_ws) by extensions ['ignore', 'ignore_ament_install']
[0.534s] Level 1:colcon.colcon_core.package_identification:_identify(sim_ws) by extension 'ignore'
[0.534s] Level 1:colcon.colcon_core.package_identification:_identify(sim_ws) by extension 'ignore_ament_install'
[0.534s] Level 1:colcon.colcon_core.package_identification:_identify(sim_ws) by extensions ['colcon_pkg']
[0.534s] Level 1:colcon.colcon_core.package_identification:_identify(sim_ws) by extension 'colcon_pkg'
[0.534s] Level 1:colcon.colcon_core.package_identification:_identify(sim_ws) by extensions ['colcon_meta']
[0.534s] Level 1:colcon.colcon_core.package_identification:_identify(sim_ws) by extension 'colcon_meta'
[0.534s] Level 1:colcon.colcon_core.package_identification:_identify(sim_ws) by extensions ['ros']
[0.534s] Level 1:colcon.colcon_core.package_identification:_identify(sim_ws) by extension 'ros'
[0.535s] Level 1:colcon.colcon_core.package_identification:_identify(sim_ws) by extensions ['cmake', 'python']
[0.535s] Level 1:colcon.colcon_core.package_identification:_identify(sim_ws) by extension 'cmake'
[0.535s] Level 1:colcon.colcon_core.package_identification:_identify(sim_ws) by extension 'python'
[0.535s] Level 1:colcon.colcon_core.package_identification:_identify(sim_ws) by extensions ['python_setup_py']
[0.535s] Level 1:colcon.colcon_core.package_identification:_identify(sim_ws) by extension 'python_setup_py'
[0.535s] Level 1:colcon.colcon_core.package_identification:_identify(sim_ws/build) by extensions ['ignore', 'ignore_ament_install']
[0.535s] Level 1:colcon.colcon_core.package_identification:_identify(sim_ws/build) by extension 'ignore'
[0.535s] Level 1:colcon.colcon_core.package_identification:_identify(sim_ws/build) ignored
[0.535s] Level 1:colcon.colcon_core.package_identification:_identify(sim_ws/install) by extensions ['ignore', 'ignore_ament_install']
[0.536s] Level 1:colcon.colcon_core.package_identification:_identify(sim_ws/install) by extension 'ignore'
[0.536s] Level 1:colcon.colcon_core.package_identification:_identify(sim_ws/install) ignored
[0.536s] Level 1:colcon.colcon_core.package_identification:_identify(sim_ws/lab5_pkg) by extensions ['ignore', 'ignore_ament_install']
[0.536s] Level 1:colcon.colcon_core.package_identification:_identify(sim_ws/lab5_pkg) by extension 'ignore'
[0.536s] Level 1:colcon.colcon_core.package_identification:_identify(sim_ws/lab5_pkg) by extension 'ignore_ament_install'
[0.536s] Level 1:colcon.colcon_core.package_identification:_identify(sim_ws/lab5_pkg) by extensions ['colcon_pkg']
[0.536s] Level 1:colcon.colcon_core.package_identification:_identify(sim_ws/lab5_pkg) by extension 'colcon_pkg'
[0.537s] Level 1:colcon.colcon_core.package_identification:_identify(sim_ws/lab5_pkg) by extensions ['colcon_meta']
[0.537s] Level 1:colcon.colcon_core.package_identification:_identify(sim_ws/lab5_pkg) by extension 'colcon_meta'
[0.537s] Level 1:colcon.colcon_core.package_identification:_identify(sim_ws/lab5_pkg) by extensions ['ros']
[0.537s] Level 1:colcon.colcon_core.package_identification:_identify(sim_ws/lab5_pkg) by extension 'ros'
[0.540s] DEBUG:colcon.colcon_core.package_identification:Package 'sim_ws/lab5_pkg' with type 'ros.ament_cmake' and name 'lab5_pkg'
[0.541s] Level 1:colcon.colcon_core.package_identification:_identify(sim_ws/log) by extensions ['ignore', 'ignore_ament_install']
[0.541s] Level 1:colcon.colcon_core.package_identification:_identify(sim_ws/log) by extension 'ignore'
[0.541s] Level 1:colcon.colcon_core.package_identification:_identify(sim_ws/log) ignored
[0.541s] Level 1:colcon.colcon_core.package_identification:_identify(sim_ws/range_libc) by extensions ['ignore', 'ignore_ament_install']
[0.541s] Level 1:colcon.colcon_core.package_identification:_identify(sim_ws/range_libc) by extension 'ignore'
[0.541s] Level 1:colcon.colcon_core.package_identification:_identify(sim_ws/range_libc) by extension 'ignore_ament_install'
[0.541s] Level 1:colcon.colcon_core.package_identification:_identify(sim_ws/range_libc) by extensions ['colcon_pkg']
[0.541s] Level 1:colcon.colcon_core.package_identification:_identify(sim_ws/range_libc) by extension 'colcon_pkg'
[0.541s] Level 1:colcon.colcon_core.package_identification:_identify(sim_ws/range_libc) by extensions ['colcon_meta']
[0.541s] Level 1:colcon.colcon_core.package_identification:_identify(sim_ws/range_libc) by extension 'colcon_meta'
[0.541s] Level 1:colcon.colcon_core.package_identification:_identify(sim_ws/range_libc) by extensions ['ros']
[0.541s] Level 1:colcon.colcon_core.package_identification:_identify(sim_ws/range_libc) by extension 'ros'
[0.541s] Level 1:colcon.colcon_core.package_identification:_identify(sim_ws/range_libc) by extensions ['cmake', 'python']
[0.541s] Level 1:colcon.colcon_core.package_identification:_identify(sim_ws/range_libc) by extension 'cmake'
[0.550s] Level 1:colcon.colcon_core.package_identification:_identify(sim_ws/range_libc) by extension 'python'
[0.551s] DEBUG:colcon.colcon_core.package_identification:Package 'sim_ws/range_libc' with type 'cmake' and name 'range_lib'
[0.551s] Level 1:colcon.colcon_core.package_identification:_identify(sim_ws/src) by extensions ['ignore', 'ignore_ament_install']
[0.551s] Level 1:colcon.colcon_core.package_identification:_identify(sim_ws/src) by extension 'ignore'
[0.551s] Level 1:colcon.colcon_core.package_identification:_identify(sim_ws/src) by extension 'ignore_ament_install'
[0.551s] Level 1:colcon.colcon_core.package_identification:_identify(sim_ws/src) by extensions ['colcon_pkg']
[0.551s] Level 1:colcon.colcon_core.package_identification:_identify(sim_ws/src) by extension 'colcon_pkg'
[0.551s] Level 1:colcon.colcon_core.package_identification:_identify(sim_ws/src) by extensions ['colcon_meta']
[0.551s] Level 1:colcon.colcon_core.package_identification:_identify(sim_ws/src) by extension 'colcon_meta'
[0.551s] Level 1:colcon.colcon_core.package_identification:_identify(sim_ws/src) by extensions ['ros']
[0.551s] Level 1:colcon.colcon_core.package_identification:_identify(sim_ws/src) by extension 'ros'
[0.551s] Level 1:colcon.colcon_core.package_identification:_identify(sim_ws/src) by extensions ['cmake', 'python']
[0.551s] Level 1:colcon.colcon_core.package_identification:_identify(sim_ws/src) by extension 'cmake'
[0.551s] Level 1:colcon.colcon_core.package_identification:_identify(sim_ws/src) by extension 'python'
[0.551s] Level 1:colcon.colcon_core.package_identification:_identify(sim_ws/src) by extensions ['python_setup_py']
[0.551s] Level 1:colcon.colcon_core.package_identification:_identify(sim_ws/src) by extension 'python_setup_py'
[0.551s] Level 1:colcon.colcon_core.package_identification:_identify(sim_ws/src/f1tenth_gym_ros) by extensions ['ignore', 'ignore_ament_install']
[0.552s] Level 1:colcon.colcon_core.package_identification:_identify(sim_ws/src/f1tenth_gym_ros) by extension 'ignore'
[0.552s] Level 1:colcon.colcon_core.package_identification:_identify(sim_ws/src/f1tenth_gym_ros) by extension 'ignore_ament_install'
[0.552s] Level 1:colcon.colcon_core.package_identification:_identify(sim_ws/src/f1tenth_gym_ros) by extensions ['colcon_pkg']
[0.552s] Level 1:colcon.colcon_core.package_identification:_identify(sim_ws/src/f1tenth_gym_ros) by extension 'colcon_pkg'
[0.552s] Level 1:colcon.colcon_core.package_identification:_identify(sim_ws/src/f1tenth_gym_ros) by extensions ['colcon_meta']
[0.552s] Level 1:colcon.colcon_core.package_identification:_identify(sim_ws/src/f1tenth_gym_ros) by extension 'colcon_meta'
[0.552s] Level 1:colcon.colcon_core.package_identification:_identify(sim_ws/src/f1tenth_gym_ros) by extensions ['ros']
[0.552s] Level 1:colcon.colcon_core.package_identification:_identify(sim_ws/src/f1tenth_gym_ros) by extension 'ros'
[0.553s] DEBUG:colcon.colcon_core.package_identification:Package 'sim_ws/src/f1tenth_gym_ros' with type 'ros.ament_python' and name 'f1tenth_gym_ros'
[0.553s] Level 1:colcon.colcon_core.package_identification:_identify(sim_ws/src/gap_follow) by extensions ['ignore', 'ignore_ament_install']
[0.553s] Level 1:colcon.colcon_core.package_identification:_identify(sim_ws/src/gap_follow) by extension 'ignore'
[0.553s] Level 1:colcon.colcon_core.package_identification:_identify(sim_ws/src/gap_follow) by extension 'ignore_ament_install'
[0.553s] Level 1:colcon.colcon_core.package_identification:_identify(sim_ws/src/gap_follow) by extensions ['colcon_pkg']
[0.553s] Level 1:colcon.colcon_core.package_identification:_identify(sim_ws/src/gap_follow) by extension 'colcon_pkg'
[0.553s] Level 1:colcon.colcon_core.package_identification:_identify(sim_ws/src/gap_follow) by extensions ['colcon_meta']
[0.553s] Level 1:colcon.colcon_core.package_identification:_identify(sim_ws/src/gap_follow) by extension 'colcon_meta'
[0.553s] Level 1:colcon.colcon_core.package_identification:_identify(sim_ws/src/gap_follow) by extensions ['ros']
[0.553s] Level 1:colcon.colcon_core.package_identification:_identify(sim_ws/src/gap_follow) by extension 'ros'
[0.554s] DEBUG:colcon.colcon_core.package_identification:Package 'sim_ws/src/gap_follow' with type 'ros.ament_cmake' and name 'gap_follow'
[0.554s] Level 1:colcon.colcon_core.package_identification:_identify(sim_ws/src/lab7_pkg) by extensions ['ignore', 'ignore_ament_install']
[0.554s] Level 1:colcon.colcon_core.package_identification:_identify(sim_ws/src/lab7_pkg) by extension 'ignore'
[0.554s] Level 1:colcon.colcon_core.package_identification:_identify(sim_ws/src/lab7_pkg) by extension 'ignore_ament_install'
[0.554s] Level 1:colcon.colcon_core.package_identification:_identify(sim_ws/src/lab7_pkg) by extensions ['colcon_pkg']
[0.554s] Level 1:colcon.colcon_core.package_identification:_identify(sim_ws/src/lab7_pkg) by extension 'colcon_pkg'
[0.554s] Level 1:colcon.colcon_core.package_identification:_identify(sim_ws/src/lab7_pkg) by extensions ['colcon_meta']
[0.554s] Level 1:colcon.colcon_core.package_identification:_identify(sim_ws/src/lab7_pkg) by extension 'colcon_meta'
[0.554s] Level 1:colcon.colcon_core.package_identification:_identify(sim_ws/src/lab7_pkg) by extensions ['ros']
[0.554s] Level 1:colcon.colcon_core.package_identification:_identify(sim_ws/src/lab7_pkg) by extension 'ros'
[0.555s] DEBUG:colcon.colcon_core.package_identification:Package 'sim_ws/src/lab7_pkg' with type 'ros.ament_cmake' and name 'lab7_pkg'
[0.555s] Level 1:colcon.colcon_core.package_identification:_identify(sim_ws/src/particle_filter) by extensions ['ignore', 'ignore_ament_install']
[0.555s] Level 1:colcon.colcon_core.package_identification:_identify(sim_ws/src/particle_filter) by extension 'ignore'
[0.555s] Level 1:colcon.colcon_core.package_identification:_identify(sim_ws/src/particle_filter) by extension 'ignore_ament_install'
[0.555s] Level 1:colcon.colcon_core.package_identification:_identify(sim_ws/src/particle_filter) by extensions ['colcon_pkg']
[0.555s] Level 1:colcon.colcon_core.package_identification:_identify(sim_ws/src/particle_filter) by extension 'colcon_pkg'
[0.555s] Level 1:colcon.colcon_core.package_identification:_identify(sim_ws/src/particle_filter) by extensions ['colcon_meta']
[0.555s] Level 1:colcon.colcon_core.package_identification:_identify(sim_ws/src/particle_filter) by extension 'colcon_meta'
[0.555s] Level 1:colcon.colcon_core.package_identification:_identify(sim_ws/src/particle_filter) by extensions ['ros']
[0.555s] Level 1:colcon.colcon_core.package_identification:_identify(sim_ws/src/particle_filter) by extension 'ros'
[0.556s] DEBUG:colcon.colcon_core.package_identification:Package 'sim_ws/src/particle_filter' with type 'ros.ament_python' and name 'particle_filter'
[0.556s] Level 1:colcon.colcon_core.package_identification:_identify(sim_ws/src/pure_pursuit) by extensions ['ignore', 'ignore_ament_install']
[0.557s] Level 1:colcon.colcon_core.package_identification:_identify(sim_ws/src/pure_pursuit) by extension 'ignore'
[0.557s] Level 1:colcon.colcon_core.package_identification:_identify(sim_ws/src/pure_pursuit) by extension 'ignore_ament_install'
[0.557s] Level 1:colcon.colcon_core.package_identification:_identify(sim_ws/src/pure_pursuit) by extensions ['colcon_pkg']
[0.557s] Level 1:colcon.colcon_core.package_identification:_identify(sim_ws/src/pure_pursuit) by extension 'colcon_pkg'
[0.557s] Level 1:colcon.colcon_core.package_identification:_identify(sim_ws/src/pure_pursuit) by extensions ['colcon_meta']
[0.557s] Level 1:colcon.colcon_core.package_identification:_identify(sim_ws/src/pure_pursuit) by extension 'colcon_meta'
[0.557s] Level 1:colcon.colcon_core.package_identification:_identify(sim_ws/src/pure_pursuit) by extensions ['ros']
[0.557s] Level 1:colcon.colcon_core.package_identification:_identify(sim_ws/src/pure_pursuit) by extension 'ros'
[0.558s] DEBUG:colcon.colcon_core.package_identification:Package 'sim_ws/src/pure_pursuit' with type 'ros.ament_cmake' and name 'pure_pursuit'
[0.558s] Level 1:colcon.colcon_core.package_identification:_identify(sim_ws/src/safety_node) by extensions ['ignore', 'ignore_ament_install']
[0.558s] Level 1:colcon.colcon_core.package_identification:_identify(sim_ws/src/safety_node) by extension 'ignore'
[0.558s] Level 1:colcon.colcon_core.package_identification:_identify(sim_ws/src/safety_node) by extension 'ignore_ament_install'
[0.558s] Level 1:colcon.colcon_core.package_identification:_identify(sim_ws/src/safety_node) by extensions ['colcon_pkg']
[0.558s] Level 1:colcon.colcon_core.package_identification:_identify(sim_ws/src/safety_node) by extension 'colcon_pkg'
[0.558s] Level 1:colcon.colcon_core.package_identification:_identify(sim_ws/src/safety_node) by extensions ['colcon_meta']
[0.558s] Level 1:colcon.colcon_core.package_identification:_identify(sim_ws/src/safety_node) by extension 'colcon_meta'
[0.558s] Level 1:colcon.colcon_core.package_identification:_identify(sim_ws/src/safety_node) by extensions ['ros']
[0.558s] Level 1:colcon.colcon_core.package_identification:_identify(sim_ws/src/safety_node) by extension 'ros'
[0.559s] DEBUG:colcon.colcon_core.package_identification:Package 'sim_ws/src/safety_node' with type 'ros.ament_cmake' and name 'safety_node'
[0.559s] Level 1:colcon.colcon_core.package_identification:_identify(sim_ws/src/wall_follow) by extensions ['ignore', 'ignore_ament_install']
[0.559s] Level 1:colcon.colcon_core.package_identification:_identify(sim_ws/src/wall_follow) by extension 'ignore'
[0.559s] Level 1:colcon.colcon_core.package_identification:_identify(sim_ws/src/wall_follow) by extension 'ignore_ament_install'
[0.559s] Level 1:colcon.colcon_core.package_identification:_identify(sim_ws/src/wall_follow) by extensions ['colcon_pkg']
[0.559s] Level 1:colcon.colcon_core.package_identification:_identify(sim_ws/src/wall_follow) by extension 'colcon_pkg'
[0.559s] Level 1:colcon.colcon_core.package_identification:_identify(sim_ws/src/wall_follow) by extensions ['colcon_meta']
[0.559s] Level 1:colcon.colcon_core.package_identification:_identify(sim_ws/src/wall_follow) by extension 'colcon_meta'
[0.559s] Level 1:colcon.colcon_core.package_identification:_identify(sim_ws/src/wall_follow) by extensions ['ros']
[0.559s] Level 1:colcon.colcon_core.package_identification:_identify(sim_ws/src/wall_follow) by extension 'ros'
[0.560s] DEBUG:colcon.colcon_core.package_identification:Package 'sim_ws/src/wall_follow' with type 'ros.ament_cmake' and name 'wall_follow'
[0.560s] Level 1:colcon.colcon_core.package_identification:_identify(sim_ws/src/waypoint_logger) by extensions ['ignore', 'ignore_ament_install']
[0.560s] Level 1:colcon.colcon_core.package_identification:_identify(sim_ws/src/waypoint_logger) by extension 'ignore'
[0.560s] Level 1:colcon.colcon_core.package_identification:_identify(sim_ws/src/waypoint_logger) by extension 'ignore_ament_install'
[0.560s] Level 1:colcon.colcon_core.package_identification:_identify(sim_ws/src/waypoint_logger) by extensions ['colcon_pkg']
[0.560s] Level 1:colcon.colcon_core.package_identification:_identify(sim_ws/src/waypoint_logger) by extension 'colcon_pkg'
[0.560s] Level 1:colcon.colcon_core.package_identification:_identify(sim_ws/src/waypoint_logger) by extensions ['colcon_meta']
[0.560s] Level 1:colcon.colcon_core.package_identification:_identify(sim_ws/src/waypoint_logger) by extension 'colcon_meta'
[0.561s] Level 1:colcon.colcon_core.package_identification:_identify(sim_ws/src/waypoint_logger) by extensions ['ros']
[0.561s] Level 1:colcon.colcon_core.package_identification:_identify(sim_ws/src/waypoint_logger) by extension 'ros'
[0.562s] DEBUG:colcon.colcon_core.package_identification:Package 'sim_ws/src/waypoint_logger' with type 'ros.ament_cmake' and name 'waypoint_logger'
[0.562s] Level 1:colcon.colcon_core.package_discovery:discover_packages(recursive) using defaults
[0.562s] Level 1:colcon.colcon_core.package_discovery:discover_packages(ignore) discover
[0.562s] Level 1:colcon.colcon_core.package_discovery:discover_packages(ignore) using defaults
[0.562s] Level 1:colcon.colcon_core.package_discovery:discover_packages(path) discover
[0.562s] Level 1:colcon.colcon_core.package_discovery:discover_packages(path) using defaults
[0.578s] Level 1:colcon.colcon_core.package_discovery:discover_packages(prefix_path) check parameters
[0.578s] Level 1:colcon.colcon_core.package_discovery:discover_packages(prefix_path) discover
[0.581s] DEBUG:colcon.colcon_installed_package_information.package_discovery:Found 9 installed packages in /home/vy/GalacticRacing/sim_ws/install
[0.582s] DEBUG:colcon.colcon_installed_package_information.package_discovery:Found 302 installed packages in /opt/ros/foxy
[0.595s] Level 1:colcon.colcon_core.package_discovery:discover_packages(prefix_path) using defaults
