[1.305s] DEBUG:colcon:Command line arguments: ['/usr/bin/colcon', 'build']
[1.305s] DEBUG:colcon:Parsed command line arguments: Namespace(allow_overriding=[], ament_cmake_args=None, base_paths=['.'], build_base='build', catkin_cmake_args=None, catkin_skip_building_tests=False, cmake_args=None, cmake_clean_cache=False, cmake_clean_first=False, cmake_force_configure=False, cmake_target=None, cmake_target_skip_unavailable=False, continue_on_error=False, event_handlers=None, executor='parallel', ignore_user_meta=False, install_base='install', log_base=None, log_level=None, main=<bound method BuildVerb.main of <colcon_core.verb.build.BuildVerb object at 0x7fa3a6f0a8b0>>, merge_install=False, metas=['./colcon.meta'], packages_above=None, packages_above_and_dependencies=None, packages_above_depth=None, packages_end=None, packages_ignore=None, packages_ignore_regex=None, packages_select=None, packages_select_build_failed=False, packages_select_by_dep=None, packages_select_regex=None, packages_select_test_failures=False, packages_skip=None, packages_skip_build_finished=False, packages_skip_by_dep=None, packages_skip_regex=None, packages_skip_test_passed=False, packages_skip_up_to=None, packages_start=None, packages_up_to=None, packages_up_to_regex=None, parallel_workers=6, paths=None, symlink_install=False, test_result_base=None, verb_extension=<colcon_core.verb.build.BuildVerb object at 0x7fa3a6f0a8b0>, verb_name='build', verb_parser=<colcon_defaults.argument_parser.defaults.DefaultArgumentsDecorator object at 0x7fa3a6a8afd0>)
[1.364s] Level 1:colcon.colcon_core.package_discovery:discover_packages(colcon_meta) check parameters
[1.364s] Level 1:colcon.colcon_core.package_discovery:discover_packages(recursive) check parameters
[1.364s] Level 1:colcon.colcon_core.package_discovery:discover_packages(ignore) check parameters
[1.364s] Level 1:colcon.colcon_core.package_discovery:discover_packages(path) check parameters
[1.364s] Level 1:colcon.colcon_core.package_discovery:discover_packages(colcon_meta) discover
[1.365s] Level 1:colcon.colcon_core.package_discovery:discover_packages(recursive) discover
[1.365s] INFO:colcon.colcon_core.package_discovery:Crawling recursively for packages in '/home/vy/GalacticRacing'
[1.365s] Level 1:colcon.colcon_core.package_identification:_identify(.) by extensions ['ignore', 'ignore_ament_install']
[1.365s] Level 1:colcon.colcon_core.package_identification:_identify(.) by extension 'ignore'
[1.365s] Level 1:colcon.colcon_core.package_identification:_identify(.) by extension 'ignore_ament_install'
[1.365s] Level 1:colcon.colcon_core.package_identification:_identify(.) by extensions ['colcon_pkg']
[1.365s] Level 1:colcon.colcon_core.package_identification:_identify(.) by extension 'colcon_pkg'
[1.365s] Level 1:colcon.colcon_core.package_identification:_identify(.) by extensions ['colcon_meta']
[1.365s] Level 1:colcon.colcon_core.package_identification:_identify(.) by extension 'colcon_meta'
[1.365s] Level 1:colcon.colcon_core.package_identification:_identify(.) by extensions ['ros']
[1.365s] Level 1:colcon.colcon_core.package_identification:_identify(.) by extension 'ros'
[1.373s] Level 1:colcon.colcon_core.package_identification:_identify(.) by extensions ['cmake', 'python']
[1.374s] Level 1:colcon.colcon_core.package_identification:_identify(.) by extension 'cmake'
[1.375s] Level 1:colcon.colcon_core.package_identification:_identify(.) by extension 'python'
[1.375s] Level 1:colcon.colcon_core.package_identification:_identify(.) by extensions ['python_setup_py']
[1.375s] Level 1:colcon.colcon_core.package_identification:_identify(.) by extension 'python_setup_py'
[1.375s] Level 1:colcon.colcon_core.package_identification:_identify(build) by extensions ['ignore', 'ignore_ament_install']
[1.375s] Level 1:colcon.colcon_core.package_identification:_identify(build) by extension 'ignore'
[1.375s] Level 1:colcon.colcon_core.package_identification:_identify(build) ignored
[1.375s] Level 1:colcon.colcon_core.package_identification:_identify(docs) by extensions ['ignore', 'ignore_ament_install']
[1.375s] Level 1:colcon.colcon_core.package_identification:_identify(docs) by extension 'ignore'
[1.375s] Level 1:colcon.colcon_core.package_identification:_identify(docs) by extension 'ignore_ament_install'
[1.375s] Level 1:colcon.colcon_core.package_identification:_identify(docs) by extensions ['colcon_pkg']
[1.375s] Level 1:colcon.colcon_core.package_identification:_identify(docs) by extension 'colcon_pkg'
[1.376s] Level 1:colcon.colcon_core.package_identification:_identify(docs) by extensions ['colcon_meta']
[1.376s] Level 1:colcon.colcon_core.package_identification:_identify(docs) by extension 'colcon_meta'
[1.376s] Level 1:colcon.colcon_core.package_identification:_identify(docs) by extensions ['ros']
[1.376s] Level 1:colcon.colcon_core.package_identification:_identify(docs) by extension 'ros'
[1.376s] Level 1:colcon.colcon_core.package_identification:_identify(docs) by extensions ['cmake', 'python']
[1.376s] Level 1:colcon.colcon_core.package_identification:_identify(docs) by extension 'cmake'
[1.376s] Level 1:colcon.colcon_core.package_identification:_identify(docs) by extension 'python'
[1.376s] Level 1:colcon.colcon_core.package_identification:_identify(docs) by extensions ['python_setup_py']
[1.376s] Level 1:colcon.colcon_core.package_identification:_identify(docs) by extension 'python_setup_py'
[1.376s] Level 1:colcon.colcon_core.package_identification:_identify(install) by extensions ['ignore', 'ignore_ament_install']
[1.376s] Level 1:colcon.colcon_core.package_identification:_identify(install) by extension 'ignore'
[1.376s] Level 1:colcon.colcon_core.package_identification:_identify(install) ignored
[1.376s] Level 1:colcon.colcon_core.package_identification:_identify(log) by extensions ['ignore', 'ignore_ament_install']
[1.376s] Level 1:colcon.colcon_core.package_identification:_identify(log) by extension 'ignore'
[1.376s] Level 1:colcon.colcon_core.package_identification:_identify(log) ignored
[1.376s] Level 1:colcon.colcon_core.package_identification:_identify(scripts) by extensions ['ignore', 'ignore_ament_install']
[1.376s] Level 1:colcon.colcon_core.package_identification:_identify(scripts) by extension 'ignore'
[1.376s] Level 1:colcon.colcon_core.package_identification:_identify(scripts) by extension 'ignore_ament_install'
[1.376s] Level 1:colcon.colcon_core.package_identification:_identify(scripts) by extensions ['colcon_pkg']
[1.376s] Level 1:colcon.colcon_core.package_identification:_identify(scripts) by extension 'colcon_pkg'
[1.376s] Level 1:colcon.colcon_core.package_identification:_identify(scripts) by extensions ['colcon_meta']
[1.376s] Level 1:colcon.colcon_core.package_identification:_identify(scripts) by extension 'colcon_meta'
[1.376s] Level 1:colcon.colcon_core.package_identification:_identify(scripts) by extensions ['ros']
[1.376s] Level 1:colcon.colcon_core.package_identification:_identify(scripts) by extension 'ros'
[1.376s] Level 1:colcon.colcon_core.package_identification:_identify(scripts) by extensions ['cmake', 'python']
[1.376s] Level 1:colcon.colcon_core.package_identification:_identify(scripts) by extension 'cmake'
[1.377s] Level 1:colcon.colcon_core.package_identification:_identify(scripts) by extension 'python'
[1.377s] Level 1:colcon.colcon_core.package_identification:_identify(scripts) by extensions ['python_setup_py']
[1.377s] Level 1:colcon.colcon_core.package_identification:_identify(scripts) by extension 'python_setup_py'
[1.377s] Level 1:colcon.colcon_core.package_identification:_identify(sim_ws) by extensions ['ignore', 'ignore_ament_install']
[1.377s] Level 1:colcon.colcon_core.package_identification:_identify(sim_ws) by extension 'ignore'
[1.377s] Level 1:colcon.colcon_core.package_identification:_identify(sim_ws) by extension 'ignore_ament_install'
[1.377s] Level 1:colcon.colcon_core.package_identification:_identify(sim_ws) by extensions ['colcon_pkg']
[1.377s] Level 1:colcon.colcon_core.package_identification:_identify(sim_ws) by extension 'colcon_pkg'
[1.377s] Level 1:colcon.colcon_core.package_identification:_identify(sim_ws) by extensions ['colcon_meta']
[1.377s] Level 1:colcon.colcon_core.package_identification:_identify(sim_ws) by extension 'colcon_meta'
[1.377s] Level 1:colcon.colcon_core.package_identification:_identify(sim_ws) by extensions ['ros']
[1.377s] Level 1:colcon.colcon_core.package_identification:_identify(sim_ws) by extension 'ros'
[1.377s] Level 1:colcon.colcon_core.package_identification:_identify(sim_ws) by extensions ['cmake', 'python']
[1.377s] Level 1:colcon.colcon_core.package_identification:_identify(sim_ws) by extension 'cmake'
[1.377s] Level 1:colcon.colcon_core.package_identification:_identify(sim_ws) by extension 'python'
[1.377s] Level 1:colcon.colcon_core.package_identification:_identify(sim_ws) by extensions ['python_setup_py']
[1.377s] Level 1:colcon.colcon_core.package_identification:_identify(sim_ws) by extension 'python_setup_py'
[1.377s] Level 1:colcon.colcon_core.package_identification:_identify(sim_ws/build) by extensions ['ignore', 'ignore_ament_install']
[1.377s] Level 1:colcon.colcon_core.package_identification:_identify(sim_ws/build) by extension 'ignore'
[1.377s] Level 1:colcon.colcon_core.package_identification:_identify(sim_ws/build) ignored
[1.377s] Level 1:colcon.colcon_core.package_identification:_identify(sim_ws/install) by extensions ['ignore', 'ignore_ament_install']
[1.378s] Level 1:colcon.colcon_core.package_identification:_identify(sim_ws/install) by extension 'ignore'
[1.378s] Level 1:colcon.colcon_core.package_identification:_identify(sim_ws/install) ignored
[1.378s] Level 1:colcon.colcon_core.package_identification:_identify(sim_ws/log) by extensions ['ignore', 'ignore_ament_install']
[1.378s] Level 1:colcon.colcon_core.package_identification:_identify(sim_ws/log) by extension 'ignore'
[1.378s] Level 1:colcon.colcon_core.package_identification:_identify(sim_ws/log) ignored
[1.378s] Level 1:colcon.colcon_core.package_identification:_identify(sim_ws/src) by extensions ['ignore', 'ignore_ament_install']
[1.378s] Level 1:colcon.colcon_core.package_identification:_identify(sim_ws/src) by extension 'ignore'
[1.378s] Level 1:colcon.colcon_core.package_identification:_identify(sim_ws/src) by extension 'ignore_ament_install'
[1.378s] Level 1:colcon.colcon_core.package_identification:_identify(sim_ws/src) by extensions ['colcon_pkg']
[1.378s] Level 1:colcon.colcon_core.package_identification:_identify(sim_ws/src) by extension 'colcon_pkg'
[1.378s] Level 1:colcon.colcon_core.package_identification:_identify(sim_ws/src) by extensions ['colcon_meta']
[1.378s] Level 1:colcon.colcon_core.package_identification:_identify(sim_ws/src) by extension 'colcon_meta'
[1.378s] Level 1:colcon.colcon_core.package_identification:_identify(sim_ws/src) by extensions ['ros']
[1.378s] Level 1:colcon.colcon_core.package_identification:_identify(sim_ws/src) by extension 'ros'
[1.378s] Level 1:colcon.colcon_core.package_identification:_identify(sim_ws/src) by extensions ['cmake', 'python']
[1.378s] Level 1:colcon.colcon_core.package_identification:_identify(sim_ws/src) by extension 'cmake'
[1.378s] Level 1:colcon.colcon_core.package_identification:_identify(sim_ws/src) by extension 'python'
[1.378s] Level 1:colcon.colcon_core.package_identification:_identify(sim_ws/src) by extensions ['python_setup_py']
[1.378s] Level 1:colcon.colcon_core.package_identification:_identify(sim_ws/src) by extension 'python_setup_py'
[1.378s] Level 1:colcon.colcon_core.package_identification:_identify(sim_ws/src/build) by extensions ['ignore', 'ignore_ament_install']
[1.378s] Level 1:colcon.colcon_core.package_identification:_identify(sim_ws/src/build) by extension 'ignore'
[1.378s] Level 1:colcon.colcon_core.package_identification:_identify(sim_ws/src/build) ignored
[1.378s] Level 1:colcon.colcon_core.package_identification:_identify(sim_ws/src/f1tenth_gym_ros) by extensions ['ignore', 'ignore_ament_install']
[1.378s] Level 1:colcon.colcon_core.package_identification:_identify(sim_ws/src/f1tenth_gym_ros) by extension 'ignore'
[1.379s] Level 1:colcon.colcon_core.package_identification:_identify(sim_ws/src/f1tenth_gym_ros) by extension 'ignore_ament_install'
[1.379s] Level 1:colcon.colcon_core.package_identification:_identify(sim_ws/src/f1tenth_gym_ros) by extensions ['colcon_pkg']
[1.379s] Level 1:colcon.colcon_core.package_identification:_identify(sim_ws/src/f1tenth_gym_ros) by extension 'colcon_pkg'
[1.379s] Level 1:colcon.colcon_core.package_identification:_identify(sim_ws/src/f1tenth_gym_ros) by extensions ['colcon_meta']
[1.379s] Level 1:colcon.colcon_core.package_identification:_identify(sim_ws/src/f1tenth_gym_ros) by extension 'colcon_meta'
[1.379s] Level 1:colcon.colcon_core.package_identification:_identify(sim_ws/src/f1tenth_gym_ros) by extensions ['ros']
[1.379s] Level 1:colcon.colcon_core.package_identification:_identify(sim_ws/src/f1tenth_gym_ros) by extension 'ros'
[1.381s] DEBUG:colcon.colcon_core.package_identification:Package 'sim_ws/src/f1tenth_gym_ros' with type 'ros.ament_python' and name 'f1tenth_gym_ros'
[1.381s] Level 1:colcon.colcon_core.package_identification:_identify(sim_ws/src/gap_follow) by extensions ['ignore', 'ignore_ament_install']
[1.382s] Level 1:colcon.colcon_core.package_identification:_identify(sim_ws/src/gap_follow) by extension 'ignore'
[1.382s] Level 1:colcon.colcon_core.package_identification:_identify(sim_ws/src/gap_follow) by extension 'ignore_ament_install'
[1.382s] Level 1:colcon.colcon_core.package_identification:_identify(sim_ws/src/gap_follow) by extensions ['colcon_pkg']
[1.382s] Level 1:colcon.colcon_core.package_identification:_identify(sim_ws/src/gap_follow) by extension 'colcon_pkg'
[1.382s] Level 1:colcon.colcon_core.package_identification:_identify(sim_ws/src/gap_follow) by extensions ['colcon_meta']
[1.382s] Level 1:colcon.colcon_core.package_identification:_identify(sim_ws/src/gap_follow) by extension 'colcon_meta'
[1.382s] Level 1:colcon.colcon_core.package_identification:_identify(sim_ws/src/gap_follow) by extensions ['ros']
[1.382s] Level 1:colcon.colcon_core.package_identification:_identify(sim_ws/src/gap_follow) by extension 'ros'
[1.383s] DEBUG:colcon.colcon_core.package_identification:Package 'sim_ws/src/gap_follow' with type 'ros.ament_cmake' and name 'gap_follow'
[1.383s] Level 1:colcon.colcon_core.package_identification:_identify(sim_ws/src/install) by extensions ['ignore', 'ignore_ament_install']
[1.383s] Level 1:colcon.colcon_core.package_identification:_identify(sim_ws/src/install) by extension 'ignore'
[1.383s] Level 1:colcon.colcon_core.package_identification:_identify(sim_ws/src/install) ignored
[1.383s] Level 1:colcon.colcon_core.package_identification:_identify(sim_ws/src/log) by extensions ['ignore', 'ignore_ament_install']
[1.383s] Level 1:colcon.colcon_core.package_identification:_identify(sim_ws/src/log) by extension 'ignore'
[1.383s] Level 1:colcon.colcon_core.package_identification:_identify(sim_ws/src/log) ignored
[1.383s] Level 1:colcon.colcon_core.package_identification:_identify(sim_ws/src/ros_msg_pkg) by extensions ['ignore', 'ignore_ament_install']
[1.383s] Level 1:colcon.colcon_core.package_identification:_identify(sim_ws/src/ros_msg_pkg) by extension 'ignore'
[1.383s] Level 1:colcon.colcon_core.package_identification:_identify(sim_ws/src/ros_msg_pkg) by extension 'ignore_ament_install'
[1.383s] Level 1:colcon.colcon_core.package_identification:_identify(sim_ws/src/ros_msg_pkg) by extensions ['colcon_pkg']
[1.383s] Level 1:colcon.colcon_core.package_identification:_identify(sim_ws/src/ros_msg_pkg) by extension 'colcon_pkg'
[1.383s] Level 1:colcon.colcon_core.package_identification:_identify(sim_ws/src/ros_msg_pkg) by extensions ['colcon_meta']
[1.383s] Level 1:colcon.colcon_core.package_identification:_identify(sim_ws/src/ros_msg_pkg) by extension 'colcon_meta'
[1.384s] Level 1:colcon.colcon_core.package_identification:_identify(sim_ws/src/ros_msg_pkg) by extensions ['ros']
[1.384s] Level 1:colcon.colcon_core.package_identification:_identify(sim_ws/src/ros_msg_pkg) by extension 'ros'
[1.384s] DEBUG:colcon.colcon_core.package_identification:Package 'sim_ws/src/ros_msg_pkg' with type 'ros.ament_python' and name 'ros_msg_pkg'
[1.386s] Level 1:colcon.colcon_core.package_identification:_identify(sim_ws/src/safety_node) by extensions ['ignore', 'ignore_ament_install']
[1.387s] Level 1:colcon.colcon_core.package_identification:_identify(sim_ws/src/safety_node) by extension 'ignore'
[1.387s] Level 1:colcon.colcon_core.package_identification:_identify(sim_ws/src/safety_node) by extension 'ignore_ament_install'
[1.387s] Level 1:colcon.colcon_core.package_identification:_identify(sim_ws/src/safety_node) by extensions ['colcon_pkg']
[1.387s] Level 1:colcon.colcon_core.package_identification:_identify(sim_ws/src/safety_node) by extension 'colcon_pkg'
[1.387s] Level 1:colcon.colcon_core.package_identification:_identify(sim_ws/src/safety_node) by extensions ['colcon_meta']
[1.387s] Level 1:colcon.colcon_core.package_identification:_identify(sim_ws/src/safety_node) by extension 'colcon_meta'
[1.387s] Level 1:colcon.colcon_core.package_identification:_identify(sim_ws/src/safety_node) by extensions ['ros']
[1.387s] Level 1:colcon.colcon_core.package_identification:_identify(sim_ws/src/safety_node) by extension 'ros'
[1.388s] DEBUG:colcon.colcon_core.package_identification:Package 'sim_ws/src/safety_node' with type 'ros.ament_cmake' and name 'safety_node'
[1.388s] Level 1:colcon.colcon_core.package_identification:_identify(sim_ws/src/wall_follow) by extensions ['ignore', 'ignore_ament_install']
[1.388s] Level 1:colcon.colcon_core.package_identification:_identify(sim_ws/src/wall_follow) by extension 'ignore'
[1.388s] Level 1:colcon.colcon_core.package_identification:_identify(sim_ws/src/wall_follow) by extension 'ignore_ament_install'
[1.388s] Level 1:colcon.colcon_core.package_identification:_identify(sim_ws/src/wall_follow) by extensions ['colcon_pkg']
[1.388s] Level 1:colcon.colcon_core.package_identification:_identify(sim_ws/src/wall_follow) by extension 'colcon_pkg'
[1.388s] Level 1:colcon.colcon_core.package_identification:_identify(sim_ws/src/wall_follow) by extensions ['colcon_meta']
[1.388s] Level 1:colcon.colcon_core.package_identification:_identify(sim_ws/src/wall_follow) by extension 'colcon_meta'
[1.388s] Level 1:colcon.colcon_core.package_identification:_identify(sim_ws/src/wall_follow) by extensions ['ros']
[1.388s] Level 1:colcon.colcon_core.package_identification:_identify(sim_ws/src/wall_follow) by extension 'ros'
[1.389s] DEBUG:colcon.colcon_core.package_identification:Package 'sim_ws/src/wall_follow' with type 'ros.ament_cmake' and name 'wall_follow'
[1.389s] Level 1:colcon.colcon_core.package_discovery:discover_packages(recursive) using defaults
[1.389s] Level 1:colcon.colcon_core.package_discovery:discover_packages(ignore) discover
[1.389s] Level 1:colcon.colcon_core.package_discovery:discover_packages(ignore) using defaults
[1.389s] Level 1:colcon.colcon_core.package_discovery:discover_packages(path) discover
[1.389s] Level 1:colcon.colcon_core.package_discovery:discover_packages(path) using defaults
[1.517s] Level 1:colcon.colcon_core.package_discovery:discover_packages(prefix_path) check parameters
[1.518s] Level 1:colcon.colcon_core.package_discovery:discover_packages(prefix_path) discover
[1.539s] Level 1:colcon.colcon_core.package_discovery:discover_packages(prefix_path) using defaults
[1.581s] Level 5:colcon.colcon_core.verb:set package 'f1tenth_gym_ros' build argument 'cmake_args' from command line to 'None'
[1.581s] Level 5:colcon.colcon_core.verb:set package 'f1tenth_gym_ros' build argument 'cmake_target' from command line to 'None'
[1.582s] Level 5:colcon.colcon_core.verb:set package 'f1tenth_gym_ros' build argument 'cmake_target_skip_unavailable' from command line to 'False'
[1.582s] Level 5:colcon.colcon_core.verb:set package 'f1tenth_gym_ros' build argument 'cmake_clean_cache' from command line to 'False'
[1.582s] Level 5:colcon.colcon_core.verb:set package 'f1tenth_gym_ros' build argument 'cmake_clean_first' from command line to 'False'
[1.582s] Level 5:colcon.colcon_core.verb:set package 'f1tenth_gym_ros' build argument 'cmake_force_configure' from command line to 'False'
[1.582s] Level 5:colcon.colcon_core.verb:set package 'f1tenth_gym_ros' build argument 'ament_cmake_args' from command line to 'None'
[1.582s] Level 5:colcon.colcon_core.verb:set package 'f1tenth_gym_ros' build argument 'catkin_cmake_args' from command line to 'None'
[1.582s] Level 5:colcon.colcon_core.verb:set package 'f1tenth_gym_ros' build argument 'catkin_skip_building_tests' from command line to 'False'
[1.582s] DEBUG:colcon.colcon_core.verb:Building package 'f1tenth_gym_ros' with the following arguments: {'ament_cmake_args': None, 'build_base': '/home/vy/GalacticRacing/build/f1tenth_gym_ros', 'catkin_cmake_args': None, 'catkin_skip_building_tests': False, 'cmake_args': None, 'cmake_clean_cache': False, 'cmake_clean_first': False, 'cmake_force_configure': False, 'cmake_target': None, 'cmake_target_skip_unavailable': False, 'install_base': '/home/vy/GalacticRacing/install/f1tenth_gym_ros', 'merge_install': False, 'path': '/home/vy/GalacticRacing/sim_ws/src/f1tenth_gym_ros', 'symlink_install': False, 'test_result_base': None}
[1.602s] Level 5:colcon.colcon_core.verb:set package 'gap_follow' build argument 'cmake_args' from command line to 'None'
[1.603s] Level 5:colcon.colcon_core.verb:set package 'gap_follow' build argument 'cmake_target' from command line to 'None'
[1.603s] Level 5:colcon.colcon_core.verb:set package 'gap_follow' build argument 'cmake_target_skip_unavailable' from command line to 'False'
[1.603s] Level 5:colcon.colcon_core.verb:set package 'gap_follow' build argument 'cmake_clean_cache' from command line to 'False'
[1.603s] Level 5:colcon.colcon_core.verb:set package 'gap_follow' build argument 'cmake_clean_first' from command line to 'False'
[1.603s] Level 5:colcon.colcon_core.verb:set package 'gap_follow' build argument 'cmake_force_configure' from command line to 'False'
[1.603s] Level 5:colcon.colcon_core.verb:set package 'gap_follow' build argument 'ament_cmake_args' from command line to 'None'
[1.603s] Level 5:colcon.colcon_core.verb:set package 'gap_follow' build argument 'catkin_cmake_args' from command line to 'None'
[1.603s] Level 5:colcon.colcon_core.verb:set package 'gap_follow' build argument 'catkin_skip_building_tests' from command line to 'False'
[1.603s] DEBUG:colcon.colcon_core.verb:Building package 'gap_follow' with the following arguments: {'ament_cmake_args': None, 'build_base': '/home/vy/GalacticRacing/build/gap_follow', 'catkin_cmake_args': None, 'catkin_skip_building_tests': False, 'cmake_args': None, 'cmake_clean_cache': False, 'cmake_clean_first': False, 'cmake_force_configure': False, 'cmake_target': None, 'cmake_target_skip_unavailable': False, 'install_base': '/home/vy/GalacticRacing/install/gap_follow', 'merge_install': False, 'path': '/home/vy/GalacticRacing/sim_ws/src/gap_follow', 'symlink_install': False, 'test_result_base': None}
[1.624s] Level 5:colcon.colcon_core.verb:set package 'ros_msg_pkg' build argument 'cmake_args' from command line to 'None'
[1.624s] Level 5:colcon.colcon_core.verb:set package 'ros_msg_pkg' build argument 'cmake_target' from command line to 'None'
[1.624s] Level 5:colcon.colcon_core.verb:set package 'ros_msg_pkg' build argument 'cmake_target_skip_unavailable' from command line to 'False'
[1.624s] Level 5:colcon.colcon_core.verb:set package 'ros_msg_pkg' build argument 'cmake_clean_cache' from command line to 'False'
[1.624s] Level 5:colcon.colcon_core.verb:set package 'ros_msg_pkg' build argument 'cmake_clean_first' from command line to 'False'
[1.624s] Level 5:colcon.colcon_core.verb:set package 'ros_msg_pkg' build argument 'cmake_force_configure' from command line to 'False'
[1.624s] Level 5:colcon.colcon_core.verb:set package 'ros_msg_pkg' build argument 'ament_cmake_args' from command line to 'None'
[1.624s] Level 5:colcon.colcon_core.verb:set package 'ros_msg_pkg' build argument 'catkin_cmake_args' from command line to 'None'
[1.624s] Level 5:colcon.colcon_core.verb:set package 'ros_msg_pkg' build argument 'catkin_skip_building_tests' from command line to 'False'
[1.624s] DEBUG:colcon.colcon_core.verb:Building package 'ros_msg_pkg' with the following arguments: {'ament_cmake_args': None, 'build_base': '/home/vy/GalacticRacing/build/ros_msg_pkg', 'catkin_cmake_args': None, 'catkin_skip_building_tests': False, 'cmake_args': None, 'cmake_clean_cache': False, 'cmake_clean_first': False, 'cmake_force_configure': False, 'cmake_target': None, 'cmake_target_skip_unavailable': False, 'install_base': '/home/vy/GalacticRacing/install/ros_msg_pkg', 'merge_install': False, 'path': '/home/vy/GalacticRacing/sim_ws/src/ros_msg_pkg', 'symlink_install': False, 'test_result_base': None}
[1.645s] Level 5:colcon.colcon_core.verb:set package 'safety_node' build argument 'cmake_args' from command line to 'None'
[1.645s] Level 5:colcon.colcon_core.verb:set package 'safety_node' build argument 'cmake_target' from command line to 'None'
[1.645s] Level 5:colcon.colcon_core.verb:set package 'safety_node' build argument 'cmake_target_skip_unavailable' from command line to 'False'
[1.645s] Level 5:colcon.colcon_core.verb:set package 'safety_node' build argument 'cmake_clean_cache' from command line to 'False'
[1.645s] Level 5:colcon.colcon_core.verb:set package 'safety_node' build argument 'cmake_clean_first' from command line to 'False'
[1.645s] Level 5:colcon.colcon_core.verb:set package 'safety_node' build argument 'cmake_force_configure' from command line to 'False'
[1.645s] Level 5:colcon.colcon_core.verb:set package 'safety_node' build argument 'ament_cmake_args' from command line to 'None'
[1.645s] Level 5:colcon.colcon_core.verb:set package 'safety_node' build argument 'catkin_cmake_args' from command line to 'None'
[1.645s] Level 5:colcon.colcon_core.verb:set package 'safety_node' build argument 'catkin_skip_building_tests' from command line to 'False'
[1.645s] DEBUG:colcon.colcon_core.verb:Building package 'safety_node' with the following arguments: {'ament_cmake_args': None, 'build_base': '/home/vy/GalacticRacing/build/safety_node', 'catkin_cmake_args': None, 'catkin_skip_building_tests': False, 'cmake_args': None, 'cmake_clean_cache': False, 'cmake_clean_first': False, 'cmake_force_configure': False, 'cmake_target': None, 'cmake_target_skip_unavailable': False, 'install_base': '/home/vy/GalacticRacing/install/safety_node', 'merge_install': False, 'path': '/home/vy/GalacticRacing/sim_ws/src/safety_node', 'symlink_install': False, 'test_result_base': None}
[1.670s] Level 5:colcon.colcon_core.verb:set package 'wall_follow' build argument 'cmake_args' from command line to 'None'
[1.670s] Level 5:colcon.colcon_core.verb:set package 'wall_follow' build argument 'cmake_target' from command line to 'None'
[1.670s] Level 5:colcon.colcon_core.verb:set package 'wall_follow' build argument 'cmake_target_skip_unavailable' from command line to 'False'
[1.670s] Level 5:colcon.colcon_core.verb:set package 'wall_follow' build argument 'cmake_clean_cache' from command line to 'False'
[1.670s] Level 5:colcon.colcon_core.verb:set package 'wall_follow' build argument 'cmake_clean_first' from command line to 'False'
[1.670s] Level 5:colcon.colcon_core.verb:set package 'wall_follow' build argument 'cmake_force_configure' from command line to 'False'
[1.670s] Level 5:colcon.colcon_core.verb:set package 'wall_follow' build argument 'ament_cmake_args' from command line to 'None'
[1.670s] Level 5:colcon.colcon_core.verb:set package 'wall_follow' build argument 'catkin_cmake_args' from command line to 'None'
[1.670s] Level 5:colcon.colcon_core.verb:set package 'wall_follow' build argument 'catkin_skip_building_tests' from command line to 'False'
[1.670s] DEBUG:colcon.colcon_core.verb:Building package 'wall_follow' with the following arguments: {'ament_cmake_args': None, 'build_base': '/home/vy/GalacticRacing/build/wall_follow', 'catkin_cmake_args': None, 'catkin_skip_building_tests': False, 'cmake_args': None, 'cmake_clean_cache': False, 'cmake_clean_first': False, 'cmake_force_configure': False, 'cmake_target': None, 'cmake_target_skip_unavailable': False, 'install_base': '/home/vy/GalacticRacing/install/wall_follow', 'merge_install': False, 'path': '/home/vy/GalacticRacing/sim_ws/src/wall_follow', 'symlink_install': False, 'test_result_base': None}
[1.693s] INFO:colcon.colcon_core.executor:Executing jobs using 'parallel' executor
[1.714s] DEBUG:colcon.colcon_parallel_executor.executor.parallel:run_until_complete
[1.715s] INFO:colcon.colcon_ros.task.ament_python.build:Building ROS package in '/home/vy/GalacticRacing/sim_ws/src/f1tenth_gym_ros' with build type 'ament_python'
[1.716s] Level 1:colcon.colcon_core.shell:create_environment_hook('f1tenth_gym_ros', 'ament_prefix_path')
[1.743s] INFO:colcon.colcon_core.plugin_system:Skipping extension 'colcon_core.shell.bat': Not used on non-Windows systems
[1.743s] INFO:colcon.colcon_core.shell:Creating environment hook '/home/vy/GalacticRacing/install/f1tenth_gym_ros/share/f1tenth_gym_ros/hook/ament_prefix_path.ps1'
[1.744s] INFO:colcon.colcon_core.shell:Creating environment descriptor '/home/vy/GalacticRacing/install/f1tenth_gym_ros/share/f1tenth_gym_ros/hook/ament_prefix_path.dsv'
[1.744s] INFO:colcon.colcon_core.shell:Creating environment hook '/home/vy/GalacticRacing/install/f1tenth_gym_ros/share/f1tenth_gym_ros/hook/ament_prefix_path.sh'
[1.769s] INFO:colcon.colcon_core.shell:Skip shell extension 'powershell' for command environment: Not usable outside of PowerShell
[1.770s] DEBUG:colcon.colcon_core.shell:Skip shell extension 'dsv' for command environment
[1.795s] INFO:colcon.colcon_ros.task.ament_cmake.build:Building ROS package in '/home/vy/GalacticRacing/sim_ws/src/gap_follow' with build type 'ament_cmake'
[1.795s] INFO:colcon.colcon_cmake.task.cmake.build:Building CMake package in '/home/vy/GalacticRacing/sim_ws/src/gap_follow'
[1.832s] INFO:colcon.colcon_core.shell:Skip shell extension 'powershell' for command environment: Not usable outside of PowerShell
[1.832s] DEBUG:colcon.colcon_core.shell:Skip shell extension 'dsv' for command environment
[1.860s] INFO:colcon.colcon_ros.task.ament_python.build:Building ROS package in '/home/vy/GalacticRacing/sim_ws/src/ros_msg_pkg' with build type 'ament_python'
[1.862s] Level 1:colcon.colcon_core.shell:create_environment_hook('ros_msg_pkg', 'ament_prefix_path')
[1.887s] INFO:colcon.colcon_core.shell:Creating environment hook '/home/vy/GalacticRacing/install/ros_msg_pkg/share/ros_msg_pkg/hook/ament_prefix_path.ps1'
[1.888s] INFO:colcon.colcon_core.shell:Creating environment descriptor '/home/vy/GalacticRacing/install/ros_msg_pkg/share/ros_msg_pkg/hook/ament_prefix_path.dsv'
[1.888s] INFO:colcon.colcon_core.shell:Creating environment hook '/home/vy/GalacticRacing/install/ros_msg_pkg/share/ros_msg_pkg/hook/ament_prefix_path.sh'
[1.912s] INFO:colcon.colcon_core.shell:Skip shell extension 'powershell' for command environment: Not usable outside of PowerShell
[1.912s] DEBUG:colcon.colcon_core.shell:Skip shell extension 'dsv' for command environment
[1.942s] INFO:colcon.colcon_ros.task.ament_cmake.build:Building ROS package in '/home/vy/GalacticRacing/sim_ws/src/safety_node' with build type 'ament_cmake'
[1.943s] INFO:colcon.colcon_cmake.task.cmake.build:Building CMake package in '/home/vy/GalacticRacing/sim_ws/src/safety_node'
[1.972s] INFO:colcon.colcon_core.shell:Skip shell extension 'powershell' for command environment: Not usable outside of PowerShell
[1.973s] DEBUG:colcon.colcon_core.shell:Skip shell extension 'dsv' for command environment
[1.999s] INFO:colcon.colcon_ros.task.ament_cmake.build:Building ROS package in '/home/vy/GalacticRacing/sim_ws/src/wall_follow' with build type 'ament_cmake'
[1.999s] INFO:colcon.colcon_cmake.task.cmake.build:Building CMake package in '/home/vy/GalacticRacing/sim_ws/src/wall_follow'
[2.025s] INFO:colcon.colcon_core.shell:Skip shell extension 'powershell' for command environment: Not usable outside of PowerShell
[2.025s] DEBUG:colcon.colcon_core.shell:Skip shell extension 'dsv' for command environment
[2.212s] INFO:colcon.colcon_core.task.python.build:Building Python package in '/home/vy/GalacticRacing/sim_ws/src/f1tenth_gym_ros'
[2.235s] INFO:colcon.colcon_core.shell:Skip shell extension 'powershell' for command environment: Not usable outside of PowerShell
[2.235s] DEBUG:colcon.colcon_core.shell:Skip shell extension 'dsv' for command environment
[2.277s] DEBUG:colcon.colcon_core.event_handler.log_command:Invoking command in '/home/vy/GalacticRacing/build/gap_follow': /usr/bin/cmake --build /home/vy/GalacticRacing/build/gap_follow -- -j6 -l6
[2.438s] INFO:colcon.colcon_core.task.python.build:Building Python package in '/home/vy/GalacticRacing/sim_ws/src/ros_msg_pkg'
[2.462s] INFO:colcon.colcon_core.shell:Skip shell extension 'powershell' for command environment: Not usable outside of PowerShell
[2.462s] DEBUG:colcon.colcon_core.shell:Skip shell extension 'dsv' for command environment
[2.504s] DEBUG:colcon.colcon_core.event_handler.log_command:Invoking command in '/home/vy/GalacticRacing/build/safety_node': /usr/bin/cmake --build /home/vy/GalacticRacing/build/safety_node -- -j6 -l6
[2.514s] DEBUG:colcon.colcon_core.event_handler.log_command:Invoking command in '/home/vy/GalacticRacing/build/wall_follow': /usr/bin/cmake --build /home/vy/GalacticRacing/build/wall_follow -- -j6 -l6
[2.514s] DEBUG:colcon.colcon_core.event_handler.log_command:Invoked command in '/home/vy/GalacticRacing/build/gap_follow' returned '0': /usr/bin/cmake --build /home/vy/GalacticRacing/build/gap_follow -- -j6 -l6
[2.551s] DEBUG:colcon.colcon_core.event_handler.log_command:Invoking command in '/home/vy/GalacticRacing/build/gap_follow': /usr/bin/cmake --install /home/vy/GalacticRacing/build/gap_follow
[2.571s] DEBUG:colcon.colcon_core.event_handler.log_command:Invoked command in '/home/vy/GalacticRacing/build/safety_node' returned '0': /usr/bin/cmake --build /home/vy/GalacticRacing/build/safety_node -- -j6 -l6
[2.589s] DEBUG:colcon.colcon_core.event_handler.log_command:Invoked command in '/home/vy/GalacticRacing/build/wall_follow' returned '0': /usr/bin/cmake --build /home/vy/GalacticRacing/build/wall_follow -- -j6 -l6
[2.602s] DEBUG:colcon.colcon_core.event_handler.log_command:Invoking command in '/home/vy/GalacticRacing/build/safety_node': /usr/bin/cmake --install /home/vy/GalacticRacing/build/safety_node
[2.603s] Level 1:colcon.colcon_core.environment:create_environment_scripts_only(gap_follow)
[2.604s] DEBUG:colcon.colcon_core.event_handler.log_command:Invoked command in '/home/vy/GalacticRacing/build/gap_follow' returned '0': /usr/bin/cmake --install /home/vy/GalacticRacing/build/gap_follow
[2.639s] Level 1:colcon.colcon_core.environment:checking '/home/vy/GalacticRacing/install/gap_follow' for CMake module files
[2.641s] Level 1:colcon.colcon_core.environment:checking '/home/vy/GalacticRacing/install/gap_follow' for CMake config files
[2.642s] Level 1:colcon.colcon_core.shell:create_environment_hook('gap_follow', 'cmake_prefix_path')
[2.664s] INFO:colcon.colcon_core.shell:Creating environment hook '/home/vy/GalacticRacing/install/gap_follow/share/gap_follow/hook/cmake_prefix_path.ps1'
[2.666s] INFO:colcon.colcon_core.shell:Creating environment descriptor '/home/vy/GalacticRacing/install/gap_follow/share/gap_follow/hook/cmake_prefix_path.dsv'
[2.666s] INFO:colcon.colcon_core.shell:Creating environment hook '/home/vy/GalacticRacing/install/gap_follow/share/gap_follow/hook/cmake_prefix_path.sh'
[2.667s] Level 1:colcon.colcon_core.environment:checking '/home/vy/GalacticRacing/install/gap_follow/lib'
[2.668s] Level 1:colcon.colcon_core.environment:checking '/home/vy/GalacticRacing/install/gap_follow/bin'
[2.668s] Level 1:colcon.colcon_core.environment:checking '/home/vy/GalacticRacing/install/gap_follow/lib/pkgconfig/gap_follow.pc'
[2.668s] Level 1:colcon.colcon_core.environment:checking '/home/vy/GalacticRacing/install/gap_follow/lib/python3.8/site-packages'
[2.668s] Level 1:colcon.colcon_core.shell:create_environment_hook('gap_follow', 'pythonpath')
[2.691s] INFO:colcon.colcon_core.shell:Creating environment hook '/home/vy/GalacticRacing/install/gap_follow/share/gap_follow/hook/pythonpath.ps1'
[2.692s] INFO:colcon.colcon_core.shell:Creating environment descriptor '/home/vy/GalacticRacing/install/gap_follow/share/gap_follow/hook/pythonpath.dsv'
[2.693s] INFO:colcon.colcon_core.shell:Creating environment hook '/home/vy/GalacticRacing/install/gap_follow/share/gap_follow/hook/pythonpath.sh'
[2.694s] Level 1:colcon.colcon_core.environment:checking '/home/vy/GalacticRacing/install/gap_follow/bin'
[2.722s] INFO:colcon.colcon_core.shell:Creating package script '/home/vy/GalacticRacing/install/gap_follow/share/gap_follow/package.ps1'
[2.723s] INFO:colcon.colcon_core.shell:Creating package descriptor '/home/vy/GalacticRacing/install/gap_follow/share/gap_follow/package.dsv'
[2.725s] INFO:colcon.colcon_core.shell:Creating package script '/home/vy/GalacticRacing/install/gap_follow/share/gap_follow/package.sh'
[2.726s] INFO:colcon.colcon_core.shell:Creating package script '/home/vy/GalacticRacing/install/gap_follow/share/gap_follow/package.bash'
[2.727s] INFO:colcon.colcon_core.shell:Creating package script '/home/vy/GalacticRacing/install/gap_follow/share/gap_follow/package.zsh'
[2.727s] Level 1:colcon.colcon_core.environment:create_file_with_runtime_dependencies(/home/vy/GalacticRacing/install/gap_follow/share/colcon-core/packages/gap_follow)
[2.737s] DEBUG:colcon.colcon_core.event_handler.log_command:Invoking command in '/home/vy/GalacticRacing/build/wall_follow': /usr/bin/cmake --install /home/vy/GalacticRacing/build/wall_follow
[2.739s] Level 1:colcon.colcon_core.environment:create_environment_scripts_only(safety_node)
[2.740s] DEBUG:colcon.colcon_core.event_handler.log_command:Invoked command in '/home/vy/GalacticRacing/build/safety_node' returned '0': /usr/bin/cmake --install /home/vy/GalacticRacing/build/safety_node
[2.782s] Level 1:colcon.colcon_core.environment:checking '/home/vy/GalacticRacing/install/safety_node' for CMake module files
[2.782s] Level 1:colcon.colcon_core.environment:checking '/home/vy/GalacticRacing/install/safety_node' for CMake config files
[2.783s] Level 1:colcon.colcon_core.shell:create_environment_hook('safety_node', 'cmake_prefix_path')
[2.811s] INFO:colcon.colcon_core.shell:Creating environment hook '/home/vy/GalacticRacing/install/safety_node/share/safety_node/hook/cmake_prefix_path.ps1'
[2.812s] INFO:colcon.colcon_core.shell:Creating environment descriptor '/home/vy/GalacticRacing/install/safety_node/share/safety_node/hook/cmake_prefix_path.dsv'
[2.813s] INFO:colcon.colcon_core.shell:Creating environment hook '/home/vy/GalacticRacing/install/safety_node/share/safety_node/hook/cmake_prefix_path.sh'
[2.814s] Level 1:colcon.colcon_core.environment:checking '/home/vy/GalacticRacing/install/safety_node/lib'
[2.814s] Level 1:colcon.colcon_core.environment:checking '/home/vy/GalacticRacing/install/safety_node/bin'
[2.814s] Level 1:colcon.colcon_core.environment:checking '/home/vy/GalacticRacing/install/safety_node/lib/pkgconfig/safety_node.pc'
[2.815s] Level 1:colcon.colcon_core.environment:checking '/home/vy/GalacticRacing/install/safety_node/lib/python3.8/site-packages'
[2.815s] Level 1:colcon.colcon_core.shell:create_environment_hook('safety_node', 'pythonpath')
[2.836s] INFO:colcon.colcon_core.shell:Creating environment hook '/home/vy/GalacticRacing/install/safety_node/share/safety_node/hook/pythonpath.ps1'
[2.837s] INFO:colcon.colcon_core.shell:Creating environment descriptor '/home/vy/GalacticRacing/install/safety_node/share/safety_node/hook/pythonpath.dsv'
[2.838s] INFO:colcon.colcon_core.shell:Creating environment hook '/home/vy/GalacticRacing/install/safety_node/share/safety_node/hook/pythonpath.sh'
[2.838s] Level 1:colcon.colcon_core.environment:checking '/home/vy/GalacticRacing/install/safety_node/bin'
[2.862s] INFO:colcon.colcon_core.shell:Creating package script '/home/vy/GalacticRacing/install/safety_node/share/safety_node/package.ps1'
[2.863s] INFO:colcon.colcon_core.shell:Creating package descriptor '/home/vy/GalacticRacing/install/safety_node/share/safety_node/package.dsv'
[2.864s] INFO:colcon.colcon_core.shell:Creating package script '/home/vy/GalacticRacing/install/safety_node/share/safety_node/package.sh'
[2.865s] INFO:colcon.colcon_core.shell:Creating package script '/home/vy/GalacticRacing/install/safety_node/share/safety_node/package.bash'
[2.865s] INFO:colcon.colcon_core.shell:Creating package script '/home/vy/GalacticRacing/install/safety_node/share/safety_node/package.zsh'
[2.866s] Level 1:colcon.colcon_core.environment:create_file_with_runtime_dependencies(/home/vy/GalacticRacing/install/safety_node/share/colcon-core/packages/safety_node)
[2.872s] Level 1:colcon.colcon_core.environment:create_environment_scripts_only(wall_follow)
[2.873s] DEBUG:colcon.colcon_core.event_handler.log_command:Invoked command in '/home/vy/GalacticRacing/build/wall_follow' returned '0': /usr/bin/cmake --install /home/vy/GalacticRacing/build/wall_follow
[2.900s] Level 1:colcon.colcon_core.environment:checking '/home/vy/GalacticRacing/install/wall_follow' for CMake module files
[2.901s] Level 1:colcon.colcon_core.environment:checking '/home/vy/GalacticRacing/install/wall_follow' for CMake config files
[2.901s] Level 1:colcon.colcon_core.shell:create_environment_hook('wall_follow', 'cmake_prefix_path')
[2.934s] INFO:colcon.colcon_core.shell:Creating environment hook '/home/vy/GalacticRacing/install/wall_follow/share/wall_follow/hook/cmake_prefix_path.ps1'
[2.936s] INFO:colcon.colcon_core.shell:Creating environment descriptor '/home/vy/GalacticRacing/install/wall_follow/share/wall_follow/hook/cmake_prefix_path.dsv'
[2.937s] INFO:colcon.colcon_core.shell:Creating environment hook '/home/vy/GalacticRacing/install/wall_follow/share/wall_follow/hook/cmake_prefix_path.sh'
[2.937s] Level 1:colcon.colcon_core.environment:checking '/home/vy/GalacticRacing/install/wall_follow/lib'
[2.938s] Level 1:colcon.colcon_core.environment:checking '/home/vy/GalacticRacing/install/wall_follow/bin'
[2.938s] Level 1:colcon.colcon_core.environment:checking '/home/vy/GalacticRacing/install/wall_follow/lib/pkgconfig/wall_follow.pc'
[2.938s] Level 1:colcon.colcon_core.environment:checking '/home/vy/GalacticRacing/install/wall_follow/lib/python3.8/site-packages'
[2.938s] Level 1:colcon.colcon_core.shell:create_environment_hook('wall_follow', 'pythonpath')
[2.987s] INFO:colcon.colcon_core.shell:Creating environment hook '/home/vy/GalacticRacing/install/wall_follow/share/wall_follow/hook/pythonpath.ps1'
[2.989s] INFO:colcon.colcon_core.shell:Creating environment descriptor '/home/vy/GalacticRacing/install/wall_follow/share/wall_follow/hook/pythonpath.dsv'
[2.989s] INFO:colcon.colcon_core.shell:Creating environment hook '/home/vy/GalacticRacing/install/wall_follow/share/wall_follow/hook/pythonpath.sh'
[2.991s] Level 1:colcon.colcon_core.environment:checking '/home/vy/GalacticRacing/install/wall_follow/bin'
[3.020s] INFO:colcon.colcon_core.shell:Creating package script '/home/vy/GalacticRacing/install/wall_follow/share/wall_follow/package.ps1'
[3.021s] INFO:colcon.colcon_core.shell:Creating package descriptor '/home/vy/GalacticRacing/install/wall_follow/share/wall_follow/package.dsv'
[3.022s] INFO:colcon.colcon_core.shell:Creating package script '/home/vy/GalacticRacing/install/wall_follow/share/wall_follow/package.sh'
[3.023s] INFO:colcon.colcon_core.shell:Creating package script '/home/vy/GalacticRacing/install/wall_follow/share/wall_follow/package.bash'
[3.023s] INFO:colcon.colcon_core.shell:Creating package script '/home/vy/GalacticRacing/install/wall_follow/share/wall_follow/package.zsh'
[3.024s] Level 1:colcon.colcon_core.environment:create_file_with_runtime_dependencies(/home/vy/GalacticRacing/install/wall_follow/share/colcon-core/packages/wall_follow)
[3.059s] Level 1:colcon.colcon_core.environment:create_environment_scripts_only(gap_follow)
[3.084s] Level 1:colcon.colcon_core.environment:checking '/home/vy/GalacticRacing/install/gap_follow' for CMake module files
[3.085s] Level 1:colcon.colcon_core.environment:checking '/home/vy/GalacticRacing/install/gap_follow' for CMake config files
[3.085s] Level 1:colcon.colcon_core.shell:create_environment_hook('gap_follow', 'cmake_prefix_path')
[3.108s] INFO:colcon.colcon_core.shell:Creating environment hook '/home/vy/GalacticRacing/install/gap_follow/share/gap_follow/hook/cmake_prefix_path.ps1'
[3.109s] INFO:colcon.colcon_core.shell:Creating environment descriptor '/home/vy/GalacticRacing/install/gap_follow/share/gap_follow/hook/cmake_prefix_path.dsv'
[3.110s] INFO:colcon.colcon_core.shell:Creating environment hook '/home/vy/GalacticRacing/install/gap_follow/share/gap_follow/hook/cmake_prefix_path.sh'
[3.111s] Level 1:colcon.colcon_core.environment:checking '/home/vy/GalacticRacing/install/gap_follow/lib'
[3.111s] Level 1:colcon.colcon_core.environment:checking '/home/vy/GalacticRacing/install/gap_follow/bin'
[3.111s] Level 1:colcon.colcon_core.environment:checking '/home/vy/GalacticRacing/install/gap_follow/lib/pkgconfig/gap_follow.pc'
[3.111s] Level 1:colcon.colcon_core.environment:checking '/home/vy/GalacticRacing/install/gap_follow/lib/python3.8/site-packages'
[3.111s] Level 1:colcon.colcon_core.shell:create_environment_hook('gap_follow', 'pythonpath')
[3.134s] INFO:colcon.colcon_core.shell:Creating environment hook '/home/vy/GalacticRacing/install/gap_follow/share/gap_follow/hook/pythonpath.ps1'
[3.135s] INFO:colcon.colcon_core.shell:Creating environment descriptor '/home/vy/GalacticRacing/install/gap_follow/share/gap_follow/hook/pythonpath.dsv'
[3.136s] INFO:colcon.colcon_core.shell:Creating environment hook '/home/vy/GalacticRacing/install/gap_follow/share/gap_follow/hook/pythonpath.sh'
[3.137s] Level 1:colcon.colcon_core.environment:checking '/home/vy/GalacticRacing/install/gap_follow/bin'
[3.161s] INFO:colcon.colcon_core.shell:Creating package script '/home/vy/GalacticRacing/install/gap_follow/share/gap_follow/package.ps1'
[3.162s] INFO:colcon.colcon_core.shell:Creating package descriptor '/home/vy/GalacticRacing/install/gap_follow/share/gap_follow/package.dsv'
[3.162s] INFO:colcon.colcon_core.shell:Creating package script '/home/vy/GalacticRacing/install/gap_follow/share/gap_follow/package.sh'
[3.163s] INFO:colcon.colcon_core.shell:Creating package script '/home/vy/GalacticRacing/install/gap_follow/share/gap_follow/package.bash'
[3.164s] INFO:colcon.colcon_core.shell:Creating package script '/home/vy/GalacticRacing/install/gap_follow/share/gap_follow/package.zsh'
[3.165s] Level 1:colcon.colcon_core.environment:create_file_with_runtime_dependencies(/home/vy/GalacticRacing/install/gap_follow/share/colcon-core/packages/gap_follow)
[3.194s] Level 1:colcon.colcon_core.environment:create_environment_scripts_only(safety_node)
[3.218s] Level 1:colcon.colcon_core.environment:checking '/home/vy/GalacticRacing/install/safety_node' for CMake module files
[3.219s] Level 1:colcon.colcon_core.environment:checking '/home/vy/GalacticRacing/install/safety_node' for CMake config files
[3.219s] Level 1:colcon.colcon_core.shell:create_environment_hook('safety_node', 'cmake_prefix_path')
[3.245s] INFO:colcon.colcon_core.shell:Creating environment hook '/home/vy/GalacticRacing/install/safety_node/share/safety_node/hook/cmake_prefix_path.ps1'
[3.247s] INFO:colcon.colcon_core.shell:Creating environment descriptor '/home/vy/GalacticRacing/install/safety_node/share/safety_node/hook/cmake_prefix_path.dsv'
[3.248s] INFO:colcon.colcon_core.shell:Creating environment hook '/home/vy/GalacticRacing/install/safety_node/share/safety_node/hook/cmake_prefix_path.sh'
[3.249s] Level 1:colcon.colcon_core.environment:checking '/home/vy/GalacticRacing/install/safety_node/lib'
[3.249s] Level 1:colcon.colcon_core.environment:checking '/home/vy/GalacticRacing/install/safety_node/bin'
[3.249s] Level 1:colcon.colcon_core.environment:checking '/home/vy/GalacticRacing/install/safety_node/lib/pkgconfig/safety_node.pc'
[3.249s] Level 1:colcon.colcon_core.environment:checking '/home/vy/GalacticRacing/install/safety_node/lib/python3.8/site-packages'
[3.249s] Level 1:colcon.colcon_core.shell:create_environment_hook('safety_node', 'pythonpath')
[3.273s] INFO:colcon.colcon_core.shell:Creating environment hook '/home/vy/GalacticRacing/install/safety_node/share/safety_node/hook/pythonpath.ps1'
[3.274s] INFO:colcon.colcon_core.shell:Creating environment descriptor '/home/vy/GalacticRacing/install/safety_node/share/safety_node/hook/pythonpath.dsv'
[3.275s] INFO:colcon.colcon_core.shell:Creating environment hook '/home/vy/GalacticRacing/install/safety_node/share/safety_node/hook/pythonpath.sh'
[3.276s] Level 1:colcon.colcon_core.environment:checking '/home/vy/GalacticRacing/install/safety_node/bin'
[3.298s] INFO:colcon.colcon_core.shell:Creating package script '/home/vy/GalacticRacing/install/safety_node/share/safety_node/package.ps1'
[3.299s] INFO:colcon.colcon_core.shell:Creating package descriptor '/home/vy/GalacticRacing/install/safety_node/share/safety_node/package.dsv'
[3.300s] INFO:colcon.colcon_core.shell:Creating package script '/home/vy/GalacticRacing/install/safety_node/share/safety_node/package.sh'
[3.301s] INFO:colcon.colcon_core.shell:Creating package script '/home/vy/GalacticRacing/install/safety_node/share/safety_node/package.bash'
[3.302s] INFO:colcon.colcon_core.shell:Creating package script '/home/vy/GalacticRacing/install/safety_node/share/safety_node/package.zsh'
[3.302s] Level 1:colcon.colcon_core.environment:create_file_with_runtime_dependencies(/home/vy/GalacticRacing/install/safety_node/share/colcon-core/packages/safety_node)
[3.320s] DEBUG:colcon.colcon_core.event_handler.log_command:Invoking command in '/home/vy/GalacticRacing/sim_ws/src/f1tenth_gym_ros': PYTHONPATH=/home/vy/GalacticRacing/build/f1tenth_gym_ros/prefix_override:/home/vy/GalacticRacing/install/f1tenth_gym_ros/lib/python3.8/site-packages: /usr/bin/python3 setup.py egg_info --egg-base ../../../build/f1tenth_gym_ros build --build-base /home/vy/GalacticRacing/build/f1tenth_gym_ros/build install --record /home/vy/GalacticRacing/build/f1tenth_gym_ros/install.log --install-scripts $base/lib/f1tenth_gym_ros --single-version-externally-managed
[3.321s] DEBUG:colcon.colcon_core.event_handler.log_command:Invoking command in '/home/vy/GalacticRacing/sim_ws/src/ros_msg_pkg': PYTHONPATH=/home/vy/GalacticRacing/build/ros_msg_pkg/prefix_override:/home/vy/GalacticRacing/install/ros_msg_pkg/lib/python3.8/site-packages: /usr/bin/python3 setup.py egg_info --egg-base ../../../build/ros_msg_pkg build --build-base /home/vy/GalacticRacing/build/ros_msg_pkg/build install --record /home/vy/GalacticRacing/build/ros_msg_pkg/install.log --install-scripts $base/lib/ros_msg_pkg --single-version-externally-managed
[3.344s] Level 1:colcon.colcon_core.environment:create_environment_scripts_only(wall_follow)
[3.366s] Level 1:colcon.colcon_core.environment:checking '/home/vy/GalacticRacing/install/wall_follow' for CMake module files
[3.367s] Level 1:colcon.colcon_core.environment:checking '/home/vy/GalacticRacing/install/wall_follow' for CMake config files
[3.367s] Level 1:colcon.colcon_core.shell:create_environment_hook('wall_follow', 'cmake_prefix_path')
[3.393s] INFO:colcon.colcon_core.shell:Creating environment hook '/home/vy/GalacticRacing/install/wall_follow/share/wall_follow/hook/cmake_prefix_path.ps1'
[3.394s] INFO:colcon.colcon_core.shell:Creating environment descriptor '/home/vy/GalacticRacing/install/wall_follow/share/wall_follow/hook/cmake_prefix_path.dsv'
[3.395s] INFO:colcon.colcon_core.shell:Creating environment hook '/home/vy/GalacticRacing/install/wall_follow/share/wall_follow/hook/cmake_prefix_path.sh'
[3.396s] Level 1:colcon.colcon_core.environment:checking '/home/vy/GalacticRacing/install/wall_follow/lib'
[3.397s] Level 1:colcon.colcon_core.environment:checking '/home/vy/GalacticRacing/install/wall_follow/bin'
[3.397s] Level 1:colcon.colcon_core.environment:checking '/home/vy/GalacticRacing/install/wall_follow/lib/pkgconfig/wall_follow.pc'
[3.397s] Level 1:colcon.colcon_core.environment:checking '/home/vy/GalacticRacing/install/wall_follow/lib/python3.8/site-packages'
[3.397s] Level 1:colcon.colcon_core.shell:create_environment_hook('wall_follow', 'pythonpath')
[3.421s] INFO:colcon.colcon_core.shell:Creating environment hook '/home/vy/GalacticRacing/install/wall_follow/share/wall_follow/hook/pythonpath.ps1'
[3.422s] INFO:colcon.colcon_core.shell:Creating environment descriptor '/home/vy/GalacticRacing/install/wall_follow/share/wall_follow/hook/pythonpath.dsv'
[3.422s] INFO:colcon.colcon_core.shell:Creating environment hook '/home/vy/GalacticRacing/install/wall_follow/share/wall_follow/hook/pythonpath.sh'
[3.423s] Level 1:colcon.colcon_core.environment:checking '/home/vy/GalacticRacing/install/wall_follow/bin'
[3.446s] INFO:colcon.colcon_core.shell:Creating package script '/home/vy/GalacticRacing/install/wall_follow/share/wall_follow/package.ps1'
[3.447s] INFO:colcon.colcon_core.shell:Creating package descriptor '/home/vy/GalacticRacing/install/wall_follow/share/wall_follow/package.dsv'
[3.449s] INFO:colcon.colcon_core.shell:Creating package script '/home/vy/GalacticRacing/install/wall_follow/share/wall_follow/package.sh'
[3.450s] INFO:colcon.colcon_core.shell:Creating package script '/home/vy/GalacticRacing/install/wall_follow/share/wall_follow/package.bash'
[3.451s] INFO:colcon.colcon_core.shell:Creating package script '/home/vy/GalacticRacing/install/wall_follow/share/wall_follow/package.zsh'
[3.452s] Level 1:colcon.colcon_core.environment:create_file_with_runtime_dependencies(/home/vy/GalacticRacing/install/wall_follow/share/colcon-core/packages/wall_follow)
[3.565s] DEBUG:colcon.colcon_core.event_handler.log_command:Invoked command in '/home/vy/GalacticRacing/sim_ws/src/f1tenth_gym_ros' returned '0': PYTHONPATH=/home/vy/GalacticRacing/build/f1tenth_gym_ros/prefix_override:/home/vy/GalacticRacing/install/f1tenth_gym_ros/lib/python3.8/site-packages: /usr/bin/python3 setup.py egg_info --egg-base ../../../build/f1tenth_gym_ros build --build-base /home/vy/GalacticRacing/build/f1tenth_gym_ros/build install --record /home/vy/GalacticRacing/build/f1tenth_gym_ros/install.log --install-scripts $base/lib/f1tenth_gym_ros --single-version-externally-managed
[3.591s] Level 1:colcon.colcon_core.environment:checking '/home/vy/GalacticRacing/install/f1tenth_gym_ros' for CMake module files
[3.592s] Level 1:colcon.colcon_core.environment:checking '/home/vy/GalacticRacing/install/f1tenth_gym_ros' for CMake config files
[3.594s] Level 1:colcon.colcon_core.environment:checking '/home/vy/GalacticRacing/install/f1tenth_gym_ros/lib'
[3.594s] Level 1:colcon.colcon_core.environment:checking '/home/vy/GalacticRacing/install/f1tenth_gym_ros/bin'
[3.594s] Level 1:colcon.colcon_core.environment:checking '/home/vy/GalacticRacing/install/f1tenth_gym_ros/lib/pkgconfig/f1tenth_gym_ros.pc'
[3.594s] Level 1:colcon.colcon_core.environment:checking '/home/vy/GalacticRacing/install/f1tenth_gym_ros/lib/python3.8/site-packages'
[3.594s] Level 1:colcon.colcon_core.shell:create_environment_hook('f1tenth_gym_ros', 'pythonpath')
[3.619s] INFO:colcon.colcon_core.shell:Creating environment hook '/home/vy/GalacticRacing/install/f1tenth_gym_ros/share/f1tenth_gym_ros/hook/pythonpath.ps1'
[3.622s] INFO:colcon.colcon_core.shell:Creating environment descriptor '/home/vy/GalacticRacing/install/f1tenth_gym_ros/share/f1tenth_gym_ros/hook/pythonpath.dsv'
[3.623s] INFO:colcon.colcon_core.shell:Creating environment hook '/home/vy/GalacticRacing/install/f1tenth_gym_ros/share/f1tenth_gym_ros/hook/pythonpath.sh'
[3.623s] Level 1:colcon.colcon_core.environment:checking '/home/vy/GalacticRacing/install/f1tenth_gym_ros/bin'
[3.623s] Level 1:colcon.colcon_core.environment:create_environment_scripts_only(f1tenth_gym_ros)
[3.652s] INFO:colcon.colcon_core.shell:Creating package script '/home/vy/GalacticRacing/install/f1tenth_gym_ros/share/f1tenth_gym_ros/package.ps1'
[3.653s] INFO:colcon.colcon_core.shell:Creating package descriptor '/home/vy/GalacticRacing/install/f1tenth_gym_ros/share/f1tenth_gym_ros/package.dsv'
[3.654s] INFO:colcon.colcon_core.shell:Creating package script '/home/vy/GalacticRacing/install/f1tenth_gym_ros/share/f1tenth_gym_ros/package.sh'
[3.654s] INFO:colcon.colcon_core.shell:Creating package script '/home/vy/GalacticRacing/install/f1tenth_gym_ros/share/f1tenth_gym_ros/package.bash'
[3.655s] INFO:colcon.colcon_core.shell:Creating package script '/home/vy/GalacticRacing/install/f1tenth_gym_ros/share/f1tenth_gym_ros/package.zsh'
[3.655s] Level 1:colcon.colcon_core.environment:create_file_with_runtime_dependencies(/home/vy/GalacticRacing/install/f1tenth_gym_ros/share/colcon-core/packages/f1tenth_gym_ros)
[3.658s] DEBUG:colcon.colcon_core.event_handler.log_command:Invoked command in '/home/vy/GalacticRacing/sim_ws/src/ros_msg_pkg' returned '0': PYTHONPATH=/home/vy/GalacticRacing/build/ros_msg_pkg/prefix_override:/home/vy/GalacticRacing/install/ros_msg_pkg/lib/python3.8/site-packages: /usr/bin/python3 setup.py egg_info --egg-base ../../../build/ros_msg_pkg build --build-base /home/vy/GalacticRacing/build/ros_msg_pkg/build install --record /home/vy/GalacticRacing/build/ros_msg_pkg/install.log --install-scripts $base/lib/ros_msg_pkg --single-version-externally-managed
[3.683s] Level 1:colcon.colcon_core.environment:checking '/home/vy/GalacticRacing/install/ros_msg_pkg' for CMake module files
[3.684s] Level 1:colcon.colcon_core.environment:checking '/home/vy/GalacticRacing/install/ros_msg_pkg' for CMake config files
[3.685s] Level 1:colcon.colcon_core.environment:checking '/home/vy/GalacticRacing/install/ros_msg_pkg/lib'
[3.685s] Level 1:colcon.colcon_core.environment:checking '/home/vy/GalacticRacing/install/ros_msg_pkg/bin'
[3.685s] Level 1:colcon.colcon_core.environment:checking '/home/vy/GalacticRacing/install/ros_msg_pkg/lib/pkgconfig/ros_msg_pkg.pc'
[3.685s] Level 1:colcon.colcon_core.environment:checking '/home/vy/GalacticRacing/install/ros_msg_pkg/lib/python3.8/site-packages'
[3.685s] Level 1:colcon.colcon_core.shell:create_environment_hook('ros_msg_pkg', 'pythonpath')
[3.712s] INFO:colcon.colcon_core.shell:Creating environment hook '/home/vy/GalacticRacing/install/ros_msg_pkg/share/ros_msg_pkg/hook/pythonpath.ps1'
[3.713s] INFO:colcon.colcon_core.shell:Creating environment descriptor '/home/vy/GalacticRacing/install/ros_msg_pkg/share/ros_msg_pkg/hook/pythonpath.dsv'
[3.714s] INFO:colcon.colcon_core.shell:Creating environment hook '/home/vy/GalacticRacing/install/ros_msg_pkg/share/ros_msg_pkg/hook/pythonpath.sh'
[3.715s] Level 1:colcon.colcon_core.environment:checking '/home/vy/GalacticRacing/install/ros_msg_pkg/bin'
[3.716s] Level 1:colcon.colcon_core.environment:create_environment_scripts_only(ros_msg_pkg)
[3.744s] INFO:colcon.colcon_core.shell:Creating package script '/home/vy/GalacticRacing/install/ros_msg_pkg/share/ros_msg_pkg/package.ps1'
[3.746s] INFO:colcon.colcon_core.shell:Creating package descriptor '/home/vy/GalacticRacing/install/ros_msg_pkg/share/ros_msg_pkg/package.dsv'
[3.746s] INFO:colcon.colcon_core.shell:Creating package script '/home/vy/GalacticRacing/install/ros_msg_pkg/share/ros_msg_pkg/package.sh'
[3.747s] INFO:colcon.colcon_core.shell:Creating package script '/home/vy/GalacticRacing/install/ros_msg_pkg/share/ros_msg_pkg/package.bash'
[3.747s] INFO:colcon.colcon_core.shell:Creating package script '/home/vy/GalacticRacing/install/ros_msg_pkg/share/ros_msg_pkg/package.zsh'
[3.747s] Level 1:colcon.colcon_core.environment:create_file_with_runtime_dependencies(/home/vy/GalacticRacing/install/ros_msg_pkg/share/colcon-core/packages/ros_msg_pkg)
[3.748s] DEBUG:colcon.colcon_parallel_executor.executor.parallel:closing loop
[3.749s] DEBUG:colcon.colcon_parallel_executor.executor.parallel:loop closed
[3.749s] DEBUG:colcon.colcon_parallel_executor.executor.parallel:run_until_complete finished with '0'
[3.749s] DEBUG:colcon.colcon_core.event_reactor:joining thread
[3.793s] INFO:colcon.colcon_core.plugin_system:Skipping extension 'colcon_notification.desktop_notification.terminal_notifier': Not used on non-Darwin systems
[3.793s] INFO:colcon.colcon_core.plugin_system:Skipping extension 'colcon_notification.desktop_notification.win32': Not used on non-Windows systems
[3.793s] INFO:colcon.colcon_notification.desktop_notification:Sending desktop notification using 'notify2'
[3.824s] DEBUG:colcon.colcon_core.event_reactor:joined thread
[3.850s] INFO:colcon.colcon_core.shell:Creating prefix script '/home/vy/GalacticRacing/install/local_setup.ps1'
[3.851s] INFO:colcon.colcon_core.shell:Creating prefix util module '/home/vy/GalacticRacing/install/_local_setup_util_ps1.py'
[3.854s] INFO:colcon.colcon_core.shell:Creating prefix chain script '/home/vy/GalacticRacing/install/setup.ps1'
[3.886s] INFO:colcon.colcon_core.shell:Creating prefix script '/home/vy/GalacticRacing/install/local_setup.sh'
[3.887s] INFO:colcon.colcon_core.shell:Creating prefix util module '/home/vy/GalacticRacing/install/_local_setup_util_sh.py'
[3.891s] INFO:colcon.colcon_core.shell:Creating prefix chain script '/home/vy/GalacticRacing/install/setup.sh'
[3.923s] INFO:colcon.colcon_core.shell:Creating prefix script '/home/vy/GalacticRacing/install/local_setup.bash'
[3.924s] INFO:colcon.colcon_core.shell:Creating prefix chain script '/home/vy/GalacticRacing/install/setup.bash'
[3.953s] INFO:colcon.colcon_core.shell:Creating prefix script '/home/vy/GalacticRacing/install/local_setup.zsh'
[3.954s] INFO:colcon.colcon_core.shell:Creating prefix chain script '/home/vy/GalacticRacing/install/setup.zsh'
