[0.527s] Invoking command in '/home/vy/GalacticRacing/sim_ws/build/safety_node': CMAKE_PREFIX_PATH=${CMAKE_PREFIX_PATH}:/home/vy/GalacticRacing/sim_ws/install/particle_filter:/home/vy/GalacticRacing/sim_ws/install/f1tenth_gym_ros:/opt/ros/foxy /usr/bin/cmake --build /home/vy/GalacticRacing/sim_ws/build/safety_node -- -j16 -l16
[0.546s] [100%] Built target safety_node
[0.577s] Invoked command in '/home/vy/GalacticRacing/sim_ws/build/safety_node' returned '0': CMAKE_PREFIX_PATH=${CMAKE_PREFIX_PATH}:/home/vy/GalacticRacing/sim_ws/install/particle_filter:/home/vy/GalacticRacing/sim_ws/install/f1tenth_gym_ros:/opt/ros/foxy /usr/bin/cmake --build /home/vy/GalacticRacing/sim_ws/build/safety_node -- -j16 -l16
[0.627s] Invoking command in '/home/vy/GalacticRacing/sim_ws/build/safety_node': CMAKE_PREFIX_PATH=${CMAKE_PREFIX_PATH}:/home/vy/GalacticRacing/sim_ws/install/particle_filter:/home/vy/GalacticRacing/sim_ws/install/f1tenth_gym_ros:/opt/ros/foxy /usr/bin/cmake --install /home/vy/GalacticRacing/sim_ws/build/safety_node
[0.642s] -- Install configuration: ""
[0.643s] -- Up-to-date: /home/vy/GalacticRacing/sim_ws/install/safety_node/lib/safety_node/safety_node
[0.643s] -- Up-to-date: /home/vy/GalacticRacing/sim_ws/install/safety_node/share/safety_node/environment/pythonpath.sh
[0.643s] -- Up-to-date: /home/vy/GalacticRacing/sim_ws/install/safety_node/share/safety_node/environment/pythonpath.dsv
[0.643s] -- Up-to-date: /home/vy/GalacticRacing/sim_ws/install/safety_node/lib/python3.8/site-packages/safety_node
[0.644s] -- Up-to-date: /home/vy/GalacticRacing/sim_ws/install/safety_node/lib/python3.8/site-packages/safety_node/__init__.py
[0.693s] Listing '/home/vy/GalacticRacing/sim_ws/install/safety_node/lib/python3.8/site-packages/safety_node'...
[0.699s] -- Up-to-date: /home/vy/GalacticRacing/sim_ws/install/safety_node/lib/safety_node/safety_node.py
[0.699s] -- Up-to-date: /home/vy/GalacticRacing/sim_ws/install/safety_node/share/ament_index/resource_index/package_run_dependencies/safety_node
[0.699s] -- Up-to-date: /home/vy/GalacticRacing/sim_ws/install/safety_node/share/ament_index/resource_index/parent_prefix_path/safety_node
[0.699s] -- Up-to-date: /home/vy/GalacticRacing/sim_ws/install/safety_node/share/safety_node/environment/ament_prefix_path.sh
[0.700s] -- Up-to-date: /home/vy/GalacticRacing/sim_ws/install/safety_node/share/safety_node/environment/ament_prefix_path.dsv
[0.700s] -- Up-to-date: /home/vy/GalacticRacing/sim_ws/install/safety_node/share/safety_node/environment/path.sh
[0.700s] -- Up-to-date: /home/vy/GalacticRacing/sim_ws/install/safety_node/share/safety_node/environment/path.dsv
[0.700s] -- Up-to-date: /home/vy/GalacticRacing/sim_ws/install/safety_node/share/safety_node/local_setup.bash
[0.700s] -- Up-to-date: /home/vy/GalacticRacing/sim_ws/install/safety_node/share/safety_node/local_setup.sh
[0.703s] -- Up-to-date: /home/vy/GalacticRacing/sim_ws/install/safety_node/share/safety_node/local_setup.zsh
[0.703s] -- Up-to-date: /home/vy/GalacticRacing/sim_ws/install/safety_node/share/safety_node/local_setup.dsv
[0.703s] -- Installing: /home/vy/GalacticRacing/sim_ws/install/safety_node/share/safety_node/package.dsv
[0.704s] -- Up-to-date: /home/vy/GalacticRacing/sim_ws/install/safety_node/share/ament_index/resource_index/packages/safety_node
[0.704s] -- Up-to-date: /home/vy/GalacticRacing/sim_ws/install/safety_node/share/safety_node/cmake/safety_nodeConfig.cmake
[0.704s] -- Up-to-date: /home/vy/GalacticRacing/sim_ws/install/safety_node/share/safety_node/cmake/safety_nodeConfig-version.cmake
[0.704s] -- Up-to-date: /home/vy/GalacticRacing/sim_ws/install/safety_node/share/safety_node/package.xml
[0.749s] Invoked command in '/home/vy/GalacticRacing/sim_ws/build/safety_node' returned '0': CMAKE_PREFIX_PATH=${CMAKE_PREFIX_PATH}:/home/vy/GalacticRacing/sim_ws/install/particle_filter:/home/vy/GalacticRacing/sim_ws/install/f1tenth_gym_ros:/opt/ros/foxy /usr/bin/cmake --install /home/vy/GalacticRacing/sim_ws/build/safety_node
