[0.546s] Invoking command in '/home/vy/GalacticRacing/build/safety_node': /usr/bin/cmake --build /home/vy/GalacticRacing/build/safety_node -- -j6 -l6
[0.604s] [100%] Built target safety_node
[0.619s] Invoked command in '/home/vy/GalacticRacing/build/safety_node' returned '0': /usr/bin/cmake --build /home/vy/GalacticRacing/build/safety_node -- -j6 -l6
[0.795s] Invoking command in '/home/vy/GalacticRacing/build/safety_node': /usr/bin/cmake --install /home/vy/GalacticRacing/build/safety_node
[0.803s] -- Install configuration: ""
[0.803s] -- Up-to-date: /home/vy/GalacticRacing/install/safety_node/lib/safety_node/safety_node
[0.804s] -- Up-to-date: /home/vy/GalacticRacing/install/safety_node/share/safety_node/environment/pythonpath.sh
[0.804s] -- Up-to-date: /home/vy/GalacticRacing/install/safety_node/share/safety_node/environment/pythonpath.dsv
[0.804s] -- Up-to-date: /home/vy/GalacticRacing/install/safety_node/lib/python3.8/site-packages/safety_node
[0.804s] -- Up-to-date: /home/vy/GalacticRacing/install/safety_node/lib/python3.8/site-packages/safety_node/__init__.py
[0.828s] Listing '/home/vy/GalacticRacing/install/safety_node/lib/python3.8/site-packages/safety_node'...
[0.832s] -- Up-to-date: /home/vy/GalacticRacing/install/safety_node/lib/safety_node/safety_node.py
[0.832s] -- Up-to-date: /home/vy/GalacticRacing/install/safety_node/share/ament_index/resource_index/package_run_dependencies/safety_node
[0.832s] -- Up-to-date: /home/vy/GalacticRacing/install/safety_node/share/ament_index/resource_index/parent_prefix_path/safety_node
[0.832s] -- Up-to-date: /home/vy/GalacticRacing/install/safety_node/share/safety_node/environment/ament_prefix_path.sh
[0.832s] -- Up-to-date: /home/vy/GalacticRacing/install/safety_node/share/safety_node/environment/ament_prefix_path.dsv
[0.832s] -- Up-to-date: /home/vy/GalacticRacing/install/safety_node/share/safety_node/environment/path.sh
[0.832s] -- Up-to-date: /home/vy/GalacticRacing/install/safety_node/share/safety_node/environment/path.dsv
[0.832s] -- Up-to-date: /home/vy/GalacticRacing/install/safety_node/share/safety_node/local_setup.bash
[0.832s] -- Up-to-date: /home/vy/GalacticRacing/install/safety_node/share/safety_node/local_setup.sh
[0.832s] -- Up-to-date: /home/vy/GalacticRacing/install/safety_node/share/safety_node/local_setup.zsh
[0.833s] -- Up-to-date: /home/vy/GalacticRacing/install/safety_node/share/safety_node/local_setup.dsv
[0.869s] -- Installing: /home/vy/GalacticRacing/install/safety_node/share/safety_node/package.dsv
[0.869s] -- Up-to-date: /home/vy/GalacticRacing/install/safety_node/share/ament_index/resource_index/packages/safety_node
[0.870s] -- Up-to-date: /home/vy/GalacticRacing/install/safety_node/share/safety_node/cmake/safety_nodeConfig.cmake
[0.870s] -- Up-to-date: /home/vy/GalacticRacing/install/safety_node/share/safety_node/cmake/safety_nodeConfig-version.cmake
[0.870s] -- Up-to-date: /home/vy/GalacticRacing/install/safety_node/share/safety_node/package.xml
[1.130s] Invoked command in '/home/vy/GalacticRacing/build/safety_node' returned '0': /usr/bin/cmake --install /home/vy/GalacticRacing/build/safety_node
