[1.360s] Invoking command in '/home/vy/GalacticRacing/sim_ws/src/build/gap_follow': CMAKE_PREFIX_PATH=/opt/ros/foxy /usr/bin/cmake /home/vy/GalacticRacing/sim_ws/src/gap_follow -DCMAKE_INSTALL_PREFIX=/home/vy/GalacticRacing/sim_ws/src/install/gap_follow
[3.431s] -- The C compiler identification is GNU 9.4.0
[4.263s] -- The CXX compiler identification is GNU 9.4.0
[4.281s] -- Check for working C compiler: /usr/bin/cc
[4.682s] -- Check for working C compiler: /usr/bin/cc -- works
[4.712s] -- Detecting C compiler ABI info
[4.850s] -- Detecting C compiler ABI info - done
[4.853s] -- Detecting C compile features
[4.875s] -- Detecting C compile features - done
[4.905s] -- Check for working CXX compiler: /usr/bin/c++
[5.274s] -- Check for working CXX compiler: /usr/bin/c++ -- works
[5.276s] -- Detecting CXX compiler ABI info
[5.365s] -- Detecting CXX compiler ABI info - done
[5.398s] -- Detecting CXX compile features
[5.400s] -- Detecting CXX compile features - done
[5.421s] -- Found ament_cmake: 0.9.12 (/opt/ros/foxy/share/ament_cmake/cmake)
[5.654s] -- Found PythonInterp: /usr/bin/python3 (found suitable version "3.8.10", minimum required is "3") 
[5.654s] -- Using PYTHON_EXECUTABLE: /usr/bin/python3
[6.308s] -- Found rclcpp: 2.4.3 (/opt/ros/foxy/share/rclcpp/cmake)
[6.669s] -- Using all available rosidl_typesupport_c: rosidl_typesupport_fastrtps_c;rosidl_typesupport_introspection_c
[6.732s] -- Found rosidl_adapter: 1.3.1 (/opt/ros/foxy/share/rosidl_adapter/cmake)
[7.509s] -- Found OpenSSL: /usr/lib/x86_64-linux-gnu/libcrypto.so (found version "1.1.1f")  
[7.789s] -- Found FastRTPS: /opt/ros/foxy/include  
[8.087s] -- Using all available rosidl_typesupport_cpp: rosidl_typesupport_fastrtps_cpp;rosidl_typesupport_introspection_cpp
[8.354s] -- Found rmw_implementation_cmake: 1.0.4 (/opt/ros/foxy/share/rmw_implementation_cmake/cmake)
[8.381s] -- Using RMW implementation 'rmw_fastrtps_cpp' as default
[8.414s] -- Looking for pthread.h
[9.008s] -- Looking for pthread.h - found
[9.009s] -- Performing Test CMAKE_HAVE_LIBC_PTHREAD
[9.281s] -- Performing Test CMAKE_HAVE_LIBC_PTHREAD - Failed
[9.313s] -- Looking for pthread_create in pthreads
[9.580s] -- Looking for pthread_create in pthreads - not found
[9.580s] -- Looking for pthread_create in pthread
[9.862s] -- Looking for pthread_create in pthread - found
[9.862s] -- Found Threads: TRUE  
[10.313s] -- Found rclpy: 1.0.13 (/opt/ros/foxy/share/rclpy/cmake)
[10.338s] -- Found geometry_msgs: 2.0.5 (/opt/ros/foxy/share/geometry_msgs/cmake)
[10.446s] -- Found nav_msgs: 2.0.5 (/opt/ros/foxy/share/nav_msgs/cmake)
[10.536s] CMake Error at CMakeLists.txt:25 (find_package):
[10.536s]   By not providing "Findackermann_msgs.cmake" in CMAKE_MODULE_PATH this
[10.536s]   project has asked CMake to find a package configuration file provided by
[10.536s]   "ackermann_msgs", but CMake did not find one.
[10.536s] 
[10.536s]   Could not find a package configuration file provided by "ackermann_msgs"
[10.536s]   with any of the following names:
[10.536s] 
[10.536s]     ackermann_msgsConfig.cmake
[10.536s]     ackermann_msgs-config.cmake
[10.536s] 
[10.537s]   Add the installation prefix of "ackermann_msgs" to CMAKE_PREFIX_PATH or set
[10.537s]   "ackermann_msgs_DIR" to a directory containing one of the above files.  If
[10.537s]   "ackermann_msgs" provides a separate development package or SDK, be sure it
[10.537s]   has been installed.
[10.537s] 
[10.537s] 
[10.537s] -- Configuring incomplete, errors occurred!
[10.537s] See also "/home/vy/GalacticRacing/sim_ws/src/build/gap_follow/CMakeFiles/CMakeOutput.log".
[10.537s] See also "/home/vy/GalacticRacing/sim_ws/src/build/gap_follow/CMakeFiles/CMakeError.log".
[10.569s] Invoked command in '/home/vy/GalacticRacing/sim_ws/src/build/gap_follow' returned '1': CMAKE_PREFIX_PATH=/opt/ros/foxy /usr/bin/cmake /home/vy/GalacticRacing/sim_ws/src/gap_follow -DCMAKE_INSTALL_PREFIX=/home/vy/GalacticRacing/sim_ws/src/install/gap_follow
