[0.376s] Invoking command in '/home/vy/GalacticRacing/sim_ws/build/lab7_pkg': CMAKE_PREFIX_PATH=${CMAKE_PREFIX_PATH}:/home/vy/GalacticRacing/sim_ws/install/particle_filter:/home/vy/GalacticRacing/sim_ws/install/f1tenth_gym_ros:/opt/ros/foxy /usr/bin/cmake --build /home/vy/GalacticRacing/sim_ws/build/lab7_pkg -- -j16 -l16
[0.830s] [100%] Built target rrt_node
[0.862s] Invoked command in '/home/vy/GalacticRacing/sim_ws/build/lab7_pkg' returned '0': CMAKE_PREFIX_PATH=${CMAKE_PREFIX_PATH}:/home/vy/GalacticRacing/sim_ws/install/particle_filter:/home/vy/GalacticRacing/sim_ws/install/f1tenth_gym_ros:/opt/ros/foxy /usr/bin/cmake --build /home/vy/GalacticRacing/sim_ws/build/lab7_pkg -- -j16 -l16
[0.959s] Invoking command in '/home/vy/GalacticRacing/sim_ws/build/lab7_pkg': CMAKE_PREFIX_PATH=${CMAKE_PREFIX_PATH}:/home/vy/GalacticRacing/sim_ws/install/particle_filter:/home/vy/GalacticRacing/sim_ws/install/f1tenth_gym_ros:/opt/ros/foxy /usr/bin/cmake --install /home/vy/GalacticRacing/sim_ws/build/lab7_pkg
[1.001s] -- Install configuration: ""
[1.001s] -- Up-to-date: /home/vy/GalacticRacing/sim_ws/install/lab7_pkg/lib/lab7_pkg/rrt_node
[1.001s] -- Up-to-date: /home/vy/GalacticRacing/sim_ws/install/lab7_pkg/share/lab7_pkg/environment/pythonpath.sh
[1.001s] -- Up-to-date: /home/vy/GalacticRacing/sim_ws/install/lab7_pkg/share/lab7_pkg/environment/pythonpath.dsv
[1.001s] -- Up-to-date: /home/vy/GalacticRacing/sim_ws/install/lab7_pkg/lib/python3.8/site-packages/lab7_pkg
[1.001s] -- Up-to-date: /home/vy/GalacticRacing/sim_ws/install/lab7_pkg/lib/python3.8/site-packages/lab7_pkg/helper.py
[1.002s] -- Up-to-date: /home/vy/GalacticRacing/sim_ws/install/lab7_pkg/lib/python3.8/site-packages/lab7_pkg/variables.py
[1.002s] -- Up-to-date: /home/vy/GalacticRacing/sim_ws/install/lab7_pkg/lib/python3.8/site-packages/lab7_pkg/__init__.py
[1.077s] Listing '/home/vy/GalacticRacing/sim_ws/install/lab7_pkg/lib/python3.8/site-packages/lab7_pkg'...
[1.096s] -- Up-to-date: /home/vy/GalacticRacing/sim_ws/install/lab7_pkg/lib/lab7_pkg/rrt_node.py
[1.096s] -- Installing: /home/vy/GalacticRacing/sim_ws/install/lab7_pkg/lib/lab7_pkg/dynamic_node.py
[1.096s] -- Up-to-date: /home/vy/GalacticRacing/sim_ws/install/lab7_pkg/share/ament_index/resource_index/package_run_dependencies/lab7_pkg
[1.096s] -- Up-to-date: /home/vy/GalacticRacing/sim_ws/install/lab7_pkg/share/ament_index/resource_index/parent_prefix_path/lab7_pkg
[1.096s] -- Up-to-date: /home/vy/GalacticRacing/sim_ws/install/lab7_pkg/share/lab7_pkg/environment/ament_prefix_path.sh
[1.096s] -- Up-to-date: /home/vy/GalacticRacing/sim_ws/install/lab7_pkg/share/lab7_pkg/environment/ament_prefix_path.dsv
[1.096s] -- Up-to-date: /home/vy/GalacticRacing/sim_ws/install/lab7_pkg/share/lab7_pkg/environment/path.sh
[1.096s] -- Up-to-date: /home/vy/GalacticRacing/sim_ws/install/lab7_pkg/share/lab7_pkg/environment/path.dsv
[1.097s] -- Up-to-date: /home/vy/GalacticRacing/sim_ws/install/lab7_pkg/share/lab7_pkg/local_setup.bash
[1.097s] -- Up-to-date: /home/vy/GalacticRacing/sim_ws/install/lab7_pkg/share/lab7_pkg/local_setup.sh
[1.097s] -- Up-to-date: /home/vy/GalacticRacing/sim_ws/install/lab7_pkg/share/lab7_pkg/local_setup.zsh
[1.097s] -- Up-to-date: /home/vy/GalacticRacing/sim_ws/install/lab7_pkg/share/lab7_pkg/local_setup.dsv
[1.097s] -- Installing: /home/vy/GalacticRacing/sim_ws/install/lab7_pkg/share/lab7_pkg/package.dsv
[1.097s] -- Up-to-date: /home/vy/GalacticRacing/sim_ws/install/lab7_pkg/share/ament_index/resource_index/packages/lab7_pkg
[1.097s] -- Up-to-date: /home/vy/GalacticRacing/sim_ws/install/lab7_pkg/share/lab7_pkg/cmake/lab7_pkgConfig.cmake
[1.097s] -- Up-to-date: /home/vy/GalacticRacing/sim_ws/install/lab7_pkg/share/lab7_pkg/cmake/lab7_pkgConfig-version.cmake
[1.097s] -- Up-to-date: /home/vy/GalacticRacing/sim_ws/install/lab7_pkg/share/lab7_pkg/package.xml
[1.144s] Invoked command in '/home/vy/GalacticRacing/sim_ws/build/lab7_pkg' returned '0': CMAKE_PREFIX_PATH=${CMAKE_PREFIX_PATH}:/home/vy/GalacticRacing/sim_ws/install/particle_filter:/home/vy/GalacticRacing/sim_ws/install/f1tenth_gym_ros:/opt/ros/foxy /usr/bin/cmake --install /home/vy/GalacticRacing/sim_ws/build/lab7_pkg
