[4.079s] Invoking command in '/home/vy/GalacticRacing/sim_ws/src/f1tenth_gym_ros': PYTHONPATH=/home/vy/GalacticRacing/sim_ws/build/f1tenth_gym_ros/prefix_override:/home/vy/GalacticRacing/sim_ws/install/f1tenth_gym_ros/lib/python3.8/site-packages:${PYTHONPATH} /usr/bin/python3 setup.py egg_info --egg-base ../../build/f1tenth_gym_ros build --build-base /home/vy/GalacticRacing/sim_ws/build/f1tenth_gym_ros/build install --record /home/vy/GalacticRacing/sim_ws/build/f1tenth_gym_ros/install.log --install-scripts $base/lib/f1tenth_gym_ros --single-version-externally-managed
[4.259s] running egg_info
[4.265s] writing ../../build/f1tenth_gym_ros/f1tenth_gym_ros.egg-info/PKG-INFO
[4.266s] writing dependency_links to ../../build/f1tenth_gym_ros/f1tenth_gym_ros.egg-info/dependency_links.txt
[4.271s] writing entry points to ../../build/f1tenth_gym_ros/f1tenth_gym_ros.egg-info/entry_points.txt
[4.271s] writing requirements to ../../build/f1tenth_gym_ros/f1tenth_gym_ros.egg-info/requires.txt
[4.271s] writing top-level names to ../../build/f1tenth_gym_ros/f1tenth_gym_ros.egg-info/top_level.txt
[4.389s] reading manifest file '../../build/f1tenth_gym_ros/f1tenth_gym_ros.egg-info/SOURCES.txt'
[4.390s] writing manifest file '../../build/f1tenth_gym_ros/f1tenth_gym_ros.egg-info/SOURCES.txt'
[4.390s] running build
[4.391s] running build_py
[4.392s] running install
[4.396s] running install_lib
[4.396s] running install_data
[4.396s] running install_egg_info
[4.396s] removing '/home/vy/GalacticRacing/sim_ws/install/f1tenth_gym_ros/lib/python3.8/site-packages/f1tenth_gym_ros-0.0.0-py3.8.egg-info' (and everything under it)
[4.397s] Copying ../../build/f1tenth_gym_ros/f1tenth_gym_ros.egg-info to /home/vy/GalacticRacing/sim_ws/install/f1tenth_gym_ros/lib/python3.8/site-packages/f1tenth_gym_ros-0.0.0-py3.8.egg-info
[4.397s] running install_scripts
[4.404s] Installing gym_bridge script to /home/vy/GalacticRacing/sim_ws/install/f1tenth_gym_ros/lib/f1tenth_gym_ros
[4.404s] writing list of installed files to '/home/vy/GalacticRacing/sim_ws/build/f1tenth_gym_ros/install.log'
[5.439s] Invoked command in '/home/vy/GalacticRacing/sim_ws/src/f1tenth_gym_ros' returned '0': PYTHONPATH=/home/vy/GalacticRacing/sim_ws/build/f1tenth_gym_ros/prefix_override:/home/vy/GalacticRacing/sim_ws/install/f1tenth_gym_ros/lib/python3.8/site-packages:${PYTHONPATH} /usr/bin/python3 setup.py egg_info --egg-base ../../build/f1tenth_gym_ros build --build-base /home/vy/GalacticRacing/sim_ws/build/f1tenth_gym_ros/build install --record /home/vy/GalacticRacing/sim_ws/build/f1tenth_gym_ros/install.log --install-scripts $base/lib/f1tenth_gym_ros --single-version-externally-managed
