[0.568s] Invoking command in '/home/vy/GalacticRacing/build/gap_follow': /usr/bin/cmake --build /home/vy/GalacticRacing/build/gap_follow -- -j6 -l6
[0.841s] [100%] Built target reactive_node
[0.852s] Invoked command in '/home/vy/GalacticRacing/build/gap_follow' returned '0': /usr/bin/cmake --build /home/vy/GalacticRacing/build/gap_follow -- -j6 -l6
[0.908s] Invoking command in '/home/vy/GalacticRacing/build/gap_follow': /usr/bin/cmake --install /home/vy/GalacticRacing/build/gap_follow
[1.360s] -- Install configuration: ""
[1.361s] -- Up-to-date: /home/vy/GalacticRacing/install/gap_follow/lib/gap_follow/reactive_node
[1.364s] -- Up-to-date: /home/vy/GalacticRacing/install/gap_follow/share/gap_follow/environment/pythonpath.sh
[1.364s] -- Up-to-date: /home/vy/GalacticRacing/install/gap_follow/share/gap_follow/environment/pythonpath.dsv
[1.364s] -- Up-to-date: /home/vy/GalacticRacing/install/gap_follow/lib/python3.8/site-packages/gap_follow
[1.365s] -- Up-to-date: /home/vy/GalacticRacing/install/gap_follow/lib/python3.8/site-packages/gap_follow/__init__.py
[1.365s] Listing '/home/vy/GalacticRacing/install/gap_follow/lib/python3.8/site-packages/gap_follow'...
[1.375s] -- Up-to-date: /home/vy/GalacticRacing/install/gap_follow/lib/gap_follow/reactive_node.py
[1.378s] -- Up-to-date: /home/vy/GalacticRacing/install/gap_follow/share/ament_index/resource_index/package_run_dependencies/gap_follow
[1.378s] -- Up-to-date: /home/vy/GalacticRacing/install/gap_follow/share/ament_index/resource_index/parent_prefix_path/gap_follow
[1.380s] -- Up-to-date: /home/vy/GalacticRacing/install/gap_follow/share/gap_follow/environment/ament_prefix_path.sh
[1.380s] -- Up-to-date: /home/vy/GalacticRacing/install/gap_follow/share/gap_follow/environment/ament_prefix_path.dsv
[1.382s] -- Up-to-date: /home/vy/GalacticRacing/install/gap_follow/share/gap_follow/environment/path.sh
[1.384s] -- Up-to-date: /home/vy/GalacticRacing/install/gap_follow/share/gap_follow/environment/path.dsv
[1.384s] -- Up-to-date: /home/vy/GalacticRacing/install/gap_follow/share/gap_follow/local_setup.bash
[1.384s] -- Up-to-date: /home/vy/GalacticRacing/install/gap_follow/share/gap_follow/local_setup.sh
[1.385s] -- Up-to-date: /home/vy/GalacticRacing/install/gap_follow/share/gap_follow/local_setup.zsh
[1.390s] -- Up-to-date: /home/vy/GalacticRacing/install/gap_follow/share/gap_follow/local_setup.dsv
[1.391s] -- Installing: /home/vy/GalacticRacing/install/gap_follow/share/gap_follow/package.dsv
[1.394s] -- Up-to-date: /home/vy/GalacticRacing/install/gap_follow/share/ament_index/resource_index/packages/gap_follow
[1.394s] -- Up-to-date: /home/vy/GalacticRacing/install/gap_follow/share/gap_follow/cmake/gap_followConfig.cmake
[1.394s] -- Up-to-date: /home/vy/GalacticRacing/install/gap_follow/share/gap_follow/cmake/gap_followConfig-version.cmake
[1.394s] -- Up-to-date: /home/vy/GalacticRacing/install/gap_follow/share/gap_follow/package.xml
[1.411s] Invoked command in '/home/vy/GalacticRacing/build/gap_follow' returned '0': /usr/bin/cmake --install /home/vy/GalacticRacing/build/gap_follow
