[1.632s] Invoking command in '/home/vy/GalacticRacing/sim_ws/src/build/safety_node': CMAKE_PREFIX_PATH=${CMAKE_PREFIX_PATH}:/home/vy/GalacticRacing/sim_ws/src/install/particle_filter:/home/vy/GalacticRacing/sim_ws/src/install/f1tenth_gym_ros:/opt/ros/foxy /usr/bin/cmake --build /home/vy/GalacticRacing/sim_ws/src/build/safety_node -- -j8 -l8
[1.685s] [100%] Built target safety_node
[1.700s] Invoked command in '/home/vy/GalacticRacing/sim_ws/src/build/safety_node' returned '0': CMAKE_PREFIX_PATH=${CMAKE_PREFIX_PATH}:/home/vy/GalacticRacing/sim_ws/src/install/particle_filter:/home/vy/GalacticRacing/sim_ws/src/install/f1tenth_gym_ros:/opt/ros/foxy /usr/bin/cmake --build /home/vy/GalacticRacing/sim_ws/src/build/safety_node -- -j8 -l8
[1.744s] Invoking command in '/home/vy/GalacticRacing/sim_ws/src/build/safety_node': CMAKE_PREFIX_PATH=${CMAKE_PREFIX_PATH}:/home/vy/GalacticRacing/sim_ws/src/install/particle_filter:/home/vy/GalacticRacing/sim_ws/src/install/f1tenth_gym_ros:/opt/ros/foxy /usr/bin/cmake --install /home/vy/GalacticRacing/sim_ws/src/build/safety_node
[1.752s] -- Install configuration: ""
[1.753s] -- Up-to-date: /home/vy/GalacticRacing/sim_ws/src/install/safety_node/lib/safety_node/safety_node
[1.753s] -- Up-to-date: /home/vy/GalacticRacing/sim_ws/src/install/safety_node/share/safety_node/environment/pythonpath.sh
[1.753s] -- Up-to-date: /home/vy/GalacticRacing/sim_ws/src/install/safety_node/share/safety_node/environment/pythonpath.dsv
[1.753s] -- Up-to-date: /home/vy/GalacticRacing/sim_ws/src/install/safety_node/lib/python3.8/site-packages/safety_node
[1.753s] -- Up-to-date: /home/vy/GalacticRacing/sim_ws/src/install/safety_node/lib/python3.8/site-packages/safety_node/__init__.py
[1.789s] Listing '/home/vy/GalacticRacing/sim_ws/src/install/safety_node/lib/python3.8/site-packages/safety_node'...
[1.793s] -- Up-to-date: /home/vy/GalacticRacing/sim_ws/src/install/safety_node/lib/safety_node/safety_node.py
[1.793s] -- Up-to-date: /home/vy/GalacticRacing/sim_ws/src/install/safety_node/share/ament_index/resource_index/package_run_dependencies/safety_node
[1.794s] -- Up-to-date: /home/vy/GalacticRacing/sim_ws/src/install/safety_node/share/ament_index/resource_index/parent_prefix_path/safety_node
[1.794s] -- Up-to-date: /home/vy/GalacticRacing/sim_ws/src/install/safety_node/share/safety_node/environment/ament_prefix_path.sh
[1.794s] -- Up-to-date: /home/vy/GalacticRacing/sim_ws/src/install/safety_node/share/safety_node/environment/ament_prefix_path.dsv
[1.795s] -- Up-to-date: /home/vy/GalacticRacing/sim_ws/src/install/safety_node/share/safety_node/environment/path.sh
[1.795s] -- Up-to-date: /home/vy/GalacticRacing/sim_ws/src/install/safety_node/share/safety_node/environment/path.dsv
[1.795s] -- Up-to-date: /home/vy/GalacticRacing/sim_ws/src/install/safety_node/share/safety_node/local_setup.bash
[1.795s] -- Up-to-date: /home/vy/GalacticRacing/sim_ws/src/install/safety_node/share/safety_node/local_setup.sh
[1.797s] -- Up-to-date: /home/vy/GalacticRacing/sim_ws/src/install/safety_node/share/safety_node/local_setup.zsh
[1.797s] -- Up-to-date: /home/vy/GalacticRacing/sim_ws/src/install/safety_node/share/safety_node/local_setup.dsv
[1.798s] -- Installing: /home/vy/GalacticRacing/sim_ws/src/install/safety_node/share/safety_node/package.dsv
[1.800s] -- Up-to-date: /home/vy/GalacticRacing/sim_ws/src/install/safety_node/share/ament_index/resource_index/packages/safety_node
[1.800s] -- Up-to-date: /home/vy/GalacticRacing/sim_ws/src/install/safety_node/share/safety_node/cmake/safety_nodeConfig.cmake
[1.800s] -- Up-to-date: /home/vy/GalacticRacing/sim_ws/src/install/safety_node/share/safety_node/cmake/safety_nodeConfig-version.cmake
[1.801s] -- Up-to-date: /home/vy/GalacticRacing/sim_ws/src/install/safety_node/share/safety_node/package.xml
[2.527s] Invoked command in '/home/vy/GalacticRacing/sim_ws/src/build/safety_node' returned '0': CMAKE_PREFIX_PATH=${CMAKE_PREFIX_PATH}:/home/vy/GalacticRacing/sim_ws/src/install/particle_filter:/home/vy/GalacticRacing/sim_ws/src/install/f1tenth_gym_ros:/opt/ros/foxy /usr/bin/cmake --install /home/vy/GalacticRacing/sim_ws/src/build/safety_node
