[0.561s] Invoking command in '/home/vy/GalacticRacing/build/wall_follow': /usr/bin/cmake --build /home/vy/GalacticRacing/build/wall_follow -- -j6 -l6
[0.625s] [100%] Built target wall_follow_node
[0.633s] Invoked command in '/home/vy/GalacticRacing/build/wall_follow' returned '0': /usr/bin/cmake --build /home/vy/GalacticRacing/build/wall_follow -- -j6 -l6
[0.774s] Invoking command in '/home/vy/GalacticRacing/build/wall_follow': /usr/bin/cmake --install /home/vy/GalacticRacing/build/wall_follow
[0.780s] -- Install configuration: ""
[0.781s] -- Up-to-date: /home/vy/GalacticRacing/install/wall_follow/lib/wall_follow/wall_follow_node
[0.781s] -- Up-to-date: /home/vy/GalacticRacing/install/wall_follow/share/wall_follow/environment/pythonpath.sh
[0.781s] -- Up-to-date: /home/vy/GalacticRacing/install/wall_follow/share/wall_follow/environment/pythonpath.dsv
[0.781s] -- Up-to-date: /home/vy/GalacticRacing/install/wall_follow/lib/python3.8/site-packages/wall_follow
[0.781s] -- Up-to-date: /home/vy/GalacticRacing/install/wall_follow/lib/python3.8/site-packages/wall_follow/__init__.py
[0.826s] Listing '/home/vy/GalacticRacing/install/wall_follow/lib/python3.8/site-packages/wall_follow'...
[0.827s] -- Up-to-date: /home/vy/GalacticRacing/install/wall_follow/lib/wall_follow/wall_follow_node.py
[0.827s] -- Up-to-date: /home/vy/GalacticRacing/install/wall_follow/share/ament_index/resource_index/package_run_dependencies/wall_follow
[0.827s] -- Up-to-date: /home/vy/GalacticRacing/install/wall_follow/share/ament_index/resource_index/parent_prefix_path/wall_follow
[0.828s] -- Up-to-date: /home/vy/GalacticRacing/install/wall_follow/share/wall_follow/environment/ament_prefix_path.sh
[0.828s] -- Up-to-date: /home/vy/GalacticRacing/install/wall_follow/share/wall_follow/environment/ament_prefix_path.dsv
[0.829s] -- Up-to-date: /home/vy/GalacticRacing/install/wall_follow/share/wall_follow/environment/path.sh
[0.829s] -- Up-to-date: /home/vy/GalacticRacing/install/wall_follow/share/wall_follow/environment/path.dsv
[0.829s] -- Up-to-date: /home/vy/GalacticRacing/install/wall_follow/share/wall_follow/local_setup.bash
[0.829s] -- Up-to-date: /home/vy/GalacticRacing/install/wall_follow/share/wall_follow/local_setup.sh
[0.829s] -- Up-to-date: /home/vy/GalacticRacing/install/wall_follow/share/wall_follow/local_setup.zsh
[0.830s] -- Up-to-date: /home/vy/GalacticRacing/install/wall_follow/share/wall_follow/local_setup.dsv
[0.830s] -- Installing: /home/vy/GalacticRacing/install/wall_follow/share/wall_follow/package.dsv
[0.834s] -- Up-to-date: /home/vy/GalacticRacing/install/wall_follow/share/ament_index/resource_index/packages/wall_follow
[0.838s] -- Up-to-date: /home/vy/GalacticRacing/install/wall_follow/share/wall_follow/cmake/wall_followConfig.cmake
[0.874s] -- Up-to-date: /home/vy/GalacticRacing/install/wall_follow/share/wall_follow/cmake/wall_followConfig-version.cmake
[0.874s] -- Up-to-date: /home/vy/GalacticRacing/install/wall_follow/share/wall_follow/package.xml
[0.959s] Invoked command in '/home/vy/GalacticRacing/build/wall_follow' returned '0': /usr/bin/cmake --install /home/vy/GalacticRacing/build/wall_follow
