[1.600s] Invoking command in '/home/vy/AutonomousRacing/src/f1tenth_gym_ros': PYTHONPATH=/home/vy/AutonomousRacing/src/f1tenth_gym_ros/build/f1tenth_gym_ros/prefix_override:/home/vy/AutonomousRacing/src/f1tenth_gym_ros/install/f1tenth_gym_ros/lib/python3.8/site-packages: /usr/bin/python3 setup.py egg_info --egg-base build/f1tenth_gym_ros build --build-base /home/vy/AutonomousRacing/src/f1tenth_gym_ros/build/f1tenth_gym_ros/build install --record /home/vy/AutonomousRacing/src/f1tenth_gym_ros/build/f1tenth_gym_ros/install.log --install-scripts $base/lib/f1tenth_gym_ros --single-version-externally-managed
[2.296s] running egg_info
[2.304s] writing build/f1tenth_gym_ros/f1tenth_gym_ros.egg-info/PKG-INFO
[2.312s] writing dependency_links to build/f1tenth_gym_ros/f1tenth_gym_ros.egg-info/dependency_links.txt
[2.319s] writing entry points to build/f1tenth_gym_ros/f1tenth_gym_ros.egg-info/entry_points.txt
[2.325s] writing requirements to build/f1tenth_gym_ros/f1tenth_gym_ros.egg-info/requires.txt
[2.331s] writing top-level names to build/f1tenth_gym_ros/f1tenth_gym_ros.egg-info/top_level.txt
[2.421s] reading manifest file 'build/f1tenth_gym_ros/f1tenth_gym_ros.egg-info/SOURCES.txt'
[2.485s] writing manifest file 'build/f1tenth_gym_ros/f1tenth_gym_ros.egg-info/SOURCES.txt'
[2.497s] running build
[2.500s] running build_py
[2.527s] running install
[2.533s] running install_lib
[2.605s] running install_data
[2.681s] running install_egg_info
[2.694s] removing '/home/vy/AutonomousRacing/src/f1tenth_gym_ros/install/f1tenth_gym_ros/lib/python3.8/site-packages/f1tenth_gym_ros-0.0.0-py3.8.egg-info' (and everything under it)
[2.741s] Copying build/f1tenth_gym_ros/f1tenth_gym_ros.egg-info to /home/vy/AutonomousRacing/src/f1tenth_gym_ros/install/f1tenth_gym_ros/lib/python3.8/site-packages/f1tenth_gym_ros-0.0.0-py3.8.egg-info
[2.933s] running install_scripts
[2.987s] Installing gym_bridge script to /home/vy/AutonomousRacing/src/f1tenth_gym_ros/install/f1tenth_gym_ros/lib/f1tenth_gym_ros
[3.003s] writing list of installed files to '/home/vy/AutonomousRacing/src/f1tenth_gym_ros/build/f1tenth_gym_ros/install.log'
[3.028s] Invoked command in '/home/vy/AutonomousRacing/src/f1tenth_gym_ros' returned '0': PYTHONPATH=/home/vy/AutonomousRacing/src/f1tenth_gym_ros/build/f1tenth_gym_ros/prefix_override:/home/vy/AutonomousRacing/src/f1tenth_gym_ros/install/f1tenth_gym_ros/lib/python3.8/site-packages: /usr/bin/python3 setup.py egg_info --egg-base build/f1tenth_gym_ros build --build-base /home/vy/AutonomousRacing/src/f1tenth_gym_ros/build/f1tenth_gym_ros/build install --record /home/vy/AutonomousRacing/src/f1tenth_gym_ros/build/f1tenth_gym_ros/install.log --install-scripts $base/lib/f1tenth_gym_ros --single-version-externally-managed
