[1.754s] Invoking command in '/home/vy/GalacticRacing/sim_ws/build/gap_follow': CMAKE_PREFIX_PATH=${CMAKE_PREFIX_PATH}:/home/vy/GalacticRacing/sim_ws/install/particle_filter:/home/vy/GalacticRacing/sim_ws/install/f1tenth_gym_ros:/opt/ros/foxy /usr/bin/cmake --build /home/vy/GalacticRacing/sim_ws/build/gap_follow -- -j4 -l4
[1.946s] [100%] Built target reactive_node
[2.323s] Invoked command in '/home/vy/GalacticRacing/sim_ws/build/gap_follow' returned '0': CMAKE_PREFIX_PATH=${CMAKE_PREFIX_PATH}:/home/vy/GalacticRacing/sim_ws/install/particle_filter:/home/vy/GalacticRacing/sim_ws/install/f1tenth_gym_ros:/opt/ros/foxy /usr/bin/cmake --build /home/vy/GalacticRacing/sim_ws/build/gap_follow -- -j4 -l4
[2.590s] Invoking command in '/home/vy/GalacticRacing/sim_ws/build/gap_follow': CMAKE_PREFIX_PATH=${CMAKE_PREFIX_PATH}:/home/vy/GalacticRacing/sim_ws/install/particle_filter:/home/vy/GalacticRacing/sim_ws/install/f1tenth_gym_ros:/opt/ros/foxy /usr/bin/cmake --install /home/vy/GalacticRacing/sim_ws/build/gap_follow
[2.606s] -- Install configuration: ""
[2.620s] -- Up-to-date: /home/vy/GalacticRacing/sim_ws/install/gap_follow/lib/gap_follow/reactive_node
[2.623s] -- Up-to-date: /home/vy/GalacticRacing/sim_ws/install/gap_follow/share/gap_follow/environment/pythonpath.sh
[2.624s] -- Up-to-date: /home/vy/GalacticRacing/sim_ws/install/gap_follow/share/gap_follow/environment/pythonpath.dsv
[2.625s] -- Up-to-date: /home/vy/GalacticRacing/sim_ws/install/gap_follow/lib/python3.8/site-packages/gap_follow
[2.633s] -- Up-to-date: /home/vy/GalacticRacing/sim_ws/install/gap_follow/lib/python3.8/site-packages/gap_follow/__init__.py
[2.633s] -- Up-to-date: /home/vy/GalacticRacing/sim_ws/install/gap_follow/lib/python3.8/site-packages/gap_follow/variables.py
[2.634s] -- Up-to-date: /home/vy/GalacticRacing/sim_ws/install/gap_follow/lib/python3.8/site-packages/gap_follow/helper.py
[2.709s] Listing '/home/vy/GalacticRacing/sim_ws/install/gap_follow/lib/python3.8/site-packages/gap_follow'...
[2.721s] -- Up-to-date: /home/vy/GalacticRacing/sim_ws/install/gap_follow/lib/gap_follow/reactive_node.py
[2.721s] -- Up-to-date: /home/vy/GalacticRacing/sim_ws/install/gap_follow/share/ament_index/resource_index/package_run_dependencies/gap_follow
[2.721s] -- Up-to-date: /home/vy/GalacticRacing/sim_ws/install/gap_follow/share/ament_index/resource_index/parent_prefix_path/gap_follow
[2.722s] -- Up-to-date: /home/vy/GalacticRacing/sim_ws/install/gap_follow/share/gap_follow/environment/ament_prefix_path.sh
[2.722s] -- Up-to-date: /home/vy/GalacticRacing/sim_ws/install/gap_follow/share/gap_follow/environment/ament_prefix_path.dsv
[2.722s] -- Up-to-date: /home/vy/GalacticRacing/sim_ws/install/gap_follow/share/gap_follow/environment/path.sh
[2.723s] -- Up-to-date: /home/vy/GalacticRacing/sim_ws/install/gap_follow/share/gap_follow/environment/path.dsv
[2.723s] -- Up-to-date: /home/vy/GalacticRacing/sim_ws/install/gap_follow/share/gap_follow/local_setup.bash
[2.723s] -- Up-to-date: /home/vy/GalacticRacing/sim_ws/install/gap_follow/share/gap_follow/local_setup.sh
[2.723s] -- Up-to-date: /home/vy/GalacticRacing/sim_ws/install/gap_follow/share/gap_follow/local_setup.zsh
[2.728s] -- Up-to-date: /home/vy/GalacticRacing/sim_ws/install/gap_follow/share/gap_follow/local_setup.dsv
[2.728s] -- Installing: /home/vy/GalacticRacing/sim_ws/install/gap_follow/share/gap_follow/package.dsv
[2.728s] -- Up-to-date: /home/vy/GalacticRacing/sim_ws/install/gap_follow/share/ament_index/resource_index/packages/gap_follow
[2.729s] -- Up-to-date: /home/vy/GalacticRacing/sim_ws/install/gap_follow/share/gap_follow/cmake/gap_followConfig.cmake
[2.730s] -- Up-to-date: /home/vy/GalacticRacing/sim_ws/install/gap_follow/share/gap_follow/cmake/gap_followConfig-version.cmake
[2.730s] -- Up-to-date: /home/vy/GalacticRacing/sim_ws/install/gap_follow/share/gap_follow/package.xml
[2.813s] Invoked command in '/home/vy/GalacticRacing/sim_ws/build/gap_follow' returned '0': CMAKE_PREFIX_PATH=${CMAKE_PREFIX_PATH}:/home/vy/GalacticRacing/sim_ws/install/particle_filter:/home/vy/GalacticRacing/sim_ws/install/f1tenth_gym_ros:/opt/ros/foxy /usr/bin/cmake --install /home/vy/GalacticRacing/sim_ws/build/gap_follow
