[1.097s] Invoking command in '/home/vy/GalacticRacing/sim_ws/build/safety_node': CMAKE_PREFIX_PATH=${CMAKE_PREFIX_PATH}:/home/vy/GalacticRacing/sim_ws/install/particle_filter:/home/vy/GalacticRacing/sim_ws/install/f1tenth_gym_ros:/opt/ros/foxy /usr/bin/cmake --build /home/vy/GalacticRacing/sim_ws/build/safety_node -- -j4 -l4
[1.229s] [100%] Built target safety_node
[1.577s] Invoked command in '/home/vy/GalacticRacing/sim_ws/build/safety_node' returned '0': CMAKE_PREFIX_PATH=${CMAKE_PREFIX_PATH}:/home/vy/GalacticRacing/sim_ws/install/particle_filter:/home/vy/GalacticRacing/sim_ws/install/f1tenth_gym_ros:/opt/ros/foxy /usr/bin/cmake --build /home/vy/GalacticRacing/sim_ws/build/safety_node -- -j4 -l4
[1.614s] Invoking command in '/home/vy/GalacticRacing/sim_ws/build/safety_node': CMAKE_PREFIX_PATH=${CMAKE_PREFIX_PATH}:/home/vy/GalacticRacing/sim_ws/install/particle_filter:/home/vy/GalacticRacing/sim_ws/install/f1tenth_gym_ros:/opt/ros/foxy /usr/bin/cmake --install /home/vy/GalacticRacing/sim_ws/build/safety_node
[1.624s] -- Install configuration: ""
[1.624s] -- Up-to-date: /home/vy/GalacticRacing/sim_ws/install/safety_node/lib/safety_node/safety_node
[1.625s] -- Up-to-date: /home/vy/GalacticRacing/sim_ws/install/safety_node/share/safety_node/environment/pythonpath.sh
[1.626s] -- Up-to-date: /home/vy/GalacticRacing/sim_ws/install/safety_node/share/safety_node/environment/pythonpath.dsv
[1.626s] -- Up-to-date: /home/vy/GalacticRacing/sim_ws/install/safety_node/lib/python3.8/site-packages/safety_node
[1.626s] -- Up-to-date: /home/vy/GalacticRacing/sim_ws/install/safety_node/lib/python3.8/site-packages/safety_node/__init__.py
[1.661s] Listing '/home/vy/GalacticRacing/sim_ws/install/safety_node/lib/python3.8/site-packages/safety_node'...
[1.664s] -- Up-to-date: /home/vy/GalacticRacing/sim_ws/install/safety_node/lib/safety_node/safety_node.py
[1.664s] -- Up-to-date: /home/vy/GalacticRacing/sim_ws/install/safety_node/share/ament_index/resource_index/package_run_dependencies/safety_node
[1.665s] -- Up-to-date: /home/vy/GalacticRacing/sim_ws/install/safety_node/share/ament_index/resource_index/parent_prefix_path/safety_node
[1.665s] -- Up-to-date: /home/vy/GalacticRacing/sim_ws/install/safety_node/share/safety_node/environment/ament_prefix_path.sh
[1.665s] -- Up-to-date: /home/vy/GalacticRacing/sim_ws/install/safety_node/share/safety_node/environment/ament_prefix_path.dsv
[1.665s] -- Up-to-date: /home/vy/GalacticRacing/sim_ws/install/safety_node/share/safety_node/environment/path.sh
[1.665s] -- Up-to-date: /home/vy/GalacticRacing/sim_ws/install/safety_node/share/safety_node/environment/path.dsv
[1.665s] -- Up-to-date: /home/vy/GalacticRacing/sim_ws/install/safety_node/share/safety_node/local_setup.bash
[1.665s] -- Up-to-date: /home/vy/GalacticRacing/sim_ws/install/safety_node/share/safety_node/local_setup.sh
[1.665s] -- Up-to-date: /home/vy/GalacticRacing/sim_ws/install/safety_node/share/safety_node/local_setup.zsh
[1.665s] -- Up-to-date: /home/vy/GalacticRacing/sim_ws/install/safety_node/share/safety_node/local_setup.dsv
[1.665s] -- Installing: /home/vy/GalacticRacing/sim_ws/install/safety_node/share/safety_node/package.dsv
[1.669s] -- Up-to-date: /home/vy/GalacticRacing/sim_ws/install/safety_node/share/ament_index/resource_index/packages/safety_node
[1.669s] -- Up-to-date: /home/vy/GalacticRacing/sim_ws/install/safety_node/share/safety_node/cmake/safety_nodeConfig.cmake
[1.669s] -- Up-to-date: /home/vy/GalacticRacing/sim_ws/install/safety_node/share/safety_node/cmake/safety_nodeConfig-version.cmake
[1.670s] -- Up-to-date: /home/vy/GalacticRacing/sim_ws/install/safety_node/share/safety_node/package.xml
[1.671s] Invoked command in '/home/vy/GalacticRacing/sim_ws/build/safety_node' returned '0': CMAKE_PREFIX_PATH=${CMAKE_PREFIX_PATH}:/home/vy/GalacticRacing/sim_ws/install/particle_filter:/home/vy/GalacticRacing/sim_ws/install/f1tenth_gym_ros:/opt/ros/foxy /usr/bin/cmake --install /home/vy/GalacticRacing/sim_ws/build/safety_node
