[0.255s] Invoking command in '/home/vy/GalacticRacing/sim_ws/build/lab7_pkg': CMAKE_PREFIX_PATH=${CMAKE_PREFIX_PATH}:/home/vy/GalacticRacing/sim_ws/install/particle_filter:/home/vy/GalacticRacing/sim_ws/install/f1tenth_gym_ros:/opt/ros/foxy /usr/bin/cmake --build /home/vy/GalacticRacing/sim_ws/build/lab7_pkg -- -j16 -l16
[0.536s] [100%] Built target rrt_node
[0.544s] Invoked command in '/home/vy/GalacticRacing/sim_ws/build/lab7_pkg' returned '0': CMAKE_PREFIX_PATH=${CMAKE_PREFIX_PATH}:/home/vy/GalacticRacing/sim_ws/install/particle_filter:/home/vy/GalacticRacing/sim_ws/install/f1tenth_gym_ros:/opt/ros/foxy /usr/bin/cmake --build /home/vy/GalacticRacing/sim_ws/build/lab7_pkg -- -j16 -l16
[0.601s] Invoking command in '/home/vy/GalacticRacing/sim_ws/build/lab7_pkg': CMAKE_PREFIX_PATH=${CMAKE_PREFIX_PATH}:/home/vy/GalacticRacing/sim_ws/install/particle_filter:/home/vy/GalacticRacing/sim_ws/install/f1tenth_gym_ros:/opt/ros/foxy /usr/bin/cmake --install /home/vy/GalacticRacing/sim_ws/build/lab7_pkg
[0.624s] -- Install configuration: ""
[0.624s] -- Up-to-date: /home/vy/GalacticRacing/sim_ws/install/lab7_pkg/lib/lab7_pkg/rrt_node
[0.624s] -- Up-to-date: /home/vy/GalacticRacing/sim_ws/install/lab7_pkg/share/lab7_pkg/environment/pythonpath.sh
[0.624s] -- Up-to-date: /home/vy/GalacticRacing/sim_ws/install/lab7_pkg/share/lab7_pkg/environment/pythonpath.dsv
[0.625s] -- Up-to-date: /home/vy/GalacticRacing/sim_ws/install/lab7_pkg/lib/python3.8/site-packages/lab7_pkg
[0.627s] -- Up-to-date: /home/vy/GalacticRacing/sim_ws/install/lab7_pkg/lib/python3.8/site-packages/lab7_pkg/heap.py
[0.629s] -- Up-to-date: /home/vy/GalacticRacing/sim_ws/install/lab7_pkg/lib/python3.8/site-packages/lab7_pkg/helper.py
[0.630s] -- Up-to-date: /home/vy/GalacticRacing/sim_ws/install/lab7_pkg/lib/python3.8/site-packages/lab7_pkg/variables.py
[0.630s] -- Up-to-date: /home/vy/GalacticRacing/sim_ws/install/lab7_pkg/lib/python3.8/site-packages/lab7_pkg/__init__.py
[0.668s] Listing '/home/vy/GalacticRacing/sim_ws/install/lab7_pkg/lib/python3.8/site-packages/lab7_pkg'...
[0.680s] -- Up-to-date: /home/vy/GalacticRacing/sim_ws/install/lab7_pkg/lib/lab7_pkg/rrt_node.py
[0.680s] -- Installing: /home/vy/GalacticRacing/sim_ws/install/lab7_pkg/lib/lab7_pkg/dynamic_node.py
[0.681s] -- Up-to-date: /home/vy/GalacticRacing/sim_ws/install/lab7_pkg/lib/lab7_pkg/interactive_node.py
[0.683s] -- Up-to-date: /home/vy/GalacticRacing/sim_ws/install/lab7_pkg/share/ament_index/resource_index/package_run_dependencies/lab7_pkg
[0.684s] -- Up-to-date: /home/vy/GalacticRacing/sim_ws/install/lab7_pkg/share/ament_index/resource_index/parent_prefix_path/lab7_pkg
[0.684s] -- Up-to-date: /home/vy/GalacticRacing/sim_ws/install/lab7_pkg/share/lab7_pkg/environment/ament_prefix_path.sh
[0.685s] -- Up-to-date: /home/vy/GalacticRacing/sim_ws/install/lab7_pkg/share/lab7_pkg/environment/ament_prefix_path.dsv
[0.685s] -- Up-to-date: /home/vy/GalacticRacing/sim_ws/install/lab7_pkg/share/lab7_pkg/environment/path.sh
[0.685s] -- Up-to-date: /home/vy/GalacticRacing/sim_ws/install/lab7_pkg/share/lab7_pkg/environment/path.dsv
[0.686s] -- Up-to-date: /home/vy/GalacticRacing/sim_ws/install/lab7_pkg/share/lab7_pkg/local_setup.bash
[0.689s] -- Up-to-date: /home/vy/GalacticRacing/sim_ws/install/lab7_pkg/share/lab7_pkg/local_setup.sh
[0.689s] -- Up-to-date: /home/vy/GalacticRacing/sim_ws/install/lab7_pkg/share/lab7_pkg/local_setup.zsh
[0.689s] -- Up-to-date: /home/vy/GalacticRacing/sim_ws/install/lab7_pkg/share/lab7_pkg/local_setup.dsv
[0.689s] -- Installing: /home/vy/GalacticRacing/sim_ws/install/lab7_pkg/share/lab7_pkg/package.dsv
[0.689s] -- Up-to-date: /home/vy/GalacticRacing/sim_ws/install/lab7_pkg/share/ament_index/resource_index/packages/lab7_pkg
[0.690s] -- Up-to-date: /home/vy/GalacticRacing/sim_ws/install/lab7_pkg/share/lab7_pkg/cmake/lab7_pkgConfig.cmake
[0.690s] -- Up-to-date: /home/vy/GalacticRacing/sim_ws/install/lab7_pkg/share/lab7_pkg/cmake/lab7_pkgConfig-version.cmake
[0.690s] -- Up-to-date: /home/vy/GalacticRacing/sim_ws/install/lab7_pkg/share/lab7_pkg/package.xml
[0.709s] Invoked command in '/home/vy/GalacticRacing/sim_ws/build/lab7_pkg' returned '0': CMAKE_PREFIX_PATH=${CMAKE_PREFIX_PATH}:/home/vy/GalacticRacing/sim_ws/install/particle_filter:/home/vy/GalacticRacing/sim_ws/install/f1tenth_gym_ros:/opt/ros/foxy /usr/bin/cmake --install /home/vy/GalacticRacing/sim_ws/build/lab7_pkg
