[1.117s] Invoking command in '/home/vy/GalacticRacing/sim_ws/src/build/lab5_pkg': CMAKE_PREFIX_PATH=/opt/ros/foxy /usr/bin/cmake /home/vy/GalacticRacing/sim_ws/src/lab5_pkg -DCMAKE_INSTALL_PREFIX=/home/vy/GalacticRacing/sim_ws/src/install/lab5_pkg
[1.169s] -- Found ament_cmake: 0.9.12 (/opt/ros/foxy/share/ament_cmake/cmake)
[1.189s] -- Using PYTHON_EXECUTABLE: /usr/bin/python3
[1.347s] -- Found rclcpp: 2.4.3 (/opt/ros/foxy/share/rclcpp/cmake)
[1.410s] -- Using all available rosidl_typesupport_c: rosidl_typesupport_fastrtps_c;rosidl_typesupport_introspection_c
[1.414s] -- Found rosidl_adapter: 1.3.1 (/opt/ros/foxy/share/rosidl_adapter/cmake)
[1.541s] -- Using all available rosidl_typesupport_cpp: rosidl_typesupport_fastrtps_cpp;rosidl_typesupport_introspection_cpp
[1.587s] -- Found rmw_implementation_cmake: 1.0.4 (/opt/ros/foxy/share/rmw_implementation_cmake/cmake)
[1.588s] -- Using RMW implementation 'rmw_fastrtps_cpp' as default
[1.721s] -- Found rclpy: 1.0.13 (/opt/ros/foxy/share/rclpy/cmake)
[1.722s] -- Found geometry_msgs: 2.0.5 (/opt/ros/foxy/share/geometry_msgs/cmake)
[1.772s] -- Found nav_msgs: 2.0.5 (/opt/ros/foxy/share/nav_msgs/cmake)
[1.842s] CMake Error at CMakeLists.txt:28 (find_package):
[1.843s]   By not providing "Findackermann_msgs.cmake" in CMAKE_MODULE_PATH this
[1.843s]   project has asked CMake to find a package configuration file provided by
[1.843s]   "ackermann_msgs", but CMake did not find one.
[1.843s] 
[1.843s]   Could not find a package configuration file provided by "ackermann_msgs"
[1.843s]   with any of the following names:
[1.843s] 
[1.843s]     ackermann_msgsConfig.cmake
[1.843s]     ackermann_msgs-config.cmake
[1.843s] 
[1.844s]   Add the installation prefix of "ackermann_msgs" to CMAKE_PREFIX_PATH or set
[1.844s]   "ackermann_msgs_DIR" to a directory containing one of the above files.  If
[1.844s]   "ackermann_msgs" provides a separate development package or SDK, be sure it
[1.844s]   has been installed.
[1.844s] 
[1.844s] 
[1.844s] -- Configuring incomplete, errors occurred!
[1.844s] See also "/home/vy/GalacticRacing/sim_ws/src/build/lab5_pkg/CMakeFiles/CMakeOutput.log".
[1.844s] See also "/home/vy/GalacticRacing/sim_ws/src/build/lab5_pkg/CMakeFiles/CMakeError.log".
