[0.671s] Invoking command in '/home/vy/GalacticRacing/sim_ws/build/wall_follow': CMAKE_PREFIX_PATH=${CMAKE_PREFIX_PATH}:/home/vy/GalacticRacing/sim_ws/install/particle_filter:/home/vy/GalacticRacing/sim_ws/install/f1tenth_gym_ros:/opt/ros/foxy /usr/bin/cmake --build /home/vy/GalacticRacing/sim_ws/build/wall_follow -- -j16 -l16
[0.793s] [100%] Built target wall_follow_node
[0.818s] Invoked command in '/home/vy/GalacticRacing/sim_ws/build/wall_follow' returned '0': CMAKE_PREFIX_PATH=${CMAKE_PREFIX_PATH}:/home/vy/GalacticRacing/sim_ws/install/particle_filter:/home/vy/GalacticRacing/sim_ws/install/f1tenth_gym_ros:/opt/ros/foxy /usr/bin/cmake --build /home/vy/GalacticRacing/sim_ws/build/wall_follow -- -j16 -l16
[0.933s] Invoking command in '/home/vy/GalacticRacing/sim_ws/build/wall_follow': CMAKE_PREFIX_PATH=${CMAKE_PREFIX_PATH}:/home/vy/GalacticRacing/sim_ws/install/particle_filter:/home/vy/GalacticRacing/sim_ws/install/f1tenth_gym_ros:/opt/ros/foxy /usr/bin/cmake --install /home/vy/GalacticRacing/sim_ws/build/wall_follow
[0.943s] -- Install configuration: ""
[0.944s] -- Up-to-date: /home/vy/GalacticRacing/sim_ws/install/wall_follow/lib/wall_follow/wall_follow_node
[0.944s] -- Up-to-date: /home/vy/GalacticRacing/sim_ws/install/wall_follow/share/wall_follow/environment/pythonpath.sh
[0.945s] -- Up-to-date: /home/vy/GalacticRacing/sim_ws/install/wall_follow/share/wall_follow/environment/pythonpath.dsv
[0.945s] -- Up-to-date: /home/vy/GalacticRacing/sim_ws/install/wall_follow/lib/python3.8/site-packages/wall_follow
[0.945s] -- Up-to-date: /home/vy/GalacticRacing/sim_ws/install/wall_follow/lib/python3.8/site-packages/wall_follow/__init__.py
[0.989s] Listing '/home/vy/GalacticRacing/sim_ws/install/wall_follow/lib/python3.8/site-packages/wall_follow'...
[0.993s] -- Up-to-date: /home/vy/GalacticRacing/sim_ws/install/wall_follow/lib/wall_follow/wall_follow_node.py
[0.993s] -- Up-to-date: /home/vy/GalacticRacing/sim_ws/install/wall_follow/share/ament_index/resource_index/package_run_dependencies/wall_follow
[0.994s] -- Up-to-date: /home/vy/GalacticRacing/sim_ws/install/wall_follow/share/ament_index/resource_index/parent_prefix_path/wall_follow
[0.994s] -- Up-to-date: /home/vy/GalacticRacing/sim_ws/install/wall_follow/share/wall_follow/environment/ament_prefix_path.sh
[0.994s] -- Up-to-date: /home/vy/GalacticRacing/sim_ws/install/wall_follow/share/wall_follow/environment/ament_prefix_path.dsv
[0.994s] -- Up-to-date: /home/vy/GalacticRacing/sim_ws/install/wall_follow/share/wall_follow/environment/path.sh
[0.994s] -- Up-to-date: /home/vy/GalacticRacing/sim_ws/install/wall_follow/share/wall_follow/environment/path.dsv
[0.994s] -- Up-to-date: /home/vy/GalacticRacing/sim_ws/install/wall_follow/share/wall_follow/local_setup.bash
[0.994s] -- Up-to-date: /home/vy/GalacticRacing/sim_ws/install/wall_follow/share/wall_follow/local_setup.sh
[0.994s] -- Up-to-date: /home/vy/GalacticRacing/sim_ws/install/wall_follow/share/wall_follow/local_setup.zsh
[0.994s] -- Up-to-date: /home/vy/GalacticRacing/sim_ws/install/wall_follow/share/wall_follow/local_setup.dsv
[0.994s] -- Installing: /home/vy/GalacticRacing/sim_ws/install/wall_follow/share/wall_follow/package.dsv
[0.995s] -- Up-to-date: /home/vy/GalacticRacing/sim_ws/install/wall_follow/share/ament_index/resource_index/packages/wall_follow
[0.995s] -- Up-to-date: /home/vy/GalacticRacing/sim_ws/install/wall_follow/share/wall_follow/cmake/wall_followConfig.cmake
[0.995s] -- Up-to-date: /home/vy/GalacticRacing/sim_ws/install/wall_follow/share/wall_follow/cmake/wall_followConfig-version.cmake
[0.995s] -- Up-to-date: /home/vy/GalacticRacing/sim_ws/install/wall_follow/share/wall_follow/package.xml
[1.046s] Invoked command in '/home/vy/GalacticRacing/sim_ws/build/wall_follow' returned '0': CMAKE_PREFIX_PATH=${CMAKE_PREFIX_PATH}:/home/vy/GalacticRacing/sim_ws/install/particle_filter:/home/vy/GalacticRacing/sim_ws/install/f1tenth_gym_ros:/opt/ros/foxy /usr/bin/cmake --install /home/vy/GalacticRacing/sim_ws/build/wall_follow
