[5.471s] Invoking command in '/home/vy/GalacticRacing/sim_ws/build/gap_follow': CMAKE_PREFIX_PATH=/home/vy/GalacticRacing/sim_ws/install/particle_filter:/home/vy/GalacticRacing/sim_ws/install/f1tenth_gym_ros:/opt/ros/foxy:${CMAKE_PREFIX_PATH} /usr/bin/cmake --build /home/vy/GalacticRacing/sim_ws/build/gap_follow -- -j8 -l8
[6.640s] [100%] Built target reactive_node
[6.709s] Invoked command in '/home/vy/GalacticRacing/sim_ws/build/gap_follow' returned '0': CMAKE_PREFIX_PATH=/home/vy/GalacticRacing/sim_ws/install/particle_filter:/home/vy/GalacticRacing/sim_ws/install/f1tenth_gym_ros:/opt/ros/foxy:${CMAKE_PREFIX_PATH} /usr/bin/cmake --build /home/vy/GalacticRacing/sim_ws/build/gap_follow -- -j8 -l8
[7.444s] Invoking command in '/home/vy/GalacticRacing/sim_ws/build/gap_follow': CMAKE_PREFIX_PATH=/home/vy/GalacticRacing/sim_ws/install/particle_filter:/home/vy/GalacticRacing/sim_ws/install/f1tenth_gym_ros:/opt/ros/foxy:${CMAKE_PREFIX_PATH} /usr/bin/cmake --install /home/vy/GalacticRacing/sim_ws/build/gap_follow
[7.553s] -- Install configuration: ""
[7.557s] -- Up-to-date: /home/vy/GalacticRacing/sim_ws/install/gap_follow/lib/gap_follow/reactive_node
[7.557s] -- Up-to-date: /home/vy/GalacticRacing/sim_ws/install/gap_follow/share/gap_follow/environment/pythonpath.sh
[7.559s] -- Up-to-date: /home/vy/GalacticRacing/sim_ws/install/gap_follow/share/gap_follow/environment/pythonpath.dsv
[7.560s] -- Up-to-date: /home/vy/GalacticRacing/sim_ws/install/gap_follow/lib/python3.8/site-packages/gap_follow
[7.560s] -- Up-to-date: /home/vy/GalacticRacing/sim_ws/install/gap_follow/lib/python3.8/site-packages/gap_follow/__init__.py
[7.560s] -- Up-to-date: /home/vy/GalacticRacing/sim_ws/install/gap_follow/lib/python3.8/site-packages/gap_follow/variables.py
[7.564s] -- Up-to-date: /home/vy/GalacticRacing/sim_ws/install/gap_follow/lib/python3.8/site-packages/gap_follow/helper.py
[7.566s] Listing '/home/vy/GalacticRacing/sim_ws/install/gap_follow/lib/python3.8/site-packages/gap_follow'...
[7.566s] -- Up-to-date: /home/vy/GalacticRacing/sim_ws/install/gap_follow/lib/gap_follow/reactive_node.py
[7.568s] -- Up-to-date: /home/vy/GalacticRacing/sim_ws/install/gap_follow/share/ament_index/resource_index/package_run_dependencies/gap_follow
[7.568s] -- Up-to-date: /home/vy/GalacticRacing/sim_ws/install/gap_follow/share/ament_index/resource_index/parent_prefix_path/gap_follow
[7.568s] -- Up-to-date: /home/vy/GalacticRacing/sim_ws/install/gap_follow/share/gap_follow/environment/ament_prefix_path.sh
[7.568s] -- Up-to-date: /home/vy/GalacticRacing/sim_ws/install/gap_follow/share/gap_follow/environment/ament_prefix_path.dsv
[7.568s] -- Up-to-date: /home/vy/GalacticRacing/sim_ws/install/gap_follow/share/gap_follow/environment/path.sh
[7.568s] -- Up-to-date: /home/vy/GalacticRacing/sim_ws/install/gap_follow/share/gap_follow/environment/path.dsv
[7.568s] -- Up-to-date: /home/vy/GalacticRacing/sim_ws/install/gap_follow/share/gap_follow/local_setup.bash
[7.568s] -- Up-to-date: /home/vy/GalacticRacing/sim_ws/install/gap_follow/share/gap_follow/local_setup.sh
[7.568s] -- Up-to-date: /home/vy/GalacticRacing/sim_ws/install/gap_follow/share/gap_follow/local_setup.zsh
[7.568s] -- Up-to-date: /home/vy/GalacticRacing/sim_ws/install/gap_follow/share/gap_follow/local_setup.dsv
[7.568s] -- Installing: /home/vy/GalacticRacing/sim_ws/install/gap_follow/share/gap_follow/package.dsv
[7.568s] -- Up-to-date: /home/vy/GalacticRacing/sim_ws/install/gap_follow/share/ament_index/resource_index/packages/gap_follow
[7.568s] -- Up-to-date: /home/vy/GalacticRacing/sim_ws/install/gap_follow/share/gap_follow/cmake/gap_followConfig.cmake
[7.569s] -- Up-to-date: /home/vy/GalacticRacing/sim_ws/install/gap_follow/share/gap_follow/cmake/gap_followConfig-version.cmake
[7.569s] -- Up-to-date: /home/vy/GalacticRacing/sim_ws/install/gap_follow/share/gap_follow/package.xml
[7.633s] Invoked command in '/home/vy/GalacticRacing/sim_ws/build/gap_follow' returned '0': CMAKE_PREFIX_PATH=/home/vy/GalacticRacing/sim_ws/install/particle_filter:/home/vy/GalacticRacing/sim_ws/install/f1tenth_gym_ros:/opt/ros/foxy:${CMAKE_PREFIX_PATH} /usr/bin/cmake --install /home/vy/GalacticRacing/sim_ws/build/gap_follow
