[0.268s] Invoking command in '/home/vy/GalacticRacing/sim_ws/build/gap_follow': CMAKE_PREFIX_PATH=${CMAKE_PREFIX_PATH}:/home/vy/GalacticRacing/sim_ws/install/particle_filter:/home/vy/GalacticRacing/sim_ws/install/f1tenth_gym_ros:/opt/ros/foxy /usr/bin/cmake --build /home/vy/GalacticRacing/sim_ws/build/gap_follow -- -j16 -l16
[0.538s] [100%] Built target reactive_node
[0.543s] Invoked command in '/home/vy/GalacticRacing/sim_ws/build/gap_follow' returned '0': CMAKE_PREFIX_PATH=${CMAKE_PREFIX_PATH}:/home/vy/GalacticRacing/sim_ws/install/particle_filter:/home/vy/GalacticRacing/sim_ws/install/f1tenth_gym_ros:/opt/ros/foxy /usr/bin/cmake --build /home/vy/GalacticRacing/sim_ws/build/gap_follow -- -j16 -l16
[0.597s] Invoking command in '/home/vy/GalacticRacing/sim_ws/build/gap_follow': CMAKE_PREFIX_PATH=${CMAKE_PREFIX_PATH}:/home/vy/GalacticRacing/sim_ws/install/particle_filter:/home/vy/GalacticRacing/sim_ws/install/f1tenth_gym_ros:/opt/ros/foxy /usr/bin/cmake --install /home/vy/GalacticRacing/sim_ws/build/gap_follow
[0.611s] -- Install configuration: ""
[0.612s] -- Up-to-date: /home/vy/GalacticRacing/sim_ws/install/gap_follow/lib/gap_follow/reactive_node
[0.612s] -- Up-to-date: /home/vy/GalacticRacing/sim_ws/install/gap_follow/share/gap_follow/environment/pythonpath.sh
[0.614s] -- Up-to-date: /home/vy/GalacticRacing/sim_ws/install/gap_follow/share/gap_follow/environment/pythonpath.dsv
[0.614s] -- Up-to-date: /home/vy/GalacticRacing/sim_ws/install/gap_follow/lib/python3.8/site-packages/gap_follow
[0.615s] -- Up-to-date: /home/vy/GalacticRacing/sim_ws/install/gap_follow/lib/python3.8/site-packages/gap_follow/helper.py
[0.619s] -- Up-to-date: /home/vy/GalacticRacing/sim_ws/install/gap_follow/lib/python3.8/site-packages/gap_follow/variables.py
[0.620s] -- Up-to-date: /home/vy/GalacticRacing/sim_ws/install/gap_follow/lib/python3.8/site-packages/gap_follow/__init__.py
[0.663s] Listing '/home/vy/GalacticRacing/sim_ws/install/gap_follow/lib/python3.8/site-packages/gap_follow'...
[0.671s] -- Up-to-date: /home/vy/GalacticRacing/sim_ws/install/gap_follow/lib/gap_follow/reactive_node.py
[0.674s] -- Up-to-date: /home/vy/GalacticRacing/sim_ws/install/gap_follow/share/ament_index/resource_index/package_run_dependencies/gap_follow
[0.674s] -- Up-to-date: /home/vy/GalacticRacing/sim_ws/install/gap_follow/share/ament_index/resource_index/parent_prefix_path/gap_follow
[0.674s] -- Up-to-date: /home/vy/GalacticRacing/sim_ws/install/gap_follow/share/gap_follow/environment/ament_prefix_path.sh
[0.674s] -- Up-to-date: /home/vy/GalacticRacing/sim_ws/install/gap_follow/share/gap_follow/environment/ament_prefix_path.dsv
[0.674s] -- Up-to-date: /home/vy/GalacticRacing/sim_ws/install/gap_follow/share/gap_follow/environment/path.sh
[0.675s] -- Up-to-date: /home/vy/GalacticRacing/sim_ws/install/gap_follow/share/gap_follow/environment/path.dsv
[0.675s] -- Up-to-date: /home/vy/GalacticRacing/sim_ws/install/gap_follow/share/gap_follow/local_setup.bash
[0.675s] -- Up-to-date: /home/vy/GalacticRacing/sim_ws/install/gap_follow/share/gap_follow/local_setup.sh
[0.677s] -- Up-to-date: /home/vy/GalacticRacing/sim_ws/install/gap_follow/share/gap_follow/local_setup.zsh
[0.680s] -- Up-to-date: /home/vy/GalacticRacing/sim_ws/install/gap_follow/share/gap_follow/local_setup.dsv
[0.681s] -- Installing: /home/vy/GalacticRacing/sim_ws/install/gap_follow/share/gap_follow/package.dsv
[0.681s] -- Up-to-date: /home/vy/GalacticRacing/sim_ws/install/gap_follow/share/ament_index/resource_index/packages/gap_follow
[0.681s] -- Up-to-date: /home/vy/GalacticRacing/sim_ws/install/gap_follow/share/gap_follow/cmake/gap_followConfig.cmake
[0.682s] -- Up-to-date: /home/vy/GalacticRacing/sim_ws/install/gap_follow/share/gap_follow/cmake/gap_followConfig-version.cmake
[0.683s] -- Up-to-date: /home/vy/GalacticRacing/sim_ws/install/gap_follow/share/gap_follow/package.xml
[0.685s] Invoked command in '/home/vy/GalacticRacing/sim_ws/build/gap_follow' returned '0': CMAKE_PREFIX_PATH=${CMAKE_PREFIX_PATH}:/home/vy/GalacticRacing/sim_ws/install/particle_filter:/home/vy/GalacticRacing/sim_ws/install/f1tenth_gym_ros:/opt/ros/foxy /usr/bin/cmake --install /home/vy/GalacticRacing/sim_ws/build/gap_follow
