[0.411s] Invoking command in '/home/vy/GalacticRacing/sim_ws/build/waypoint_logger': CMAKE_PREFIX_PATH=/opt/ros/foxy /usr/bin/cmake --build /home/vy/GalacticRacing/sim_ws/build/waypoint_logger -- -j8 -l8
[0.475s] -- Found ament_cmake: 0.9.12 (/opt/ros/foxy/share/ament_cmake/cmake)
[0.499s] -- Using PYTHON_EXECUTABLE: /usr/bin/python3
[0.667s] -- Found rclcpp: 2.4.3 (/opt/ros/foxy/share/rclcpp/cmake)
[0.728s] -- Using all available rosidl_typesupport_c: rosidl_typesupport_fastrtps_c;rosidl_typesupport_introspection_c
[0.730s] -- Found rosidl_adapter: 1.3.1 (/opt/ros/foxy/share/rosidl_adapter/cmake)
[0.924s] -- Using all available rosidl_typesupport_cpp: rosidl_typesupport_fastrtps_cpp;rosidl_typesupport_introspection_cpp
[0.981s] -- Found rmw_implementation_cmake: 1.0.4 (/opt/ros/foxy/share/rmw_implementation_cmake/cmake)
[0.982s] -- Using RMW implementation 'rmw_fastrtps_cpp' as default
[1.135s] -- Found rclpy: 1.0.13 (/opt/ros/foxy/share/rclpy/cmake)
[1.136s] -- Found geometry_msgs: 2.0.5 (/opt/ros/foxy/share/geometry_msgs/cmake)
[1.172s] -- Found nav_msgs: 2.0.5 (/opt/ros/foxy/share/nav_msgs/cmake)
[1.261s] -- Found ackermann_msgs: 2.0.2 (/opt/ros/foxy/share/ackermann_msgs/cmake)
[1.281s] -- Found sensor_msgs: 2.0.5 (/opt/ros/foxy/share/sensor_msgs/cmake)
[1.356s] -- Found visualization_msgs: 2.0.5 (/opt/ros/foxy/share/visualization_msgs/cmake)
[1.418s] -- Found tf2_ros: 0.13.14 (/opt/ros/foxy/share/tf2_ros/cmake)
[1.774s] -- Found ament_lint_auto: 0.9.8 (/opt/ros/foxy/share/ament_lint_auto/cmake)
[1.907s] -- Added test 'copyright' to check source files copyright and LICENSE
[1.907s] -- Added test 'flake8' to check Python code syntax and style conventions
[1.907s] -- Added test 'lint_cmake' to check CMake code style
[1.907s] -- Added test 'pep257' to check Python code against some of the style conventions in PEP 257
[1.909s] -- Added test 'xmllint' to check XML markup files
[1.930s] -- Configuring done
[2.044s] -- Generating done
[2.044s] -- Build files have been written to: /home/vy/GalacticRacing/sim_ws/build/waypoint_logger
[2.066s] Invoked command in '/home/vy/GalacticRacing/sim_ws/build/waypoint_logger' returned '0': CMAKE_PREFIX_PATH=/opt/ros/foxy /usr/bin/cmake --build /home/vy/GalacticRacing/sim_ws/build/waypoint_logger -- -j8 -l8
[3.468s] Invoking command in '/home/vy/GalacticRacing/sim_ws/build/waypoint_logger': CMAKE_PREFIX_PATH=/opt/ros/foxy /usr/bin/cmake --install /home/vy/GalacticRacing/sim_ws/build/waypoint_logger
[3.479s] -- Install configuration: ""
[3.479s] -- Up-to-date: /home/vy/GalacticRacing/sim_ws/install/waypoint_logger/share/waypoint_logger/environment/pythonpath.sh
[3.479s] -- Installing: /home/vy/GalacticRacing/sim_ws/install/waypoint_logger/share/waypoint_logger/environment/pythonpath.dsv
[3.479s] -- Up-to-date: /home/vy/GalacticRacing/sim_ws/install/waypoint_logger/lib/python3.8/site-packages/waypoint_logger
[3.479s] -- Up-to-date: /home/vy/GalacticRacing/sim_ws/install/waypoint_logger/lib/python3.8/site-packages/waypoint_logger/__init__.py
[3.504s] Listing '/home/vy/GalacticRacing/sim_ws/install/waypoint_logger/lib/python3.8/site-packages/waypoint_logger'...
[3.504s] Compiling '/home/vy/GalacticRacing/sim_ws/install/waypoint_logger/lib/python3.8/site-packages/waypoint_logger/__init__.py'...
[3.515s] -- Up-to-date: /home/vy/GalacticRacing/sim_ws/install/waypoint_logger/lib/waypoint_logger/waypoint_logger.py
[3.515s] -- Up-to-date: /home/vy/GalacticRacing/sim_ws/install/waypoint_logger/share/ament_index/resource_index/package_run_dependencies/waypoint_logger
[3.515s] -- Up-to-date: /home/vy/GalacticRacing/sim_ws/install/waypoint_logger/share/ament_index/resource_index/parent_prefix_path/waypoint_logger
[3.519s] -- Up-to-date: /home/vy/GalacticRacing/sim_ws/install/waypoint_logger/share/waypoint_logger/environment/ament_prefix_path.sh
[3.519s] -- Installing: /home/vy/GalacticRacing/sim_ws/install/waypoint_logger/share/waypoint_logger/environment/ament_prefix_path.dsv
[3.520s] -- Up-to-date: /home/vy/GalacticRacing/sim_ws/install/waypoint_logger/share/waypoint_logger/environment/path.sh
[3.520s] -- Installing: /home/vy/GalacticRacing/sim_ws/install/waypoint_logger/share/waypoint_logger/environment/path.dsv
[3.521s] -- Up-to-date: /home/vy/GalacticRacing/sim_ws/install/waypoint_logger/share/waypoint_logger/local_setup.bash
[3.521s] -- Up-to-date: /home/vy/GalacticRacing/sim_ws/install/waypoint_logger/share/waypoint_logger/local_setup.sh
[3.523s] -- Up-to-date: /home/vy/GalacticRacing/sim_ws/install/waypoint_logger/share/waypoint_logger/local_setup.zsh
[3.523s] -- Installing: /home/vy/GalacticRacing/sim_ws/install/waypoint_logger/share/waypoint_logger/local_setup.dsv
[3.523s] -- Installing: /home/vy/GalacticRacing/sim_ws/install/waypoint_logger/share/waypoint_logger/package.dsv
[3.524s] -- Up-to-date: /home/vy/GalacticRacing/sim_ws/install/waypoint_logger/share/ament_index/resource_index/packages/waypoint_logger
[3.524s] -- Up-to-date: /home/vy/GalacticRacing/sim_ws/install/waypoint_logger/share/waypoint_logger/cmake/waypoint_loggerConfig.cmake
[3.528s] -- Up-to-date: /home/vy/GalacticRacing/sim_ws/install/waypoint_logger/share/waypoint_logger/cmake/waypoint_loggerConfig-version.cmake
[3.529s] -- Up-to-date: /home/vy/GalacticRacing/sim_ws/install/waypoint_logger/share/waypoint_logger/package.xml
[5.348s] Invoked command in '/home/vy/GalacticRacing/sim_ws/build/waypoint_logger' returned '0': CMAKE_PREFIX_PATH=/opt/ros/foxy /usr/bin/cmake --install /home/vy/GalacticRacing/sim_ws/build/waypoint_logger
