[1.547s] Invoking command in '/home/vy/GalacticRacing/sim_ws/build/gap_follow': CMAKE_PREFIX_PATH=${CMAKE_PREFIX_PATH}:/home/vy/GalacticRacing/sim_ws/install/particle_filter:/home/vy/GalacticRacing/sim_ws/install/f1tenth_gym_ros:/opt/ros/foxy /usr/bin/cmake --build /home/vy/GalacticRacing/sim_ws/build/gap_follow -- -j4 -l4
[1.781s] [100%] Built target reactive_node
[2.221s] Invoked command in '/home/vy/GalacticRacing/sim_ws/build/gap_follow' returned '0': CMAKE_PREFIX_PATH=${CMAKE_PREFIX_PATH}:/home/vy/GalacticRacing/sim_ws/install/particle_filter:/home/vy/GalacticRacing/sim_ws/install/f1tenth_gym_ros:/opt/ros/foxy /usr/bin/cmake --build /home/vy/GalacticRacing/sim_ws/build/gap_follow -- -j4 -l4
[2.458s] Invoking command in '/home/vy/GalacticRacing/sim_ws/build/gap_follow': CMAKE_PREFIX_PATH=${CMAKE_PREFIX_PATH}:/home/vy/GalacticRacing/sim_ws/install/particle_filter:/home/vy/GalacticRacing/sim_ws/install/f1tenth_gym_ros:/opt/ros/foxy /usr/bin/cmake --install /home/vy/GalacticRacing/sim_ws/build/gap_follow
[2.475s] -- Install configuration: ""
[2.475s] -- Up-to-date: /home/vy/GalacticRacing/sim_ws/install/gap_follow/lib/gap_follow/reactive_node
[2.475s] -- Up-to-date: /home/vy/GalacticRacing/sim_ws/install/gap_follow/share/gap_follow/environment/pythonpath.sh
[2.475s] -- Up-to-date: /home/vy/GalacticRacing/sim_ws/install/gap_follow/share/gap_follow/environment/pythonpath.dsv
[2.475s] -- Up-to-date: /home/vy/GalacticRacing/sim_ws/install/gap_follow/lib/python3.8/site-packages/gap_follow
[2.475s] -- Up-to-date: /home/vy/GalacticRacing/sim_ws/install/gap_follow/lib/python3.8/site-packages/gap_follow/__init__.py
[2.476s] -- Up-to-date: /home/vy/GalacticRacing/sim_ws/install/gap_follow/lib/python3.8/site-packages/gap_follow/variables.py
[2.476s] -- Up-to-date: /home/vy/GalacticRacing/sim_ws/install/gap_follow/lib/python3.8/site-packages/gap_follow/helper.py
[2.548s] Listing '/home/vy/GalacticRacing/sim_ws/install/gap_follow/lib/python3.8/site-packages/gap_follow'...
[2.556s] -- Up-to-date: /home/vy/GalacticRacing/sim_ws/install/gap_follow/lib/gap_follow/reactive_node.py
[2.556s] -- Up-to-date: /home/vy/GalacticRacing/sim_ws/install/gap_follow/share/ament_index/resource_index/package_run_dependencies/gap_follow
[2.557s] -- Up-to-date: /home/vy/GalacticRacing/sim_ws/install/gap_follow/share/ament_index/resource_index/parent_prefix_path/gap_follow
[2.557s] -- Up-to-date: /home/vy/GalacticRacing/sim_ws/install/gap_follow/share/gap_follow/environment/ament_prefix_path.sh
[2.557s] -- Up-to-date: /home/vy/GalacticRacing/sim_ws/install/gap_follow/share/gap_follow/environment/ament_prefix_path.dsv
[2.558s] -- Up-to-date: /home/vy/GalacticRacing/sim_ws/install/gap_follow/share/gap_follow/environment/path.sh
[2.559s] -- Up-to-date: /home/vy/GalacticRacing/sim_ws/install/gap_follow/share/gap_follow/environment/path.dsv
[2.559s] -- Up-to-date: /home/vy/GalacticRacing/sim_ws/install/gap_follow/share/gap_follow/local_setup.bash
[2.560s] -- Up-to-date: /home/vy/GalacticRacing/sim_ws/install/gap_follow/share/gap_follow/local_setup.sh
[2.560s] -- Up-to-date: /home/vy/GalacticRacing/sim_ws/install/gap_follow/share/gap_follow/local_setup.zsh
[2.560s] -- Up-to-date: /home/vy/GalacticRacing/sim_ws/install/gap_follow/share/gap_follow/local_setup.dsv
[2.560s] -- Installing: /home/vy/GalacticRacing/sim_ws/install/gap_follow/share/gap_follow/package.dsv
[2.560s] -- Up-to-date: /home/vy/GalacticRacing/sim_ws/install/gap_follow/share/ament_index/resource_index/packages/gap_follow
[2.560s] -- Up-to-date: /home/vy/GalacticRacing/sim_ws/install/gap_follow/share/gap_follow/cmake/gap_followConfig.cmake
[2.560s] -- Up-to-date: /home/vy/GalacticRacing/sim_ws/install/gap_follow/share/gap_follow/cmake/gap_followConfig-version.cmake
[2.561s] -- Up-to-date: /home/vy/GalacticRacing/sim_ws/install/gap_follow/share/gap_follow/package.xml
[2.573s] Invoked command in '/home/vy/GalacticRacing/sim_ws/build/gap_follow' returned '0': CMAKE_PREFIX_PATH=${CMAKE_PREFIX_PATH}:/home/vy/GalacticRacing/sim_ws/install/particle_filter:/home/vy/GalacticRacing/sim_ws/install/f1tenth_gym_ros:/opt/ros/foxy /usr/bin/cmake --install /home/vy/GalacticRacing/sim_ws/build/gap_follow
