[3.781s] DEBUG:colcon:Command line arguments: ['/usr/bin/colcon', 'build']
[3.781s] DEBUG:colcon:Parsed command line arguments: Namespace(allow_overriding=[], ament_cmake_args=None, base_paths=['.'], build_base='build', catkin_cmake_args=None, catkin_skip_building_tests=False, cmake_args=None, cmake_clean_cache=False, cmake_clean_first=False, cmake_force_configure=False, cmake_target=None, cmake_target_skip_unavailable=False, continue_on_error=False, event_handlers=None, executor='parallel', ignore_user_meta=False, install_base='install', log_base=None, log_level=None, main=<bound method BuildVerb.main of <colcon_core.verb.build.BuildVerb object at 0x7f30ba7749d0>>, merge_install=False, metas=['./colcon.meta'], packages_above=None, packages_above_and_dependencies=None, packages_above_depth=None, packages_end=None, packages_ignore=None, packages_ignore_regex=None, packages_select=None, packages_select_build_failed=False, packages_select_by_dep=None, packages_select_regex=None, packages_select_test_failures=False, packages_skip=None, packages_skip_build_finished=False, packages_skip_by_dep=None, packages_skip_regex=None, packages_skip_test_passed=False, packages_skip_up_to=None, packages_start=None, packages_up_to=None, packages_up_to_regex=None, parallel_workers=8, paths=None, symlink_install=False, test_result_base=None, verb_extension=<colcon_core.verb.build.BuildVerb object at 0x7f30ba7749d0>, verb_name='build', verb_parser=<colcon_defaults.argument_parser.defaults.DefaultArgumentsDecorator object at 0x7f30ba78f790>)
[3.976s] Level 1:colcon.colcon_core.package_discovery:discover_packages(colcon_meta) check parameters
[3.976s] Level 1:colcon.colcon_core.package_discovery:discover_packages(recursive) check parameters
[3.977s] Level 1:colcon.colcon_core.package_discovery:discover_packages(ignore) check parameters
[3.977s] Level 1:colcon.colcon_core.package_discovery:discover_packages(path) check parameters
[3.977s] Level 1:colcon.colcon_core.package_discovery:discover_packages(colcon_meta) discover
[3.977s] Level 1:colcon.colcon_core.package_discovery:discover_packages(recursive) discover
[3.977s] INFO:colcon.colcon_core.package_discovery:Crawling recursively for packages in '/home/vy/GalacticRacing/sim_ws/src'
[3.977s] Level 1:colcon.colcon_core.package_identification:_identify(.) by extensions ['ignore', 'ignore_ament_install']
[3.978s] Level 1:colcon.colcon_core.package_identification:_identify(.) by extension 'ignore'
[3.978s] Level 1:colcon.colcon_core.package_identification:_identify(.) by extension 'ignore_ament_install'
[3.978s] Level 1:colcon.colcon_core.package_identification:_identify(.) by extensions ['colcon_pkg']
[3.978s] Level 1:colcon.colcon_core.package_identification:_identify(.) by extension 'colcon_pkg'
[3.978s] Level 1:colcon.colcon_core.package_identification:_identify(.) by extensions ['colcon_meta']
[3.978s] Level 1:colcon.colcon_core.package_identification:_identify(.) by extension 'colcon_meta'
[3.978s] Level 1:colcon.colcon_core.package_identification:_identify(.) by extensions ['ros']
[3.978s] Level 1:colcon.colcon_core.package_identification:_identify(.) by extension 'ros'
[3.988s] Level 1:colcon.colcon_core.package_identification:_identify(.) by extensions ['cmake', 'python']
[3.988s] Level 1:colcon.colcon_core.package_identification:_identify(.) by extension 'cmake'
[3.988s] Level 1:colcon.colcon_core.package_identification:_identify(.) by extension 'python'
[3.988s] Level 1:colcon.colcon_core.package_identification:_identify(.) by extensions ['python_setup_py']
[3.988s] Level 1:colcon.colcon_core.package_identification:_identify(.) by extension 'python_setup_py'
[3.989s] Level 1:colcon.colcon_core.package_identification:_identify(build) by extensions ['ignore', 'ignore_ament_install']
[3.989s] Level 1:colcon.colcon_core.package_identification:_identify(build) by extension 'ignore'
[3.989s] Level 1:colcon.colcon_core.package_identification:_identify(build) ignored
[3.989s] Level 1:colcon.colcon_core.package_identification:_identify(f1tenth_gym_ros) by extensions ['ignore', 'ignore_ament_install']
[3.989s] Level 1:colcon.colcon_core.package_identification:_identify(f1tenth_gym_ros) by extension 'ignore'
[3.989s] Level 1:colcon.colcon_core.package_identification:_identify(f1tenth_gym_ros) by extension 'ignore_ament_install'
[3.989s] Level 1:colcon.colcon_core.package_identification:_identify(f1tenth_gym_ros) by extensions ['colcon_pkg']
[3.989s] Level 1:colcon.colcon_core.package_identification:_identify(f1tenth_gym_ros) by extension 'colcon_pkg'
[3.989s] Level 1:colcon.colcon_core.package_identification:_identify(f1tenth_gym_ros) by extensions ['colcon_meta']
[3.989s] Level 1:colcon.colcon_core.package_identification:_identify(f1tenth_gym_ros) by extension 'colcon_meta'
[3.989s] Level 1:colcon.colcon_core.package_identification:_identify(f1tenth_gym_ros) by extensions ['ros']
[3.989s] Level 1:colcon.colcon_core.package_identification:_identify(f1tenth_gym_ros) by extension 'ros'
[3.993s] DEBUG:colcon.colcon_core.package_identification:Package 'f1tenth_gym_ros' with type 'ros.ament_python' and name 'f1tenth_gym_ros'
[3.993s] Level 1:colcon.colcon_core.package_identification:_identify(gap_follow) by extensions ['ignore', 'ignore_ament_install']
[3.993s] Level 1:colcon.colcon_core.package_identification:_identify(gap_follow) by extension 'ignore'
[3.993s] Level 1:colcon.colcon_core.package_identification:_identify(gap_follow) by extension 'ignore_ament_install'
[3.993s] Level 1:colcon.colcon_core.package_identification:_identify(gap_follow) by extensions ['colcon_pkg']
[3.993s] Level 1:colcon.colcon_core.package_identification:_identify(gap_follow) by extension 'colcon_pkg'
[3.993s] Level 1:colcon.colcon_core.package_identification:_identify(gap_follow) by extensions ['colcon_meta']
[3.993s] Level 1:colcon.colcon_core.package_identification:_identify(gap_follow) by extension 'colcon_meta'
[3.993s] Level 1:colcon.colcon_core.package_identification:_identify(gap_follow) by extensions ['ros']
[3.993s] Level 1:colcon.colcon_core.package_identification:_identify(gap_follow) by extension 'ros'
[3.994s] DEBUG:colcon.colcon_core.package_identification:Package 'gap_follow' with type 'ros.ament_cmake' and name 'gap_follow'
[3.994s] Level 1:colcon.colcon_core.package_identification:_identify(install) by extensions ['ignore', 'ignore_ament_install']
[3.995s] Level 1:colcon.colcon_core.package_identification:_identify(install) by extension 'ignore'
[3.995s] Level 1:colcon.colcon_core.package_identification:_identify(install) ignored
[3.995s] Level 1:colcon.colcon_core.package_identification:_identify(lab5_pkg) by extensions ['ignore', 'ignore_ament_install']
[3.995s] Level 1:colcon.colcon_core.package_identification:_identify(lab5_pkg) by extension 'ignore'
[3.995s] Level 1:colcon.colcon_core.package_identification:_identify(lab5_pkg) by extension 'ignore_ament_install'
[3.995s] Level 1:colcon.colcon_core.package_identification:_identify(lab5_pkg) by extensions ['colcon_pkg']
[3.995s] Level 1:colcon.colcon_core.package_identification:_identify(lab5_pkg) by extension 'colcon_pkg'
[3.995s] Level 1:colcon.colcon_core.package_identification:_identify(lab5_pkg) by extensions ['colcon_meta']
[3.995s] Level 1:colcon.colcon_core.package_identification:_identify(lab5_pkg) by extension 'colcon_meta'
[3.995s] Level 1:colcon.colcon_core.package_identification:_identify(lab5_pkg) by extensions ['ros']
[3.995s] Level 1:colcon.colcon_core.package_identification:_identify(lab5_pkg) by extension 'ros'
[3.996s] DEBUG:colcon.colcon_core.package_identification:Package 'lab5_pkg' with type 'ros.ament_cmake' and name 'lab5_pkg'
[3.997s] Level 1:colcon.colcon_core.package_identification:_identify(log) by extensions ['ignore', 'ignore_ament_install']
[3.997s] Level 1:colcon.colcon_core.package_identification:_identify(log) by extension 'ignore'
[3.997s] Level 1:colcon.colcon_core.package_identification:_identify(log) ignored
[3.997s] Level 1:colcon.colcon_core.package_identification:_identify(particle_filter) by extensions ['ignore', 'ignore_ament_install']
[3.997s] Level 1:colcon.colcon_core.package_identification:_identify(particle_filter) by extension 'ignore'
[3.997s] Level 1:colcon.colcon_core.package_identification:_identify(particle_filter) by extension 'ignore_ament_install'
[3.997s] Level 1:colcon.colcon_core.package_identification:_identify(particle_filter) by extensions ['colcon_pkg']
[3.997s] Level 1:colcon.colcon_core.package_identification:_identify(particle_filter) by extension 'colcon_pkg'
[3.997s] Level 1:colcon.colcon_core.package_identification:_identify(particle_filter) by extensions ['colcon_meta']
[3.997s] Level 1:colcon.colcon_core.package_identification:_identify(particle_filter) by extension 'colcon_meta'
[3.997s] Level 1:colcon.colcon_core.package_identification:_identify(particle_filter) by extensions ['ros']
[3.997s] Level 1:colcon.colcon_core.package_identification:_identify(particle_filter) by extension 'ros'
[3.998s] DEBUG:colcon.colcon_core.package_identification:Package 'particle_filter' with type 'ros.ament_python' and name 'particle_filter'
[3.998s] Level 1:colcon.colcon_core.package_identification:_identify(safety_node) by extensions ['ignore', 'ignore_ament_install']
[3.999s] Level 1:colcon.colcon_core.package_identification:_identify(safety_node) by extension 'ignore'
[3.999s] Level 1:colcon.colcon_core.package_identification:_identify(safety_node) by extension 'ignore_ament_install'
[3.999s] Level 1:colcon.colcon_core.package_identification:_identify(safety_node) by extensions ['colcon_pkg']
[3.999s] Level 1:colcon.colcon_core.package_identification:_identify(safety_node) by extension 'colcon_pkg'
[3.999s] Level 1:colcon.colcon_core.package_identification:_identify(safety_node) by extensions ['colcon_meta']
[3.999s] Level 1:colcon.colcon_core.package_identification:_identify(safety_node) by extension 'colcon_meta'
[3.999s] Level 1:colcon.colcon_core.package_identification:_identify(safety_node) by extensions ['ros']
[3.999s] Level 1:colcon.colcon_core.package_identification:_identify(safety_node) by extension 'ros'
[4.000s] DEBUG:colcon.colcon_core.package_identification:Package 'safety_node' with type 'ros.ament_cmake' and name 'safety_node'
[4.001s] Level 1:colcon.colcon_core.package_identification:_identify(wall_follow) by extensions ['ignore', 'ignore_ament_install']
[4.001s] Level 1:colcon.colcon_core.package_identification:_identify(wall_follow) by extension 'ignore'
[4.001s] Level 1:colcon.colcon_core.package_identification:_identify(wall_follow) by extension 'ignore_ament_install'
[4.001s] Level 1:colcon.colcon_core.package_identification:_identify(wall_follow) by extensions ['colcon_pkg']
[4.001s] Level 1:colcon.colcon_core.package_identification:_identify(wall_follow) by extension 'colcon_pkg'
[4.001s] Level 1:colcon.colcon_core.package_identification:_identify(wall_follow) by extensions ['colcon_meta']
[4.001s] Level 1:colcon.colcon_core.package_identification:_identify(wall_follow) by extension 'colcon_meta'
[4.001s] Level 1:colcon.colcon_core.package_identification:_identify(wall_follow) by extensions ['ros']
[4.001s] Level 1:colcon.colcon_core.package_identification:_identify(wall_follow) by extension 'ros'
[4.002s] DEBUG:colcon.colcon_core.package_identification:Package 'wall_follow' with type 'ros.ament_cmake' and name 'wall_follow'
[4.002s] Level 1:colcon.colcon_core.package_discovery:discover_packages(recursive) using defaults
[4.002s] Level 1:colcon.colcon_core.package_discovery:discover_packages(ignore) discover
[4.002s] Level 1:colcon.colcon_core.package_discovery:discover_packages(ignore) using defaults
[4.002s] Level 1:colcon.colcon_core.package_discovery:discover_packages(path) discover
[4.002s] Level 1:colcon.colcon_core.package_discovery:discover_packages(path) using defaults
[4.364s] Level 1:colcon.colcon_core.package_discovery:discover_packages(prefix_path) check parameters
[4.364s] Level 1:colcon.colcon_core.package_discovery:discover_packages(prefix_path) discover
[4.507s] DEBUG:colcon.colcon_installed_package_information.package_discovery:Found 5 installed packages in /home/vy/GalacticRacing/sim_ws/src/install
[4.574s] DEBUG:colcon.colcon_installed_package_information.package_discovery:Found 302 installed packages in /opt/ros/foxy
[4.578s] Level 1:colcon.colcon_core.package_discovery:discover_packages(prefix_path) using defaults
[4.820s] Level 5:colcon.colcon_core.verb:set package 'f1tenth_gym_ros' build argument 'cmake_args' from command line to 'None'
[4.820s] Level 5:colcon.colcon_core.verb:set package 'f1tenth_gym_ros' build argument 'cmake_target' from command line to 'None'
[4.820s] Level 5:colcon.colcon_core.verb:set package 'f1tenth_gym_ros' build argument 'cmake_target_skip_unavailable' from command line to 'False'
[4.821s] Level 5:colcon.colcon_core.verb:set package 'f1tenth_gym_ros' build argument 'cmake_clean_cache' from command line to 'False'
[4.821s] Level 5:colcon.colcon_core.verb:set package 'f1tenth_gym_ros' build argument 'cmake_clean_first' from command line to 'False'
[4.821s] Level 5:colcon.colcon_core.verb:set package 'f1tenth_gym_ros' build argument 'cmake_force_configure' from command line to 'False'
[4.821s] Level 5:colcon.colcon_core.verb:set package 'f1tenth_gym_ros' build argument 'ament_cmake_args' from command line to 'None'
[4.821s] Level 5:colcon.colcon_core.verb:set package 'f1tenth_gym_ros' build argument 'catkin_cmake_args' from command line to 'None'
[4.822s] Level 5:colcon.colcon_core.verb:set package 'f1tenth_gym_ros' build argument 'catkin_skip_building_tests' from command line to 'False'
[4.822s] DEBUG:colcon.colcon_core.verb:Building package 'f1tenth_gym_ros' with the following arguments: {'ament_cmake_args': None, 'build_base': '/home/vy/GalacticRacing/sim_ws/src/build/f1tenth_gym_ros', 'catkin_cmake_args': None, 'catkin_skip_building_tests': False, 'cmake_args': None, 'cmake_clean_cache': False, 'cmake_clean_first': False, 'cmake_force_configure': False, 'cmake_target': None, 'cmake_target_skip_unavailable': False, 'install_base': '/home/vy/GalacticRacing/sim_ws/src/install/f1tenth_gym_ros', 'merge_install': False, 'path': '/home/vy/GalacticRacing/sim_ws/src/f1tenth_gym_ros', 'symlink_install': False, 'test_result_base': None}
[4.885s] Level 5:colcon.colcon_core.verb:set package 'gap_follow' build argument 'cmake_args' from command line to 'None'
[4.886s] Level 5:colcon.colcon_core.verb:set package 'gap_follow' build argument 'cmake_target' from command line to 'None'
[4.886s] Level 5:colcon.colcon_core.verb:set package 'gap_follow' build argument 'cmake_target_skip_unavailable' from command line to 'False'
[4.886s] Level 5:colcon.colcon_core.verb:set package 'gap_follow' build argument 'cmake_clean_cache' from command line to 'False'
[4.886s] Level 5:colcon.colcon_core.verb:set package 'gap_follow' build argument 'cmake_clean_first' from command line to 'False'
[4.886s] Level 5:colcon.colcon_core.verb:set package 'gap_follow' build argument 'cmake_force_configure' from command line to 'False'
[4.886s] Level 5:colcon.colcon_core.verb:set package 'gap_follow' build argument 'ament_cmake_args' from command line to 'None'
[4.886s] Level 5:colcon.colcon_core.verb:set package 'gap_follow' build argument 'catkin_cmake_args' from command line to 'None'
[4.886s] Level 5:colcon.colcon_core.verb:set package 'gap_follow' build argument 'catkin_skip_building_tests' from command line to 'False'
[4.886s] DEBUG:colcon.colcon_core.verb:Building package 'gap_follow' with the following arguments: {'ament_cmake_args': None, 'build_base': '/home/vy/GalacticRacing/sim_ws/src/build/gap_follow', 'catkin_cmake_args': None, 'catkin_skip_building_tests': False, 'cmake_args': None, 'cmake_clean_cache': False, 'cmake_clean_first': False, 'cmake_force_configure': False, 'cmake_target': None, 'cmake_target_skip_unavailable': False, 'install_base': '/home/vy/GalacticRacing/sim_ws/src/install/gap_follow', 'merge_install': False, 'path': '/home/vy/GalacticRacing/sim_ws/src/gap_follow', 'symlink_install': False, 'test_result_base': None}
[4.954s] Level 5:colcon.colcon_core.verb:set package 'lab5_pkg' build argument 'cmake_args' from command line to 'None'
[4.954s] Level 5:colcon.colcon_core.verb:set package 'lab5_pkg' build argument 'cmake_target' from command line to 'None'
[4.954s] Level 5:colcon.colcon_core.verb:set package 'lab5_pkg' build argument 'cmake_target_skip_unavailable' from command line to 'False'
[4.954s] Level 5:colcon.colcon_core.verb:set package 'lab5_pkg' build argument 'cmake_clean_cache' from command line to 'False'
[4.954s] Level 5:colcon.colcon_core.verb:set package 'lab5_pkg' build argument 'cmake_clean_first' from command line to 'False'
[4.954s] Level 5:colcon.colcon_core.verb:set package 'lab5_pkg' build argument 'cmake_force_configure' from command line to 'False'
[4.954s] Level 5:colcon.colcon_core.verb:set package 'lab5_pkg' build argument 'ament_cmake_args' from command line to 'None'
[4.954s] Level 5:colcon.colcon_core.verb:set package 'lab5_pkg' build argument 'catkin_cmake_args' from command line to 'None'
[4.954s] Level 5:colcon.colcon_core.verb:set package 'lab5_pkg' build argument 'catkin_skip_building_tests' from command line to 'False'
[4.957s] DEBUG:colcon.colcon_core.verb:Building package 'lab5_pkg' with the following arguments: {'ament_cmake_args': None, 'build_base': '/home/vy/GalacticRacing/sim_ws/src/build/lab5_pkg', 'catkin_cmake_args': None, 'catkin_skip_building_tests': False, 'cmake_args': None, 'cmake_clean_cache': False, 'cmake_clean_first': False, 'cmake_force_configure': False, 'cmake_target': None, 'cmake_target_skip_unavailable': False, 'install_base': '/home/vy/GalacticRacing/sim_ws/src/install/lab5_pkg', 'merge_install': False, 'path': '/home/vy/GalacticRacing/sim_ws/src/lab5_pkg', 'symlink_install': False, 'test_result_base': None}
[5.025s] Level 5:colcon.colcon_core.verb:set package 'particle_filter' build argument 'cmake_args' from command line to 'None'
[5.025s] Level 5:colcon.colcon_core.verb:set package 'particle_filter' build argument 'cmake_target' from command line to 'None'
[5.025s] Level 5:colcon.colcon_core.verb:set package 'particle_filter' build argument 'cmake_target_skip_unavailable' from command line to 'False'
[5.025s] Level 5:colcon.colcon_core.verb:set package 'particle_filter' build argument 'cmake_clean_cache' from command line to 'False'
[5.025s] Level 5:colcon.colcon_core.verb:set package 'particle_filter' build argument 'cmake_clean_first' from command line to 'False'
[5.025s] Level 5:colcon.colcon_core.verb:set package 'particle_filter' build argument 'cmake_force_configure' from command line to 'False'
[5.025s] Level 5:colcon.colcon_core.verb:set package 'particle_filter' build argument 'ament_cmake_args' from command line to 'None'
[5.025s] Level 5:colcon.colcon_core.verb:set package 'particle_filter' build argument 'catkin_cmake_args' from command line to 'None'
[5.025s] Level 5:colcon.colcon_core.verb:set package 'particle_filter' build argument 'catkin_skip_building_tests' from command line to 'False'
[5.025s] DEBUG:colcon.colcon_core.verb:Building package 'particle_filter' with the following arguments: {'ament_cmake_args': None, 'build_base': '/home/vy/GalacticRacing/sim_ws/src/build/particle_filter', 'catkin_cmake_args': None, 'catkin_skip_building_tests': False, 'cmake_args': None, 'cmake_clean_cache': False, 'cmake_clean_first': False, 'cmake_force_configure': False, 'cmake_target': None, 'cmake_target_skip_unavailable': False, 'install_base': '/home/vy/GalacticRacing/sim_ws/src/install/particle_filter', 'merge_install': False, 'path': '/home/vy/GalacticRacing/sim_ws/src/particle_filter', 'symlink_install': False, 'test_result_base': None}
[5.092s] Level 5:colcon.colcon_core.verb:set package 'safety_node' build argument 'cmake_args' from command line to 'None'
[5.092s] Level 5:colcon.colcon_core.verb:set package 'safety_node' build argument 'cmake_target' from command line to 'None'
[5.092s] Level 5:colcon.colcon_core.verb:set package 'safety_node' build argument 'cmake_target_skip_unavailable' from command line to 'False'
[5.092s] Level 5:colcon.colcon_core.verb:set package 'safety_node' build argument 'cmake_clean_cache' from command line to 'False'
[5.093s] Level 5:colcon.colcon_core.verb:set package 'safety_node' build argument 'cmake_clean_first' from command line to 'False'
[5.093s] Level 5:colcon.colcon_core.verb:set package 'safety_node' build argument 'cmake_force_configure' from command line to 'False'
[5.093s] Level 5:colcon.colcon_core.verb:set package 'safety_node' build argument 'ament_cmake_args' from command line to 'None'
[5.093s] Level 5:colcon.colcon_core.verb:set package 'safety_node' build argument 'catkin_cmake_args' from command line to 'None'
[5.093s] Level 5:colcon.colcon_core.verb:set package 'safety_node' build argument 'catkin_skip_building_tests' from command line to 'False'
[5.093s] DEBUG:colcon.colcon_core.verb:Building package 'safety_node' with the following arguments: {'ament_cmake_args': None, 'build_base': '/home/vy/GalacticRacing/sim_ws/src/build/safety_node', 'catkin_cmake_args': None, 'catkin_skip_building_tests': False, 'cmake_args': None, 'cmake_clean_cache': False, 'cmake_clean_first': False, 'cmake_force_configure': False, 'cmake_target': None, 'cmake_target_skip_unavailable': False, 'install_base': '/home/vy/GalacticRacing/sim_ws/src/install/safety_node', 'merge_install': False, 'path': '/home/vy/GalacticRacing/sim_ws/src/safety_node', 'symlink_install': False, 'test_result_base': None}
[5.163s] Level 5:colcon.colcon_core.verb:set package 'wall_follow' build argument 'cmake_args' from command line to 'None'
[5.163s] Level 5:colcon.colcon_core.verb:set package 'wall_follow' build argument 'cmake_target' from command line to 'None'
[5.163s] Level 5:colcon.colcon_core.verb:set package 'wall_follow' build argument 'cmake_target_skip_unavailable' from command line to 'False'
[5.163s] Level 5:colcon.colcon_core.verb:set package 'wall_follow' build argument 'cmake_clean_cache' from command line to 'False'
[5.163s] Level 5:colcon.colcon_core.verb:set package 'wall_follow' build argument 'cmake_clean_first' from command line to 'False'
[5.163s] Level 5:colcon.colcon_core.verb:set package 'wall_follow' build argument 'cmake_force_configure' from command line to 'False'
[5.163s] Level 5:colcon.colcon_core.verb:set package 'wall_follow' build argument 'ament_cmake_args' from command line to 'None'
[5.163s] Level 5:colcon.colcon_core.verb:set package 'wall_follow' build argument 'catkin_cmake_args' from command line to 'None'
[5.163s] Level 5:colcon.colcon_core.verb:set package 'wall_follow' build argument 'catkin_skip_building_tests' from command line to 'False'
[5.163s] DEBUG:colcon.colcon_core.verb:Building package 'wall_follow' with the following arguments: {'ament_cmake_args': None, 'build_base': '/home/vy/GalacticRacing/sim_ws/src/build/wall_follow', 'catkin_cmake_args': None, 'catkin_skip_building_tests': False, 'cmake_args': None, 'cmake_clean_cache': False, 'cmake_clean_first': False, 'cmake_force_configure': False, 'cmake_target': None, 'cmake_target_skip_unavailable': False, 'install_base': '/home/vy/GalacticRacing/sim_ws/src/install/wall_follow', 'merge_install': False, 'path': '/home/vy/GalacticRacing/sim_ws/src/wall_follow', 'symlink_install': False, 'test_result_base': None}
[5.229s] INFO:colcon.colcon_core.executor:Executing jobs using 'parallel' executor
[5.297s] DEBUG:colcon.colcon_parallel_executor.executor.parallel:run_until_complete
[5.297s] INFO:colcon.colcon_ros.task.ament_python.build:Building ROS package in '/home/vy/GalacticRacing/sim_ws/src/f1tenth_gym_ros' with build type 'ament_python'
[5.297s] Level 1:colcon.colcon_core.shell:create_environment_hook('f1tenth_gym_ros', 'ament_prefix_path')
[5.381s] INFO:colcon.colcon_core.plugin_system:Skipping extension 'colcon_core.shell.bat': Not used on non-Windows systems
[5.381s] INFO:colcon.colcon_core.shell:Creating environment hook '/home/vy/GalacticRacing/sim_ws/src/install/f1tenth_gym_ros/share/f1tenth_gym_ros/hook/ament_prefix_path.ps1'
[5.385s] INFO:colcon.colcon_core.shell:Creating environment descriptor '/home/vy/GalacticRacing/sim_ws/src/install/f1tenth_gym_ros/share/f1tenth_gym_ros/hook/ament_prefix_path.dsv'
[5.386s] INFO:colcon.colcon_core.shell:Creating environment hook '/home/vy/GalacticRacing/sim_ws/src/install/f1tenth_gym_ros/share/f1tenth_gym_ros/hook/ament_prefix_path.sh'
[5.457s] INFO:colcon.colcon_core.shell:Skip shell extension 'powershell' for command environment: Not usable outside of PowerShell
[5.457s] DEBUG:colcon.colcon_core.shell:Skip shell extension 'dsv' for command environment
[5.683s] INFO:colcon.colcon_ros.task.ament_cmake.build:Building ROS package in '/home/vy/GalacticRacing/sim_ws/src/gap_follow' with build type 'ament_cmake'
[5.685s] INFO:colcon.colcon_cmake.task.cmake.build:Building CMake package in '/home/vy/GalacticRacing/sim_ws/src/gap_follow'
[5.765s] INFO:colcon.colcon_core.shell:Skip shell extension 'powershell' for command environment: Not usable outside of PowerShell
[5.765s] DEBUG:colcon.colcon_core.shell:Skip shell extension 'dsv' for command environment
[5.983s] INFO:colcon.colcon_ros.task.ament_cmake.build:Building ROS package in '/home/vy/GalacticRacing/sim_ws/src/lab5_pkg' with build type 'ament_cmake'
[5.987s] INFO:colcon.colcon_cmake.task.cmake.build:Building CMake package in '/home/vy/GalacticRacing/sim_ws/src/lab5_pkg'
[6.066s] INFO:colcon.colcon_core.shell:Skip shell extension 'powershell' for command environment: Not usable outside of PowerShell
[6.066s] DEBUG:colcon.colcon_core.shell:Skip shell extension 'dsv' for command environment
[6.289s] INFO:colcon.colcon_ros.task.ament_python.build:Building ROS package in '/home/vy/GalacticRacing/sim_ws/src/particle_filter' with build type 'ament_python'
[6.290s] Level 1:colcon.colcon_core.shell:create_environment_hook('particle_filter', 'ament_prefix_path')
[6.371s] INFO:colcon.colcon_core.shell:Creating environment hook '/home/vy/GalacticRacing/sim_ws/src/install/particle_filter/share/particle_filter/hook/ament_prefix_path.ps1'
[6.371s] INFO:colcon.colcon_core.shell:Creating environment descriptor '/home/vy/GalacticRacing/sim_ws/src/install/particle_filter/share/particle_filter/hook/ament_prefix_path.dsv'
[6.372s] INFO:colcon.colcon_core.shell:Creating environment hook '/home/vy/GalacticRacing/sim_ws/src/install/particle_filter/share/particle_filter/hook/ament_prefix_path.sh'
[6.442s] INFO:colcon.colcon_core.shell:Skip shell extension 'powershell' for command environment: Not usable outside of PowerShell
[6.442s] DEBUG:colcon.colcon_core.shell:Skip shell extension 'dsv' for command environment
[6.662s] INFO:colcon.colcon_ros.task.ament_cmake.build:Building ROS package in '/home/vy/GalacticRacing/sim_ws/src/safety_node' with build type 'ament_cmake'
[6.662s] INFO:colcon.colcon_cmake.task.cmake.build:Building CMake package in '/home/vy/GalacticRacing/sim_ws/src/safety_node'
[6.743s] INFO:colcon.colcon_core.shell:Skip shell extension 'powershell' for command environment: Not usable outside of PowerShell
[6.743s] DEBUG:colcon.colcon_core.shell:Skip shell extension 'dsv' for command environment
[6.967s] INFO:colcon.colcon_ros.task.ament_cmake.build:Building ROS package in '/home/vy/GalacticRacing/sim_ws/src/wall_follow' with build type 'ament_cmake'
[6.968s] INFO:colcon.colcon_cmake.task.cmake.build:Building CMake package in '/home/vy/GalacticRacing/sim_ws/src/wall_follow'
[7.049s] INFO:colcon.colcon_core.shell:Skip shell extension 'powershell' for command environment: Not usable outside of PowerShell
[7.049s] DEBUG:colcon.colcon_core.shell:Skip shell extension 'dsv' for command environment
[7.478s] INFO:colcon.colcon_core.task.python.build:Building Python package in '/home/vy/GalacticRacing/sim_ws/src/f1tenth_gym_ros'
[7.550s] INFO:colcon.colcon_core.shell:Skip shell extension 'powershell' for command environment: Not usable outside of PowerShell
[7.550s] DEBUG:colcon.colcon_core.shell:Skip shell extension 'dsv' for command environment
[7.791s] DEBUG:colcon.colcon_core.event_handler.log_command:Invoking command in '/home/vy/GalacticRacing/sim_ws/src/build/gap_follow': CMAKE_PREFIX_PATH=${CMAKE_PREFIX_PATH}:/home/vy/GalacticRacing/sim_ws/src/install/f1tenth_gym_ros:/opt/ros/foxy /usr/bin/cmake --build /home/vy/GalacticRacing/sim_ws/src/build/gap_follow -- -j8 -l8
[7.803s] DEBUG:colcon.colcon_core.event_handler.log_command:Invoking command in '/home/vy/GalacticRacing/sim_ws/src/build/lab5_pkg': CMAKE_PREFIX_PATH=${CMAKE_PREFIX_PATH}:/home/vy/GalacticRacing/sim_ws/src/install/f1tenth_gym_ros:/opt/ros/foxy /usr/bin/cmake --build /home/vy/GalacticRacing/sim_ws/src/build/lab5_pkg -- -j8 -l8
[7.976s] INFO:colcon.colcon_core.task.python.build:Building Python package in '/home/vy/GalacticRacing/sim_ws/src/particle_filter'
[8.058s] INFO:colcon.colcon_core.shell:Skip shell extension 'powershell' for command environment: Not usable outside of PowerShell
[8.058s] DEBUG:colcon.colcon_core.shell:Skip shell extension 'dsv' for command environment
[8.317s] DEBUG:colcon.colcon_core.event_handler.log_command:Invoking command in '/home/vy/GalacticRacing/sim_ws/src/build/safety_node': CMAKE_PREFIX_PATH=${CMAKE_PREFIX_PATH}:/home/vy/GalacticRacing/sim_ws/src/install/f1tenth_gym_ros:/opt/ros/foxy /usr/bin/cmake --build /home/vy/GalacticRacing/sim_ws/src/build/safety_node -- -j8 -l8
[8.326s] DEBUG:colcon.colcon_core.event_handler.log_command:Invoking command in '/home/vy/GalacticRacing/sim_ws/src/build/wall_follow': CMAKE_PREFIX_PATH=${CMAKE_PREFIX_PATH}:/home/vy/GalacticRacing/sim_ws/src/install/f1tenth_gym_ros:/opt/ros/foxy /usr/bin/cmake --build /home/vy/GalacticRacing/sim_ws/src/build/wall_follow -- -j8 -l8
[8.334s] DEBUG:colcon.colcon_core.event_handler.log_command:Invoked command in '/home/vy/GalacticRacing/sim_ws/src/build/gap_follow' returned '0': CMAKE_PREFIX_PATH=${CMAKE_PREFIX_PATH}:/home/vy/GalacticRacing/sim_ws/src/install/f1tenth_gym_ros:/opt/ros/foxy /usr/bin/cmake --build /home/vy/GalacticRacing/sim_ws/src/build/gap_follow -- -j8 -l8
[8.337s] DEBUG:colcon.colcon_core.event_handler.log_command:Invoked command in '/home/vy/GalacticRacing/sim_ws/src/build/lab5_pkg' returned '0': CMAKE_PREFIX_PATH=${CMAKE_PREFIX_PATH}:/home/vy/GalacticRacing/sim_ws/src/install/f1tenth_gym_ros:/opt/ros/foxy /usr/bin/cmake --build /home/vy/GalacticRacing/sim_ws/src/build/lab5_pkg -- -j8 -l8
[8.383s] DEBUG:colcon.colcon_core.event_handler.log_command:Invoking command in '/home/vy/GalacticRacing/sim_ws/src/build/gap_follow': CMAKE_PREFIX_PATH=${CMAKE_PREFIX_PATH}:/home/vy/GalacticRacing/sim_ws/src/install/f1tenth_gym_ros:/opt/ros/foxy /usr/bin/cmake --install /home/vy/GalacticRacing/sim_ws/src/build/gap_follow
[8.390s] DEBUG:colcon.colcon_core.event_handler.log_command:Invoking command in '/home/vy/GalacticRacing/sim_ws/src/build/lab5_pkg': CMAKE_PREFIX_PATH=${CMAKE_PREFIX_PATH}:/home/vy/GalacticRacing/sim_ws/src/install/f1tenth_gym_ros:/opt/ros/foxy /usr/bin/cmake --install /home/vy/GalacticRacing/sim_ws/src/build/lab5_pkg
[8.399s] DEBUG:colcon.colcon_core.event_handler.log_command:Invoked command in '/home/vy/GalacticRacing/sim_ws/src/build/safety_node' returned '0': CMAKE_PREFIX_PATH=${CMAKE_PREFIX_PATH}:/home/vy/GalacticRacing/sim_ws/src/install/f1tenth_gym_ros:/opt/ros/foxy /usr/bin/cmake --build /home/vy/GalacticRacing/sim_ws/src/build/safety_node -- -j8 -l8
[8.430s] DEBUG:colcon.colcon_core.event_handler.log_command:Invoking command in '/home/vy/GalacticRacing/sim_ws/src/build/safety_node': CMAKE_PREFIX_PATH=${CMAKE_PREFIX_PATH}:/home/vy/GalacticRacing/sim_ws/src/install/f1tenth_gym_ros:/opt/ros/foxy /usr/bin/cmake --install /home/vy/GalacticRacing/sim_ws/src/build/safety_node
[8.438s] Level 1:colcon.colcon_core.environment:create_environment_scripts_only(gap_follow)
[8.456s] DEBUG:colcon.colcon_core.event_handler.log_command:Invoked command in '/home/vy/GalacticRacing/sim_ws/src/build/gap_follow' returned '0': CMAKE_PREFIX_PATH=${CMAKE_PREFIX_PATH}:/home/vy/GalacticRacing/sim_ws/src/install/f1tenth_gym_ros:/opt/ros/foxy /usr/bin/cmake --install /home/vy/GalacticRacing/sim_ws/src/build/gap_follow
[8.625s] Level 1:colcon.colcon_core.environment:checking '/home/vy/GalacticRacing/sim_ws/src/install/gap_follow' for CMake module files
[8.626s] Level 1:colcon.colcon_core.environment:checking '/home/vy/GalacticRacing/sim_ws/src/install/gap_follow' for CMake config files
[8.626s] Level 1:colcon.colcon_core.shell:create_environment_hook('gap_follow', 'cmake_prefix_path')
[8.704s] INFO:colcon.colcon_core.shell:Creating environment hook '/home/vy/GalacticRacing/sim_ws/src/install/gap_follow/share/gap_follow/hook/cmake_prefix_path.ps1'
[8.705s] INFO:colcon.colcon_core.shell:Creating environment descriptor '/home/vy/GalacticRacing/sim_ws/src/install/gap_follow/share/gap_follow/hook/cmake_prefix_path.dsv'
[8.706s] INFO:colcon.colcon_core.shell:Creating environment hook '/home/vy/GalacticRacing/sim_ws/src/install/gap_follow/share/gap_follow/hook/cmake_prefix_path.sh'
[8.706s] Level 1:colcon.colcon_core.environment:checking '/home/vy/GalacticRacing/sim_ws/src/install/gap_follow/lib'
[8.707s] Level 1:colcon.colcon_core.environment:checking '/home/vy/GalacticRacing/sim_ws/src/install/gap_follow/bin'
[8.707s] Level 1:colcon.colcon_core.environment:checking '/home/vy/GalacticRacing/sim_ws/src/install/gap_follow/lib/pkgconfig/gap_follow.pc'
[8.707s] Level 1:colcon.colcon_core.environment:checking '/home/vy/GalacticRacing/sim_ws/src/install/gap_follow/lib/python3.8/site-packages'
[8.707s] Level 1:colcon.colcon_core.shell:create_environment_hook('gap_follow', 'pythonpath')
[8.771s] INFO:colcon.colcon_core.shell:Creating environment hook '/home/vy/GalacticRacing/sim_ws/src/install/gap_follow/share/gap_follow/hook/pythonpath.ps1'
[8.775s] INFO:colcon.colcon_core.shell:Creating environment descriptor '/home/vy/GalacticRacing/sim_ws/src/install/gap_follow/share/gap_follow/hook/pythonpath.dsv'
[8.777s] INFO:colcon.colcon_core.shell:Creating environment hook '/home/vy/GalacticRacing/sim_ws/src/install/gap_follow/share/gap_follow/hook/pythonpath.sh'
[8.780s] Level 1:colcon.colcon_core.environment:checking '/home/vy/GalacticRacing/sim_ws/src/install/gap_follow/bin'
[8.908s] INFO:colcon.colcon_core.shell:Creating package script '/home/vy/GalacticRacing/sim_ws/src/install/gap_follow/share/gap_follow/package.ps1'
[8.914s] INFO:colcon.colcon_core.shell:Creating package descriptor '/home/vy/GalacticRacing/sim_ws/src/install/gap_follow/share/gap_follow/package.dsv'
[8.918s] INFO:colcon.colcon_core.shell:Creating package script '/home/vy/GalacticRacing/sim_ws/src/install/gap_follow/share/gap_follow/package.sh'
[8.921s] INFO:colcon.colcon_core.shell:Creating package script '/home/vy/GalacticRacing/sim_ws/src/install/gap_follow/share/gap_follow/package.bash'
[8.923s] INFO:colcon.colcon_core.shell:Creating package script '/home/vy/GalacticRacing/sim_ws/src/install/gap_follow/share/gap_follow/package.zsh'
[8.928s] Level 1:colcon.colcon_core.environment:create_file_with_runtime_dependencies(/home/vy/GalacticRacing/sim_ws/src/install/gap_follow/share/colcon-core/packages/gap_follow)
[8.934s] Level 1:colcon.colcon_core.environment:create_environment_scripts_only(lab5_pkg)
[8.935s] DEBUG:colcon.colcon_core.event_handler.log_command:Invoked command in '/home/vy/GalacticRacing/sim_ws/src/build/lab5_pkg' returned '0': CMAKE_PREFIX_PATH=${CMAKE_PREFIX_PATH}:/home/vy/GalacticRacing/sim_ws/src/install/f1tenth_gym_ros:/opt/ros/foxy /usr/bin/cmake --install /home/vy/GalacticRacing/sim_ws/src/build/lab5_pkg
[9.009s] Level 1:colcon.colcon_core.environment:checking '/home/vy/GalacticRacing/sim_ws/src/install/lab5_pkg' for CMake module files
[9.010s] Level 1:colcon.colcon_core.environment:checking '/home/vy/GalacticRacing/sim_ws/src/install/lab5_pkg' for CMake config files
[9.010s] Level 1:colcon.colcon_core.shell:create_environment_hook('lab5_pkg', 'cmake_prefix_path')
[9.081s] INFO:colcon.colcon_core.shell:Creating environment hook '/home/vy/GalacticRacing/sim_ws/src/install/lab5_pkg/share/lab5_pkg/hook/cmake_prefix_path.ps1'
[9.082s] INFO:colcon.colcon_core.shell:Creating environment descriptor '/home/vy/GalacticRacing/sim_ws/src/install/lab5_pkg/share/lab5_pkg/hook/cmake_prefix_path.dsv'
[9.082s] INFO:colcon.colcon_core.shell:Creating environment hook '/home/vy/GalacticRacing/sim_ws/src/install/lab5_pkg/share/lab5_pkg/hook/cmake_prefix_path.sh'
[9.083s] Level 1:colcon.colcon_core.environment:checking '/home/vy/GalacticRacing/sim_ws/src/install/lab5_pkg/lib'
[9.084s] Level 1:colcon.colcon_core.environment:checking '/home/vy/GalacticRacing/sim_ws/src/install/lab5_pkg/bin'
[9.084s] Level 1:colcon.colcon_core.environment:checking '/home/vy/GalacticRacing/sim_ws/src/install/lab5_pkg/lib/pkgconfig/lab5_pkg.pc'
[9.084s] Level 1:colcon.colcon_core.environment:checking '/home/vy/GalacticRacing/sim_ws/src/install/lab5_pkg/lib/python3.8/site-packages'
[9.084s] Level 1:colcon.colcon_core.shell:create_environment_hook('lab5_pkg', 'pythonpath')
[9.157s] INFO:colcon.colcon_core.shell:Creating environment hook '/home/vy/GalacticRacing/sim_ws/src/install/lab5_pkg/share/lab5_pkg/hook/pythonpath.ps1'
[9.158s] INFO:colcon.colcon_core.shell:Creating environment descriptor '/home/vy/GalacticRacing/sim_ws/src/install/lab5_pkg/share/lab5_pkg/hook/pythonpath.dsv'
[9.159s] INFO:colcon.colcon_core.shell:Creating environment hook '/home/vy/GalacticRacing/sim_ws/src/install/lab5_pkg/share/lab5_pkg/hook/pythonpath.sh'
[9.159s] Level 1:colcon.colcon_core.environment:checking '/home/vy/GalacticRacing/sim_ws/src/install/lab5_pkg/bin'
[9.229s] INFO:colcon.colcon_core.shell:Creating package script '/home/vy/GalacticRacing/sim_ws/src/install/lab5_pkg/share/lab5_pkg/package.ps1'
[9.230s] INFO:colcon.colcon_core.shell:Creating package descriptor '/home/vy/GalacticRacing/sim_ws/src/install/lab5_pkg/share/lab5_pkg/package.dsv'
[9.231s] INFO:colcon.colcon_core.shell:Creating package script '/home/vy/GalacticRacing/sim_ws/src/install/lab5_pkg/share/lab5_pkg/package.sh'
[9.233s] INFO:colcon.colcon_core.shell:Creating package script '/home/vy/GalacticRacing/sim_ws/src/install/lab5_pkg/share/lab5_pkg/package.bash'
[9.233s] INFO:colcon.colcon_core.shell:Creating package script '/home/vy/GalacticRacing/sim_ws/src/install/lab5_pkg/share/lab5_pkg/package.zsh'
[9.234s] Level 1:colcon.colcon_core.environment:create_file_with_runtime_dependencies(/home/vy/GalacticRacing/sim_ws/src/install/lab5_pkg/share/colcon-core/packages/lab5_pkg)
[9.240s] DEBUG:colcon.colcon_core.event_handler.log_command:Invoked command in '/home/vy/GalacticRacing/sim_ws/src/build/wall_follow' returned '0': CMAKE_PREFIX_PATH=${CMAKE_PREFIX_PATH}:/home/vy/GalacticRacing/sim_ws/src/install/f1tenth_gym_ros:/opt/ros/foxy /usr/bin/cmake --build /home/vy/GalacticRacing/sim_ws/src/build/wall_follow -- -j8 -l8
[9.241s] Level 1:colcon.colcon_core.environment:create_environment_scripts_only(safety_node)
[9.242s] DEBUG:colcon.colcon_core.event_handler.log_command:Invoked command in '/home/vy/GalacticRacing/sim_ws/src/build/safety_node' returned '0': CMAKE_PREFIX_PATH=${CMAKE_PREFIX_PATH}:/home/vy/GalacticRacing/sim_ws/src/install/f1tenth_gym_ros:/opt/ros/foxy /usr/bin/cmake --install /home/vy/GalacticRacing/sim_ws/src/build/safety_node
[9.325s] Level 1:colcon.colcon_core.environment:checking '/home/vy/GalacticRacing/sim_ws/src/install/safety_node' for CMake module files
[9.326s] Level 1:colcon.colcon_core.environment:checking '/home/vy/GalacticRacing/sim_ws/src/install/safety_node' for CMake config files
[9.326s] Level 1:colcon.colcon_core.shell:create_environment_hook('safety_node', 'cmake_prefix_path')
[9.392s] INFO:colcon.colcon_core.shell:Creating environment hook '/home/vy/GalacticRacing/sim_ws/src/install/safety_node/share/safety_node/hook/cmake_prefix_path.ps1'
[9.394s] INFO:colcon.colcon_core.shell:Creating environment descriptor '/home/vy/GalacticRacing/sim_ws/src/install/safety_node/share/safety_node/hook/cmake_prefix_path.dsv'
[9.398s] INFO:colcon.colcon_core.shell:Creating environment hook '/home/vy/GalacticRacing/sim_ws/src/install/safety_node/share/safety_node/hook/cmake_prefix_path.sh'
[9.403s] Level 1:colcon.colcon_core.environment:checking '/home/vy/GalacticRacing/sim_ws/src/install/safety_node/lib'
[9.403s] Level 1:colcon.colcon_core.environment:checking '/home/vy/GalacticRacing/sim_ws/src/install/safety_node/bin'
[9.403s] Level 1:colcon.colcon_core.environment:checking '/home/vy/GalacticRacing/sim_ws/src/install/safety_node/lib/pkgconfig/safety_node.pc'
[9.404s] Level 1:colcon.colcon_core.environment:checking '/home/vy/GalacticRacing/sim_ws/src/install/safety_node/lib/python3.8/site-packages'
[9.404s] Level 1:colcon.colcon_core.shell:create_environment_hook('safety_node', 'pythonpath')
[9.473s] INFO:colcon.colcon_core.shell:Creating environment hook '/home/vy/GalacticRacing/sim_ws/src/install/safety_node/share/safety_node/hook/pythonpath.ps1'
[9.474s] INFO:colcon.colcon_core.shell:Creating environment descriptor '/home/vy/GalacticRacing/sim_ws/src/install/safety_node/share/safety_node/hook/pythonpath.dsv'
[9.477s] INFO:colcon.colcon_core.shell:Creating environment hook '/home/vy/GalacticRacing/sim_ws/src/install/safety_node/share/safety_node/hook/pythonpath.sh'
[9.481s] Level 1:colcon.colcon_core.environment:checking '/home/vy/GalacticRacing/sim_ws/src/install/safety_node/bin'
[9.557s] INFO:colcon.colcon_core.shell:Creating package script '/home/vy/GalacticRacing/sim_ws/src/install/safety_node/share/safety_node/package.ps1'
[9.557s] INFO:colcon.colcon_core.shell:Creating package descriptor '/home/vy/GalacticRacing/sim_ws/src/install/safety_node/share/safety_node/package.dsv'
[9.558s] INFO:colcon.colcon_core.shell:Creating package script '/home/vy/GalacticRacing/sim_ws/src/install/safety_node/share/safety_node/package.sh'
[9.558s] INFO:colcon.colcon_core.shell:Creating package script '/home/vy/GalacticRacing/sim_ws/src/install/safety_node/share/safety_node/package.bash'
[9.559s] INFO:colcon.colcon_core.shell:Creating package script '/home/vy/GalacticRacing/sim_ws/src/install/safety_node/share/safety_node/package.zsh'
[9.560s] Level 1:colcon.colcon_core.environment:create_file_with_runtime_dependencies(/home/vy/GalacticRacing/sim_ws/src/install/safety_node/share/colcon-core/packages/safety_node)
[9.573s] DEBUG:colcon.colcon_core.event_handler.log_command:Invoking command in '/home/vy/GalacticRacing/sim_ws/src/particle_filter': PYTHONPATH=/home/vy/GalacticRacing/sim_ws/src/build/particle_filter/prefix_override:/home/vy/GalacticRacing/sim_ws/src/install/particle_filter/lib/python3.8/site-packages:${PYTHONPATH} /usr/bin/python3 setup.py egg_info --egg-base ../build/particle_filter build --build-base /home/vy/GalacticRacing/sim_ws/src/build/particle_filter/build install --record /home/vy/GalacticRacing/sim_ws/src/build/particle_filter/install.log --install-scripts $base/lib/particle_filter --single-version-externally-managed
[9.578s] DEBUG:colcon.colcon_core.event_handler.log_command:Invoking command in '/home/vy/GalacticRacing/sim_ws/src/f1tenth_gym_ros': PYTHONPATH=/home/vy/GalacticRacing/sim_ws/src/build/f1tenth_gym_ros/prefix_override:/home/vy/GalacticRacing/sim_ws/src/install/f1tenth_gym_ros/lib/python3.8/site-packages:${PYTHONPATH} /usr/bin/python3 setup.py egg_info --egg-base ../build/f1tenth_gym_ros build --build-base /home/vy/GalacticRacing/sim_ws/src/build/f1tenth_gym_ros/build install --record /home/vy/GalacticRacing/sim_ws/src/build/f1tenth_gym_ros/install.log --install-scripts $base/lib/f1tenth_gym_ros --single-version-externally-managed
[9.653s] Level 1:colcon.colcon_core.environment:create_environment_scripts_only(gap_follow)
[9.729s] Level 1:colcon.colcon_core.environment:checking '/home/vy/GalacticRacing/sim_ws/src/install/gap_follow' for CMake module files
[9.730s] Level 1:colcon.colcon_core.environment:checking '/home/vy/GalacticRacing/sim_ws/src/install/gap_follow' for CMake config files
[9.730s] Level 1:colcon.colcon_core.shell:create_environment_hook('gap_follow', 'cmake_prefix_path')
[9.809s] INFO:colcon.colcon_core.shell:Creating environment hook '/home/vy/GalacticRacing/sim_ws/src/install/gap_follow/share/gap_follow/hook/cmake_prefix_path.ps1'
[9.810s] INFO:colcon.colcon_core.shell:Creating environment descriptor '/home/vy/GalacticRacing/sim_ws/src/install/gap_follow/share/gap_follow/hook/cmake_prefix_path.dsv'
[9.810s] INFO:colcon.colcon_core.shell:Creating environment hook '/home/vy/GalacticRacing/sim_ws/src/install/gap_follow/share/gap_follow/hook/cmake_prefix_path.sh'
[9.811s] Level 1:colcon.colcon_core.environment:checking '/home/vy/GalacticRacing/sim_ws/src/install/gap_follow/lib'
[9.811s] Level 1:colcon.colcon_core.environment:checking '/home/vy/GalacticRacing/sim_ws/src/install/gap_follow/bin'
[9.811s] Level 1:colcon.colcon_core.environment:checking '/home/vy/GalacticRacing/sim_ws/src/install/gap_follow/lib/pkgconfig/gap_follow.pc'
[9.812s] Level 1:colcon.colcon_core.environment:checking '/home/vy/GalacticRacing/sim_ws/src/install/gap_follow/lib/python3.8/site-packages'
[9.812s] Level 1:colcon.colcon_core.shell:create_environment_hook('gap_follow', 'pythonpath')
[9.886s] INFO:colcon.colcon_core.shell:Creating environment hook '/home/vy/GalacticRacing/sim_ws/src/install/gap_follow/share/gap_follow/hook/pythonpath.ps1'
[9.886s] INFO:colcon.colcon_core.shell:Creating environment descriptor '/home/vy/GalacticRacing/sim_ws/src/install/gap_follow/share/gap_follow/hook/pythonpath.dsv'
[9.886s] INFO:colcon.colcon_core.shell:Creating environment hook '/home/vy/GalacticRacing/sim_ws/src/install/gap_follow/share/gap_follow/hook/pythonpath.sh'
[9.887s] Level 1:colcon.colcon_core.environment:checking '/home/vy/GalacticRacing/sim_ws/src/install/gap_follow/bin'
[9.958s] INFO:colcon.colcon_core.shell:Creating package script '/home/vy/GalacticRacing/sim_ws/src/install/gap_follow/share/gap_follow/package.ps1'
[9.959s] INFO:colcon.colcon_core.shell:Creating package descriptor '/home/vy/GalacticRacing/sim_ws/src/install/gap_follow/share/gap_follow/package.dsv'
[9.960s] INFO:colcon.colcon_core.shell:Creating package script '/home/vy/GalacticRacing/sim_ws/src/install/gap_follow/share/gap_follow/package.sh'
[9.962s] INFO:colcon.colcon_core.shell:Creating package script '/home/vy/GalacticRacing/sim_ws/src/install/gap_follow/share/gap_follow/package.bash'
[9.963s] INFO:colcon.colcon_core.shell:Creating package script '/home/vy/GalacticRacing/sim_ws/src/install/gap_follow/share/gap_follow/package.zsh'
[9.963s] Level 1:colcon.colcon_core.environment:create_file_with_runtime_dependencies(/home/vy/GalacticRacing/sim_ws/src/install/gap_follow/share/colcon-core/packages/gap_follow)
[10.090s] Level 1:colcon.colcon_core.environment:create_environment_scripts_only(lab5_pkg)
[10.167s] Level 1:colcon.colcon_core.environment:checking '/home/vy/GalacticRacing/sim_ws/src/install/lab5_pkg' for CMake module files
[10.167s] Level 1:colcon.colcon_core.environment:checking '/home/vy/GalacticRacing/sim_ws/src/install/lab5_pkg' for CMake config files
[10.168s] Level 1:colcon.colcon_core.shell:create_environment_hook('lab5_pkg', 'cmake_prefix_path')
[10.239s] INFO:colcon.colcon_core.shell:Creating environment hook '/home/vy/GalacticRacing/sim_ws/src/install/lab5_pkg/share/lab5_pkg/hook/cmake_prefix_path.ps1'
[10.240s] INFO:colcon.colcon_core.shell:Creating environment descriptor '/home/vy/GalacticRacing/sim_ws/src/install/lab5_pkg/share/lab5_pkg/hook/cmake_prefix_path.dsv'
[10.241s] INFO:colcon.colcon_core.shell:Creating environment hook '/home/vy/GalacticRacing/sim_ws/src/install/lab5_pkg/share/lab5_pkg/hook/cmake_prefix_path.sh'
[10.241s] Level 1:colcon.colcon_core.environment:checking '/home/vy/GalacticRacing/sim_ws/src/install/lab5_pkg/lib'
[10.242s] Level 1:colcon.colcon_core.environment:checking '/home/vy/GalacticRacing/sim_ws/src/install/lab5_pkg/bin'
[10.242s] Level 1:colcon.colcon_core.environment:checking '/home/vy/GalacticRacing/sim_ws/src/install/lab5_pkg/lib/pkgconfig/lab5_pkg.pc'
[10.242s] Level 1:colcon.colcon_core.environment:checking '/home/vy/GalacticRacing/sim_ws/src/install/lab5_pkg/lib/python3.8/site-packages'
[10.242s] Level 1:colcon.colcon_core.shell:create_environment_hook('lab5_pkg', 'pythonpath')
[10.313s] INFO:colcon.colcon_core.shell:Creating environment hook '/home/vy/GalacticRacing/sim_ws/src/install/lab5_pkg/share/lab5_pkg/hook/pythonpath.ps1'
[10.314s] INFO:colcon.colcon_core.shell:Creating environment descriptor '/home/vy/GalacticRacing/sim_ws/src/install/lab5_pkg/share/lab5_pkg/hook/pythonpath.dsv'
[10.314s] INFO:colcon.colcon_core.shell:Creating environment hook '/home/vy/GalacticRacing/sim_ws/src/install/lab5_pkg/share/lab5_pkg/hook/pythonpath.sh'
[10.317s] Level 1:colcon.colcon_core.environment:checking '/home/vy/GalacticRacing/sim_ws/src/install/lab5_pkg/bin'
[10.389s] INFO:colcon.colcon_core.shell:Creating package script '/home/vy/GalacticRacing/sim_ws/src/install/lab5_pkg/share/lab5_pkg/package.ps1'
[10.390s] INFO:colcon.colcon_core.shell:Creating package descriptor '/home/vy/GalacticRacing/sim_ws/src/install/lab5_pkg/share/lab5_pkg/package.dsv'
[10.392s] INFO:colcon.colcon_core.shell:Creating package script '/home/vy/GalacticRacing/sim_ws/src/install/lab5_pkg/share/lab5_pkg/package.sh'
[10.394s] INFO:colcon.colcon_core.shell:Creating package script '/home/vy/GalacticRacing/sim_ws/src/install/lab5_pkg/share/lab5_pkg/package.bash'
[10.394s] INFO:colcon.colcon_core.shell:Creating package script '/home/vy/GalacticRacing/sim_ws/src/install/lab5_pkg/share/lab5_pkg/package.zsh'
[10.395s] Level 1:colcon.colcon_core.environment:create_file_with_runtime_dependencies(/home/vy/GalacticRacing/sim_ws/src/install/lab5_pkg/share/colcon-core/packages/lab5_pkg)
[10.403s] DEBUG:colcon.colcon_core.event_handler.log_command:Invoking command in '/home/vy/GalacticRacing/sim_ws/src/build/wall_follow': CMAKE_PREFIX_PATH=${CMAKE_PREFIX_PATH}:/home/vy/GalacticRacing/sim_ws/src/install/f1tenth_gym_ros:/opt/ros/foxy /usr/bin/cmake --install /home/vy/GalacticRacing/sim_ws/src/build/wall_follow
[10.405s] DEBUG:colcon.colcon_core.event_handler.log_command:Invoked command in '/home/vy/GalacticRacing/sim_ws/src/f1tenth_gym_ros' returned '0': PYTHONPATH=/home/vy/GalacticRacing/sim_ws/src/build/f1tenth_gym_ros/prefix_override:/home/vy/GalacticRacing/sim_ws/src/install/f1tenth_gym_ros/lib/python3.8/site-packages:${PYTHONPATH} /usr/bin/python3 setup.py egg_info --egg-base ../build/f1tenth_gym_ros build --build-base /home/vy/GalacticRacing/sim_ws/src/build/f1tenth_gym_ros/build install --record /home/vy/GalacticRacing/sim_ws/src/build/f1tenth_gym_ros/install.log --install-scripts $base/lib/f1tenth_gym_ros --single-version-externally-managed
[10.483s] Level 1:colcon.colcon_core.environment:checking '/home/vy/GalacticRacing/sim_ws/src/install/f1tenth_gym_ros' for CMake module files
[10.484s] Level 1:colcon.colcon_core.environment:checking '/home/vy/GalacticRacing/sim_ws/src/install/f1tenth_gym_ros' for CMake config files
[10.484s] Level 1:colcon.colcon_core.environment:checking '/home/vy/GalacticRacing/sim_ws/src/install/f1tenth_gym_ros/lib'
[10.484s] Level 1:colcon.colcon_core.environment:checking '/home/vy/GalacticRacing/sim_ws/src/install/f1tenth_gym_ros/bin'
[10.484s] Level 1:colcon.colcon_core.environment:checking '/home/vy/GalacticRacing/sim_ws/src/install/f1tenth_gym_ros/lib/pkgconfig/f1tenth_gym_ros.pc'
[10.485s] Level 1:colcon.colcon_core.environment:checking '/home/vy/GalacticRacing/sim_ws/src/install/f1tenth_gym_ros/lib/python3.8/site-packages'
[10.485s] Level 1:colcon.colcon_core.shell:create_environment_hook('f1tenth_gym_ros', 'pythonpath')
[10.554s] INFO:colcon.colcon_core.shell:Creating environment hook '/home/vy/GalacticRacing/sim_ws/src/install/f1tenth_gym_ros/share/f1tenth_gym_ros/hook/pythonpath.ps1'
[10.555s] INFO:colcon.colcon_core.shell:Creating environment descriptor '/home/vy/GalacticRacing/sim_ws/src/install/f1tenth_gym_ros/share/f1tenth_gym_ros/hook/pythonpath.dsv'
[10.556s] INFO:colcon.colcon_core.shell:Creating environment hook '/home/vy/GalacticRacing/sim_ws/src/install/f1tenth_gym_ros/share/f1tenth_gym_ros/hook/pythonpath.sh'
[10.556s] Level 1:colcon.colcon_core.environment:checking '/home/vy/GalacticRacing/sim_ws/src/install/f1tenth_gym_ros/bin'
[10.556s] Level 1:colcon.colcon_core.environment:create_environment_scripts_only(f1tenth_gym_ros)
[10.634s] INFO:colcon.colcon_core.shell:Creating package script '/home/vy/GalacticRacing/sim_ws/src/install/f1tenth_gym_ros/share/f1tenth_gym_ros/package.ps1'
[10.635s] INFO:colcon.colcon_core.shell:Creating package descriptor '/home/vy/GalacticRacing/sim_ws/src/install/f1tenth_gym_ros/share/f1tenth_gym_ros/package.dsv'
[10.635s] INFO:colcon.colcon_core.shell:Creating package script '/home/vy/GalacticRacing/sim_ws/src/install/f1tenth_gym_ros/share/f1tenth_gym_ros/package.sh'
[10.636s] INFO:colcon.colcon_core.shell:Creating package script '/home/vy/GalacticRacing/sim_ws/src/install/f1tenth_gym_ros/share/f1tenth_gym_ros/package.bash'
[10.636s] INFO:colcon.colcon_core.shell:Creating package script '/home/vy/GalacticRacing/sim_ws/src/install/f1tenth_gym_ros/share/f1tenth_gym_ros/package.zsh'
[10.637s] Level 1:colcon.colcon_core.environment:create_file_with_runtime_dependencies(/home/vy/GalacticRacing/sim_ws/src/install/f1tenth_gym_ros/share/colcon-core/packages/f1tenth_gym_ros)
[10.640s] DEBUG:colcon.colcon_core.event_handler.log_command:Invoked command in '/home/vy/GalacticRacing/sim_ws/src/particle_filter' returned '0': PYTHONPATH=/home/vy/GalacticRacing/sim_ws/src/build/particle_filter/prefix_override:/home/vy/GalacticRacing/sim_ws/src/install/particle_filter/lib/python3.8/site-packages:${PYTHONPATH} /usr/bin/python3 setup.py egg_info --egg-base ../build/particle_filter build --build-base /home/vy/GalacticRacing/sim_ws/src/build/particle_filter/build install --record /home/vy/GalacticRacing/sim_ws/src/build/particle_filter/install.log --install-scripts $base/lib/particle_filter --single-version-externally-managed
[10.719s] Level 1:colcon.colcon_core.environment:checking '/home/vy/GalacticRacing/sim_ws/src/install/particle_filter' for CMake module files
[10.719s] Level 1:colcon.colcon_core.environment:checking '/home/vy/GalacticRacing/sim_ws/src/install/particle_filter' for CMake config files
[10.720s] Level 1:colcon.colcon_core.environment:checking '/home/vy/GalacticRacing/sim_ws/src/install/particle_filter/lib'
[10.720s] Level 1:colcon.colcon_core.environment:checking '/home/vy/GalacticRacing/sim_ws/src/install/particle_filter/bin'
[10.720s] Level 1:colcon.colcon_core.environment:checking '/home/vy/GalacticRacing/sim_ws/src/install/particle_filter/lib/pkgconfig/particle_filter.pc'
[10.720s] Level 1:colcon.colcon_core.environment:checking '/home/vy/GalacticRacing/sim_ws/src/install/particle_filter/lib/python3.8/site-packages'
[10.720s] Level 1:colcon.colcon_core.shell:create_environment_hook('particle_filter', 'pythonpath')
[10.790s] INFO:colcon.colcon_core.shell:Creating environment hook '/home/vy/GalacticRacing/sim_ws/src/install/particle_filter/share/particle_filter/hook/pythonpath.ps1'
[10.791s] INFO:colcon.colcon_core.shell:Creating environment descriptor '/home/vy/GalacticRacing/sim_ws/src/install/particle_filter/share/particle_filter/hook/pythonpath.dsv'
[10.791s] INFO:colcon.colcon_core.shell:Creating environment hook '/home/vy/GalacticRacing/sim_ws/src/install/particle_filter/share/particle_filter/hook/pythonpath.sh'
[10.791s] Level 1:colcon.colcon_core.environment:checking '/home/vy/GalacticRacing/sim_ws/src/install/particle_filter/bin'
[10.792s] Level 1:colcon.colcon_core.environment:create_environment_scripts_only(particle_filter)
[10.877s] INFO:colcon.colcon_core.shell:Creating package script '/home/vy/GalacticRacing/sim_ws/src/install/particle_filter/share/particle_filter/package.ps1'
[10.877s] INFO:colcon.colcon_core.shell:Creating package descriptor '/home/vy/GalacticRacing/sim_ws/src/install/particle_filter/share/particle_filter/package.dsv'
[10.878s] INFO:colcon.colcon_core.shell:Creating package script '/home/vy/GalacticRacing/sim_ws/src/install/particle_filter/share/particle_filter/package.sh'
[10.878s] INFO:colcon.colcon_core.shell:Creating package script '/home/vy/GalacticRacing/sim_ws/src/install/particle_filter/share/particle_filter/package.bash'
[10.879s] INFO:colcon.colcon_core.shell:Creating package script '/home/vy/GalacticRacing/sim_ws/src/install/particle_filter/share/particle_filter/package.zsh'
[10.879s] Level 1:colcon.colcon_core.environment:create_file_with_runtime_dependencies(/home/vy/GalacticRacing/sim_ws/src/install/particle_filter/share/colcon-core/packages/particle_filter)
[10.952s] Level 1:colcon.colcon_core.environment:create_environment_scripts_only(safety_node)
[11.026s] Level 1:colcon.colcon_core.environment:checking '/home/vy/GalacticRacing/sim_ws/src/install/safety_node' for CMake module files
[11.026s] Level 1:colcon.colcon_core.environment:checking '/home/vy/GalacticRacing/sim_ws/src/install/safety_node' for CMake config files
[11.027s] Level 1:colcon.colcon_core.shell:create_environment_hook('safety_node', 'cmake_prefix_path')
[11.096s] INFO:colcon.colcon_core.shell:Creating environment hook '/home/vy/GalacticRacing/sim_ws/src/install/safety_node/share/safety_node/hook/cmake_prefix_path.ps1'
[11.097s] INFO:colcon.colcon_core.shell:Creating environment descriptor '/home/vy/GalacticRacing/sim_ws/src/install/safety_node/share/safety_node/hook/cmake_prefix_path.dsv'
[11.098s] INFO:colcon.colcon_core.shell:Creating environment hook '/home/vy/GalacticRacing/sim_ws/src/install/safety_node/share/safety_node/hook/cmake_prefix_path.sh'
[11.100s] Level 1:colcon.colcon_core.environment:checking '/home/vy/GalacticRacing/sim_ws/src/install/safety_node/lib'
[11.100s] Level 1:colcon.colcon_core.environment:checking '/home/vy/GalacticRacing/sim_ws/src/install/safety_node/bin'
[11.100s] Level 1:colcon.colcon_core.environment:checking '/home/vy/GalacticRacing/sim_ws/src/install/safety_node/lib/pkgconfig/safety_node.pc'
[11.100s] Level 1:colcon.colcon_core.environment:checking '/home/vy/GalacticRacing/sim_ws/src/install/safety_node/lib/python3.8/site-packages'
[11.100s] Level 1:colcon.colcon_core.shell:create_environment_hook('safety_node', 'pythonpath')
[11.169s] INFO:colcon.colcon_core.shell:Creating environment hook '/home/vy/GalacticRacing/sim_ws/src/install/safety_node/share/safety_node/hook/pythonpath.ps1'
[11.169s] INFO:colcon.colcon_core.shell:Creating environment descriptor '/home/vy/GalacticRacing/sim_ws/src/install/safety_node/share/safety_node/hook/pythonpath.dsv'
[11.170s] INFO:colcon.colcon_core.shell:Creating environment hook '/home/vy/GalacticRacing/sim_ws/src/install/safety_node/share/safety_node/hook/pythonpath.sh'
[11.170s] Level 1:colcon.colcon_core.environment:checking '/home/vy/GalacticRacing/sim_ws/src/install/safety_node/bin'
[11.243s] INFO:colcon.colcon_core.shell:Creating package script '/home/vy/GalacticRacing/sim_ws/src/install/safety_node/share/safety_node/package.ps1'
[11.244s] INFO:colcon.colcon_core.shell:Creating package descriptor '/home/vy/GalacticRacing/sim_ws/src/install/safety_node/share/safety_node/package.dsv'
[11.245s] INFO:colcon.colcon_core.shell:Creating package script '/home/vy/GalacticRacing/sim_ws/src/install/safety_node/share/safety_node/package.sh'
[11.245s] INFO:colcon.colcon_core.shell:Creating package script '/home/vy/GalacticRacing/sim_ws/src/install/safety_node/share/safety_node/package.bash'
[11.246s] INFO:colcon.colcon_core.shell:Creating package script '/home/vy/GalacticRacing/sim_ws/src/install/safety_node/share/safety_node/package.zsh'
[11.246s] Level 1:colcon.colcon_core.environment:create_file_with_runtime_dependencies(/home/vy/GalacticRacing/sim_ws/src/install/safety_node/share/colcon-core/packages/safety_node)
[11.248s] Level 1:colcon.colcon_core.environment:create_environment_scripts_only(wall_follow)
[11.251s] DEBUG:colcon.colcon_core.event_handler.log_command:Invoked command in '/home/vy/GalacticRacing/sim_ws/src/build/wall_follow' returned '0': CMAKE_PREFIX_PATH=${CMAKE_PREFIX_PATH}:/home/vy/GalacticRacing/sim_ws/src/install/f1tenth_gym_ros:/opt/ros/foxy /usr/bin/cmake --install /home/vy/GalacticRacing/sim_ws/src/build/wall_follow
[11.325s] Level 1:colcon.colcon_core.environment:checking '/home/vy/GalacticRacing/sim_ws/src/install/wall_follow' for CMake module files
[11.326s] Level 1:colcon.colcon_core.environment:checking '/home/vy/GalacticRacing/sim_ws/src/install/wall_follow' for CMake config files
[11.328s] Level 1:colcon.colcon_core.shell:create_environment_hook('wall_follow', 'cmake_prefix_path')
[11.406s] INFO:colcon.colcon_core.shell:Creating environment hook '/home/vy/GalacticRacing/sim_ws/src/install/wall_follow/share/wall_follow/hook/cmake_prefix_path.ps1'
[11.406s] INFO:colcon.colcon_core.shell:Creating environment descriptor '/home/vy/GalacticRacing/sim_ws/src/install/wall_follow/share/wall_follow/hook/cmake_prefix_path.dsv'
[11.407s] INFO:colcon.colcon_core.shell:Creating environment hook '/home/vy/GalacticRacing/sim_ws/src/install/wall_follow/share/wall_follow/hook/cmake_prefix_path.sh'
[11.407s] Level 1:colcon.colcon_core.environment:checking '/home/vy/GalacticRacing/sim_ws/src/install/wall_follow/lib'
[11.408s] Level 1:colcon.colcon_core.environment:checking '/home/vy/GalacticRacing/sim_ws/src/install/wall_follow/bin'
[11.408s] Level 1:colcon.colcon_core.environment:checking '/home/vy/GalacticRacing/sim_ws/src/install/wall_follow/lib/pkgconfig/wall_follow.pc'
[11.408s] Level 1:colcon.colcon_core.environment:checking '/home/vy/GalacticRacing/sim_ws/src/install/wall_follow/lib/python3.8/site-packages'
[11.408s] Level 1:colcon.colcon_core.shell:create_environment_hook('wall_follow', 'pythonpath')
[11.485s] INFO:colcon.colcon_core.shell:Creating environment hook '/home/vy/GalacticRacing/sim_ws/src/install/wall_follow/share/wall_follow/hook/pythonpath.ps1'
[11.486s] INFO:colcon.colcon_core.shell:Creating environment descriptor '/home/vy/GalacticRacing/sim_ws/src/install/wall_follow/share/wall_follow/hook/pythonpath.dsv'
[11.486s] INFO:colcon.colcon_core.shell:Creating environment hook '/home/vy/GalacticRacing/sim_ws/src/install/wall_follow/share/wall_follow/hook/pythonpath.sh'
[11.487s] Level 1:colcon.colcon_core.environment:checking '/home/vy/GalacticRacing/sim_ws/src/install/wall_follow/bin'
[11.559s] INFO:colcon.colcon_core.shell:Creating package script '/home/vy/GalacticRacing/sim_ws/src/install/wall_follow/share/wall_follow/package.ps1'
[11.560s] INFO:colcon.colcon_core.shell:Creating package descriptor '/home/vy/GalacticRacing/sim_ws/src/install/wall_follow/share/wall_follow/package.dsv'
[11.560s] INFO:colcon.colcon_core.shell:Creating package script '/home/vy/GalacticRacing/sim_ws/src/install/wall_follow/share/wall_follow/package.sh'
[11.561s] INFO:colcon.colcon_core.shell:Creating package script '/home/vy/GalacticRacing/sim_ws/src/install/wall_follow/share/wall_follow/package.bash'
[11.561s] INFO:colcon.colcon_core.shell:Creating package script '/home/vy/GalacticRacing/sim_ws/src/install/wall_follow/share/wall_follow/package.zsh'
[11.562s] Level 1:colcon.colcon_core.environment:create_file_with_runtime_dependencies(/home/vy/GalacticRacing/sim_ws/src/install/wall_follow/share/colcon-core/packages/wall_follow)
[11.667s] Level 1:colcon.colcon_core.environment:create_environment_scripts_only(wall_follow)
[11.740s] Level 1:colcon.colcon_core.environment:checking '/home/vy/GalacticRacing/sim_ws/src/install/wall_follow' for CMake module files
[11.741s] Level 1:colcon.colcon_core.environment:checking '/home/vy/GalacticRacing/sim_ws/src/install/wall_follow' for CMake config files
[11.741s] Level 1:colcon.colcon_core.shell:create_environment_hook('wall_follow', 'cmake_prefix_path')
[11.811s] INFO:colcon.colcon_core.shell:Creating environment hook '/home/vy/GalacticRacing/sim_ws/src/install/wall_follow/share/wall_follow/hook/cmake_prefix_path.ps1'
[11.814s] INFO:colcon.colcon_core.shell:Creating environment descriptor '/home/vy/GalacticRacing/sim_ws/src/install/wall_follow/share/wall_follow/hook/cmake_prefix_path.dsv'
[11.815s] INFO:colcon.colcon_core.shell:Creating environment hook '/home/vy/GalacticRacing/sim_ws/src/install/wall_follow/share/wall_follow/hook/cmake_prefix_path.sh'
[11.817s] Level 1:colcon.colcon_core.environment:checking '/home/vy/GalacticRacing/sim_ws/src/install/wall_follow/lib'
[11.817s] Level 1:colcon.colcon_core.environment:checking '/home/vy/GalacticRacing/sim_ws/src/install/wall_follow/bin'
[11.818s] Level 1:colcon.colcon_core.environment:checking '/home/vy/GalacticRacing/sim_ws/src/install/wall_follow/lib/pkgconfig/wall_follow.pc'
[11.818s] Level 1:colcon.colcon_core.environment:checking '/home/vy/GalacticRacing/sim_ws/src/install/wall_follow/lib/python3.8/site-packages'
[11.818s] Level 1:colcon.colcon_core.shell:create_environment_hook('wall_follow', 'pythonpath')
[11.884s] INFO:colcon.colcon_core.shell:Creating environment hook '/home/vy/GalacticRacing/sim_ws/src/install/wall_follow/share/wall_follow/hook/pythonpath.ps1'
[11.885s] INFO:colcon.colcon_core.shell:Creating environment descriptor '/home/vy/GalacticRacing/sim_ws/src/install/wall_follow/share/wall_follow/hook/pythonpath.dsv'
[11.887s] INFO:colcon.colcon_core.shell:Creating environment hook '/home/vy/GalacticRacing/sim_ws/src/install/wall_follow/share/wall_follow/hook/pythonpath.sh'
[11.888s] Level 1:colcon.colcon_core.environment:checking '/home/vy/GalacticRacing/sim_ws/src/install/wall_follow/bin'
[11.957s] INFO:colcon.colcon_core.shell:Creating package script '/home/vy/GalacticRacing/sim_ws/src/install/wall_follow/share/wall_follow/package.ps1'
[11.958s] INFO:colcon.colcon_core.shell:Creating package descriptor '/home/vy/GalacticRacing/sim_ws/src/install/wall_follow/share/wall_follow/package.dsv'
[11.958s] INFO:colcon.colcon_core.shell:Creating package script '/home/vy/GalacticRacing/sim_ws/src/install/wall_follow/share/wall_follow/package.sh'
[11.959s] INFO:colcon.colcon_core.shell:Creating package script '/home/vy/GalacticRacing/sim_ws/src/install/wall_follow/share/wall_follow/package.bash'
[11.959s] INFO:colcon.colcon_core.shell:Creating package script '/home/vy/GalacticRacing/sim_ws/src/install/wall_follow/share/wall_follow/package.zsh'
[11.960s] Level 1:colcon.colcon_core.environment:create_file_with_runtime_dependencies(/home/vy/GalacticRacing/sim_ws/src/install/wall_follow/share/colcon-core/packages/wall_follow)
[11.960s] DEBUG:colcon.colcon_parallel_executor.executor.parallel:closing loop
[11.961s] DEBUG:colcon.colcon_parallel_executor.executor.parallel:loop closed
[11.961s] DEBUG:colcon.colcon_parallel_executor.executor.parallel:run_until_complete finished with '0'
[11.961s] DEBUG:colcon.colcon_core.event_reactor:joining thread
[12.053s] INFO:colcon.colcon_core.plugin_system:Skipping extension 'colcon_notification.desktop_notification.terminal_notifier': Not used on non-Darwin systems
[12.054s] INFO:colcon.colcon_core.plugin_system:Skipping extension 'colcon_notification.desktop_notification.win32': Not used on non-Windows systems
[12.054s] INFO:colcon.colcon_notification.desktop_notification:Sending desktop notification using 'notify2'
[12.068s] DEBUG:colcon.colcon_core.event_reactor:joined thread
[12.135s] INFO:colcon.colcon_core.shell:Creating prefix script '/home/vy/GalacticRacing/sim_ws/src/install/local_setup.ps1'
[12.137s] INFO:colcon.colcon_core.shell:Creating prefix util module '/home/vy/GalacticRacing/sim_ws/src/install/_local_setup_util_ps1.py'
[12.139s] INFO:colcon.colcon_core.shell:Creating prefix chain script '/home/vy/GalacticRacing/sim_ws/src/install/setup.ps1'
[12.206s] INFO:colcon.colcon_core.shell:Creating prefix script '/home/vy/GalacticRacing/sim_ws/src/install/local_setup.sh'
[12.207s] INFO:colcon.colcon_core.shell:Creating prefix util module '/home/vy/GalacticRacing/sim_ws/src/install/_local_setup_util_sh.py'
[12.213s] INFO:colcon.colcon_core.shell:Creating prefix chain script '/home/vy/GalacticRacing/sim_ws/src/install/setup.sh'
[12.281s] INFO:colcon.colcon_core.shell:Creating prefix script '/home/vy/GalacticRacing/sim_ws/src/install/local_setup.bash'
[12.283s] INFO:colcon.colcon_core.shell:Creating prefix chain script '/home/vy/GalacticRacing/sim_ws/src/install/setup.bash'
[12.351s] INFO:colcon.colcon_core.shell:Creating prefix script '/home/vy/GalacticRacing/sim_ws/src/install/local_setup.zsh'
[12.353s] INFO:colcon.colcon_core.shell:Creating prefix chain script '/home/vy/GalacticRacing/sim_ws/src/install/setup.zsh'
