running egg_info
creating ../build/ros_msg_pkg/ros_msg_pkg.egg-info
writing ../build/ros_msg_pkg/ros_msg_pkg.egg-info/PKG-INFO
writing dependency_links to ../build/ros_msg_pkg/ros_msg_pkg.egg-info/dependency_links.txt
writing entry points to ../build/ros_msg_pkg/ros_msg_pkg.egg-info/entry_points.txt
writing requirements to ../build/ros_msg_pkg/ros_msg_pkg.egg-info/requires.txt
writing top-level names to ../build/ros_msg_pkg/ros_msg_pkg.egg-info/top_level.txt
writing manifest file '../build/ros_msg_pkg/ros_msg_pkg.egg-info/SOURCES.txt'
reading manifest file '../build/ros_msg_pkg/ros_msg_pkg.egg-info/SOURCES.txt'
writing manifest file '../build/ros_msg_pkg/ros_msg_pkg.egg-info/SOURCES.txt'
running build
running build_py
creating /home/vy/sim_ws/src/build/ros_msg_pkg/build
creating /home/vy/sim_ws/src/build/ros_msg_pkg/build/lib
creating /home/vy/sim_ws/src/build/ros_msg_pkg/build/lib/ros_msg_pkg
copying ros_msg_pkg/talker_node.py -> /home/vy/sim_ws/src/build/ros_msg_pkg/build/lib/ros_msg_pkg
copying ros_msg_pkg/__init__.py -> /home/vy/sim_ws/src/build/ros_msg_pkg/build/lib/ros_msg_pkg
copying ros_msg_pkg/relay_node.py -> /home/vy/sim_ws/src/build/ros_msg_pkg/build/lib/ros_msg_pkg
running install
running install_lib
creating /home/vy/sim_ws/src/install/ros_msg_pkg/lib/python3.8/site-packages/ros_msg_pkg
copying /home/vy/sim_ws/src/build/ros_msg_pkg/build/lib/ros_msg_pkg/talker_node.py -> /home/vy/sim_ws/src/install/ros_msg_pkg/lib/python3.8/site-packages/ros_msg_pkg
copying /home/vy/sim_ws/src/build/ros_msg_pkg/build/lib/ros_msg_pkg/__init__.py -> /home/vy/sim_ws/src/install/ros_msg_pkg/lib/python3.8/site-packages/ros_msg_pkg
copying /home/vy/sim_ws/src/build/ros_msg_pkg/build/lib/ros_msg_pkg/relay_node.py -> /home/vy/sim_ws/src/install/ros_msg_pkg/lib/python3.8/site-packages/ros_msg_pkg
byte-compiling /home/vy/sim_ws/src/install/ros_msg_pkg/lib/python3.8/site-packages/ros_msg_pkg/talker_node.py to talker_node.cpython-38.pyc
byte-compiling /home/vy/sim_ws/src/install/ros_msg_pkg/lib/python3.8/site-packages/ros_msg_pkg/__init__.py to __init__.cpython-38.pyc
byte-compiling /home/vy/sim_ws/src/install/ros_msg_pkg/lib/python3.8/site-packages/ros_msg_pkg/relay_node.py to relay_node.cpython-38.pyc
running install_data
creating /home/vy/sim_ws/src/install/ros_msg_pkg/share/ament_index
creating /home/vy/sim_ws/src/install/ros_msg_pkg/share/ament_index/resource_index
creating /home/vy/sim_ws/src/install/ros_msg_pkg/share/ament_index/resource_index/packages
copying resource/ros_msg_pkg -> /home/vy/sim_ws/src/install/ros_msg_pkg/share/ament_index/resource_index/packages
copying package.xml -> /home/vy/sim_ws/src/install/ros_msg_pkg/share/ros_msg_pkg
running install_egg_info
Copying ../build/ros_msg_pkg/ros_msg_pkg.egg-info to /home/vy/sim_ws/src/install/ros_msg_pkg/lib/python3.8/site-packages/ros_msg_pkg-0.0.0-py3.8.egg-info
running install_scripts
Installing relay_node script to /home/vy/sim_ws/src/install/ros_msg_pkg/lib/ros_msg_pkg
Installing talker_node script to /home/vy/sim_ws/src/install/ros_msg_pkg/lib/ros_msg_pkg
writing list of installed files to '/home/vy/sim_ws/src/build/ros_msg_pkg/install.log'
