[1.245s] Invoking command in '/home/vy/GalacticRacing/sim_ws/build/pure_pursuit': CMAKE_PREFIX_PATH=${CMAKE_PREFIX_PATH}:/home/vy/GalacticRacing/sim_ws/install/particle_filter:/home/vy/GalacticRacing/sim_ws/install/f1tenth_gym_ros:/opt/ros/foxy /usr/bin/cmake --build /home/vy/GalacticRacing/sim_ws/build/pure_pursuit -- -j6 -l6
[1.345s] [100%] Built target pure_pursuit_node
[2.087s] Invoked command in '/home/vy/GalacticRacing/sim_ws/build/pure_pursuit' returned '0': CMAKE_PREFIX_PATH=${CMAKE_PREFIX_PATH}:/home/vy/GalacticRacing/sim_ws/install/particle_filter:/home/vy/GalacticRacing/sim_ws/install/f1tenth_gym_ros:/opt/ros/foxy /usr/bin/cmake --build /home/vy/GalacticRacing/sim_ws/build/pure_pursuit -- -j6 -l6
[2.197s] Invoking command in '/home/vy/GalacticRacing/sim_ws/build/pure_pursuit': CMAKE_PREFIX_PATH=${CMAKE_PREFIX_PATH}:/home/vy/GalacticRacing/sim_ws/install/particle_filter:/home/vy/GalacticRacing/sim_ws/install/f1tenth_gym_ros:/opt/ros/foxy /usr/bin/cmake --install /home/vy/GalacticRacing/sim_ws/build/pure_pursuit
[2.225s] -- Install configuration: ""
[2.227s] -- Installing: /home/vy/GalacticRacing/sim_ws/install/pure_pursuit/lib/pure_pursuit/pure_pursuit_node
[2.242s] -- Set runtime path of "/home/vy/GalacticRacing/sim_ws/install/pure_pursuit/lib/pure_pursuit/pure_pursuit_node" to ""
[2.243s] -- Up-to-date: /home/vy/GalacticRacing/sim_ws/install/pure_pursuit/share/pure_pursuit/environment/pythonpath.sh
[2.243s] -- Up-to-date: /home/vy/GalacticRacing/sim_ws/install/pure_pursuit/share/pure_pursuit/environment/pythonpath.dsv
[2.243s] -- Up-to-date: /home/vy/GalacticRacing/sim_ws/install/pure_pursuit/lib/python3.8/site-packages/pure_pursuit
[2.243s] -- Installing: /home/vy/GalacticRacing/sim_ws/install/pure_pursuit/lib/python3.8/site-packages/pure_pursuit/__init__.py
[2.284s] Listing '/home/vy/GalacticRacing/sim_ws/install/pure_pursuit/lib/python3.8/site-packages/pure_pursuit'...
[2.284s] Compiling '/home/vy/GalacticRacing/sim_ws/install/pure_pursuit/lib/python3.8/site-packages/pure_pursuit/__init__.py'...
[2.291s] -- Installing: /home/vy/GalacticRacing/sim_ws/install/pure_pursuit/lib/pure_pursuit/pure_pursuit_node.py
[2.294s] -- Up-to-date: /home/vy/GalacticRacing/sim_ws/install/pure_pursuit/lib/pure_pursuit/interactive_node.py
[2.295s] -- Installing: /home/vy/GalacticRacing/sim_ws/install/pure_pursuit/share/ament_index/resource_index/package_run_dependencies/pure_pursuit
[2.295s] -- Up-to-date: /home/vy/GalacticRacing/sim_ws/install/pure_pursuit/share/ament_index/resource_index/parent_prefix_path/pure_pursuit
[2.295s] -- Installing: /home/vy/GalacticRacing/sim_ws/install/pure_pursuit/share/pure_pursuit/environment/ament_prefix_path.sh
[2.298s] -- Up-to-date: /home/vy/GalacticRacing/sim_ws/install/pure_pursuit/share/pure_pursuit/environment/ament_prefix_path.dsv
[2.298s] -- Installing: /home/vy/GalacticRacing/sim_ws/install/pure_pursuit/share/pure_pursuit/environment/path.sh
[2.298s] -- Up-to-date: /home/vy/GalacticRacing/sim_ws/install/pure_pursuit/share/pure_pursuit/environment/path.dsv
[2.298s] -- Up-to-date: /home/vy/GalacticRacing/sim_ws/install/pure_pursuit/share/pure_pursuit/local_setup.bash
[2.298s] -- Up-to-date: /home/vy/GalacticRacing/sim_ws/install/pure_pursuit/share/pure_pursuit/local_setup.sh
[2.298s] -- Up-to-date: /home/vy/GalacticRacing/sim_ws/install/pure_pursuit/share/pure_pursuit/local_setup.zsh
[2.298s] -- Up-to-date: /home/vy/GalacticRacing/sim_ws/install/pure_pursuit/share/pure_pursuit/local_setup.dsv
[2.298s] -- Up-to-date: /home/vy/GalacticRacing/sim_ws/install/pure_pursuit/share/pure_pursuit/package.dsv
[2.298s] -- Installing: /home/vy/GalacticRacing/sim_ws/install/pure_pursuit/share/ament_index/resource_index/packages/pure_pursuit
[2.298s] -- Up-to-date: /home/vy/GalacticRacing/sim_ws/install/pure_pursuit/share/pure_pursuit/cmake/pure_pursuitConfig.cmake
[2.298s] -- Up-to-date: /home/vy/GalacticRacing/sim_ws/install/pure_pursuit/share/pure_pursuit/cmake/pure_pursuitConfig-version.cmake
[2.298s] -- Installing: /home/vy/GalacticRacing/sim_ws/install/pure_pursuit/share/pure_pursuit/package.xml
[3.122s] Invoked command in '/home/vy/GalacticRacing/sim_ws/build/pure_pursuit' returned '0': CMAKE_PREFIX_PATH=${CMAKE_PREFIX_PATH}:/home/vy/GalacticRacing/sim_ws/install/particle_filter:/home/vy/GalacticRacing/sim_ws/install/f1tenth_gym_ros:/opt/ros/foxy /usr/bin/cmake --install /home/vy/GalacticRacing/sim_ws/build/pure_pursuit
