[2.241s] Invoking command in '/home/vy/GalacticRacing/sim_ws/src/f1tenth_gym_ros': PYTHONPATH=/home/vy/GalacticRacing/sim_ws/src/build/f1tenth_gym_ros/prefix_override:/home/vy/GalacticRacing/sim_ws/src/install/f1tenth_gym_ros/lib/python3.8/site-packages:${PYTHONPATH} /usr/bin/python3 setup.py egg_info --egg-base ../build/f1tenth_gym_ros build --build-base /home/vy/GalacticRacing/sim_ws/src/build/f1tenth_gym_ros/build install --record /home/vy/GalacticRacing/sim_ws/src/build/f1tenth_gym_ros/install.log --install-scripts $base/lib/f1tenth_gym_ros --single-version-externally-managed
[2.431s] running egg_info
[2.436s] writing ../build/f1tenth_gym_ros/f1tenth_gym_ros.egg-info/PKG-INFO
[2.436s] writing dependency_links to ../build/f1tenth_gym_ros/f1tenth_gym_ros.egg-info/dependency_links.txt
[2.436s] writing entry points to ../build/f1tenth_gym_ros/f1tenth_gym_ros.egg-info/entry_points.txt
[2.436s] writing requirements to ../build/f1tenth_gym_ros/f1tenth_gym_ros.egg-info/requires.txt
[2.436s] writing top-level names to ../build/f1tenth_gym_ros/f1tenth_gym_ros.egg-info/top_level.txt
[2.464s] reading manifest file '../build/f1tenth_gym_ros/f1tenth_gym_ros.egg-info/SOURCES.txt'
[2.465s] writing manifest file '../build/f1tenth_gym_ros/f1tenth_gym_ros.egg-info/SOURCES.txt'
[2.465s] running build
[2.465s] running build_py
[2.465s] running install
[2.466s] running install_lib
[2.467s] running install_data
[2.468s] running install_egg_info
[2.469s] removing '/home/vy/GalacticRacing/sim_ws/src/install/f1tenth_gym_ros/lib/python3.8/site-packages/f1tenth_gym_ros-0.0.0-py3.8.egg-info' (and everything under it)
[2.469s] Copying ../build/f1tenth_gym_ros/f1tenth_gym_ros.egg-info to /home/vy/GalacticRacing/sim_ws/src/install/f1tenth_gym_ros/lib/python3.8/site-packages/f1tenth_gym_ros-0.0.0-py3.8.egg-info
[2.470s] running install_scripts
[2.487s] Installing gym_bridge script to /home/vy/GalacticRacing/sim_ws/src/install/f1tenth_gym_ros/lib/f1tenth_gym_ros
[2.487s] writing list of installed files to '/home/vy/GalacticRacing/sim_ws/src/build/f1tenth_gym_ros/install.log'
[2.565s] Invoked command in '/home/vy/GalacticRacing/sim_ws/src/f1tenth_gym_ros' returned '0': PYTHONPATH=/home/vy/GalacticRacing/sim_ws/src/build/f1tenth_gym_ros/prefix_override:/home/vy/GalacticRacing/sim_ws/src/install/f1tenth_gym_ros/lib/python3.8/site-packages:${PYTHONPATH} /usr/bin/python3 setup.py egg_info --egg-base ../build/f1tenth_gym_ros build --build-base /home/vy/GalacticRacing/sim_ws/src/build/f1tenth_gym_ros/build install --record /home/vy/GalacticRacing/sim_ws/src/build/f1tenth_gym_ros/install.log --install-scripts $base/lib/f1tenth_gym_ros --single-version-externally-managed
