[0.463s] Invoking command in '/home/vy/GalacticRacing/sim_ws/build/safety_node': CMAKE_PREFIX_PATH=${CMAKE_PREFIX_PATH}:/home/vy/GalacticRacing/sim_ws/install/particle_filter:/home/vy/GalacticRacing/sim_ws/install/f1tenth_gym_ros:/opt/ros/foxy /usr/bin/cmake --build /home/vy/GalacticRacing/sim_ws/build/safety_node -- -j16 -l16
[0.491s] [100%] Built target safety_node
[0.519s] Invoked command in '/home/vy/GalacticRacing/sim_ws/build/safety_node' returned '0': CMAKE_PREFIX_PATH=${CMAKE_PREFIX_PATH}:/home/vy/GalacticRacing/sim_ws/install/particle_filter:/home/vy/GalacticRacing/sim_ws/install/f1tenth_gym_ros:/opt/ros/foxy /usr/bin/cmake --build /home/vy/GalacticRacing/sim_ws/build/safety_node -- -j16 -l16
[0.550s] Invoking command in '/home/vy/GalacticRacing/sim_ws/build/safety_node': CMAKE_PREFIX_PATH=${CMAKE_PREFIX_PATH}:/home/vy/GalacticRacing/sim_ws/install/particle_filter:/home/vy/GalacticRacing/sim_ws/install/f1tenth_gym_ros:/opt/ros/foxy /usr/bin/cmake --install /home/vy/GalacticRacing/sim_ws/build/safety_node
[0.562s] -- Install configuration: ""
[0.562s] -- Up-to-date: /home/vy/GalacticRacing/sim_ws/install/safety_node/lib/safety_node/safety_node
[0.563s] -- Up-to-date: /home/vy/GalacticRacing/sim_ws/install/safety_node/share/safety_node/environment/pythonpath.sh
[0.563s] -- Up-to-date: /home/vy/GalacticRacing/sim_ws/install/safety_node/share/safety_node/environment/pythonpath.dsv
[0.563s] -- Up-to-date: /home/vy/GalacticRacing/sim_ws/install/safety_node/lib/python3.8/site-packages/safety_node
[0.563s] -- Up-to-date: /home/vy/GalacticRacing/sim_ws/install/safety_node/lib/python3.8/site-packages/safety_node/__init__.py
[0.606s] Listing '/home/vy/GalacticRacing/sim_ws/install/safety_node/lib/python3.8/site-packages/safety_node'...
[0.613s] -- Up-to-date: /home/vy/GalacticRacing/sim_ws/install/safety_node/lib/safety_node/safety_node.py
[0.613s] -- Up-to-date: /home/vy/GalacticRacing/sim_ws/install/safety_node/share/ament_index/resource_index/package_run_dependencies/safety_node
[0.613s] -- Up-to-date: /home/vy/GalacticRacing/sim_ws/install/safety_node/share/ament_index/resource_index/parent_prefix_path/safety_node
[0.613s] -- Up-to-date: /home/vy/GalacticRacing/sim_ws/install/safety_node/share/safety_node/environment/ament_prefix_path.sh
[0.614s] -- Up-to-date: /home/vy/GalacticRacing/sim_ws/install/safety_node/share/safety_node/environment/ament_prefix_path.dsv
[0.616s] -- Up-to-date: /home/vy/GalacticRacing/sim_ws/install/safety_node/share/safety_node/environment/path.sh
[0.616s] -- Up-to-date: /home/vy/GalacticRacing/sim_ws/install/safety_node/share/safety_node/environment/path.dsv
[0.616s] -- Up-to-date: /home/vy/GalacticRacing/sim_ws/install/safety_node/share/safety_node/local_setup.bash
[0.616s] -- Up-to-date: /home/vy/GalacticRacing/sim_ws/install/safety_node/share/safety_node/local_setup.sh
[0.616s] -- Up-to-date: /home/vy/GalacticRacing/sim_ws/install/safety_node/share/safety_node/local_setup.zsh
[0.616s] -- Up-to-date: /home/vy/GalacticRacing/sim_ws/install/safety_node/share/safety_node/local_setup.dsv
[0.616s] -- Installing: /home/vy/GalacticRacing/sim_ws/install/safety_node/share/safety_node/package.dsv
[0.617s] -- Up-to-date: /home/vy/GalacticRacing/sim_ws/install/safety_node/share/ament_index/resource_index/packages/safety_node
[0.617s] -- Up-to-date: /home/vy/GalacticRacing/sim_ws/install/safety_node/share/safety_node/cmake/safety_nodeConfig.cmake
[0.617s] -- Up-to-date: /home/vy/GalacticRacing/sim_ws/install/safety_node/share/safety_node/cmake/safety_nodeConfig-version.cmake
[0.617s] -- Up-to-date: /home/vy/GalacticRacing/sim_ws/install/safety_node/share/safety_node/package.xml
[0.658s] Invoked command in '/home/vy/GalacticRacing/sim_ws/build/safety_node' returned '0': CMAKE_PREFIX_PATH=${CMAKE_PREFIX_PATH}:/home/vy/GalacticRacing/sim_ws/install/particle_filter:/home/vy/GalacticRacing/sim_ws/install/f1tenth_gym_ros:/opt/ros/foxy /usr/bin/cmake --install /home/vy/GalacticRacing/sim_ws/build/safety_node
