[3.946s] DEBUG:colcon:Command line arguments: ['/usr/bin/colcon', 'build']
[3.946s] DEBUG:colcon:Parsed command line arguments: Namespace(allow_overriding=[], ament_cmake_args=None, base_paths=['.'], build_base='build', catkin_cmake_args=None, catkin_skip_building_tests=False, cmake_args=None, cmake_clean_cache=False, cmake_clean_first=False, cmake_force_configure=False, cmake_target=None, cmake_target_skip_unavailable=False, continue_on_error=False, event_handlers=None, executor='parallel', ignore_user_meta=False, install_base='install', log_base=None, log_level=None, main=<bound method BuildVerb.main of <colcon_core.verb.build.BuildVerb object at 0x7f4bdf89bee0>>, merge_install=False, metas=['./colcon.meta'], packages_above=None, packages_above_and_dependencies=None, packages_above_depth=None, packages_end=None, packages_ignore=None, packages_ignore_regex=None, packages_select=None, packages_select_build_failed=False, packages_select_by_dep=None, packages_select_regex=None, packages_select_test_failures=False, packages_skip=None, packages_skip_build_finished=False, packages_skip_by_dep=None, packages_skip_regex=None, packages_skip_test_passed=False, packages_skip_up_to=None, packages_start=None, packages_up_to=None, packages_up_to_regex=None, parallel_workers=8, paths=None, symlink_install=False, test_result_base=None, verb_extension=<colcon_core.verb.build.BuildVerb object at 0x7f4bdf89bee0>, verb_name='build', verb_parser=<colcon_defaults.argument_parser.defaults.DefaultArgumentsDecorator object at 0x7f4bdf5c6520>)
[4.104s] Level 1:colcon.colcon_core.package_discovery:discover_packages(colcon_meta) check parameters
[4.104s] Level 1:colcon.colcon_core.package_discovery:discover_packages(recursive) check parameters
[4.104s] Level 1:colcon.colcon_core.package_discovery:discover_packages(ignore) check parameters
[4.104s] Level 1:colcon.colcon_core.package_discovery:discover_packages(path) check parameters
[4.104s] Level 1:colcon.colcon_core.package_discovery:discover_packages(colcon_meta) discover
[4.104s] Level 1:colcon.colcon_core.package_discovery:discover_packages(recursive) discover
[4.104s] INFO:colcon.colcon_core.package_discovery:Crawling recursively for packages in '/home/vy/GalacticRacing/sim_ws/src'
[4.104s] Level 1:colcon.colcon_core.package_identification:_identify(.) by extensions ['ignore', 'ignore_ament_install']
[4.104s] Level 1:colcon.colcon_core.package_identification:_identify(.) by extension 'ignore'
[4.105s] Level 1:colcon.colcon_core.package_identification:_identify(.) by extension 'ignore_ament_install'
[4.105s] Level 1:colcon.colcon_core.package_identification:_identify(.) by extensions ['colcon_pkg']
[4.105s] Level 1:colcon.colcon_core.package_identification:_identify(.) by extension 'colcon_pkg'
[4.105s] Level 1:colcon.colcon_core.package_identification:_identify(.) by extensions ['colcon_meta']
[4.105s] Level 1:colcon.colcon_core.package_identification:_identify(.) by extension 'colcon_meta'
[4.105s] Level 1:colcon.colcon_core.package_identification:_identify(.) by extensions ['ros']
[4.105s] Level 1:colcon.colcon_core.package_identification:_identify(.) by extension 'ros'
[4.114s] Level 1:colcon.colcon_core.package_identification:_identify(.) by extensions ['cmake', 'python']
[4.114s] Level 1:colcon.colcon_core.package_identification:_identify(.) by extension 'cmake'
[4.114s] Level 1:colcon.colcon_core.package_identification:_identify(.) by extension 'python'
[4.114s] Level 1:colcon.colcon_core.package_identification:_identify(.) by extensions ['python_setup_py']
[4.114s] Level 1:colcon.colcon_core.package_identification:_identify(.) by extension 'python_setup_py'
[4.114s] Level 1:colcon.colcon_core.package_identification:_identify(build) by extensions ['ignore', 'ignore_ament_install']
[4.114s] Level 1:colcon.colcon_core.package_identification:_identify(build) by extension 'ignore'
[4.114s] Level 1:colcon.colcon_core.package_identification:_identify(build) ignored
[4.115s] Level 1:colcon.colcon_core.package_identification:_identify(f1tenth_gym_ros) by extensions ['ignore', 'ignore_ament_install']
[4.115s] Level 1:colcon.colcon_core.package_identification:_identify(f1tenth_gym_ros) by extension 'ignore'
[4.115s] Level 1:colcon.colcon_core.package_identification:_identify(f1tenth_gym_ros) by extension 'ignore_ament_install'
[4.115s] Level 1:colcon.colcon_core.package_identification:_identify(f1tenth_gym_ros) by extensions ['colcon_pkg']
[4.115s] Level 1:colcon.colcon_core.package_identification:_identify(f1tenth_gym_ros) by extension 'colcon_pkg'
[4.115s] Level 1:colcon.colcon_core.package_identification:_identify(f1tenth_gym_ros) by extensions ['colcon_meta']
[4.115s] Level 1:colcon.colcon_core.package_identification:_identify(f1tenth_gym_ros) by extension 'colcon_meta'
[4.115s] Level 1:colcon.colcon_core.package_identification:_identify(f1tenth_gym_ros) by extensions ['ros']
[4.115s] Level 1:colcon.colcon_core.package_identification:_identify(f1tenth_gym_ros) by extension 'ros'
[4.117s] DEBUG:colcon.colcon_core.package_identification:Package 'f1tenth_gym_ros' with type 'ros.ament_python' and name 'f1tenth_gym_ros'
[4.117s] Level 1:colcon.colcon_core.package_identification:_identify(gap_follow) by extensions ['ignore', 'ignore_ament_install']
[4.117s] Level 1:colcon.colcon_core.package_identification:_identify(gap_follow) by extension 'ignore'
[4.117s] Level 1:colcon.colcon_core.package_identification:_identify(gap_follow) by extension 'ignore_ament_install'
[4.117s] Level 1:colcon.colcon_core.package_identification:_identify(gap_follow) by extensions ['colcon_pkg']
[4.117s] Level 1:colcon.colcon_core.package_identification:_identify(gap_follow) by extension 'colcon_pkg'
[4.117s] Level 1:colcon.colcon_core.package_identification:_identify(gap_follow) by extensions ['colcon_meta']
[4.117s] Level 1:colcon.colcon_core.package_identification:_identify(gap_follow) by extension 'colcon_meta'
[4.117s] Level 1:colcon.colcon_core.package_identification:_identify(gap_follow) by extensions ['ros']
[4.117s] Level 1:colcon.colcon_core.package_identification:_identify(gap_follow) by extension 'ros'
[4.118s] DEBUG:colcon.colcon_core.package_identification:Package 'gap_follow' with type 'ros.ament_cmake' and name 'gap_follow'
[4.118s] Level 1:colcon.colcon_core.package_identification:_identify(install) by extensions ['ignore', 'ignore_ament_install']
[4.118s] Level 1:colcon.colcon_core.package_identification:_identify(install) by extension 'ignore'
[4.118s] Level 1:colcon.colcon_core.package_identification:_identify(install) ignored
[4.118s] Level 1:colcon.colcon_core.package_identification:_identify(log) by extensions ['ignore', 'ignore_ament_install']
[4.118s] Level 1:colcon.colcon_core.package_identification:_identify(log) by extension 'ignore'
[4.118s] Level 1:colcon.colcon_core.package_identification:_identify(log) ignored
[4.118s] Level 1:colcon.colcon_core.package_identification:_identify(particle_filter) by extensions ['ignore', 'ignore_ament_install']
[4.118s] Level 1:colcon.colcon_core.package_identification:_identify(particle_filter) by extension 'ignore'
[4.118s] Level 1:colcon.colcon_core.package_identification:_identify(particle_filter) by extension 'ignore_ament_install'
[4.119s] Level 1:colcon.colcon_core.package_identification:_identify(particle_filter) by extensions ['colcon_pkg']
[4.119s] Level 1:colcon.colcon_core.package_identification:_identify(particle_filter) by extension 'colcon_pkg'
[4.119s] Level 1:colcon.colcon_core.package_identification:_identify(particle_filter) by extensions ['colcon_meta']
[4.119s] Level 1:colcon.colcon_core.package_identification:_identify(particle_filter) by extension 'colcon_meta'
[4.119s] Level 1:colcon.colcon_core.package_identification:_identify(particle_filter) by extensions ['ros']
[4.119s] Level 1:colcon.colcon_core.package_identification:_identify(particle_filter) by extension 'ros'
[4.119s] DEBUG:colcon.colcon_core.package_identification:Package 'particle_filter' with type 'ros.ament_python' and name 'particle_filter'
[4.120s] Level 1:colcon.colcon_core.package_identification:_identify(safety_node) by extensions ['ignore', 'ignore_ament_install']
[4.120s] Level 1:colcon.colcon_core.package_identification:_identify(safety_node) by extension 'ignore'
[4.120s] Level 1:colcon.colcon_core.package_identification:_identify(safety_node) by extension 'ignore_ament_install'
[4.120s] Level 1:colcon.colcon_core.package_identification:_identify(safety_node) by extensions ['colcon_pkg']
[4.120s] Level 1:colcon.colcon_core.package_identification:_identify(safety_node) by extension 'colcon_pkg'
[4.120s] Level 1:colcon.colcon_core.package_identification:_identify(safety_node) by extensions ['colcon_meta']
[4.120s] Level 1:colcon.colcon_core.package_identification:_identify(safety_node) by extension 'colcon_meta'
[4.120s] Level 1:colcon.colcon_core.package_identification:_identify(safety_node) by extensions ['ros']
[4.120s] Level 1:colcon.colcon_core.package_identification:_identify(safety_node) by extension 'ros'
[4.120s] DEBUG:colcon.colcon_core.package_identification:Package 'safety_node' with type 'ros.ament_cmake' and name 'safety_node'
[4.121s] Level 1:colcon.colcon_core.package_identification:_identify(wall_follow) by extensions ['ignore', 'ignore_ament_install']
[4.121s] Level 1:colcon.colcon_core.package_identification:_identify(wall_follow) by extension 'ignore'
[4.121s] Level 1:colcon.colcon_core.package_identification:_identify(wall_follow) by extension 'ignore_ament_install'
[4.121s] Level 1:colcon.colcon_core.package_identification:_identify(wall_follow) by extensions ['colcon_pkg']
[4.121s] Level 1:colcon.colcon_core.package_identification:_identify(wall_follow) by extension 'colcon_pkg'
[4.121s] Level 1:colcon.colcon_core.package_identification:_identify(wall_follow) by extensions ['colcon_meta']
[4.121s] Level 1:colcon.colcon_core.package_identification:_identify(wall_follow) by extension 'colcon_meta'
[4.121s] Level 1:colcon.colcon_core.package_identification:_identify(wall_follow) by extensions ['ros']
[4.121s] Level 1:colcon.colcon_core.package_identification:_identify(wall_follow) by extension 'ros'
[4.121s] DEBUG:colcon.colcon_core.package_identification:Package 'wall_follow' with type 'ros.ament_cmake' and name 'wall_follow'
[4.122s] Level 1:colcon.colcon_core.package_discovery:discover_packages(recursive) using defaults
[4.122s] Level 1:colcon.colcon_core.package_discovery:discover_packages(ignore) discover
[4.122s] Level 1:colcon.colcon_core.package_discovery:discover_packages(ignore) using defaults
[4.122s] Level 1:colcon.colcon_core.package_discovery:discover_packages(path) discover
[4.122s] Level 1:colcon.colcon_core.package_discovery:discover_packages(path) using defaults
[4.493s] Level 1:colcon.colcon_core.package_discovery:discover_packages(prefix_path) check parameters
[4.494s] Level 1:colcon.colcon_core.package_discovery:discover_packages(prefix_path) discover
[4.645s] DEBUG:colcon.colcon_installed_package_information.package_discovery:Found 6 installed packages in /home/vy/GalacticRacing/sim_ws/src/install
[4.716s] DEBUG:colcon.colcon_installed_package_information.package_discovery:Found 6 installed packages in /home/vy/GalacticRacing/sim_ws/install
[4.789s] DEBUG:colcon.colcon_installed_package_information.package_discovery:Found 302 installed packages in /opt/ros/foxy
[4.790s] Level 1:colcon.colcon_core.package_discovery:discover_packages(prefix_path) using defaults
[4.987s] Level 5:colcon.colcon_core.verb:set package 'f1tenth_gym_ros' build argument 'cmake_args' from command line to 'None'
[4.988s] Level 5:colcon.colcon_core.verb:set package 'f1tenth_gym_ros' build argument 'cmake_target' from command line to 'None'
[4.988s] Level 5:colcon.colcon_core.verb:set package 'f1tenth_gym_ros' build argument 'cmake_target_skip_unavailable' from command line to 'False'
[4.988s] Level 5:colcon.colcon_core.verb:set package 'f1tenth_gym_ros' build argument 'cmake_clean_cache' from command line to 'False'
[4.988s] Level 5:colcon.colcon_core.verb:set package 'f1tenth_gym_ros' build argument 'cmake_clean_first' from command line to 'False'
[4.988s] Level 5:colcon.colcon_core.verb:set package 'f1tenth_gym_ros' build argument 'cmake_force_configure' from command line to 'False'
[4.988s] Level 5:colcon.colcon_core.verb:set package 'f1tenth_gym_ros' build argument 'ament_cmake_args' from command line to 'None'
[4.988s] Level 5:colcon.colcon_core.verb:set package 'f1tenth_gym_ros' build argument 'catkin_cmake_args' from command line to 'None'
[4.988s] Level 5:colcon.colcon_core.verb:set package 'f1tenth_gym_ros' build argument 'catkin_skip_building_tests' from command line to 'False'
[4.988s] DEBUG:colcon.colcon_core.verb:Building package 'f1tenth_gym_ros' with the following arguments: {'ament_cmake_args': None, 'build_base': '/home/vy/GalacticRacing/sim_ws/src/build/f1tenth_gym_ros', 'catkin_cmake_args': None, 'catkin_skip_building_tests': False, 'cmake_args': None, 'cmake_clean_cache': False, 'cmake_clean_first': False, 'cmake_force_configure': False, 'cmake_target': None, 'cmake_target_skip_unavailable': False, 'install_base': '/home/vy/GalacticRacing/sim_ws/src/install/f1tenth_gym_ros', 'merge_install': False, 'path': '/home/vy/GalacticRacing/sim_ws/src/f1tenth_gym_ros', 'symlink_install': False, 'test_result_base': None}
[5.057s] Level 5:colcon.colcon_core.verb:set package 'gap_follow' build argument 'cmake_args' from command line to 'None'
[5.057s] Level 5:colcon.colcon_core.verb:set package 'gap_follow' build argument 'cmake_target' from command line to 'None'
[5.057s] Level 5:colcon.colcon_core.verb:set package 'gap_follow' build argument 'cmake_target_skip_unavailable' from command line to 'False'
[5.057s] Level 5:colcon.colcon_core.verb:set package 'gap_follow' build argument 'cmake_clean_cache' from command line to 'False'
[5.057s] Level 5:colcon.colcon_core.verb:set package 'gap_follow' build argument 'cmake_clean_first' from command line to 'False'
[5.057s] Level 5:colcon.colcon_core.verb:set package 'gap_follow' build argument 'cmake_force_configure' from command line to 'False'
[5.057s] Level 5:colcon.colcon_core.verb:set package 'gap_follow' build argument 'ament_cmake_args' from command line to 'None'
[5.057s] Level 5:colcon.colcon_core.verb:set package 'gap_follow' build argument 'catkin_cmake_args' from command line to 'None'
[5.057s] Level 5:colcon.colcon_core.verb:set package 'gap_follow' build argument 'catkin_skip_building_tests' from command line to 'False'
[5.057s] DEBUG:colcon.colcon_core.verb:Building package 'gap_follow' with the following arguments: {'ament_cmake_args': None, 'build_base': '/home/vy/GalacticRacing/sim_ws/src/build/gap_follow', 'catkin_cmake_args': None, 'catkin_skip_building_tests': False, 'cmake_args': None, 'cmake_clean_cache': False, 'cmake_clean_first': False, 'cmake_force_configure': False, 'cmake_target': None, 'cmake_target_skip_unavailable': False, 'install_base': '/home/vy/GalacticRacing/sim_ws/src/install/gap_follow', 'merge_install': False, 'path': '/home/vy/GalacticRacing/sim_ws/src/gap_follow', 'symlink_install': False, 'test_result_base': None}
[5.129s] Level 5:colcon.colcon_core.verb:set package 'particle_filter' build argument 'cmake_args' from command line to 'None'
[5.130s] Level 5:colcon.colcon_core.verb:set package 'particle_filter' build argument 'cmake_target' from command line to 'None'
[5.130s] Level 5:colcon.colcon_core.verb:set package 'particle_filter' build argument 'cmake_target_skip_unavailable' from command line to 'False'
[5.130s] Level 5:colcon.colcon_core.verb:set package 'particle_filter' build argument 'cmake_clean_cache' from command line to 'False'
[5.130s] Level 5:colcon.colcon_core.verb:set package 'particle_filter' build argument 'cmake_clean_first' from command line to 'False'
[5.130s] Level 5:colcon.colcon_core.verb:set package 'particle_filter' build argument 'cmake_force_configure' from command line to 'False'
[5.130s] Level 5:colcon.colcon_core.verb:set package 'particle_filter' build argument 'ament_cmake_args' from command line to 'None'
[5.130s] Level 5:colcon.colcon_core.verb:set package 'particle_filter' build argument 'catkin_cmake_args' from command line to 'None'
[5.130s] Level 5:colcon.colcon_core.verb:set package 'particle_filter' build argument 'catkin_skip_building_tests' from command line to 'False'
[5.130s] DEBUG:colcon.colcon_core.verb:Building package 'particle_filter' with the following arguments: {'ament_cmake_args': None, 'build_base': '/home/vy/GalacticRacing/sim_ws/src/build/particle_filter', 'catkin_cmake_args': None, 'catkin_skip_building_tests': False, 'cmake_args': None, 'cmake_clean_cache': False, 'cmake_clean_first': False, 'cmake_force_configure': False, 'cmake_target': None, 'cmake_target_skip_unavailable': False, 'install_base': '/home/vy/GalacticRacing/sim_ws/src/install/particle_filter', 'merge_install': False, 'path': '/home/vy/GalacticRacing/sim_ws/src/particle_filter', 'symlink_install': False, 'test_result_base': None}
[5.201s] Level 5:colcon.colcon_core.verb:set package 'safety_node' build argument 'cmake_args' from command line to 'None'
[5.201s] Level 5:colcon.colcon_core.verb:set package 'safety_node' build argument 'cmake_target' from command line to 'None'
[5.201s] Level 5:colcon.colcon_core.verb:set package 'safety_node' build argument 'cmake_target_skip_unavailable' from command line to 'False'
[5.201s] Level 5:colcon.colcon_core.verb:set package 'safety_node' build argument 'cmake_clean_cache' from command line to 'False'
[5.201s] Level 5:colcon.colcon_core.verb:set package 'safety_node' build argument 'cmake_clean_first' from command line to 'False'
[5.201s] Level 5:colcon.colcon_core.verb:set package 'safety_node' build argument 'cmake_force_configure' from command line to 'False'
[5.201s] Level 5:colcon.colcon_core.verb:set package 'safety_node' build argument 'ament_cmake_args' from command line to 'None'
[5.201s] Level 5:colcon.colcon_core.verb:set package 'safety_node' build argument 'catkin_cmake_args' from command line to 'None'
[5.201s] Level 5:colcon.colcon_core.verb:set package 'safety_node' build argument 'catkin_skip_building_tests' from command line to 'False'
[5.201s] DEBUG:colcon.colcon_core.verb:Building package 'safety_node' with the following arguments: {'ament_cmake_args': None, 'build_base': '/home/vy/GalacticRacing/sim_ws/src/build/safety_node', 'catkin_cmake_args': None, 'catkin_skip_building_tests': False, 'cmake_args': None, 'cmake_clean_cache': False, 'cmake_clean_first': False, 'cmake_force_configure': False, 'cmake_target': None, 'cmake_target_skip_unavailable': False, 'install_base': '/home/vy/GalacticRacing/sim_ws/src/install/safety_node', 'merge_install': False, 'path': '/home/vy/GalacticRacing/sim_ws/src/safety_node', 'symlink_install': False, 'test_result_base': None}
[5.270s] Level 5:colcon.colcon_core.verb:set package 'wall_follow' build argument 'cmake_args' from command line to 'None'
[5.270s] Level 5:colcon.colcon_core.verb:set package 'wall_follow' build argument 'cmake_target' from command line to 'None'
[5.270s] Level 5:colcon.colcon_core.verb:set package 'wall_follow' build argument 'cmake_target_skip_unavailable' from command line to 'False'
[5.270s] Level 5:colcon.colcon_core.verb:set package 'wall_follow' build argument 'cmake_clean_cache' from command line to 'False'
[5.270s] Level 5:colcon.colcon_core.verb:set package 'wall_follow' build argument 'cmake_clean_first' from command line to 'False'
[5.270s] Level 5:colcon.colcon_core.verb:set package 'wall_follow' build argument 'cmake_force_configure' from command line to 'False'
[5.270s] Level 5:colcon.colcon_core.verb:set package 'wall_follow' build argument 'ament_cmake_args' from command line to 'None'
[5.270s] Level 5:colcon.colcon_core.verb:set package 'wall_follow' build argument 'catkin_cmake_args' from command line to 'None'
[5.270s] Level 5:colcon.colcon_core.verb:set package 'wall_follow' build argument 'catkin_skip_building_tests' from command line to 'False'
[5.270s] DEBUG:colcon.colcon_core.verb:Building package 'wall_follow' with the following arguments: {'ament_cmake_args': None, 'build_base': '/home/vy/GalacticRacing/sim_ws/src/build/wall_follow', 'catkin_cmake_args': None, 'catkin_skip_building_tests': False, 'cmake_args': None, 'cmake_clean_cache': False, 'cmake_clean_first': False, 'cmake_force_configure': False, 'cmake_target': None, 'cmake_target_skip_unavailable': False, 'install_base': '/home/vy/GalacticRacing/sim_ws/src/install/wall_follow', 'merge_install': False, 'path': '/home/vy/GalacticRacing/sim_ws/src/wall_follow', 'symlink_install': False, 'test_result_base': None}
[5.339s] INFO:colcon.colcon_core.executor:Executing jobs using 'parallel' executor
[5.411s] DEBUG:colcon.colcon_parallel_executor.executor.parallel:run_until_complete
[5.412s] INFO:colcon.colcon_ros.task.ament_python.build:Building ROS package in '/home/vy/GalacticRacing/sim_ws/src/f1tenth_gym_ros' with build type 'ament_python'
[5.412s] Level 1:colcon.colcon_core.shell:create_environment_hook('f1tenth_gym_ros', 'ament_prefix_path')
[5.486s] INFO:colcon.colcon_core.plugin_system:Skipping extension 'colcon_core.shell.bat': Not used on non-Windows systems
[5.486s] INFO:colcon.colcon_core.shell:Creating environment hook '/home/vy/GalacticRacing/sim_ws/src/install/f1tenth_gym_ros/share/f1tenth_gym_ros/hook/ament_prefix_path.ps1'
[5.487s] INFO:colcon.colcon_core.shell:Creating environment descriptor '/home/vy/GalacticRacing/sim_ws/src/install/f1tenth_gym_ros/share/f1tenth_gym_ros/hook/ament_prefix_path.dsv'
[5.488s] INFO:colcon.colcon_core.shell:Creating environment hook '/home/vy/GalacticRacing/sim_ws/src/install/f1tenth_gym_ros/share/f1tenth_gym_ros/hook/ament_prefix_path.sh'
[5.562s] INFO:colcon.colcon_core.shell:Skip shell extension 'powershell' for command environment: Not usable outside of PowerShell
[5.562s] DEBUG:colcon.colcon_core.shell:Skip shell extension 'dsv' for command environment
[5.863s] INFO:colcon.colcon_ros.task.ament_cmake.build:Building ROS package in '/home/vy/GalacticRacing/sim_ws/src/gap_follow' with build type 'ament_cmake'
[5.864s] INFO:colcon.colcon_cmake.task.cmake.build:Building CMake package in '/home/vy/GalacticRacing/sim_ws/src/gap_follow'
[5.946s] INFO:colcon.colcon_core.shell:Skip shell extension 'powershell' for command environment: Not usable outside of PowerShell
[5.946s] DEBUG:colcon.colcon_core.shell:Skip shell extension 'dsv' for command environment
[6.257s] INFO:colcon.colcon_ros.task.ament_python.build:Building ROS package in '/home/vy/GalacticRacing/sim_ws/src/particle_filter' with build type 'ament_python'
[6.258s] Level 1:colcon.colcon_core.shell:create_environment_hook('particle_filter', 'ament_prefix_path')
[6.368s] INFO:colcon.colcon_core.shell:Creating environment hook '/home/vy/GalacticRacing/sim_ws/src/install/particle_filter/share/particle_filter/hook/ament_prefix_path.ps1'
[6.369s] INFO:colcon.colcon_core.shell:Creating environment descriptor '/home/vy/GalacticRacing/sim_ws/src/install/particle_filter/share/particle_filter/hook/ament_prefix_path.dsv'
[6.369s] INFO:colcon.colcon_core.shell:Creating environment hook '/home/vy/GalacticRacing/sim_ws/src/install/particle_filter/share/particle_filter/hook/ament_prefix_path.sh'
[6.441s] INFO:colcon.colcon_core.shell:Skip shell extension 'powershell' for command environment: Not usable outside of PowerShell
[6.441s] DEBUG:colcon.colcon_core.shell:Skip shell extension 'dsv' for command environment
[6.742s] INFO:colcon.colcon_ros.task.ament_cmake.build:Building ROS package in '/home/vy/GalacticRacing/sim_ws/src/safety_node' with build type 'ament_cmake'
[6.743s] INFO:colcon.colcon_cmake.task.cmake.build:Building CMake package in '/home/vy/GalacticRacing/sim_ws/src/safety_node'
[6.821s] INFO:colcon.colcon_core.shell:Skip shell extension 'powershell' for command environment: Not usable outside of PowerShell
[6.821s] DEBUG:colcon.colcon_core.shell:Skip shell extension 'dsv' for command environment
[7.135s] INFO:colcon.colcon_ros.task.ament_cmake.build:Building ROS package in '/home/vy/GalacticRacing/sim_ws/src/wall_follow' with build type 'ament_cmake'
[7.136s] INFO:colcon.colcon_cmake.task.cmake.build:Building CMake package in '/home/vy/GalacticRacing/sim_ws/src/wall_follow'
[7.213s] INFO:colcon.colcon_core.shell:Skip shell extension 'powershell' for command environment: Not usable outside of PowerShell
[7.213s] DEBUG:colcon.colcon_core.shell:Skip shell extension 'dsv' for command environment
[7.689s] INFO:colcon.colcon_core.task.python.build:Building Python package in '/home/vy/GalacticRacing/sim_ws/src/f1tenth_gym_ros'
[7.764s] INFO:colcon.colcon_core.shell:Skip shell extension 'powershell' for command environment: Not usable outside of PowerShell
[7.764s] DEBUG:colcon.colcon_core.shell:Skip shell extension 'dsv' for command environment
[8.088s] DEBUG:colcon.colcon_core.event_handler.log_command:Invoking command in '/home/vy/GalacticRacing/sim_ws/src/build/gap_follow': CMAKE_PREFIX_PATH=${CMAKE_PREFIX_PATH}:/home/vy/GalacticRacing/sim_ws/src/install/particle_filter:/home/vy/GalacticRacing/sim_ws/src/install/f1tenth_gym_ros:/home/vy/GalacticRacing/sim_ws/install/particle_filter:/home/vy/GalacticRacing/sim_ws/install/gap_follow:/home/vy/GalacticRacing/sim_ws/install/f1tenth_gym_ros:/opt/ros/foxy /usr/bin/cmake --build /home/vy/GalacticRacing/sim_ws/src/build/gap_follow -- -j8 -l8
[8.280s] INFO:colcon.colcon_core.task.python.build:Building Python package in '/home/vy/GalacticRacing/sim_ws/src/particle_filter'
[8.359s] INFO:colcon.colcon_core.shell:Skip shell extension 'powershell' for command environment: Not usable outside of PowerShell
[8.360s] DEBUG:colcon.colcon_core.shell:Skip shell extension 'dsv' for command environment
[8.710s] DEBUG:colcon.colcon_core.event_handler.log_command:Invoking command in '/home/vy/GalacticRacing/sim_ws/src/build/safety_node': CMAKE_PREFIX_PATH=${CMAKE_PREFIX_PATH}:/home/vy/GalacticRacing/sim_ws/src/install/particle_filter:/home/vy/GalacticRacing/sim_ws/src/install/f1tenth_gym_ros:/home/vy/GalacticRacing/sim_ws/install/particle_filter:/home/vy/GalacticRacing/sim_ws/install/gap_follow:/home/vy/GalacticRacing/sim_ws/install/f1tenth_gym_ros:/opt/ros/foxy /usr/bin/cmake --build /home/vy/GalacticRacing/sim_ws/src/build/safety_node -- -j8 -l8
[8.745s] DEBUG:colcon.colcon_core.event_handler.log_command:Invoking command in '/home/vy/GalacticRacing/sim_ws/src/build/wall_follow': CMAKE_PREFIX_PATH=${CMAKE_PREFIX_PATH}:/home/vy/GalacticRacing/sim_ws/src/install/particle_filter:/home/vy/GalacticRacing/sim_ws/src/install/f1tenth_gym_ros:/home/vy/GalacticRacing/sim_ws/install/particle_filter:/home/vy/GalacticRacing/sim_ws/install/gap_follow:/home/vy/GalacticRacing/sim_ws/install/f1tenth_gym_ros:/opt/ros/foxy /usr/bin/cmake --build /home/vy/GalacticRacing/sim_ws/src/build/wall_follow -- -j8 -l8
[8.747s] DEBUG:colcon.colcon_core.event_handler.log_command:Invoked command in '/home/vy/GalacticRacing/sim_ws/src/build/gap_follow' returned '0': CMAKE_PREFIX_PATH=${CMAKE_PREFIX_PATH}:/home/vy/GalacticRacing/sim_ws/src/install/particle_filter:/home/vy/GalacticRacing/sim_ws/src/install/f1tenth_gym_ros:/home/vy/GalacticRacing/sim_ws/install/particle_filter:/home/vy/GalacticRacing/sim_ws/install/gap_follow:/home/vy/GalacticRacing/sim_ws/install/f1tenth_gym_ros:/opt/ros/foxy /usr/bin/cmake --build /home/vy/GalacticRacing/sim_ws/src/build/gap_follow -- -j8 -l8
[8.785s] DEBUG:colcon.colcon_core.event_handler.log_command:Invoking command in '/home/vy/GalacticRacing/sim_ws/src/build/gap_follow': CMAKE_PREFIX_PATH=${CMAKE_PREFIX_PATH}:/home/vy/GalacticRacing/sim_ws/src/install/particle_filter:/home/vy/GalacticRacing/sim_ws/src/install/f1tenth_gym_ros:/home/vy/GalacticRacing/sim_ws/install/particle_filter:/home/vy/GalacticRacing/sim_ws/install/gap_follow:/home/vy/GalacticRacing/sim_ws/install/f1tenth_gym_ros:/opt/ros/foxy /usr/bin/cmake --install /home/vy/GalacticRacing/sim_ws/src/build/gap_follow
[8.811s] DEBUG:colcon.colcon_core.event_handler.log_command:Invoked command in '/home/vy/GalacticRacing/sim_ws/src/build/wall_follow' returned '0': CMAKE_PREFIX_PATH=${CMAKE_PREFIX_PATH}:/home/vy/GalacticRacing/sim_ws/src/install/particle_filter:/home/vy/GalacticRacing/sim_ws/src/install/f1tenth_gym_ros:/home/vy/GalacticRacing/sim_ws/install/particle_filter:/home/vy/GalacticRacing/sim_ws/install/gap_follow:/home/vy/GalacticRacing/sim_ws/install/f1tenth_gym_ros:/opt/ros/foxy /usr/bin/cmake --build /home/vy/GalacticRacing/sim_ws/src/build/wall_follow -- -j8 -l8
[8.826s] DEBUG:colcon.colcon_core.event_handler.log_command:Invoked command in '/home/vy/GalacticRacing/sim_ws/src/build/safety_node' returned '0': CMAKE_PREFIX_PATH=${CMAKE_PREFIX_PATH}:/home/vy/GalacticRacing/sim_ws/src/install/particle_filter:/home/vy/GalacticRacing/sim_ws/src/install/f1tenth_gym_ros:/home/vy/GalacticRacing/sim_ws/install/particle_filter:/home/vy/GalacticRacing/sim_ws/install/gap_follow:/home/vy/GalacticRacing/sim_ws/install/f1tenth_gym_ros:/opt/ros/foxy /usr/bin/cmake --build /home/vy/GalacticRacing/sim_ws/src/build/safety_node -- -j8 -l8
[8.843s] Level 1:colcon.colcon_core.environment:create_environment_scripts_only(gap_follow)
[8.844s] DEBUG:colcon.colcon_core.event_handler.log_command:Invoked command in '/home/vy/GalacticRacing/sim_ws/src/build/gap_follow' returned '0': CMAKE_PREFIX_PATH=${CMAKE_PREFIX_PATH}:/home/vy/GalacticRacing/sim_ws/src/install/particle_filter:/home/vy/GalacticRacing/sim_ws/src/install/f1tenth_gym_ros:/home/vy/GalacticRacing/sim_ws/install/particle_filter:/home/vy/GalacticRacing/sim_ws/install/gap_follow:/home/vy/GalacticRacing/sim_ws/install/f1tenth_gym_ros:/opt/ros/foxy /usr/bin/cmake --install /home/vy/GalacticRacing/sim_ws/src/build/gap_follow
[8.941s] Level 1:colcon.colcon_core.environment:checking '/home/vy/GalacticRacing/sim_ws/src/install/gap_follow' for CMake module files
[8.941s] Level 1:colcon.colcon_core.environment:checking '/home/vy/GalacticRacing/sim_ws/src/install/gap_follow' for CMake config files
[8.941s] Level 1:colcon.colcon_core.shell:create_environment_hook('gap_follow', 'cmake_prefix_path')
[9.025s] INFO:colcon.colcon_core.shell:Creating environment hook '/home/vy/GalacticRacing/sim_ws/src/install/gap_follow/share/gap_follow/hook/cmake_prefix_path.ps1'
[9.026s] INFO:colcon.colcon_core.shell:Creating environment descriptor '/home/vy/GalacticRacing/sim_ws/src/install/gap_follow/share/gap_follow/hook/cmake_prefix_path.dsv'
[9.027s] INFO:colcon.colcon_core.shell:Creating environment hook '/home/vy/GalacticRacing/sim_ws/src/install/gap_follow/share/gap_follow/hook/cmake_prefix_path.sh'
[9.028s] Level 1:colcon.colcon_core.environment:checking '/home/vy/GalacticRacing/sim_ws/src/install/gap_follow/lib'
[9.028s] Level 1:colcon.colcon_core.environment:checking '/home/vy/GalacticRacing/sim_ws/src/install/gap_follow/bin'
[9.028s] Level 1:colcon.colcon_core.environment:checking '/home/vy/GalacticRacing/sim_ws/src/install/gap_follow/lib/pkgconfig/gap_follow.pc'
[9.028s] Level 1:colcon.colcon_core.environment:checking '/home/vy/GalacticRacing/sim_ws/src/install/gap_follow/lib/python3.8/site-packages'
[9.028s] Level 1:colcon.colcon_core.shell:create_environment_hook('gap_follow', 'pythonpath')
[9.111s] INFO:colcon.colcon_core.shell:Creating environment hook '/home/vy/GalacticRacing/sim_ws/src/install/gap_follow/share/gap_follow/hook/pythonpath.ps1'
[9.112s] INFO:colcon.colcon_core.shell:Creating environment descriptor '/home/vy/GalacticRacing/sim_ws/src/install/gap_follow/share/gap_follow/hook/pythonpath.dsv'
[9.113s] INFO:colcon.colcon_core.shell:Creating environment hook '/home/vy/GalacticRacing/sim_ws/src/install/gap_follow/share/gap_follow/hook/pythonpath.sh'
[9.114s] Level 1:colcon.colcon_core.environment:checking '/home/vy/GalacticRacing/sim_ws/src/install/gap_follow/bin'
[9.194s] INFO:colcon.colcon_core.shell:Creating package script '/home/vy/GalacticRacing/sim_ws/src/install/gap_follow/share/gap_follow/package.ps1'
[9.196s] INFO:colcon.colcon_core.shell:Creating package descriptor '/home/vy/GalacticRacing/sim_ws/src/install/gap_follow/share/gap_follow/package.dsv'
[9.196s] INFO:colcon.colcon_core.shell:Creating package script '/home/vy/GalacticRacing/sim_ws/src/install/gap_follow/share/gap_follow/package.sh'
[9.197s] INFO:colcon.colcon_core.shell:Creating package script '/home/vy/GalacticRacing/sim_ws/src/install/gap_follow/share/gap_follow/package.bash'
[9.198s] INFO:colcon.colcon_core.shell:Creating package script '/home/vy/GalacticRacing/sim_ws/src/install/gap_follow/share/gap_follow/package.zsh'
[9.199s] Level 1:colcon.colcon_core.environment:create_file_with_runtime_dependencies(/home/vy/GalacticRacing/sim_ws/src/install/gap_follow/share/colcon-core/packages/gap_follow)
[9.206s] DEBUG:colcon.colcon_core.event_handler.log_command:Invoking command in '/home/vy/GalacticRacing/sim_ws/src/build/safety_node': CMAKE_PREFIX_PATH=${CMAKE_PREFIX_PATH}:/home/vy/GalacticRacing/sim_ws/src/install/particle_filter:/home/vy/GalacticRacing/sim_ws/src/install/f1tenth_gym_ros:/home/vy/GalacticRacing/sim_ws/install/particle_filter:/home/vy/GalacticRacing/sim_ws/install/gap_follow:/home/vy/GalacticRacing/sim_ws/install/f1tenth_gym_ros:/opt/ros/foxy /usr/bin/cmake --install /home/vy/GalacticRacing/sim_ws/src/build/safety_node
[9.211s] DEBUG:colcon.colcon_core.event_handler.log_command:Invoking command in '/home/vy/GalacticRacing/sim_ws/src/build/wall_follow': CMAKE_PREFIX_PATH=${CMAKE_PREFIX_PATH}:/home/vy/GalacticRacing/sim_ws/src/install/particle_filter:/home/vy/GalacticRacing/sim_ws/src/install/f1tenth_gym_ros:/home/vy/GalacticRacing/sim_ws/install/particle_filter:/home/vy/GalacticRacing/sim_ws/install/gap_follow:/home/vy/GalacticRacing/sim_ws/install/f1tenth_gym_ros:/opt/ros/foxy /usr/bin/cmake --install /home/vy/GalacticRacing/sim_ws/src/build/wall_follow
[9.225s] DEBUG:colcon.colcon_core.event_handler.log_command:Invoking command in '/home/vy/GalacticRacing/sim_ws/src/f1tenth_gym_ros': PYTHONPATH=/home/vy/GalacticRacing/sim_ws/src/build/f1tenth_gym_ros/prefix_override:/home/vy/GalacticRacing/sim_ws/src/install/f1tenth_gym_ros/lib/python3.8/site-packages:${PYTHONPATH} /usr/bin/python3 setup.py egg_info --egg-base ../build/f1tenth_gym_ros build --build-base /home/vy/GalacticRacing/sim_ws/src/build/f1tenth_gym_ros/build install --record /home/vy/GalacticRacing/sim_ws/src/build/f1tenth_gym_ros/install.log --install-scripts $base/lib/f1tenth_gym_ros --single-version-externally-managed
[9.235s] DEBUG:colcon.colcon_core.event_handler.log_command:Invoking command in '/home/vy/GalacticRacing/sim_ws/src/particle_filter': PYTHONPATH=/home/vy/GalacticRacing/sim_ws/src/build/particle_filter/prefix_override:/home/vy/GalacticRacing/sim_ws/src/install/particle_filter/lib/python3.8/site-packages:${PYTHONPATH} /usr/bin/python3 setup.py egg_info --egg-base ../build/particle_filter build --build-base /home/vy/GalacticRacing/sim_ws/src/build/particle_filter/build install --record /home/vy/GalacticRacing/sim_ws/src/build/particle_filter/install.log --install-scripts $base/lib/particle_filter --single-version-externally-managed
[9.260s] Level 1:colcon.colcon_core.environment:create_environment_scripts_only(safety_node)
[9.269s] DEBUG:colcon.colcon_core.event_handler.log_command:Invoked command in '/home/vy/GalacticRacing/sim_ws/src/build/safety_node' returned '0': CMAKE_PREFIX_PATH=${CMAKE_PREFIX_PATH}:/home/vy/GalacticRacing/sim_ws/src/install/particle_filter:/home/vy/GalacticRacing/sim_ws/src/install/f1tenth_gym_ros:/home/vy/GalacticRacing/sim_ws/install/particle_filter:/home/vy/GalacticRacing/sim_ws/install/gap_follow:/home/vy/GalacticRacing/sim_ws/install/f1tenth_gym_ros:/opt/ros/foxy /usr/bin/cmake --install /home/vy/GalacticRacing/sim_ws/src/build/safety_node
[9.357s] Level 1:colcon.colcon_core.environment:checking '/home/vy/GalacticRacing/sim_ws/src/install/safety_node' for CMake module files
[9.357s] Level 1:colcon.colcon_core.environment:checking '/home/vy/GalacticRacing/sim_ws/src/install/safety_node' for CMake config files
[9.358s] Level 1:colcon.colcon_core.shell:create_environment_hook('safety_node', 'cmake_prefix_path')
[9.500s] INFO:colcon.colcon_core.shell:Creating environment hook '/home/vy/GalacticRacing/sim_ws/src/install/safety_node/share/safety_node/hook/cmake_prefix_path.ps1'
[9.501s] INFO:colcon.colcon_core.shell:Creating environment descriptor '/home/vy/GalacticRacing/sim_ws/src/install/safety_node/share/safety_node/hook/cmake_prefix_path.dsv'
[9.502s] INFO:colcon.colcon_core.shell:Creating environment hook '/home/vy/GalacticRacing/sim_ws/src/install/safety_node/share/safety_node/hook/cmake_prefix_path.sh'
[9.503s] Level 1:colcon.colcon_core.environment:checking '/home/vy/GalacticRacing/sim_ws/src/install/safety_node/lib'
[9.503s] Level 1:colcon.colcon_core.environment:checking '/home/vy/GalacticRacing/sim_ws/src/install/safety_node/bin'
[9.503s] Level 1:colcon.colcon_core.environment:checking '/home/vy/GalacticRacing/sim_ws/src/install/safety_node/lib/pkgconfig/safety_node.pc'
[9.504s] Level 1:colcon.colcon_core.environment:checking '/home/vy/GalacticRacing/sim_ws/src/install/safety_node/lib/python3.8/site-packages'
[9.504s] Level 1:colcon.colcon_core.shell:create_environment_hook('safety_node', 'pythonpath')
[9.578s] INFO:colcon.colcon_core.shell:Creating environment hook '/home/vy/GalacticRacing/sim_ws/src/install/safety_node/share/safety_node/hook/pythonpath.ps1'
[9.579s] INFO:colcon.colcon_core.shell:Creating environment descriptor '/home/vy/GalacticRacing/sim_ws/src/install/safety_node/share/safety_node/hook/pythonpath.dsv'
[9.580s] INFO:colcon.colcon_core.shell:Creating environment hook '/home/vy/GalacticRacing/sim_ws/src/install/safety_node/share/safety_node/hook/pythonpath.sh'
[9.581s] Level 1:colcon.colcon_core.environment:checking '/home/vy/GalacticRacing/sim_ws/src/install/safety_node/bin'
[9.658s] INFO:colcon.colcon_core.shell:Creating package script '/home/vy/GalacticRacing/sim_ws/src/install/safety_node/share/safety_node/package.ps1'
[9.659s] INFO:colcon.colcon_core.shell:Creating package descriptor '/home/vy/GalacticRacing/sim_ws/src/install/safety_node/share/safety_node/package.dsv'
[9.662s] INFO:colcon.colcon_core.shell:Creating package script '/home/vy/GalacticRacing/sim_ws/src/install/safety_node/share/safety_node/package.sh'
[9.663s] INFO:colcon.colcon_core.shell:Creating package script '/home/vy/GalacticRacing/sim_ws/src/install/safety_node/share/safety_node/package.bash'
[9.663s] INFO:colcon.colcon_core.shell:Creating package script '/home/vy/GalacticRacing/sim_ws/src/install/safety_node/share/safety_node/package.zsh'
[9.664s] Level 1:colcon.colcon_core.environment:create_file_with_runtime_dependencies(/home/vy/GalacticRacing/sim_ws/src/install/safety_node/share/colcon-core/packages/safety_node)
[9.680s] DEBUG:colcon.colcon_core.event_handler.log_command:Invoked command in '/home/vy/GalacticRacing/sim_ws/src/f1tenth_gym_ros' returned '0': PYTHONPATH=/home/vy/GalacticRacing/sim_ws/src/build/f1tenth_gym_ros/prefix_override:/home/vy/GalacticRacing/sim_ws/src/install/f1tenth_gym_ros/lib/python3.8/site-packages:${PYTHONPATH} /usr/bin/python3 setup.py egg_info --egg-base ../build/f1tenth_gym_ros build --build-base /home/vy/GalacticRacing/sim_ws/src/build/f1tenth_gym_ros/build install --record /home/vy/GalacticRacing/sim_ws/src/build/f1tenth_gym_ros/install.log --install-scripts $base/lib/f1tenth_gym_ros --single-version-externally-managed
[9.758s] Level 1:colcon.colcon_core.environment:checking '/home/vy/GalacticRacing/sim_ws/src/install/f1tenth_gym_ros' for CMake module files
[9.759s] Level 1:colcon.colcon_core.environment:checking '/home/vy/GalacticRacing/sim_ws/src/install/f1tenth_gym_ros' for CMake config files
[9.759s] Level 1:colcon.colcon_core.environment:checking '/home/vy/GalacticRacing/sim_ws/src/install/f1tenth_gym_ros/lib'
[9.760s] Level 1:colcon.colcon_core.environment:checking '/home/vy/GalacticRacing/sim_ws/src/install/f1tenth_gym_ros/bin'
[9.760s] Level 1:colcon.colcon_core.environment:checking '/home/vy/GalacticRacing/sim_ws/src/install/f1tenth_gym_ros/lib/pkgconfig/f1tenth_gym_ros.pc'
[9.760s] Level 1:colcon.colcon_core.environment:checking '/home/vy/GalacticRacing/sim_ws/src/install/f1tenth_gym_ros/lib/python3.8/site-packages'
[9.760s] Level 1:colcon.colcon_core.shell:create_environment_hook('f1tenth_gym_ros', 'pythonpath')
[9.831s] INFO:colcon.colcon_core.shell:Creating environment hook '/home/vy/GalacticRacing/sim_ws/src/install/f1tenth_gym_ros/share/f1tenth_gym_ros/hook/pythonpath.ps1'
[9.832s] INFO:colcon.colcon_core.shell:Creating environment descriptor '/home/vy/GalacticRacing/sim_ws/src/install/f1tenth_gym_ros/share/f1tenth_gym_ros/hook/pythonpath.dsv'
[9.832s] INFO:colcon.colcon_core.shell:Creating environment hook '/home/vy/GalacticRacing/sim_ws/src/install/f1tenth_gym_ros/share/f1tenth_gym_ros/hook/pythonpath.sh'
[9.833s] Level 1:colcon.colcon_core.environment:checking '/home/vy/GalacticRacing/sim_ws/src/install/f1tenth_gym_ros/bin'
[9.833s] Level 1:colcon.colcon_core.environment:create_environment_scripts_only(f1tenth_gym_ros)
[9.907s] INFO:colcon.colcon_core.shell:Creating package script '/home/vy/GalacticRacing/sim_ws/src/install/f1tenth_gym_ros/share/f1tenth_gym_ros/package.ps1'
[9.908s] INFO:colcon.colcon_core.shell:Creating package descriptor '/home/vy/GalacticRacing/sim_ws/src/install/f1tenth_gym_ros/share/f1tenth_gym_ros/package.dsv'
[9.909s] INFO:colcon.colcon_core.shell:Creating package script '/home/vy/GalacticRacing/sim_ws/src/install/f1tenth_gym_ros/share/f1tenth_gym_ros/package.sh'
[9.909s] INFO:colcon.colcon_core.shell:Creating package script '/home/vy/GalacticRacing/sim_ws/src/install/f1tenth_gym_ros/share/f1tenth_gym_ros/package.bash'
[9.911s] INFO:colcon.colcon_core.shell:Creating package script '/home/vy/GalacticRacing/sim_ws/src/install/f1tenth_gym_ros/share/f1tenth_gym_ros/package.zsh'
[9.911s] Level 1:colcon.colcon_core.environment:create_file_with_runtime_dependencies(/home/vy/GalacticRacing/sim_ws/src/install/f1tenth_gym_ros/share/colcon-core/packages/f1tenth_gym_ros)
[9.985s] Level 1:colcon.colcon_core.environment:create_environment_scripts_only(gap_follow)
[10.054s] Level 1:colcon.colcon_core.environment:checking '/home/vy/GalacticRacing/sim_ws/src/install/gap_follow' for CMake module files
[10.055s] Level 1:colcon.colcon_core.environment:checking '/home/vy/GalacticRacing/sim_ws/src/install/gap_follow' for CMake config files
[10.055s] Level 1:colcon.colcon_core.shell:create_environment_hook('gap_follow', 'cmake_prefix_path')
[10.128s] INFO:colcon.colcon_core.shell:Creating environment hook '/home/vy/GalacticRacing/sim_ws/src/install/gap_follow/share/gap_follow/hook/cmake_prefix_path.ps1'
[10.130s] INFO:colcon.colcon_core.shell:Creating environment descriptor '/home/vy/GalacticRacing/sim_ws/src/install/gap_follow/share/gap_follow/hook/cmake_prefix_path.dsv'
[10.133s] INFO:colcon.colcon_core.shell:Creating environment hook '/home/vy/GalacticRacing/sim_ws/src/install/gap_follow/share/gap_follow/hook/cmake_prefix_path.sh'
[10.133s] Level 1:colcon.colcon_core.environment:checking '/home/vy/GalacticRacing/sim_ws/src/install/gap_follow/lib'
[10.134s] Level 1:colcon.colcon_core.environment:checking '/home/vy/GalacticRacing/sim_ws/src/install/gap_follow/bin'
[10.134s] Level 1:colcon.colcon_core.environment:checking '/home/vy/GalacticRacing/sim_ws/src/install/gap_follow/lib/pkgconfig/gap_follow.pc'
[10.134s] Level 1:colcon.colcon_core.environment:checking '/home/vy/GalacticRacing/sim_ws/src/install/gap_follow/lib/python3.8/site-packages'
[10.134s] Level 1:colcon.colcon_core.shell:create_environment_hook('gap_follow', 'pythonpath')
[10.205s] INFO:colcon.colcon_core.shell:Creating environment hook '/home/vy/GalacticRacing/sim_ws/src/install/gap_follow/share/gap_follow/hook/pythonpath.ps1'
[10.205s] INFO:colcon.colcon_core.shell:Creating environment descriptor '/home/vy/GalacticRacing/sim_ws/src/install/gap_follow/share/gap_follow/hook/pythonpath.dsv'
[10.206s] INFO:colcon.colcon_core.shell:Creating environment hook '/home/vy/GalacticRacing/sim_ws/src/install/gap_follow/share/gap_follow/hook/pythonpath.sh'
[10.206s] Level 1:colcon.colcon_core.environment:checking '/home/vy/GalacticRacing/sim_ws/src/install/gap_follow/bin'
[10.278s] INFO:colcon.colcon_core.shell:Creating package script '/home/vy/GalacticRacing/sim_ws/src/install/gap_follow/share/gap_follow/package.ps1'
[10.279s] INFO:colcon.colcon_core.shell:Creating package descriptor '/home/vy/GalacticRacing/sim_ws/src/install/gap_follow/share/gap_follow/package.dsv'
[10.280s] INFO:colcon.colcon_core.shell:Creating package script '/home/vy/GalacticRacing/sim_ws/src/install/gap_follow/share/gap_follow/package.sh'
[10.280s] INFO:colcon.colcon_core.shell:Creating package script '/home/vy/GalacticRacing/sim_ws/src/install/gap_follow/share/gap_follow/package.bash'
[10.281s] INFO:colcon.colcon_core.shell:Creating package script '/home/vy/GalacticRacing/sim_ws/src/install/gap_follow/share/gap_follow/package.zsh'
[10.282s] Level 1:colcon.colcon_core.environment:create_file_with_runtime_dependencies(/home/vy/GalacticRacing/sim_ws/src/install/gap_follow/share/colcon-core/packages/gap_follow)
[10.283s] Level 1:colcon.colcon_core.environment:create_environment_scripts_only(wall_follow)
[10.284s] DEBUG:colcon.colcon_core.event_handler.log_command:Invoked command in '/home/vy/GalacticRacing/sim_ws/src/build/wall_follow' returned '0': CMAKE_PREFIX_PATH=${CMAKE_PREFIX_PATH}:/home/vy/GalacticRacing/sim_ws/src/install/particle_filter:/home/vy/GalacticRacing/sim_ws/src/install/f1tenth_gym_ros:/home/vy/GalacticRacing/sim_ws/install/particle_filter:/home/vy/GalacticRacing/sim_ws/install/gap_follow:/home/vy/GalacticRacing/sim_ws/install/f1tenth_gym_ros:/opt/ros/foxy /usr/bin/cmake --install /home/vy/GalacticRacing/sim_ws/src/build/wall_follow
[10.358s] Level 1:colcon.colcon_core.environment:checking '/home/vy/GalacticRacing/sim_ws/src/install/wall_follow' for CMake module files
[10.359s] Level 1:colcon.colcon_core.environment:checking '/home/vy/GalacticRacing/sim_ws/src/install/wall_follow' for CMake config files
[10.359s] Level 1:colcon.colcon_core.shell:create_environment_hook('wall_follow', 'cmake_prefix_path')
[10.435s] INFO:colcon.colcon_core.shell:Creating environment hook '/home/vy/GalacticRacing/sim_ws/src/install/wall_follow/share/wall_follow/hook/cmake_prefix_path.ps1'
[10.436s] INFO:colcon.colcon_core.shell:Creating environment descriptor '/home/vy/GalacticRacing/sim_ws/src/install/wall_follow/share/wall_follow/hook/cmake_prefix_path.dsv'
[10.436s] INFO:colcon.colcon_core.shell:Creating environment hook '/home/vy/GalacticRacing/sim_ws/src/install/wall_follow/share/wall_follow/hook/cmake_prefix_path.sh'
[10.437s] Level 1:colcon.colcon_core.environment:checking '/home/vy/GalacticRacing/sim_ws/src/install/wall_follow/lib'
[10.437s] Level 1:colcon.colcon_core.environment:checking '/home/vy/GalacticRacing/sim_ws/src/install/wall_follow/bin'
[10.437s] Level 1:colcon.colcon_core.environment:checking '/home/vy/GalacticRacing/sim_ws/src/install/wall_follow/lib/pkgconfig/wall_follow.pc'
[10.437s] Level 1:colcon.colcon_core.environment:checking '/home/vy/GalacticRacing/sim_ws/src/install/wall_follow/lib/python3.8/site-packages'
[10.437s] Level 1:colcon.colcon_core.shell:create_environment_hook('wall_follow', 'pythonpath')
[10.519s] INFO:colcon.colcon_core.shell:Creating environment hook '/home/vy/GalacticRacing/sim_ws/src/install/wall_follow/share/wall_follow/hook/pythonpath.ps1'
[10.519s] INFO:colcon.colcon_core.shell:Creating environment descriptor '/home/vy/GalacticRacing/sim_ws/src/install/wall_follow/share/wall_follow/hook/pythonpath.dsv'
[10.520s] INFO:colcon.colcon_core.shell:Creating environment hook '/home/vy/GalacticRacing/sim_ws/src/install/wall_follow/share/wall_follow/hook/pythonpath.sh'
[10.521s] Level 1:colcon.colcon_core.environment:checking '/home/vy/GalacticRacing/sim_ws/src/install/wall_follow/bin'
[10.608s] INFO:colcon.colcon_core.shell:Creating package script '/home/vy/GalacticRacing/sim_ws/src/install/wall_follow/share/wall_follow/package.ps1'
[10.609s] INFO:colcon.colcon_core.shell:Creating package descriptor '/home/vy/GalacticRacing/sim_ws/src/install/wall_follow/share/wall_follow/package.dsv'
[10.610s] INFO:colcon.colcon_core.shell:Creating package script '/home/vy/GalacticRacing/sim_ws/src/install/wall_follow/share/wall_follow/package.sh'
[10.611s] INFO:colcon.colcon_core.shell:Creating package script '/home/vy/GalacticRacing/sim_ws/src/install/wall_follow/share/wall_follow/package.bash'
[10.611s] INFO:colcon.colcon_core.shell:Creating package script '/home/vy/GalacticRacing/sim_ws/src/install/wall_follow/share/wall_follow/package.zsh'
[10.612s] Level 1:colcon.colcon_core.environment:create_file_with_runtime_dependencies(/home/vy/GalacticRacing/sim_ws/src/install/wall_follow/share/colcon-core/packages/wall_follow)
[10.617s] DEBUG:colcon.colcon_core.event_handler.log_command:Invoked command in '/home/vy/GalacticRacing/sim_ws/src/particle_filter' returned '0': PYTHONPATH=/home/vy/GalacticRacing/sim_ws/src/build/particle_filter/prefix_override:/home/vy/GalacticRacing/sim_ws/src/install/particle_filter/lib/python3.8/site-packages:${PYTHONPATH} /usr/bin/python3 setup.py egg_info --egg-base ../build/particle_filter build --build-base /home/vy/GalacticRacing/sim_ws/src/build/particle_filter/build install --record /home/vy/GalacticRacing/sim_ws/src/build/particle_filter/install.log --install-scripts $base/lib/particle_filter --single-version-externally-managed
[10.696s] Level 1:colcon.colcon_core.environment:checking '/home/vy/GalacticRacing/sim_ws/src/install/particle_filter' for CMake module files
[10.696s] Level 1:colcon.colcon_core.environment:checking '/home/vy/GalacticRacing/sim_ws/src/install/particle_filter' for CMake config files
[10.697s] Level 1:colcon.colcon_core.environment:checking '/home/vy/GalacticRacing/sim_ws/src/install/particle_filter/lib'
[10.697s] Level 1:colcon.colcon_core.environment:checking '/home/vy/GalacticRacing/sim_ws/src/install/particle_filter/bin'
[10.697s] Level 1:colcon.colcon_core.environment:checking '/home/vy/GalacticRacing/sim_ws/src/install/particle_filter/lib/pkgconfig/particle_filter.pc'
[10.697s] Level 1:colcon.colcon_core.environment:checking '/home/vy/GalacticRacing/sim_ws/src/install/particle_filter/lib/python3.8/site-packages'
[10.697s] Level 1:colcon.colcon_core.shell:create_environment_hook('particle_filter', 'pythonpath')
[10.768s] INFO:colcon.colcon_core.shell:Creating environment hook '/home/vy/GalacticRacing/sim_ws/src/install/particle_filter/share/particle_filter/hook/pythonpath.ps1'
[10.768s] INFO:colcon.colcon_core.shell:Creating environment descriptor '/home/vy/GalacticRacing/sim_ws/src/install/particle_filter/share/particle_filter/hook/pythonpath.dsv'
[10.769s] INFO:colcon.colcon_core.shell:Creating environment hook '/home/vy/GalacticRacing/sim_ws/src/install/particle_filter/share/particle_filter/hook/pythonpath.sh'
[10.769s] Level 1:colcon.colcon_core.environment:checking '/home/vy/GalacticRacing/sim_ws/src/install/particle_filter/bin'
[10.770s] Level 1:colcon.colcon_core.environment:create_environment_scripts_only(particle_filter)
[10.841s] INFO:colcon.colcon_core.shell:Creating package script '/home/vy/GalacticRacing/sim_ws/src/install/particle_filter/share/particle_filter/package.ps1'
[10.841s] INFO:colcon.colcon_core.shell:Creating package descriptor '/home/vy/GalacticRacing/sim_ws/src/install/particle_filter/share/particle_filter/package.dsv'
[10.844s] INFO:colcon.colcon_core.shell:Creating package script '/home/vy/GalacticRacing/sim_ws/src/install/particle_filter/share/particle_filter/package.sh'
[10.845s] INFO:colcon.colcon_core.shell:Creating package script '/home/vy/GalacticRacing/sim_ws/src/install/particle_filter/share/particle_filter/package.bash'
[10.845s] INFO:colcon.colcon_core.shell:Creating package script '/home/vy/GalacticRacing/sim_ws/src/install/particle_filter/share/particle_filter/package.zsh'
[10.846s] Level 1:colcon.colcon_core.environment:create_file_with_runtime_dependencies(/home/vy/GalacticRacing/sim_ws/src/install/particle_filter/share/colcon-core/packages/particle_filter)
[10.926s] Level 1:colcon.colcon_core.environment:create_environment_scripts_only(safety_node)
[10.998s] Level 1:colcon.colcon_core.environment:checking '/home/vy/GalacticRacing/sim_ws/src/install/safety_node' for CMake module files
[10.999s] Level 1:colcon.colcon_core.environment:checking '/home/vy/GalacticRacing/sim_ws/src/install/safety_node' for CMake config files
[10.999s] Level 1:colcon.colcon_core.shell:create_environment_hook('safety_node', 'cmake_prefix_path')
[11.070s] INFO:colcon.colcon_core.shell:Creating environment hook '/home/vy/GalacticRacing/sim_ws/src/install/safety_node/share/safety_node/hook/cmake_prefix_path.ps1'
[11.071s] INFO:colcon.colcon_core.shell:Creating environment descriptor '/home/vy/GalacticRacing/sim_ws/src/install/safety_node/share/safety_node/hook/cmake_prefix_path.dsv'
[11.071s] INFO:colcon.colcon_core.shell:Creating environment hook '/home/vy/GalacticRacing/sim_ws/src/install/safety_node/share/safety_node/hook/cmake_prefix_path.sh'
[11.072s] Level 1:colcon.colcon_core.environment:checking '/home/vy/GalacticRacing/sim_ws/src/install/safety_node/lib'
[11.072s] Level 1:colcon.colcon_core.environment:checking '/home/vy/GalacticRacing/sim_ws/src/install/safety_node/bin'
[11.072s] Level 1:colcon.colcon_core.environment:checking '/home/vy/GalacticRacing/sim_ws/src/install/safety_node/lib/pkgconfig/safety_node.pc'
[11.072s] Level 1:colcon.colcon_core.environment:checking '/home/vy/GalacticRacing/sim_ws/src/install/safety_node/lib/python3.8/site-packages'
[11.072s] Level 1:colcon.colcon_core.shell:create_environment_hook('safety_node', 'pythonpath')
[11.146s] INFO:colcon.colcon_core.shell:Creating environment hook '/home/vy/GalacticRacing/sim_ws/src/install/safety_node/share/safety_node/hook/pythonpath.ps1'
[11.147s] INFO:colcon.colcon_core.shell:Creating environment descriptor '/home/vy/GalacticRacing/sim_ws/src/install/safety_node/share/safety_node/hook/pythonpath.dsv'
[11.148s] INFO:colcon.colcon_core.shell:Creating environment hook '/home/vy/GalacticRacing/sim_ws/src/install/safety_node/share/safety_node/hook/pythonpath.sh'
[11.148s] Level 1:colcon.colcon_core.environment:checking '/home/vy/GalacticRacing/sim_ws/src/install/safety_node/bin'
[11.219s] INFO:colcon.colcon_core.shell:Creating package script '/home/vy/GalacticRacing/sim_ws/src/install/safety_node/share/safety_node/package.ps1'
[11.222s] INFO:colcon.colcon_core.shell:Creating package descriptor '/home/vy/GalacticRacing/sim_ws/src/install/safety_node/share/safety_node/package.dsv'
[11.223s] INFO:colcon.colcon_core.shell:Creating package script '/home/vy/GalacticRacing/sim_ws/src/install/safety_node/share/safety_node/package.sh'
[11.225s] INFO:colcon.colcon_core.shell:Creating package script '/home/vy/GalacticRacing/sim_ws/src/install/safety_node/share/safety_node/package.bash'
[11.228s] INFO:colcon.colcon_core.shell:Creating package script '/home/vy/GalacticRacing/sim_ws/src/install/safety_node/share/safety_node/package.zsh'
[11.229s] Level 1:colcon.colcon_core.environment:create_file_with_runtime_dependencies(/home/vy/GalacticRacing/sim_ws/src/install/safety_node/share/colcon-core/packages/safety_node)
[11.300s] Level 1:colcon.colcon_core.environment:create_environment_scripts_only(wall_follow)
[11.377s] Level 1:colcon.colcon_core.environment:checking '/home/vy/GalacticRacing/sim_ws/src/install/wall_follow' for CMake module files
[11.378s] Level 1:colcon.colcon_core.environment:checking '/home/vy/GalacticRacing/sim_ws/src/install/wall_follow' for CMake config files
[11.378s] Level 1:colcon.colcon_core.shell:create_environment_hook('wall_follow', 'cmake_prefix_path')
[11.450s] INFO:colcon.colcon_core.shell:Creating environment hook '/home/vy/GalacticRacing/sim_ws/src/install/wall_follow/share/wall_follow/hook/cmake_prefix_path.ps1'
[11.451s] INFO:colcon.colcon_core.shell:Creating environment descriptor '/home/vy/GalacticRacing/sim_ws/src/install/wall_follow/share/wall_follow/hook/cmake_prefix_path.dsv'
[11.451s] INFO:colcon.colcon_core.shell:Creating environment hook '/home/vy/GalacticRacing/sim_ws/src/install/wall_follow/share/wall_follow/hook/cmake_prefix_path.sh'
[11.452s] Level 1:colcon.colcon_core.environment:checking '/home/vy/GalacticRacing/sim_ws/src/install/wall_follow/lib'
[11.452s] Level 1:colcon.colcon_core.environment:checking '/home/vy/GalacticRacing/sim_ws/src/install/wall_follow/bin'
[11.452s] Level 1:colcon.colcon_core.environment:checking '/home/vy/GalacticRacing/sim_ws/src/install/wall_follow/lib/pkgconfig/wall_follow.pc'
[11.454s] Level 1:colcon.colcon_core.environment:checking '/home/vy/GalacticRacing/sim_ws/src/install/wall_follow/lib/python3.8/site-packages'
[11.454s] Level 1:colcon.colcon_core.shell:create_environment_hook('wall_follow', 'pythonpath')
[11.532s] INFO:colcon.colcon_core.shell:Creating environment hook '/home/vy/GalacticRacing/sim_ws/src/install/wall_follow/share/wall_follow/hook/pythonpath.ps1'
[11.533s] INFO:colcon.colcon_core.shell:Creating environment descriptor '/home/vy/GalacticRacing/sim_ws/src/install/wall_follow/share/wall_follow/hook/pythonpath.dsv'
[11.533s] INFO:colcon.colcon_core.shell:Creating environment hook '/home/vy/GalacticRacing/sim_ws/src/install/wall_follow/share/wall_follow/hook/pythonpath.sh'
[11.534s] Level 1:colcon.colcon_core.environment:checking '/home/vy/GalacticRacing/sim_ws/src/install/wall_follow/bin'
[11.605s] INFO:colcon.colcon_core.shell:Creating package script '/home/vy/GalacticRacing/sim_ws/src/install/wall_follow/share/wall_follow/package.ps1'
[11.606s] INFO:colcon.colcon_core.shell:Creating package descriptor '/home/vy/GalacticRacing/sim_ws/src/install/wall_follow/share/wall_follow/package.dsv'
[11.607s] INFO:colcon.colcon_core.shell:Creating package script '/home/vy/GalacticRacing/sim_ws/src/install/wall_follow/share/wall_follow/package.sh'
[11.608s] INFO:colcon.colcon_core.shell:Creating package script '/home/vy/GalacticRacing/sim_ws/src/install/wall_follow/share/wall_follow/package.bash'
[11.609s] INFO:colcon.colcon_core.shell:Creating package script '/home/vy/GalacticRacing/sim_ws/src/install/wall_follow/share/wall_follow/package.zsh'
[11.609s] Level 1:colcon.colcon_core.environment:create_file_with_runtime_dependencies(/home/vy/GalacticRacing/sim_ws/src/install/wall_follow/share/colcon-core/packages/wall_follow)
[11.613s] DEBUG:colcon.colcon_parallel_executor.executor.parallel:closing loop
[11.614s] DEBUG:colcon.colcon_parallel_executor.executor.parallel:loop closed
[11.615s] DEBUG:colcon.colcon_parallel_executor.executor.parallel:run_until_complete finished with '0'
[11.615s] DEBUG:colcon.colcon_core.event_reactor:joining thread
[11.702s] INFO:colcon.colcon_core.plugin_system:Skipping extension 'colcon_notification.desktop_notification.terminal_notifier': Not used on non-Darwin systems
[11.702s] INFO:colcon.colcon_core.plugin_system:Skipping extension 'colcon_notification.desktop_notification.win32': Not used on non-Windows systems
[11.702s] INFO:colcon.colcon_notification.desktop_notification:Sending desktop notification using 'notify2'
[11.724s] DEBUG:colcon.colcon_core.event_reactor:joined thread
[11.812s] INFO:colcon.colcon_core.shell:Creating prefix script '/home/vy/GalacticRacing/sim_ws/src/install/local_setup.ps1'
[11.814s] INFO:colcon.colcon_core.shell:Creating prefix util module '/home/vy/GalacticRacing/sim_ws/src/install/_local_setup_util_ps1.py'
[11.815s] INFO:colcon.colcon_core.shell:Creating prefix chain script '/home/vy/GalacticRacing/sim_ws/src/install/setup.ps1'
[11.892s] INFO:colcon.colcon_core.shell:Creating prefix script '/home/vy/GalacticRacing/sim_ws/src/install/local_setup.sh'
[11.893s] INFO:colcon.colcon_core.shell:Creating prefix util module '/home/vy/GalacticRacing/sim_ws/src/install/_local_setup_util_sh.py'
[11.894s] INFO:colcon.colcon_core.shell:Creating prefix chain script '/home/vy/GalacticRacing/sim_ws/src/install/setup.sh'
[11.967s] INFO:colcon.colcon_core.shell:Creating prefix script '/home/vy/GalacticRacing/sim_ws/src/install/local_setup.bash'
[11.968s] INFO:colcon.colcon_core.shell:Creating prefix chain script '/home/vy/GalacticRacing/sim_ws/src/install/setup.bash'
[12.039s] INFO:colcon.colcon_core.shell:Creating prefix script '/home/vy/GalacticRacing/sim_ws/src/install/local_setup.zsh'
[12.041s] INFO:colcon.colcon_core.shell:Creating prefix chain script '/home/vy/GalacticRacing/sim_ws/src/install/setup.zsh'
