[0.762s] Invoking command in '/home/vy/GalacticRacing/sim_ws/src/build/gap_follow': CMAKE_PREFIX_PATH=/opt/ros/foxy /usr/bin/cmake /home/vy/GalacticRacing/sim_ws/src/gap_follow -DCMAKE_INSTALL_PREFIX=/home/vy/GalacticRacing/sim_ws/src/install/gap_follow
[0.809s] -- Found ament_cmake: 0.9.12 (/opt/ros/foxy/share/ament_cmake/cmake)
[0.855s] -- Found PythonInterp: /usr/bin/python3 (found suitable version "3.8.10", minimum required is "3") 
[0.855s] -- Using PYTHON_EXECUTABLE: /usr/bin/python3
[1.076s] -- Found rclcpp: 2.4.3 (/opt/ros/foxy/share/rclcpp/cmake)
[1.187s] -- Using all available rosidl_typesupport_c: rosidl_typesupport_fastrtps_c;rosidl_typesupport_introspection_c
[1.204s] -- Found rosidl_adapter: 1.3.1 (/opt/ros/foxy/share/rosidl_adapter/cmake)
[1.353s] -- Found OpenSSL: /usr/lib/x86_64-linux-gnu/libcrypto.so (found version "1.1.1f")  
[1.379s] -- Found FastRTPS: /opt/ros/foxy/include  
[1.476s] -- Using all available rosidl_typesupport_cpp: rosidl_typesupport_fastrtps_cpp;rosidl_typesupport_introspection_cpp
[1.590s] -- Found rmw_implementation_cmake: 1.0.4 (/opt/ros/foxy/share/rmw_implementation_cmake/cmake)
[1.597s] -- Using RMW implementation 'rmw_fastrtps_cpp' as default
[1.600s] -- Looking for pthread.h
[1.706s] -- Looking for pthread.h - found
[1.706s] -- Performing Test CMAKE_HAVE_LIBC_PTHREAD
[1.795s] -- Performing Test CMAKE_HAVE_LIBC_PTHREAD - Failed
[1.795s] -- Looking for pthread_create in pthreads
[1.859s] -- Looking for pthread_create in pthreads - not found
[1.860s] -- Looking for pthread_create in pthread
[1.937s] -- Looking for pthread_create in pthread - found
[1.938s] -- Found Threads: TRUE  
[2.153s] -- Found rclpy: 1.0.13 (/opt/ros/foxy/share/rclpy/cmake)
[2.157s] -- Found geometry_msgs: 2.0.5 (/opt/ros/foxy/share/geometry_msgs/cmake)
[2.201s] -- Found nav_msgs: 2.0.5 (/opt/ros/foxy/share/nav_msgs/cmake)
[2.295s] -- Found ackermann_msgs: 2.0.2 (/opt/ros/foxy/share/ackermann_msgs/cmake)
[2.338s] -- Found sensor_msgs: 2.0.5 (/opt/ros/foxy/share/sensor_msgs/cmake)
[2.446s] -- Found ament_lint_auto: 0.9.8 (/opt/ros/foxy/share/ament_lint_auto/cmake)
[2.549s] -- Added test 'copyright' to check source files copyright and LICENSE
[2.551s] -- Added test 'cppcheck' to perform static code analysis on C / C++ code
[2.551s] -- Configured cppcheck include dirs: /home/vy/GalacticRacing/sim_ws/src/gap_follow/include
[2.551s] -- Configured cppcheck exclude dirs and/or files: 
[2.552s] -- Added test 'cpplint' to check C / C++ code against the Google style
[2.552s] -- Configured cpplint exclude dirs and/or files: 
[2.553s] -- Added test 'flake8' to check Python code syntax and style conventions
[2.557s] -- Added test 'lint_cmake' to check CMake code style
[2.557s] -- Added test 'pep257' to check Python code against some of the style conventions in PEP 257
[2.559s] -- Added test 'uncrustify' to check C / C++ code style
[2.559s] -- Configured uncrustify additional arguments: 
[2.563s] -- Added test 'xmllint' to check XML markup files
[2.569s] -- Configuring done
[2.579s] -- Generating done
[2.580s] -- Build files have been written to: /home/vy/GalacticRacing/sim_ws/src/build/gap_follow
[2.601s] Invoked command in '/home/vy/GalacticRacing/sim_ws/src/build/gap_follow' returned '0': CMAKE_PREFIX_PATH=/opt/ros/foxy /usr/bin/cmake /home/vy/GalacticRacing/sim_ws/src/gap_follow -DCMAKE_INSTALL_PREFIX=/home/vy/GalacticRacing/sim_ws/src/install/gap_follow
[2.602s] Invoking command in '/home/vy/GalacticRacing/sim_ws/src/build/gap_follow': CMAKE_PREFIX_PATH=/opt/ros/foxy /usr/bin/cmake --build /home/vy/GalacticRacing/sim_ws/src/build/gap_follow -- -j6 -l6
[2.642s] [35m[1mScanning dependencies of target reactive_node[0m
[3.035s] [ 50%] [32mBuilding CXX object CMakeFiles/reactive_node.dir/src/reactive_node.cpp.o[0m
[4.834s] [01m[K/home/vy/GalacticRacing/sim_ws/src/gap_follow/src/reactive_node.cpp:[m[K In member function ‘[01m[Kvoid ReactiveFollowGap::preprocess_lidar(float*)[m[K’:
[4.835s] [01m[K/home/vy/GalacticRacing/sim_ws/src/gap_follow/src/reactive_node.cpp:24:34:[m[K [01;35m[Kwarning: [m[Kunused parameter ‘[01m[Kranges[m[K’ [[01;35m[K-Wunused-parameter[m[K]
[4.835s]    24 |     void preprocess_lidar([01;35m[Kfloat* ranges[m[K)
[4.835s]       |                           [01;35m[K~~~~~~~^~~~~~[m[K
[4.835s] [01m[K/home/vy/GalacticRacing/sim_ws/src/gap_follow/src/reactive_node.cpp:[m[K In member function ‘[01m[Kvoid ReactiveFollowGap::find_max_gap(float*, int*)[m[K’:
[4.835s] [01m[K/home/vy/GalacticRacing/sim_ws/src/gap_follow/src/reactive_node.cpp:32:30:[m[K [01;35m[Kwarning: [m[Kunused parameter ‘[01m[Kranges[m[K’ [[01;35m[K-Wunused-parameter[m[K]
[4.835s]    32 |     void find_max_gap([01;35m[Kfloat* ranges[m[K, int* indice)
[4.835s]       |                       [01;35m[K~~~~~~~^~~~~~[m[K
[4.835s] [01m[K/home/vy/GalacticRacing/sim_ws/src/gap_follow/src/reactive_node.cpp:32:43:[m[K [01;35m[Kwarning: [m[Kunused parameter ‘[01m[Kindice[m[K’ [[01;35m[K-Wunused-parameter[m[K]
[4.835s]    32 |     void find_max_gap(float* ranges, [01;35m[Kint* indice[m[K)
[4.835s]       |                                      [01;35m[K~~~~~^~~~~~[m[K
[4.835s] [01m[K/home/vy/GalacticRacing/sim_ws/src/gap_follow/src/reactive_node.cpp:[m[K In member function ‘[01m[Kvoid ReactiveFollowGap::find_best_point(float*, int*)[m[K’:
[4.835s] [01m[K/home/vy/GalacticRacing/sim_ws/src/gap_follow/src/reactive_node.cpp:38:33:[m[K [01;35m[Kwarning: [m[Kunused parameter ‘[01m[Kranges[m[K’ [[01;35m[K-Wunused-parameter[m[K]
[4.835s]    38 |     void find_best_point([01;35m[Kfloat* ranges[m[K, int* indice)
[4.835s]       |                          [01;35m[K~~~~~~~^~~~~~[m[K
[4.835s] [01m[K/home/vy/GalacticRacing/sim_ws/src/gap_follow/src/reactive_node.cpp:38:46:[m[K [01;35m[Kwarning: [m[Kunused parameter ‘[01m[Kindice[m[K’ [[01;35m[K-Wunused-parameter[m[K]
[4.836s]    38 |     void find_best_point(float* ranges, [01;35m[Kint* indice[m[K)
[4.836s]       |                                         [01;35m[K~~~~~^~~~~~[m[K
[4.838s] [01m[K/home/vy/GalacticRacing/sim_ws/src/gap_follow/src/reactive_node.cpp:[m[K In member function ‘[01m[Kvoid ReactiveFollowGap::lidar_callback(sensor_msgs::msg::LaserScan_<std::allocator<void> >::ConstSharedPtr)[m[K’:
[4.838s] [01m[K/home/vy/GalacticRacing/sim_ws/src/gap_follow/src/reactive_node.cpp:47:75:[m[K [01;35m[Kwarning: [m[Kunused parameter ‘[01m[Kscan_msg[m[K’ [[01;35m[K-Wunused-parameter[m[K]
[4.838s]    47 | oid lidar_callback([01;35m[Kconst sensor_msgs::msg::LaserScan::ConstSharedPtr scan_msg[m[K)
[4.838s]       |                    [01;35m[K~~~~~~~~~~~~~~~~~~~~~~~~~~~~~~~~~~~~~~~~~~~~~~~~~~^~~~~~~~[m[K
[4.838s] 
[5.394s] [100%] [32m[1mLinking CXX executable reactive_node[0m
[5.617s] [100%] Built target reactive_node
[5.635s] Invoked command in '/home/vy/GalacticRacing/sim_ws/src/build/gap_follow' returned '0': CMAKE_PREFIX_PATH=/opt/ros/foxy /usr/bin/cmake --build /home/vy/GalacticRacing/sim_ws/src/build/gap_follow -- -j6 -l6
[5.723s] Invoking command in '/home/vy/GalacticRacing/sim_ws/src/build/gap_follow': CMAKE_PREFIX_PATH=/opt/ros/foxy /usr/bin/cmake --install /home/vy/GalacticRacing/sim_ws/src/build/gap_follow
[5.775s] -- Install configuration: ""
[5.781s] -- Installing: /home/vy/GalacticRacing/sim_ws/src/install/gap_follow/lib/gap_follow/reactive_node
[5.783s] -- Set runtime path of "/home/vy/GalacticRacing/sim_ws/src/install/gap_follow/lib/gap_follow/reactive_node" to ""
[5.783s] -- Installing: /home/vy/GalacticRacing/sim_ws/src/install/gap_follow/share/gap_follow/environment/pythonpath.sh
[5.789s] -- Installing: /home/vy/GalacticRacing/sim_ws/src/install/gap_follow/share/gap_follow/environment/pythonpath.dsv
[5.789s] -- Installing: /home/vy/GalacticRacing/sim_ws/src/install/gap_follow/lib/python3.8/site-packages/gap_follow
[5.789s] -- Installing: /home/vy/GalacticRacing/sim_ws/src/install/gap_follow/lib/python3.8/site-packages/gap_follow/__init__.py
[5.828s] Listing '/home/vy/GalacticRacing/sim_ws/src/install/gap_follow/lib/python3.8/site-packages/gap_follow'...
[5.828s] Compiling '/home/vy/GalacticRacing/sim_ws/src/install/gap_follow/lib/python3.8/site-packages/gap_follow/__init__.py'...
[5.829s] -- Installing: /home/vy/GalacticRacing/sim_ws/src/install/gap_follow/lib/gap_follow/reactive_node.py
[5.829s] -- Installing: /home/vy/GalacticRacing/sim_ws/src/install/gap_follow/share/ament_index/resource_index/package_run_dependencies/gap_follow
[5.829s] -- Installing: /home/vy/GalacticRacing/sim_ws/src/install/gap_follow/share/ament_index/resource_index/parent_prefix_path/gap_follow
[5.830s] -- Installing: /home/vy/GalacticRacing/sim_ws/src/install/gap_follow/share/gap_follow/environment/ament_prefix_path.sh
[5.830s] -- Installing: /home/vy/GalacticRacing/sim_ws/src/install/gap_follow/share/gap_follow/environment/ament_prefix_path.dsv
[5.830s] -- Installing: /home/vy/GalacticRacing/sim_ws/src/install/gap_follow/share/gap_follow/environment/path.sh
[5.830s] -- Installing: /home/vy/GalacticRacing/sim_ws/src/install/gap_follow/share/gap_follow/environment/path.dsv
[5.831s] -- Installing: /home/vy/GalacticRacing/sim_ws/src/install/gap_follow/share/gap_follow/local_setup.bash
[5.831s] -- Installing: /home/vy/GalacticRacing/sim_ws/src/install/gap_follow/share/gap_follow/local_setup.sh
[5.831s] -- Installing: /home/vy/GalacticRacing/sim_ws/src/install/gap_follow/share/gap_follow/local_setup.zsh
[5.840s] -- Installing: /home/vy/GalacticRacing/sim_ws/src/install/gap_follow/share/gap_follow/local_setup.dsv
[5.840s] -- Installing: /home/vy/GalacticRacing/sim_ws/src/install/gap_follow/share/gap_follow/package.dsv
[5.846s] -- Installing: /home/vy/GalacticRacing/sim_ws/src/install/gap_follow/share/ament_index/resource_index/packages/gap_follow
[5.846s] -- Installing: /home/vy/GalacticRacing/sim_ws/src/install/gap_follow/share/gap_follow/cmake/gap_followConfig.cmake
[5.847s] -- Installing: /home/vy/GalacticRacing/sim_ws/src/install/gap_follow/share/gap_follow/cmake/gap_followConfig-version.cmake
[5.847s] -- Installing: /home/vy/GalacticRacing/sim_ws/src/install/gap_follow/share/gap_follow/package.xml
[5.963s] Invoked command in '/home/vy/GalacticRacing/sim_ws/src/build/gap_follow' returned '0': CMAKE_PREFIX_PATH=/opt/ros/foxy /usr/bin/cmake --install /home/vy/GalacticRacing/sim_ws/src/build/gap_follow
