[3.012s] DEBUG:colcon:Command line arguments: ['/usr/bin/colcon', 'build']
[3.013s] DEBUG:colcon:Parsed command line arguments: Namespace(allow_overriding=[], ament_cmake_args=None, base_paths=['.'], build_base='build', catkin_cmake_args=None, catkin_skip_building_tests=False, cmake_args=None, cmake_clean_cache=False, cmake_clean_first=False, cmake_force_configure=False, cmake_target=None, cmake_target_skip_unavailable=False, continue_on_error=False, event_handlers=None, executor='parallel', ignore_user_meta=False, install_base='install', log_base=None, log_level=None, main=<bound method BuildVerb.main of <colcon_core.verb.build.BuildVerb object at 0x7fba65889970>>, merge_install=False, metas=['./colcon.meta'], packages_above=None, packages_above_and_dependencies=None, packages_above_depth=None, packages_end=None, packages_ignore=None, packages_ignore_regex=None, packages_select=None, packages_select_build_failed=False, packages_select_by_dep=None, packages_select_regex=None, packages_select_test_failures=False, packages_skip=None, packages_skip_build_finished=False, packages_skip_by_dep=None, packages_skip_regex=None, packages_skip_test_passed=False, packages_skip_up_to=None, packages_start=None, packages_up_to=None, packages_up_to_regex=None, parallel_workers=4, paths=None, symlink_install=False, test_result_base=None, verb_extension=<colcon_core.verb.build.BuildVerb object at 0x7fba65889970>, verb_name='build', verb_parser=<colcon_defaults.argument_parser.defaults.DefaultArgumentsDecorator object at 0x7fba655c0730>)
[3.190s] Level 1:colcon.colcon_core.package_discovery:discover_packages(colcon_meta) check parameters
[3.190s] Level 1:colcon.colcon_core.package_discovery:discover_packages(recursive) check parameters
[3.190s] Level 1:colcon.colcon_core.package_discovery:discover_packages(ignore) check parameters
[3.190s] Level 1:colcon.colcon_core.package_discovery:discover_packages(path) check parameters
[3.191s] Level 1:colcon.colcon_core.package_discovery:discover_packages(colcon_meta) discover
[3.191s] Level 1:colcon.colcon_core.package_discovery:discover_packages(recursive) discover
[3.191s] INFO:colcon.colcon_core.package_discovery:Crawling recursively for packages in '/home/vy/GalacticRacing/sim_ws'
[3.191s] Level 1:colcon.colcon_core.package_identification:_identify(.) by extensions ['ignore', 'ignore_ament_install']
[3.192s] Level 1:colcon.colcon_core.package_identification:_identify(.) by extension 'ignore'
[3.192s] Level 1:colcon.colcon_core.package_identification:_identify(.) by extension 'ignore_ament_install'
[3.192s] Level 1:colcon.colcon_core.package_identification:_identify(.) by extensions ['colcon_pkg']
[3.192s] Level 1:colcon.colcon_core.package_identification:_identify(.) by extension 'colcon_pkg'
[3.192s] Level 1:colcon.colcon_core.package_identification:_identify(.) by extensions ['colcon_meta']
[3.193s] Level 1:colcon.colcon_core.package_identification:_identify(.) by extension 'colcon_meta'
[3.193s] Level 1:colcon.colcon_core.package_identification:_identify(.) by extensions ['ros']
[3.193s] Level 1:colcon.colcon_core.package_identification:_identify(.) by extension 'ros'
[3.213s] Level 1:colcon.colcon_core.package_identification:_identify(.) by extensions ['cmake', 'python']
[3.216s] Level 1:colcon.colcon_core.package_identification:_identify(.) by extension 'cmake'
[3.217s] Level 1:colcon.colcon_core.package_identification:_identify(.) by extension 'python'
[3.217s] Level 1:colcon.colcon_core.package_identification:_identify(.) by extensions ['python_setup_py']
[3.217s] Level 1:colcon.colcon_core.package_identification:_identify(.) by extension 'python_setup_py'
[3.217s] Level 1:colcon.colcon_core.package_identification:_identify(build) by extensions ['ignore', 'ignore_ament_install']
[3.217s] Level 1:colcon.colcon_core.package_identification:_identify(build) by extension 'ignore'
[3.218s] Level 1:colcon.colcon_core.package_identification:_identify(build) ignored
[3.218s] Level 1:colcon.colcon_core.package_identification:_identify(install) by extensions ['ignore', 'ignore_ament_install']
[3.218s] Level 1:colcon.colcon_core.package_identification:_identify(install) by extension 'ignore'
[3.218s] Level 1:colcon.colcon_core.package_identification:_identify(install) ignored
[3.218s] Level 1:colcon.colcon_core.package_identification:_identify(lab5_pkg) by extensions ['ignore', 'ignore_ament_install']
[3.219s] Level 1:colcon.colcon_core.package_identification:_identify(lab5_pkg) by extension 'ignore'
[3.219s] Level 1:colcon.colcon_core.package_identification:_identify(lab5_pkg) by extension 'ignore_ament_install'
[3.219s] Level 1:colcon.colcon_core.package_identification:_identify(lab5_pkg) by extensions ['colcon_pkg']
[3.219s] Level 1:colcon.colcon_core.package_identification:_identify(lab5_pkg) by extension 'colcon_pkg'
[3.219s] Level 1:colcon.colcon_core.package_identification:_identify(lab5_pkg) by extensions ['colcon_meta']
[3.219s] Level 1:colcon.colcon_core.package_identification:_identify(lab5_pkg) by extension 'colcon_meta'
[3.219s] Level 1:colcon.colcon_core.package_identification:_identify(lab5_pkg) by extensions ['ros']
[3.220s] Level 1:colcon.colcon_core.package_identification:_identify(lab5_pkg) by extension 'ros'
[3.228s] DEBUG:colcon.colcon_core.package_identification:Package 'lab5_pkg' with type 'ros.ament_cmake' and name 'lab5_pkg'
[3.228s] Level 1:colcon.colcon_core.package_identification:_identify(log) by extensions ['ignore', 'ignore_ament_install']
[3.228s] Level 1:colcon.colcon_core.package_identification:_identify(log) by extension 'ignore'
[3.230s] Level 1:colcon.colcon_core.package_identification:_identify(log) ignored
[3.230s] Level 1:colcon.colcon_core.package_identification:_identify(range_libc) by extensions ['ignore', 'ignore_ament_install']
[3.230s] Level 1:colcon.colcon_core.package_identification:_identify(range_libc) by extension 'ignore'
[3.231s] Level 1:colcon.colcon_core.package_identification:_identify(range_libc) by extension 'ignore_ament_install'
[3.231s] Level 1:colcon.colcon_core.package_identification:_identify(range_libc) by extensions ['colcon_pkg']
[3.231s] Level 1:colcon.colcon_core.package_identification:_identify(range_libc) by extension 'colcon_pkg'
[3.231s] Level 1:colcon.colcon_core.package_identification:_identify(range_libc) by extensions ['colcon_meta']
[3.231s] Level 1:colcon.colcon_core.package_identification:_identify(range_libc) by extension 'colcon_meta'
[3.231s] Level 1:colcon.colcon_core.package_identification:_identify(range_libc) by extensions ['ros']
[3.231s] Level 1:colcon.colcon_core.package_identification:_identify(range_libc) by extension 'ros'
[3.231s] Level 1:colcon.colcon_core.package_identification:_identify(range_libc) by extensions ['cmake', 'python']
[3.231s] Level 1:colcon.colcon_core.package_identification:_identify(range_libc) by extension 'cmake'
[3.244s] Level 1:colcon.colcon_core.package_identification:_identify(range_libc) by extension 'python'
[3.244s] DEBUG:colcon.colcon_core.package_identification:Package 'range_libc' with type 'cmake' and name 'range_lib'
[3.244s] Level 1:colcon.colcon_core.package_identification:_identify(src) by extensions ['ignore', 'ignore_ament_install']
[3.244s] Level 1:colcon.colcon_core.package_identification:_identify(src) by extension 'ignore'
[3.245s] Level 1:colcon.colcon_core.package_identification:_identify(src) by extension 'ignore_ament_install'
[3.245s] Level 1:colcon.colcon_core.package_identification:_identify(src) by extensions ['colcon_pkg']
[3.245s] Level 1:colcon.colcon_core.package_identification:_identify(src) by extension 'colcon_pkg'
[3.245s] Level 1:colcon.colcon_core.package_identification:_identify(src) by extensions ['colcon_meta']
[3.245s] Level 1:colcon.colcon_core.package_identification:_identify(src) by extension 'colcon_meta'
[3.245s] Level 1:colcon.colcon_core.package_identification:_identify(src) by extensions ['ros']
[3.245s] Level 1:colcon.colcon_core.package_identification:_identify(src) by extension 'ros'
[3.245s] Level 1:colcon.colcon_core.package_identification:_identify(src) by extensions ['cmake', 'python']
[3.245s] Level 1:colcon.colcon_core.package_identification:_identify(src) by extension 'cmake'
[3.246s] Level 1:colcon.colcon_core.package_identification:_identify(src) by extension 'python'
[3.246s] Level 1:colcon.colcon_core.package_identification:_identify(src) by extensions ['python_setup_py']
[3.246s] Level 1:colcon.colcon_core.package_identification:_identify(src) by extension 'python_setup_py'
[3.246s] Level 1:colcon.colcon_core.package_identification:_identify(src/f1tenth_gym_ros) by extensions ['ignore', 'ignore_ament_install']
[3.251s] Level 1:colcon.colcon_core.package_identification:_identify(src/f1tenth_gym_ros) by extension 'ignore'
[3.251s] Level 1:colcon.colcon_core.package_identification:_identify(src/f1tenth_gym_ros) by extension 'ignore_ament_install'
[3.251s] Level 1:colcon.colcon_core.package_identification:_identify(src/f1tenth_gym_ros) by extensions ['colcon_pkg']
[3.251s] Level 1:colcon.colcon_core.package_identification:_identify(src/f1tenth_gym_ros) by extension 'colcon_pkg'
[3.251s] Level 1:colcon.colcon_core.package_identification:_identify(src/f1tenth_gym_ros) by extensions ['colcon_meta']
[3.251s] Level 1:colcon.colcon_core.package_identification:_identify(src/f1tenth_gym_ros) by extension 'colcon_meta'
[3.251s] Level 1:colcon.colcon_core.package_identification:_identify(src/f1tenth_gym_ros) by extensions ['ros']
[3.251s] Level 1:colcon.colcon_core.package_identification:_identify(src/f1tenth_gym_ros) by extension 'ros'
[3.252s] DEBUG:colcon.colcon_core.package_identification:Package 'src/f1tenth_gym_ros' with type 'ros.ament_python' and name 'f1tenth_gym_ros'
[3.252s] Level 1:colcon.colcon_core.package_identification:_identify(src/gap_follow) by extensions ['ignore', 'ignore_ament_install']
[3.252s] Level 1:colcon.colcon_core.package_identification:_identify(src/gap_follow) by extension 'ignore'
[3.253s] Level 1:colcon.colcon_core.package_identification:_identify(src/gap_follow) by extension 'ignore_ament_install'
[3.253s] Level 1:colcon.colcon_core.package_identification:_identify(src/gap_follow) by extensions ['colcon_pkg']
[3.253s] Level 1:colcon.colcon_core.package_identification:_identify(src/gap_follow) by extension 'colcon_pkg'
[3.253s] Level 1:colcon.colcon_core.package_identification:_identify(src/gap_follow) by extensions ['colcon_meta']
[3.253s] Level 1:colcon.colcon_core.package_identification:_identify(src/gap_follow) by extension 'colcon_meta'
[3.253s] Level 1:colcon.colcon_core.package_identification:_identify(src/gap_follow) by extensions ['ros']
[3.253s] Level 1:colcon.colcon_core.package_identification:_identify(src/gap_follow) by extension 'ros'
[3.254s] DEBUG:colcon.colcon_core.package_identification:Package 'src/gap_follow' with type 'ros.ament_cmake' and name 'gap_follow'
[3.254s] Level 1:colcon.colcon_core.package_identification:_identify(src/particle_filter) by extensions ['ignore', 'ignore_ament_install']
[3.254s] Level 1:colcon.colcon_core.package_identification:_identify(src/particle_filter) by extension 'ignore'
[3.254s] Level 1:colcon.colcon_core.package_identification:_identify(src/particle_filter) by extension 'ignore_ament_install'
[3.255s] Level 1:colcon.colcon_core.package_identification:_identify(src/particle_filter) by extensions ['colcon_pkg']
[3.255s] Level 1:colcon.colcon_core.package_identification:_identify(src/particle_filter) by extension 'colcon_pkg'
[3.255s] Level 1:colcon.colcon_core.package_identification:_identify(src/particle_filter) by extensions ['colcon_meta']
[3.255s] Level 1:colcon.colcon_core.package_identification:_identify(src/particle_filter) by extension 'colcon_meta'
[3.255s] Level 1:colcon.colcon_core.package_identification:_identify(src/particle_filter) by extensions ['ros']
[3.258s] Level 1:colcon.colcon_core.package_identification:_identify(src/particle_filter) by extension 'ros'
[3.260s] DEBUG:colcon.colcon_core.package_identification:Package 'src/particle_filter' with type 'ros.ament_python' and name 'particle_filter'
[3.260s] Level 1:colcon.colcon_core.package_identification:_identify(src/pure_pursuit) by extensions ['ignore', 'ignore_ament_install']
[3.260s] Level 1:colcon.colcon_core.package_identification:_identify(src/pure_pursuit) by extension 'ignore'
[3.260s] Level 1:colcon.colcon_core.package_identification:_identify(src/pure_pursuit) by extension 'ignore_ament_install'
[3.262s] Level 1:colcon.colcon_core.package_identification:_identify(src/pure_pursuit) by extensions ['colcon_pkg']
[3.262s] Level 1:colcon.colcon_core.package_identification:_identify(src/pure_pursuit) by extension 'colcon_pkg'
[3.262s] Level 1:colcon.colcon_core.package_identification:_identify(src/pure_pursuit) by extensions ['colcon_meta']
[3.262s] Level 1:colcon.colcon_core.package_identification:_identify(src/pure_pursuit) by extension 'colcon_meta'
[3.262s] Level 1:colcon.colcon_core.package_identification:_identify(src/pure_pursuit) by extensions ['ros']
[3.262s] Level 1:colcon.colcon_core.package_identification:_identify(src/pure_pursuit) by extension 'ros'
[3.263s] DEBUG:colcon.colcon_core.package_identification:Package 'src/pure_pursuit' with type 'ros.ament_cmake' and name 'pure_pursuit'
[3.264s] Level 1:colcon.colcon_core.package_identification:_identify(src/safety_node) by extensions ['ignore', 'ignore_ament_install']
[3.264s] Level 1:colcon.colcon_core.package_identification:_identify(src/safety_node) by extension 'ignore'
[3.264s] Level 1:colcon.colcon_core.package_identification:_identify(src/safety_node) by extension 'ignore_ament_install'
[3.264s] Level 1:colcon.colcon_core.package_identification:_identify(src/safety_node) by extensions ['colcon_pkg']
[3.264s] Level 1:colcon.colcon_core.package_identification:_identify(src/safety_node) by extension 'colcon_pkg'
[3.265s] Level 1:colcon.colcon_core.package_identification:_identify(src/safety_node) by extensions ['colcon_meta']
[3.269s] Level 1:colcon.colcon_core.package_identification:_identify(src/safety_node) by extension 'colcon_meta'
[3.270s] Level 1:colcon.colcon_core.package_identification:_identify(src/safety_node) by extensions ['ros']
[3.271s] Level 1:colcon.colcon_core.package_identification:_identify(src/safety_node) by extension 'ros'
[3.274s] DEBUG:colcon.colcon_core.package_identification:Package 'src/safety_node' with type 'ros.ament_cmake' and name 'safety_node'
[3.274s] Level 1:colcon.colcon_core.package_identification:_identify(src/wall_follow) by extensions ['ignore', 'ignore_ament_install']
[3.274s] Level 1:colcon.colcon_core.package_identification:_identify(src/wall_follow) by extension 'ignore'
[3.275s] Level 1:colcon.colcon_core.package_identification:_identify(src/wall_follow) by extension 'ignore_ament_install'
[3.275s] Level 1:colcon.colcon_core.package_identification:_identify(src/wall_follow) by extensions ['colcon_pkg']
[3.275s] Level 1:colcon.colcon_core.package_identification:_identify(src/wall_follow) by extension 'colcon_pkg'
[3.275s] Level 1:colcon.colcon_core.package_identification:_identify(src/wall_follow) by extensions ['colcon_meta']
[3.275s] Level 1:colcon.colcon_core.package_identification:_identify(src/wall_follow) by extension 'colcon_meta'
[3.275s] Level 1:colcon.colcon_core.package_identification:_identify(src/wall_follow) by extensions ['ros']
[3.275s] Level 1:colcon.colcon_core.package_identification:_identify(src/wall_follow) by extension 'ros'
[3.279s] DEBUG:colcon.colcon_core.package_identification:Package 'src/wall_follow' with type 'ros.ament_cmake' and name 'wall_follow'
[3.279s] Level 1:colcon.colcon_core.package_identification:_identify(src/waypoint_logger) by extensions ['ignore', 'ignore_ament_install']
[3.279s] Level 1:colcon.colcon_core.package_identification:_identify(src/waypoint_logger) by extension 'ignore'
[3.279s] Level 1:colcon.colcon_core.package_identification:_identify(src/waypoint_logger) by extension 'ignore_ament_install'
[3.280s] Level 1:colcon.colcon_core.package_identification:_identify(src/waypoint_logger) by extensions ['colcon_pkg']
[3.280s] Level 1:colcon.colcon_core.package_identification:_identify(src/waypoint_logger) by extension 'colcon_pkg'
[3.280s] Level 1:colcon.colcon_core.package_identification:_identify(src/waypoint_logger) by extensions ['colcon_meta']
[3.280s] Level 1:colcon.colcon_core.package_identification:_identify(src/waypoint_logger) by extension 'colcon_meta'
[3.280s] Level 1:colcon.colcon_core.package_identification:_identify(src/waypoint_logger) by extensions ['ros']
[3.280s] Level 1:colcon.colcon_core.package_identification:_identify(src/waypoint_logger) by extension 'ros'
[3.282s] DEBUG:colcon.colcon_core.package_identification:Package 'src/waypoint_logger' with type 'ros.ament_cmake' and name 'waypoint_logger'
[3.282s] Level 1:colcon.colcon_core.package_discovery:discover_packages(recursive) using defaults
[3.282s] Level 1:colcon.colcon_core.package_discovery:discover_packages(ignore) discover
[3.282s] Level 1:colcon.colcon_core.package_discovery:discover_packages(ignore) using defaults
[3.282s] Level 1:colcon.colcon_core.package_discovery:discover_packages(path) discover
[3.282s] Level 1:colcon.colcon_core.package_discovery:discover_packages(path) using defaults
[3.687s] Level 1:colcon.colcon_core.package_discovery:discover_packages(prefix_path) check parameters
[3.687s] Level 1:colcon.colcon_core.package_discovery:discover_packages(prefix_path) discover
[3.872s] DEBUG:colcon.colcon_installed_package_information.package_discovery:Found 8 installed packages in /home/vy/GalacticRacing/sim_ws/install
[3.974s] DEBUG:colcon.colcon_installed_package_information.package_discovery:Found 266 installed packages in /opt/ros/foxy
[3.983s] Level 1:colcon.colcon_core.package_discovery:discover_packages(prefix_path) using defaults
[4.278s] Level 5:colcon.colcon_core.verb:set package 'f1tenth_gym_ros' build argument 'cmake_args' from command line to 'None'
[4.278s] Level 5:colcon.colcon_core.verb:set package 'f1tenth_gym_ros' build argument 'cmake_target' from command line to 'None'
[4.278s] Level 5:colcon.colcon_core.verb:set package 'f1tenth_gym_ros' build argument 'cmake_target_skip_unavailable' from command line to 'False'
[4.278s] Level 5:colcon.colcon_core.verb:set package 'f1tenth_gym_ros' build argument 'cmake_clean_cache' from command line to 'False'
[4.278s] Level 5:colcon.colcon_core.verb:set package 'f1tenth_gym_ros' build argument 'cmake_clean_first' from command line to 'False'
[4.278s] Level 5:colcon.colcon_core.verb:set package 'f1tenth_gym_ros' build argument 'cmake_force_configure' from command line to 'False'
[4.279s] Level 5:colcon.colcon_core.verb:set package 'f1tenth_gym_ros' build argument 'ament_cmake_args' from command line to 'None'
[4.279s] Level 5:colcon.colcon_core.verb:set package 'f1tenth_gym_ros' build argument 'catkin_cmake_args' from command line to 'None'
[4.279s] Level 5:colcon.colcon_core.verb:set package 'f1tenth_gym_ros' build argument 'catkin_skip_building_tests' from command line to 'False'
[4.281s] DEBUG:colcon.colcon_core.verb:Building package 'f1tenth_gym_ros' with the following arguments: {'ament_cmake_args': None, 'build_base': '/home/vy/GalacticRacing/sim_ws/build/f1tenth_gym_ros', 'catkin_cmake_args': None, 'catkin_skip_building_tests': False, 'cmake_args': None, 'cmake_clean_cache': False, 'cmake_clean_first': False, 'cmake_force_configure': False, 'cmake_target': None, 'cmake_target_skip_unavailable': False, 'install_base': '/home/vy/GalacticRacing/sim_ws/install/f1tenth_gym_ros', 'merge_install': False, 'path': '/home/vy/GalacticRacing/sim_ws/src/f1tenth_gym_ros', 'symlink_install': False, 'test_result_base': None}
[4.324s] Level 5:colcon.colcon_core.verb:set package 'gap_follow' build argument 'cmake_args' from command line to 'None'
[4.325s] Level 5:colcon.colcon_core.verb:set package 'gap_follow' build argument 'cmake_target' from command line to 'None'
[4.325s] Level 5:colcon.colcon_core.verb:set package 'gap_follow' build argument 'cmake_target_skip_unavailable' from command line to 'False'
[4.325s] Level 5:colcon.colcon_core.verb:set package 'gap_follow' build argument 'cmake_clean_cache' from command line to 'False'
[4.325s] Level 5:colcon.colcon_core.verb:set package 'gap_follow' build argument 'cmake_clean_first' from command line to 'False'
[4.325s] Level 5:colcon.colcon_core.verb:set package 'gap_follow' build argument 'cmake_force_configure' from command line to 'False'
[4.325s] Level 5:colcon.colcon_core.verb:set package 'gap_follow' build argument 'ament_cmake_args' from command line to 'None'
[4.325s] Level 5:colcon.colcon_core.verb:set package 'gap_follow' build argument 'catkin_cmake_args' from command line to 'None'
[4.325s] Level 5:colcon.colcon_core.verb:set package 'gap_follow' build argument 'catkin_skip_building_tests' from command line to 'False'
[4.325s] DEBUG:colcon.colcon_core.verb:Building package 'gap_follow' with the following arguments: {'ament_cmake_args': None, 'build_base': '/home/vy/GalacticRacing/sim_ws/build/gap_follow', 'catkin_cmake_args': None, 'catkin_skip_building_tests': False, 'cmake_args': None, 'cmake_clean_cache': False, 'cmake_clean_first': False, 'cmake_force_configure': False, 'cmake_target': None, 'cmake_target_skip_unavailable': False, 'install_base': '/home/vy/GalacticRacing/sim_ws/install/gap_follow', 'merge_install': False, 'path': '/home/vy/GalacticRacing/sim_ws/src/gap_follow', 'symlink_install': False, 'test_result_base': None}
[4.376s] Level 5:colcon.colcon_core.verb:set package 'lab5_pkg' build argument 'cmake_args' from command line to 'None'
[4.376s] Level 5:colcon.colcon_core.verb:set package 'lab5_pkg' build argument 'cmake_target' from command line to 'None'
[4.376s] Level 5:colcon.colcon_core.verb:set package 'lab5_pkg' build argument 'cmake_target_skip_unavailable' from command line to 'False'
[4.376s] Level 5:colcon.colcon_core.verb:set package 'lab5_pkg' build argument 'cmake_clean_cache' from command line to 'False'
[4.376s] Level 5:colcon.colcon_core.verb:set package 'lab5_pkg' build argument 'cmake_clean_first' from command line to 'False'
[4.376s] Level 5:colcon.colcon_core.verb:set package 'lab5_pkg' build argument 'cmake_force_configure' from command line to 'False'
[4.376s] Level 5:colcon.colcon_core.verb:set package 'lab5_pkg' build argument 'ament_cmake_args' from command line to 'None'
[4.376s] Level 5:colcon.colcon_core.verb:set package 'lab5_pkg' build argument 'catkin_cmake_args' from command line to 'None'
[4.376s] Level 5:colcon.colcon_core.verb:set package 'lab5_pkg' build argument 'catkin_skip_building_tests' from command line to 'False'
[4.376s] DEBUG:colcon.colcon_core.verb:Building package 'lab5_pkg' with the following arguments: {'ament_cmake_args': None, 'build_base': '/home/vy/GalacticRacing/sim_ws/build/lab5_pkg', 'catkin_cmake_args': None, 'catkin_skip_building_tests': False, 'cmake_args': None, 'cmake_clean_cache': False, 'cmake_clean_first': False, 'cmake_force_configure': False, 'cmake_target': None, 'cmake_target_skip_unavailable': False, 'install_base': '/home/vy/GalacticRacing/sim_ws/install/lab5_pkg', 'merge_install': False, 'path': '/home/vy/GalacticRacing/sim_ws/lab5_pkg', 'symlink_install': False, 'test_result_base': None}
[4.434s] Level 5:colcon.colcon_core.verb:set package 'particle_filter' build argument 'cmake_args' from command line to 'None'
[4.434s] Level 5:colcon.colcon_core.verb:set package 'particle_filter' build argument 'cmake_target' from command line to 'None'
[4.434s] Level 5:colcon.colcon_core.verb:set package 'particle_filter' build argument 'cmake_target_skip_unavailable' from command line to 'False'
[4.434s] Level 5:colcon.colcon_core.verb:set package 'particle_filter' build argument 'cmake_clean_cache' from command line to 'False'
[4.434s] Level 5:colcon.colcon_core.verb:set package 'particle_filter' build argument 'cmake_clean_first' from command line to 'False'
[4.434s] Level 5:colcon.colcon_core.verb:set package 'particle_filter' build argument 'cmake_force_configure' from command line to 'False'
[4.434s] Level 5:colcon.colcon_core.verb:set package 'particle_filter' build argument 'ament_cmake_args' from command line to 'None'
[4.434s] Level 5:colcon.colcon_core.verb:set package 'particle_filter' build argument 'catkin_cmake_args' from command line to 'None'
[4.434s] Level 5:colcon.colcon_core.verb:set package 'particle_filter' build argument 'catkin_skip_building_tests' from command line to 'False'
[4.434s] DEBUG:colcon.colcon_core.verb:Building package 'particle_filter' with the following arguments: {'ament_cmake_args': None, 'build_base': '/home/vy/GalacticRacing/sim_ws/build/particle_filter', 'catkin_cmake_args': None, 'catkin_skip_building_tests': False, 'cmake_args': None, 'cmake_clean_cache': False, 'cmake_clean_first': False, 'cmake_force_configure': False, 'cmake_target': None, 'cmake_target_skip_unavailable': False, 'install_base': '/home/vy/GalacticRacing/sim_ws/install/particle_filter', 'merge_install': False, 'path': '/home/vy/GalacticRacing/sim_ws/src/particle_filter', 'symlink_install': False, 'test_result_base': None}
[4.476s] Level 5:colcon.colcon_core.verb:set package 'pure_pursuit' build argument 'cmake_args' from command line to 'None'
[4.476s] Level 5:colcon.colcon_core.verb:set package 'pure_pursuit' build argument 'cmake_target' from command line to 'None'
[4.476s] Level 5:colcon.colcon_core.verb:set package 'pure_pursuit' build argument 'cmake_target_skip_unavailable' from command line to 'False'
[4.476s] Level 5:colcon.colcon_core.verb:set package 'pure_pursuit' build argument 'cmake_clean_cache' from command line to 'False'
[4.476s] Level 5:colcon.colcon_core.verb:set package 'pure_pursuit' build argument 'cmake_clean_first' from command line to 'False'
[4.476s] Level 5:colcon.colcon_core.verb:set package 'pure_pursuit' build argument 'cmake_force_configure' from command line to 'False'
[4.476s] Level 5:colcon.colcon_core.verb:set package 'pure_pursuit' build argument 'ament_cmake_args' from command line to 'None'
[4.476s] Level 5:colcon.colcon_core.verb:set package 'pure_pursuit' build argument 'catkin_cmake_args' from command line to 'None'
[4.476s] Level 5:colcon.colcon_core.verb:set package 'pure_pursuit' build argument 'catkin_skip_building_tests' from command line to 'False'
[4.476s] DEBUG:colcon.colcon_core.verb:Building package 'pure_pursuit' with the following arguments: {'ament_cmake_args': None, 'build_base': '/home/vy/GalacticRacing/sim_ws/build/pure_pursuit', 'catkin_cmake_args': None, 'catkin_skip_building_tests': False, 'cmake_args': None, 'cmake_clean_cache': False, 'cmake_clean_first': False, 'cmake_force_configure': False, 'cmake_target': None, 'cmake_target_skip_unavailable': False, 'install_base': '/home/vy/GalacticRacing/sim_ws/install/pure_pursuit', 'merge_install': False, 'path': '/home/vy/GalacticRacing/sim_ws/src/pure_pursuit', 'symlink_install': False, 'test_result_base': None}
[4.521s] Level 5:colcon.colcon_core.verb:set package 'range_lib' build argument 'cmake_args' from command line to 'None'
[4.521s] Level 5:colcon.colcon_core.verb:set package 'range_lib' build argument 'cmake_target' from command line to 'None'
[4.521s] Level 5:colcon.colcon_core.verb:set package 'range_lib' build argument 'cmake_target_skip_unavailable' from command line to 'False'
[4.521s] Level 5:colcon.colcon_core.verb:set package 'range_lib' build argument 'cmake_clean_cache' from command line to 'False'
[4.521s] Level 5:colcon.colcon_core.verb:set package 'range_lib' build argument 'cmake_clean_first' from command line to 'False'
[4.521s] Level 5:colcon.colcon_core.verb:set package 'range_lib' build argument 'cmake_force_configure' from command line to 'False'
[4.521s] Level 5:colcon.colcon_core.verb:set package 'range_lib' build argument 'ament_cmake_args' from command line to 'None'
[4.521s] Level 5:colcon.colcon_core.verb:set package 'range_lib' build argument 'catkin_cmake_args' from command line to 'None'
[4.521s] Level 5:colcon.colcon_core.verb:set package 'range_lib' build argument 'catkin_skip_building_tests' from command line to 'False'
[4.521s] DEBUG:colcon.colcon_core.verb:Building package 'range_lib' with the following arguments: {'ament_cmake_args': None, 'build_base': '/home/vy/GalacticRacing/sim_ws/build/range_lib', 'catkin_cmake_args': None, 'catkin_skip_building_tests': False, 'cmake_args': None, 'cmake_clean_cache': False, 'cmake_clean_first': False, 'cmake_force_configure': False, 'cmake_target': None, 'cmake_target_skip_unavailable': False, 'install_base': '/home/vy/GalacticRacing/sim_ws/install/range_lib', 'merge_install': False, 'path': '/home/vy/GalacticRacing/sim_ws/range_libc', 'symlink_install': False, 'test_result_base': None}
[4.566s] Level 5:colcon.colcon_core.verb:set package 'safety_node' build argument 'cmake_args' from command line to 'None'
[4.566s] Level 5:colcon.colcon_core.verb:set package 'safety_node' build argument 'cmake_target' from command line to 'None'
[4.566s] Level 5:colcon.colcon_core.verb:set package 'safety_node' build argument 'cmake_target_skip_unavailable' from command line to 'False'
[4.566s] Level 5:colcon.colcon_core.verb:set package 'safety_node' build argument 'cmake_clean_cache' from command line to 'False'
[4.566s] Level 5:colcon.colcon_core.verb:set package 'safety_node' build argument 'cmake_clean_first' from command line to 'False'
[4.566s] Level 5:colcon.colcon_core.verb:set package 'safety_node' build argument 'cmake_force_configure' from command line to 'False'
[4.566s] Level 5:colcon.colcon_core.verb:set package 'safety_node' build argument 'ament_cmake_args' from command line to 'None'
[4.567s] Level 5:colcon.colcon_core.verb:set package 'safety_node' build argument 'catkin_cmake_args' from command line to 'None'
[4.567s] Level 5:colcon.colcon_core.verb:set package 'safety_node' build argument 'catkin_skip_building_tests' from command line to 'False'
[4.567s] DEBUG:colcon.colcon_core.verb:Building package 'safety_node' with the following arguments: {'ament_cmake_args': None, 'build_base': '/home/vy/GalacticRacing/sim_ws/build/safety_node', 'catkin_cmake_args': None, 'catkin_skip_building_tests': False, 'cmake_args': None, 'cmake_clean_cache': False, 'cmake_clean_first': False, 'cmake_force_configure': False, 'cmake_target': None, 'cmake_target_skip_unavailable': False, 'install_base': '/home/vy/GalacticRacing/sim_ws/install/safety_node', 'merge_install': False, 'path': '/home/vy/GalacticRacing/sim_ws/src/safety_node', 'symlink_install': False, 'test_result_base': None}
[4.652s] Level 5:colcon.colcon_core.verb:set package 'wall_follow' build argument 'cmake_args' from command line to 'None'
[4.652s] Level 5:colcon.colcon_core.verb:set package 'wall_follow' build argument 'cmake_target' from command line to 'None'
[4.653s] Level 5:colcon.colcon_core.verb:set package 'wall_follow' build argument 'cmake_target_skip_unavailable' from command line to 'False'
[4.653s] Level 5:colcon.colcon_core.verb:set package 'wall_follow' build argument 'cmake_clean_cache' from command line to 'False'
[4.653s] Level 5:colcon.colcon_core.verb:set package 'wall_follow' build argument 'cmake_clean_first' from command line to 'False'
[4.653s] Level 5:colcon.colcon_core.verb:set package 'wall_follow' build argument 'cmake_force_configure' from command line to 'False'
[4.653s] Level 5:colcon.colcon_core.verb:set package 'wall_follow' build argument 'ament_cmake_args' from command line to 'None'
[4.653s] Level 5:colcon.colcon_core.verb:set package 'wall_follow' build argument 'catkin_cmake_args' from command line to 'None'
[4.654s] Level 5:colcon.colcon_core.verb:set package 'wall_follow' build argument 'catkin_skip_building_tests' from command line to 'False'
[4.654s] DEBUG:colcon.colcon_core.verb:Building package 'wall_follow' with the following arguments: {'ament_cmake_args': None, 'build_base': '/home/vy/GalacticRacing/sim_ws/build/wall_follow', 'catkin_cmake_args': None, 'catkin_skip_building_tests': False, 'cmake_args': None, 'cmake_clean_cache': False, 'cmake_clean_first': False, 'cmake_force_configure': False, 'cmake_target': None, 'cmake_target_skip_unavailable': False, 'install_base': '/home/vy/GalacticRacing/sim_ws/install/wall_follow', 'merge_install': False, 'path': '/home/vy/GalacticRacing/sim_ws/src/wall_follow', 'symlink_install': False, 'test_result_base': None}
[4.738s] Level 5:colcon.colcon_core.verb:set package 'waypoint_logger' build argument 'cmake_args' from command line to 'None'
[4.740s] Level 5:colcon.colcon_core.verb:set package 'waypoint_logger' build argument 'cmake_target' from command line to 'None'
[4.740s] Level 5:colcon.colcon_core.verb:set package 'waypoint_logger' build argument 'cmake_target_skip_unavailable' from command line to 'False'
[4.740s] Level 5:colcon.colcon_core.verb:set package 'waypoint_logger' build argument 'cmake_clean_cache' from command line to 'False'
[4.740s] Level 5:colcon.colcon_core.verb:set package 'waypoint_logger' build argument 'cmake_clean_first' from command line to 'False'
[4.740s] Level 5:colcon.colcon_core.verb:set package 'waypoint_logger' build argument 'cmake_force_configure' from command line to 'False'
[4.740s] Level 5:colcon.colcon_core.verb:set package 'waypoint_logger' build argument 'ament_cmake_args' from command line to 'None'
[4.740s] Level 5:colcon.colcon_core.verb:set package 'waypoint_logger' build argument 'catkin_cmake_args' from command line to 'None'
[4.740s] Level 5:colcon.colcon_core.verb:set package 'waypoint_logger' build argument 'catkin_skip_building_tests' from command line to 'False'
[4.740s] DEBUG:colcon.colcon_core.verb:Building package 'waypoint_logger' with the following arguments: {'ament_cmake_args': None, 'build_base': '/home/vy/GalacticRacing/sim_ws/build/waypoint_logger', 'catkin_cmake_args': None, 'catkin_skip_building_tests': False, 'cmake_args': None, 'cmake_clean_cache': False, 'cmake_clean_first': False, 'cmake_force_configure': False, 'cmake_target': None, 'cmake_target_skip_unavailable': False, 'install_base': '/home/vy/GalacticRacing/sim_ws/install/waypoint_logger', 'merge_install': False, 'path': '/home/vy/GalacticRacing/sim_ws/src/waypoint_logger', 'symlink_install': False, 'test_result_base': None}
[4.813s] INFO:colcon.colcon_core.executor:Executing jobs using 'parallel' executor
[4.932s] DEBUG:colcon.colcon_parallel_executor.executor.parallel:run_until_complete
[4.932s] INFO:colcon.colcon_ros.task.ament_python.build:Building ROS package in '/home/vy/GalacticRacing/sim_ws/src/f1tenth_gym_ros' with build type 'ament_python'
[4.933s] Level 1:colcon.colcon_core.shell:create_environment_hook('f1tenth_gym_ros', 'ament_prefix_path')
[4.997s] INFO:colcon.colcon_core.plugin_system:Skipping extension 'colcon_core.shell.bat': Not used on non-Windows systems
[4.998s] INFO:colcon.colcon_core.shell:Creating environment hook '/home/vy/GalacticRacing/sim_ws/install/f1tenth_gym_ros/share/f1tenth_gym_ros/hook/ament_prefix_path.ps1'
[4.998s] INFO:colcon.colcon_core.shell:Creating environment descriptor '/home/vy/GalacticRacing/sim_ws/install/f1tenth_gym_ros/share/f1tenth_gym_ros/hook/ament_prefix_path.dsv'
[5.017s] INFO:colcon.colcon_core.shell:Creating environment hook '/home/vy/GalacticRacing/sim_ws/install/f1tenth_gym_ros/share/f1tenth_gym_ros/hook/ament_prefix_path.sh'
[5.081s] INFO:colcon.colcon_core.shell:Skip shell extension 'powershell' for command environment: Not usable outside of PowerShell
[5.081s] DEBUG:colcon.colcon_core.shell:Skip shell extension 'dsv' for command environment
[5.363s] INFO:colcon.colcon_ros.task.ament_cmake.build:Building ROS package in '/home/vy/GalacticRacing/sim_ws/src/gap_follow' with build type 'ament_cmake'
[5.364s] INFO:colcon.colcon_cmake.task.cmake.build:Building CMake package in '/home/vy/GalacticRacing/sim_ws/src/gap_follow'
[5.409s] INFO:colcon.colcon_core.shell:Skip shell extension 'powershell' for command environment: Not usable outside of PowerShell
[5.409s] DEBUG:colcon.colcon_core.shell:Skip shell extension 'dsv' for command environment
[5.600s] INFO:colcon.colcon_ros.task.ament_cmake.build:Building ROS package in '/home/vy/GalacticRacing/sim_ws/lab5_pkg' with build type 'ament_cmake'
[5.601s] INFO:colcon.colcon_cmake.task.cmake.build:Building CMake package in '/home/vy/GalacticRacing/sim_ws/lab5_pkg'
[5.719s] INFO:colcon.colcon_core.shell:Skip shell extension 'powershell' for command environment: Not usable outside of PowerShell
[5.722s] DEBUG:colcon.colcon_core.shell:Skip shell extension 'dsv' for command environment
[5.920s] INFO:colcon.colcon_ros.task.ament_python.build:Building ROS package in '/home/vy/GalacticRacing/sim_ws/src/particle_filter' with build type 'ament_python'
[5.921s] Level 1:colcon.colcon_core.shell:create_environment_hook('particle_filter', 'ament_prefix_path')
[6.031s] INFO:colcon.colcon_core.shell:Creating environment hook '/home/vy/GalacticRacing/sim_ws/install/particle_filter/share/particle_filter/hook/ament_prefix_path.ps1'
[6.032s] INFO:colcon.colcon_core.shell:Creating environment descriptor '/home/vy/GalacticRacing/sim_ws/install/particle_filter/share/particle_filter/hook/ament_prefix_path.dsv'
[6.033s] INFO:colcon.colcon_core.shell:Creating environment hook '/home/vy/GalacticRacing/sim_ws/install/particle_filter/share/particle_filter/hook/ament_prefix_path.sh'
[6.114s] INFO:colcon.colcon_core.shell:Skip shell extension 'powershell' for command environment: Not usable outside of PowerShell
[6.114s] DEBUG:colcon.colcon_core.shell:Skip shell extension 'dsv' for command environment
[6.693s] INFO:colcon.colcon_core.task.python.build:Building Python package in '/home/vy/GalacticRacing/sim_ws/src/f1tenth_gym_ros'
[6.768s] INFO:colcon.colcon_core.shell:Skip shell extension 'powershell' for command environment: Not usable outside of PowerShell
[6.768s] DEBUG:colcon.colcon_core.shell:Skip shell extension 'dsv' for command environment
[7.130s] DEBUG:colcon.colcon_core.event_handler.log_command:Invoking command in '/home/vy/GalacticRacing/sim_ws/build/gap_follow': CMAKE_PREFIX_PATH=${CMAKE_PREFIX_PATH}:/home/vy/GalacticRacing/sim_ws/install/particle_filter:/home/vy/GalacticRacing/sim_ws/install/f1tenth_gym_ros:/opt/ros/foxy /usr/bin/cmake --build /home/vy/GalacticRacing/sim_ws/build/gap_follow -- -j4 -l4
[7.139s] DEBUG:colcon.colcon_core.event_handler.log_command:Invoking command in '/home/vy/GalacticRacing/sim_ws/build/lab5_pkg': CMAKE_PREFIX_PATH=${CMAKE_PREFIX_PATH}:/home/vy/GalacticRacing/sim_ws/install/particle_filter:/home/vy/GalacticRacing/sim_ws/install/f1tenth_gym_ros:/opt/ros/foxy /usr/bin/cmake --build /home/vy/GalacticRacing/sim_ws/build/lab5_pkg -- -j4 -l4
[7.546s] INFO:colcon.colcon_core.task.python.build:Building Python package in '/home/vy/GalacticRacing/sim_ws/src/particle_filter'
[7.611s] INFO:colcon.colcon_core.shell:Skip shell extension 'powershell' for command environment: Not usable outside of PowerShell
[7.611s] DEBUG:colcon.colcon_core.shell:Skip shell extension 'dsv' for command environment
[7.787s] DEBUG:colcon.colcon_core.event_handler.log_command:Invoked command in '/home/vy/GalacticRacing/sim_ws/build/gap_follow' returned '0': CMAKE_PREFIX_PATH=${CMAKE_PREFIX_PATH}:/home/vy/GalacticRacing/sim_ws/install/particle_filter:/home/vy/GalacticRacing/sim_ws/install/f1tenth_gym_ros:/opt/ros/foxy /usr/bin/cmake --build /home/vy/GalacticRacing/sim_ws/build/gap_follow -- -j4 -l4
[7.807s] DEBUG:colcon.colcon_core.event_handler.log_command:Invoked command in '/home/vy/GalacticRacing/sim_ws/build/lab5_pkg' returned '0': CMAKE_PREFIX_PATH=${CMAKE_PREFIX_PATH}:/home/vy/GalacticRacing/sim_ws/install/particle_filter:/home/vy/GalacticRacing/sim_ws/install/f1tenth_gym_ros:/opt/ros/foxy /usr/bin/cmake --build /home/vy/GalacticRacing/sim_ws/build/lab5_pkg -- -j4 -l4
[8.152s] DEBUG:colcon.colcon_core.event_handler.log_command:Invoking command in '/home/vy/GalacticRacing/sim_ws/build/lab5_pkg': CMAKE_PREFIX_PATH=${CMAKE_PREFIX_PATH}:/home/vy/GalacticRacing/sim_ws/install/particle_filter:/home/vy/GalacticRacing/sim_ws/install/f1tenth_gym_ros:/opt/ros/foxy /usr/bin/cmake --install /home/vy/GalacticRacing/sim_ws/build/lab5_pkg
[8.203s] DEBUG:colcon.colcon_core.event_handler.log_command:Invoking command in '/home/vy/GalacticRacing/sim_ws/build/gap_follow': CMAKE_PREFIX_PATH=${CMAKE_PREFIX_PATH}:/home/vy/GalacticRacing/sim_ws/install/particle_filter:/home/vy/GalacticRacing/sim_ws/install/f1tenth_gym_ros:/opt/ros/foxy /usr/bin/cmake --install /home/vy/GalacticRacing/sim_ws/build/gap_follow
[8.362s] Level 1:colcon.colcon_core.environment:create_environment_scripts_only(lab5_pkg)
[8.366s] DEBUG:colcon.colcon_core.event_handler.log_command:Invoked command in '/home/vy/GalacticRacing/sim_ws/build/lab5_pkg' returned '0': CMAKE_PREFIX_PATH=${CMAKE_PREFIX_PATH}:/home/vy/GalacticRacing/sim_ws/install/particle_filter:/home/vy/GalacticRacing/sim_ws/install/f1tenth_gym_ros:/opt/ros/foxy /usr/bin/cmake --install /home/vy/GalacticRacing/sim_ws/build/lab5_pkg
[8.420s] Level 1:colcon.colcon_core.environment:checking '/home/vy/GalacticRacing/sim_ws/install/lab5_pkg' for CMake module files
[8.421s] Level 1:colcon.colcon_core.environment:checking '/home/vy/GalacticRacing/sim_ws/install/lab5_pkg' for CMake config files
[8.421s] Level 1:colcon.colcon_core.shell:create_environment_hook('lab5_pkg', 'cmake_prefix_path')
[8.480s] INFO:colcon.colcon_core.shell:Creating environment hook '/home/vy/GalacticRacing/sim_ws/install/lab5_pkg/share/lab5_pkg/hook/cmake_prefix_path.ps1'
[8.482s] INFO:colcon.colcon_core.shell:Creating environment descriptor '/home/vy/GalacticRacing/sim_ws/install/lab5_pkg/share/lab5_pkg/hook/cmake_prefix_path.dsv'
[8.483s] INFO:colcon.colcon_core.shell:Creating environment hook '/home/vy/GalacticRacing/sim_ws/install/lab5_pkg/share/lab5_pkg/hook/cmake_prefix_path.sh'
[8.485s] Level 1:colcon.colcon_core.environment:checking '/home/vy/GalacticRacing/sim_ws/install/lab5_pkg/lib'
[8.486s] Level 1:colcon.colcon_core.environment:checking '/home/vy/GalacticRacing/sim_ws/install/lab5_pkg/bin'
[8.486s] Level 1:colcon.colcon_core.environment:checking '/home/vy/GalacticRacing/sim_ws/install/lab5_pkg/lib/pkgconfig/lab5_pkg.pc'
[8.486s] Level 1:colcon.colcon_core.environment:checking '/home/vy/GalacticRacing/sim_ws/install/lab5_pkg/lib/python3.8/site-packages'
[8.487s] Level 1:colcon.colcon_core.shell:create_environment_hook('lab5_pkg', 'pythonpath')
[8.526s] INFO:colcon.colcon_core.shell:Creating environment hook '/home/vy/GalacticRacing/sim_ws/install/lab5_pkg/share/lab5_pkg/hook/pythonpath.ps1'
[8.636s] INFO:colcon.colcon_core.shell:Creating environment descriptor '/home/vy/GalacticRacing/sim_ws/install/lab5_pkg/share/lab5_pkg/hook/pythonpath.dsv'
[8.637s] INFO:colcon.colcon_core.shell:Creating environment hook '/home/vy/GalacticRacing/sim_ws/install/lab5_pkg/share/lab5_pkg/hook/pythonpath.sh'
[8.639s] Level 1:colcon.colcon_core.environment:checking '/home/vy/GalacticRacing/sim_ws/install/lab5_pkg/bin'
[8.677s] INFO:colcon.colcon_core.shell:Creating package script '/home/vy/GalacticRacing/sim_ws/install/lab5_pkg/share/lab5_pkg/package.ps1'
[8.707s] INFO:colcon.colcon_core.shell:Creating package descriptor '/home/vy/GalacticRacing/sim_ws/install/lab5_pkg/share/lab5_pkg/package.dsv'
[8.708s] INFO:colcon.colcon_core.shell:Creating package script '/home/vy/GalacticRacing/sim_ws/install/lab5_pkg/share/lab5_pkg/package.sh'
[8.710s] INFO:colcon.colcon_core.shell:Creating package script '/home/vy/GalacticRacing/sim_ws/install/lab5_pkg/share/lab5_pkg/package.bash'
[8.711s] INFO:colcon.colcon_core.shell:Creating package script '/home/vy/GalacticRacing/sim_ws/install/lab5_pkg/share/lab5_pkg/package.zsh'
[8.713s] Level 1:colcon.colcon_core.environment:create_file_with_runtime_dependencies(/home/vy/GalacticRacing/sim_ws/install/lab5_pkg/share/colcon-core/packages/lab5_pkg)
[8.744s] DEBUG:colcon.colcon_core.event_handler.log_command:Invoking command in '/home/vy/GalacticRacing/sim_ws/src/particle_filter': PYTHONPATH=/home/vy/GalacticRacing/sim_ws/build/particle_filter/prefix_override:/home/vy/GalacticRacing/sim_ws/install/particle_filter/lib/python3.8/site-packages:${PYTHONPATH} /usr/bin/python3 setup.py egg_info --egg-base ../../build/particle_filter build --build-base /home/vy/GalacticRacing/sim_ws/build/particle_filter/build install --record /home/vy/GalacticRacing/sim_ws/build/particle_filter/install.log --install-scripts $base/lib/particle_filter --single-version-externally-managed
[8.798s] DEBUG:colcon.colcon_core.event_handler.log_command:Invoking command in '/home/vy/GalacticRacing/sim_ws/src/f1tenth_gym_ros': PYTHONPATH=/home/vy/GalacticRacing/sim_ws/build/f1tenth_gym_ros/prefix_override:/home/vy/GalacticRacing/sim_ws/install/f1tenth_gym_ros/lib/python3.8/site-packages:${PYTHONPATH} /usr/bin/python3 setup.py egg_info --egg-base ../../build/f1tenth_gym_ros build --build-base /home/vy/GalacticRacing/sim_ws/build/f1tenth_gym_ros/build install --record /home/vy/GalacticRacing/sim_ws/build/f1tenth_gym_ros/install.log --install-scripts $base/lib/f1tenth_gym_ros --single-version-externally-managed
[8.829s] Level 1:colcon.colcon_core.environment:create_environment_scripts_only(gap_follow)
[8.830s] DEBUG:colcon.colcon_core.event_handler.log_command:Invoked command in '/home/vy/GalacticRacing/sim_ws/build/gap_follow' returned '0': CMAKE_PREFIX_PATH=${CMAKE_PREFIX_PATH}:/home/vy/GalacticRacing/sim_ws/install/particle_filter:/home/vy/GalacticRacing/sim_ws/install/f1tenth_gym_ros:/opt/ros/foxy /usr/bin/cmake --install /home/vy/GalacticRacing/sim_ws/build/gap_follow
[8.882s] Level 1:colcon.colcon_core.environment:checking '/home/vy/GalacticRacing/sim_ws/install/gap_follow' for CMake module files
[8.883s] Level 1:colcon.colcon_core.environment:checking '/home/vy/GalacticRacing/sim_ws/install/gap_follow' for CMake config files
[8.883s] Level 1:colcon.colcon_core.shell:create_environment_hook('gap_follow', 'cmake_prefix_path')
[8.919s] INFO:colcon.colcon_core.shell:Creating environment hook '/home/vy/GalacticRacing/sim_ws/install/gap_follow/share/gap_follow/hook/cmake_prefix_path.ps1'
[8.920s] INFO:colcon.colcon_core.shell:Creating environment descriptor '/home/vy/GalacticRacing/sim_ws/install/gap_follow/share/gap_follow/hook/cmake_prefix_path.dsv'
[8.920s] INFO:colcon.colcon_core.shell:Creating environment hook '/home/vy/GalacticRacing/sim_ws/install/gap_follow/share/gap_follow/hook/cmake_prefix_path.sh'
[8.921s] Level 1:colcon.colcon_core.environment:checking '/home/vy/GalacticRacing/sim_ws/install/gap_follow/lib'
[8.921s] Level 1:colcon.colcon_core.environment:checking '/home/vy/GalacticRacing/sim_ws/install/gap_follow/bin'
[8.921s] Level 1:colcon.colcon_core.environment:checking '/home/vy/GalacticRacing/sim_ws/install/gap_follow/lib/pkgconfig/gap_follow.pc'
[8.922s] Level 1:colcon.colcon_core.environment:checking '/home/vy/GalacticRacing/sim_ws/install/gap_follow/lib/python3.8/site-packages'
[8.922s] Level 1:colcon.colcon_core.shell:create_environment_hook('gap_follow', 'pythonpath')
[8.975s] INFO:colcon.colcon_core.shell:Creating environment hook '/home/vy/GalacticRacing/sim_ws/install/gap_follow/share/gap_follow/hook/pythonpath.ps1'
[8.976s] INFO:colcon.colcon_core.shell:Creating environment descriptor '/home/vy/GalacticRacing/sim_ws/install/gap_follow/share/gap_follow/hook/pythonpath.dsv'
[8.976s] INFO:colcon.colcon_core.shell:Creating environment hook '/home/vy/GalacticRacing/sim_ws/install/gap_follow/share/gap_follow/hook/pythonpath.sh'
[8.977s] Level 1:colcon.colcon_core.environment:checking '/home/vy/GalacticRacing/sim_ws/install/gap_follow/bin'
[9.031s] INFO:colcon.colcon_core.shell:Creating package script '/home/vy/GalacticRacing/sim_ws/install/gap_follow/share/gap_follow/package.ps1'
[9.032s] INFO:colcon.colcon_core.shell:Creating package descriptor '/home/vy/GalacticRacing/sim_ws/install/gap_follow/share/gap_follow/package.dsv'
[9.033s] INFO:colcon.colcon_core.shell:Creating package script '/home/vy/GalacticRacing/sim_ws/install/gap_follow/share/gap_follow/package.sh'
[9.033s] INFO:colcon.colcon_core.shell:Creating package script '/home/vy/GalacticRacing/sim_ws/install/gap_follow/share/gap_follow/package.bash'
[9.034s] INFO:colcon.colcon_core.shell:Creating package script '/home/vy/GalacticRacing/sim_ws/install/gap_follow/share/gap_follow/package.zsh'
[9.035s] Level 1:colcon.colcon_core.environment:create_file_with_runtime_dependencies(/home/vy/GalacticRacing/sim_ws/install/gap_follow/share/colcon-core/packages/gap_follow)
[9.090s] Level 1:colcon.colcon_core.environment:create_environment_scripts_only(lab5_pkg)
[9.139s] Level 1:colcon.colcon_core.environment:checking '/home/vy/GalacticRacing/sim_ws/install/lab5_pkg' for CMake module files
[9.140s] Level 1:colcon.colcon_core.environment:checking '/home/vy/GalacticRacing/sim_ws/install/lab5_pkg' for CMake config files
[9.140s] Level 1:colcon.colcon_core.shell:create_environment_hook('lab5_pkg', 'cmake_prefix_path')
[9.195s] INFO:colcon.colcon_core.shell:Creating environment hook '/home/vy/GalacticRacing/sim_ws/install/lab5_pkg/share/lab5_pkg/hook/cmake_prefix_path.ps1'
[9.196s] INFO:colcon.colcon_core.shell:Creating environment descriptor '/home/vy/GalacticRacing/sim_ws/install/lab5_pkg/share/lab5_pkg/hook/cmake_prefix_path.dsv'
[9.196s] INFO:colcon.colcon_core.shell:Creating environment hook '/home/vy/GalacticRacing/sim_ws/install/lab5_pkg/share/lab5_pkg/hook/cmake_prefix_path.sh'
[9.197s] Level 1:colcon.colcon_core.environment:checking '/home/vy/GalacticRacing/sim_ws/install/lab5_pkg/lib'
[9.197s] Level 1:colcon.colcon_core.environment:checking '/home/vy/GalacticRacing/sim_ws/install/lab5_pkg/bin'
[9.197s] Level 1:colcon.colcon_core.environment:checking '/home/vy/GalacticRacing/sim_ws/install/lab5_pkg/lib/pkgconfig/lab5_pkg.pc'
[9.197s] Level 1:colcon.colcon_core.environment:checking '/home/vy/GalacticRacing/sim_ws/install/lab5_pkg/lib/python3.8/site-packages'
[9.198s] Level 1:colcon.colcon_core.shell:create_environment_hook('lab5_pkg', 'pythonpath')
[9.255s] INFO:colcon.colcon_core.shell:Creating environment hook '/home/vy/GalacticRacing/sim_ws/install/lab5_pkg/share/lab5_pkg/hook/pythonpath.ps1'
[9.256s] INFO:colcon.colcon_core.shell:Creating environment descriptor '/home/vy/GalacticRacing/sim_ws/install/lab5_pkg/share/lab5_pkg/hook/pythonpath.dsv'
[9.256s] INFO:colcon.colcon_core.shell:Creating environment hook '/home/vy/GalacticRacing/sim_ws/install/lab5_pkg/share/lab5_pkg/hook/pythonpath.sh'
[9.257s] Level 1:colcon.colcon_core.environment:checking '/home/vy/GalacticRacing/sim_ws/install/lab5_pkg/bin'
[9.299s] INFO:colcon.colcon_core.shell:Creating package script '/home/vy/GalacticRacing/sim_ws/install/lab5_pkg/share/lab5_pkg/package.ps1'
[9.304s] INFO:colcon.colcon_core.shell:Creating package descriptor '/home/vy/GalacticRacing/sim_ws/install/lab5_pkg/share/lab5_pkg/package.dsv'
[9.308s] INFO:colcon.colcon_core.shell:Creating package script '/home/vy/GalacticRacing/sim_ws/install/lab5_pkg/share/lab5_pkg/package.sh'
[9.308s] INFO:colcon.colcon_core.shell:Creating package script '/home/vy/GalacticRacing/sim_ws/install/lab5_pkg/share/lab5_pkg/package.bash'
[9.309s] INFO:colcon.colcon_core.shell:Creating package script '/home/vy/GalacticRacing/sim_ws/install/lab5_pkg/share/lab5_pkg/package.zsh'
[9.310s] Level 1:colcon.colcon_core.environment:create_file_with_runtime_dependencies(/home/vy/GalacticRacing/sim_ws/install/lab5_pkg/share/colcon-core/packages/lab5_pkg)
[9.311s] INFO:colcon.colcon_ros.task.ament_cmake.build:Building ROS package in '/home/vy/GalacticRacing/sim_ws/src/pure_pursuit' with build type 'ament_cmake'
[9.311s] INFO:colcon.colcon_cmake.task.cmake.build:Building CMake package in '/home/vy/GalacticRacing/sim_ws/src/pure_pursuit'
[9.368s] INFO:colcon.colcon_core.shell:Skip shell extension 'powershell' for command environment: Not usable outside of PowerShell
[9.368s] DEBUG:colcon.colcon_core.shell:Skip shell extension 'dsv' for command environment
[9.546s] Level 1:colcon.colcon_core.environment:create_environment_scripts_only(gap_follow)
[9.587s] Level 1:colcon.colcon_core.environment:checking '/home/vy/GalacticRacing/sim_ws/install/gap_follow' for CMake module files
[9.588s] Level 1:colcon.colcon_core.environment:checking '/home/vy/GalacticRacing/sim_ws/install/gap_follow' for CMake config files
[9.588s] Level 1:colcon.colcon_core.shell:create_environment_hook('gap_follow', 'cmake_prefix_path')
[9.628s] INFO:colcon.colcon_core.shell:Creating environment hook '/home/vy/GalacticRacing/sim_ws/install/gap_follow/share/gap_follow/hook/cmake_prefix_path.ps1'
[9.629s] INFO:colcon.colcon_core.shell:Creating environment descriptor '/home/vy/GalacticRacing/sim_ws/install/gap_follow/share/gap_follow/hook/cmake_prefix_path.dsv'
[9.630s] INFO:colcon.colcon_core.shell:Creating environment hook '/home/vy/GalacticRacing/sim_ws/install/gap_follow/share/gap_follow/hook/cmake_prefix_path.sh'
[9.631s] Level 1:colcon.colcon_core.environment:checking '/home/vy/GalacticRacing/sim_ws/install/gap_follow/lib'
[9.631s] Level 1:colcon.colcon_core.environment:checking '/home/vy/GalacticRacing/sim_ws/install/gap_follow/bin'
[9.631s] Level 1:colcon.colcon_core.environment:checking '/home/vy/GalacticRacing/sim_ws/install/gap_follow/lib/pkgconfig/gap_follow.pc'
[9.631s] Level 1:colcon.colcon_core.environment:checking '/home/vy/GalacticRacing/sim_ws/install/gap_follow/lib/python3.8/site-packages'
[9.631s] Level 1:colcon.colcon_core.shell:create_environment_hook('gap_follow', 'pythonpath')
[9.663s] INFO:colcon.colcon_core.shell:Creating environment hook '/home/vy/GalacticRacing/sim_ws/install/gap_follow/share/gap_follow/hook/pythonpath.ps1'
[9.664s] INFO:colcon.colcon_core.shell:Creating environment descriptor '/home/vy/GalacticRacing/sim_ws/install/gap_follow/share/gap_follow/hook/pythonpath.dsv'
[9.664s] INFO:colcon.colcon_core.shell:Creating environment hook '/home/vy/GalacticRacing/sim_ws/install/gap_follow/share/gap_follow/hook/pythonpath.sh'
[9.665s] Level 1:colcon.colcon_core.environment:checking '/home/vy/GalacticRacing/sim_ws/install/gap_follow/bin'
[9.695s] INFO:colcon.colcon_core.shell:Creating package script '/home/vy/GalacticRacing/sim_ws/install/gap_follow/share/gap_follow/package.ps1'
[9.696s] INFO:colcon.colcon_core.shell:Creating package descriptor '/home/vy/GalacticRacing/sim_ws/install/gap_follow/share/gap_follow/package.dsv'
[9.697s] INFO:colcon.colcon_core.shell:Creating package script '/home/vy/GalacticRacing/sim_ws/install/gap_follow/share/gap_follow/package.sh'
[9.697s] INFO:colcon.colcon_core.shell:Creating package script '/home/vy/GalacticRacing/sim_ws/install/gap_follow/share/gap_follow/package.bash'
[9.698s] INFO:colcon.colcon_core.shell:Creating package script '/home/vy/GalacticRacing/sim_ws/install/gap_follow/share/gap_follow/package.zsh'
[9.698s] Level 1:colcon.colcon_core.environment:create_file_with_runtime_dependencies(/home/vy/GalacticRacing/sim_ws/install/gap_follow/share/colcon-core/packages/gap_follow)
[9.701s] DEBUG:colcon.colcon_core.event_handler.log_command:Invoked command in '/home/vy/GalacticRacing/sim_ws/src/particle_filter' returned '0': PYTHONPATH=/home/vy/GalacticRacing/sim_ws/build/particle_filter/prefix_override:/home/vy/GalacticRacing/sim_ws/install/particle_filter/lib/python3.8/site-packages:${PYTHONPATH} /usr/bin/python3 setup.py egg_info --egg-base ../../build/particle_filter build --build-base /home/vy/GalacticRacing/sim_ws/build/particle_filter/build install --record /home/vy/GalacticRacing/sim_ws/build/particle_filter/install.log --install-scripts $base/lib/particle_filter --single-version-externally-managed
[9.756s] Level 1:colcon.colcon_core.environment:checking '/home/vy/GalacticRacing/sim_ws/install/particle_filter' for CMake module files
[9.756s] Level 1:colcon.colcon_core.environment:checking '/home/vy/GalacticRacing/sim_ws/install/particle_filter' for CMake config files
[9.757s] Level 1:colcon.colcon_core.environment:checking '/home/vy/GalacticRacing/sim_ws/install/particle_filter/lib'
[9.757s] Level 1:colcon.colcon_core.environment:checking '/home/vy/GalacticRacing/sim_ws/install/particle_filter/bin'
[9.757s] Level 1:colcon.colcon_core.environment:checking '/home/vy/GalacticRacing/sim_ws/install/particle_filter/lib/pkgconfig/particle_filter.pc'
[9.758s] Level 1:colcon.colcon_core.environment:checking '/home/vy/GalacticRacing/sim_ws/install/particle_filter/lib/python3.8/site-packages'
[9.758s] Level 1:colcon.colcon_core.shell:create_environment_hook('particle_filter', 'pythonpath')
[9.795s] INFO:colcon.colcon_core.shell:Creating environment hook '/home/vy/GalacticRacing/sim_ws/install/particle_filter/share/particle_filter/hook/pythonpath.ps1'
[9.796s] INFO:colcon.colcon_core.shell:Creating environment descriptor '/home/vy/GalacticRacing/sim_ws/install/particle_filter/share/particle_filter/hook/pythonpath.dsv'
[9.796s] INFO:colcon.colcon_core.shell:Creating environment hook '/home/vy/GalacticRacing/sim_ws/install/particle_filter/share/particle_filter/hook/pythonpath.sh'
[9.798s] Level 1:colcon.colcon_core.environment:checking '/home/vy/GalacticRacing/sim_ws/install/particle_filter/bin'
[9.798s] Level 1:colcon.colcon_core.environment:create_environment_scripts_only(particle_filter)
[9.831s] INFO:colcon.colcon_core.shell:Creating package script '/home/vy/GalacticRacing/sim_ws/install/particle_filter/share/particle_filter/package.ps1'
[9.836s] INFO:colcon.colcon_core.shell:Creating package descriptor '/home/vy/GalacticRacing/sim_ws/install/particle_filter/share/particle_filter/package.dsv'
[9.837s] INFO:colcon.colcon_core.shell:Creating package script '/home/vy/GalacticRacing/sim_ws/install/particle_filter/share/particle_filter/package.sh'
[9.837s] INFO:colcon.colcon_core.shell:Creating package script '/home/vy/GalacticRacing/sim_ws/install/particle_filter/share/particle_filter/package.bash'
[9.838s] INFO:colcon.colcon_core.shell:Creating package script '/home/vy/GalacticRacing/sim_ws/install/particle_filter/share/particle_filter/package.zsh'
[9.842s] Level 1:colcon.colcon_core.environment:create_file_with_runtime_dependencies(/home/vy/GalacticRacing/sim_ws/install/particle_filter/share/colcon-core/packages/particle_filter)
[9.845s] DEBUG:colcon.colcon_core.event_handler.log_command:Invoked command in '/home/vy/GalacticRacing/sim_ws/src/f1tenth_gym_ros' returned '0': PYTHONPATH=/home/vy/GalacticRacing/sim_ws/build/f1tenth_gym_ros/prefix_override:/home/vy/GalacticRacing/sim_ws/install/f1tenth_gym_ros/lib/python3.8/site-packages:${PYTHONPATH} /usr/bin/python3 setup.py egg_info --egg-base ../../build/f1tenth_gym_ros build --build-base /home/vy/GalacticRacing/sim_ws/build/f1tenth_gym_ros/build install --record /home/vy/GalacticRacing/sim_ws/build/f1tenth_gym_ros/install.log --install-scripts $base/lib/f1tenth_gym_ros --single-version-externally-managed
[9.890s] Level 1:colcon.colcon_core.environment:checking '/home/vy/GalacticRacing/sim_ws/install/f1tenth_gym_ros' for CMake module files
[9.891s] Level 1:colcon.colcon_core.environment:checking '/home/vy/GalacticRacing/sim_ws/install/f1tenth_gym_ros' for CMake config files
[9.891s] Level 1:colcon.colcon_core.environment:checking '/home/vy/GalacticRacing/sim_ws/install/f1tenth_gym_ros/lib'
[9.892s] Level 1:colcon.colcon_core.environment:checking '/home/vy/GalacticRacing/sim_ws/install/f1tenth_gym_ros/bin'
[9.892s] Level 1:colcon.colcon_core.environment:checking '/home/vy/GalacticRacing/sim_ws/install/f1tenth_gym_ros/lib/pkgconfig/f1tenth_gym_ros.pc'
[9.892s] Level 1:colcon.colcon_core.environment:checking '/home/vy/GalacticRacing/sim_ws/install/f1tenth_gym_ros/lib/python3.8/site-packages'
[9.892s] Level 1:colcon.colcon_core.shell:create_environment_hook('f1tenth_gym_ros', 'pythonpath')
[9.937s] INFO:colcon.colcon_core.shell:Creating environment hook '/home/vy/GalacticRacing/sim_ws/install/f1tenth_gym_ros/share/f1tenth_gym_ros/hook/pythonpath.ps1'
[9.939s] INFO:colcon.colcon_core.shell:Creating environment descriptor '/home/vy/GalacticRacing/sim_ws/install/f1tenth_gym_ros/share/f1tenth_gym_ros/hook/pythonpath.dsv'
[9.940s] INFO:colcon.colcon_core.shell:Creating environment hook '/home/vy/GalacticRacing/sim_ws/install/f1tenth_gym_ros/share/f1tenth_gym_ros/hook/pythonpath.sh'
[9.941s] Level 1:colcon.colcon_core.environment:checking '/home/vy/GalacticRacing/sim_ws/install/f1tenth_gym_ros/bin'
[9.942s] Level 1:colcon.colcon_core.environment:create_environment_scripts_only(f1tenth_gym_ros)
[9.988s] INFO:colcon.colcon_core.shell:Creating package script '/home/vy/GalacticRacing/sim_ws/install/f1tenth_gym_ros/share/f1tenth_gym_ros/package.ps1'
[9.990s] INFO:colcon.colcon_core.shell:Creating package descriptor '/home/vy/GalacticRacing/sim_ws/install/f1tenth_gym_ros/share/f1tenth_gym_ros/package.dsv'
[9.991s] INFO:colcon.colcon_core.shell:Creating package script '/home/vy/GalacticRacing/sim_ws/install/f1tenth_gym_ros/share/f1tenth_gym_ros/package.sh'
[9.993s] INFO:colcon.colcon_core.shell:Creating package script '/home/vy/GalacticRacing/sim_ws/install/f1tenth_gym_ros/share/f1tenth_gym_ros/package.bash'
[9.993s] INFO:colcon.colcon_core.shell:Creating package script '/home/vy/GalacticRacing/sim_ws/install/f1tenth_gym_ros/share/f1tenth_gym_ros/package.zsh'
[9.995s] Level 1:colcon.colcon_core.environment:create_file_with_runtime_dependencies(/home/vy/GalacticRacing/sim_ws/install/f1tenth_gym_ros/share/colcon-core/packages/f1tenth_gym_ros)
[10.000s] INFO:colcon.colcon_cmake.task.cmake.build:Building CMake package in '/home/vy/GalacticRacing/sim_ws/range_libc'
[10.048s] INFO:colcon.colcon_core.shell:Skip shell extension 'powershell' for command environment: Not usable outside of PowerShell
[10.048s] DEBUG:colcon.colcon_core.shell:Skip shell extension 'dsv' for command environment
[10.213s] INFO:colcon.colcon_ros.task.ament_cmake.build:Building ROS package in '/home/vy/GalacticRacing/sim_ws/src/safety_node' with build type 'ament_cmake'
[10.214s] INFO:colcon.colcon_cmake.task.cmake.build:Building CMake package in '/home/vy/GalacticRacing/sim_ws/src/safety_node'
[10.309s] INFO:colcon.colcon_core.shell:Skip shell extension 'powershell' for command environment: Not usable outside of PowerShell
[10.327s] DEBUG:colcon.colcon_core.shell:Skip shell extension 'dsv' for command environment
[10.642s] INFO:colcon.colcon_ros.task.ament_cmake.build:Building ROS package in '/home/vy/GalacticRacing/sim_ws/src/wall_follow' with build type 'ament_cmake'
[10.644s] INFO:colcon.colcon_cmake.task.cmake.build:Building CMake package in '/home/vy/GalacticRacing/sim_ws/src/wall_follow'
[10.713s] INFO:colcon.colcon_core.shell:Skip shell extension 'powershell' for command environment: Not usable outside of PowerShell
[10.722s] DEBUG:colcon.colcon_core.shell:Skip shell extension 'dsv' for command environment
[10.885s] DEBUG:colcon.colcon_core.event_handler.log_command:Invoking command in '/home/vy/GalacticRacing/sim_ws/build/pure_pursuit': CMAKE_PREFIX_PATH=${CMAKE_PREFIX_PATH}:/home/vy/GalacticRacing/sim_ws/install/particle_filter:/home/vy/GalacticRacing/sim_ws/install/f1tenth_gym_ros:/opt/ros/foxy /usr/bin/cmake --build /home/vy/GalacticRacing/sim_ws/build/pure_pursuit -- -j4 -l4
[10.903s] DEBUG:colcon.colcon_core.event_handler.log_command:Invoking command in '/home/vy/GalacticRacing/sim_ws/build/range_lib': /usr/bin/cmake /home/vy/GalacticRacing/sim_ws/range_libc -DCMAKE_INSTALL_PREFIX=/home/vy/GalacticRacing/sim_ws/install/range_lib
[10.913s] DEBUG:colcon.colcon_core.event_handler.log_command:Invoking command in '/home/vy/GalacticRacing/sim_ws/build/safety_node': CMAKE_PREFIX_PATH=${CMAKE_PREFIX_PATH}:/home/vy/GalacticRacing/sim_ws/install/particle_filter:/home/vy/GalacticRacing/sim_ws/install/f1tenth_gym_ros:/opt/ros/foxy /usr/bin/cmake --build /home/vy/GalacticRacing/sim_ws/build/safety_node -- -j4 -l4
[10.933s] DEBUG:colcon.colcon_core.event_handler.log_command:Invoking command in '/home/vy/GalacticRacing/sim_ws/build/wall_follow': CMAKE_PREFIX_PATH=${CMAKE_PREFIX_PATH}:/home/vy/GalacticRacing/sim_ws/install/particle_filter:/home/vy/GalacticRacing/sim_ws/install/f1tenth_gym_ros:/opt/ros/foxy /usr/bin/cmake --build /home/vy/GalacticRacing/sim_ws/build/wall_follow -- -j4 -l4
[11.040s] WARNING:colcon.colcon_cmake.task.cmake.build:Could not build CMake package 'range_lib' because the CMake cache has no 'CMAKE_PROJECT_NAME' variable
[11.041s] INFO:colcon.colcon_ros.task.ament_cmake.build:Building ROS package in '/home/vy/GalacticRacing/sim_ws/src/waypoint_logger' with build type 'ament_cmake'
[11.041s] INFO:colcon.colcon_cmake.task.cmake.build:Building CMake package in '/home/vy/GalacticRacing/sim_ws/src/waypoint_logger'
[11.066s] DEBUG:colcon.colcon_core.event_handler.log_command:Invoked command in '/home/vy/GalacticRacing/sim_ws/build/range_lib' returned '0': /usr/bin/cmake /home/vy/GalacticRacing/sim_ws/range_libc -DCMAKE_INSTALL_PREFIX=/home/vy/GalacticRacing/sim_ws/install/range_lib
[11.102s] INFO:colcon.colcon_core.shell:Skip shell extension 'powershell' for command environment: Not usable outside of PowerShell
[11.102s] DEBUG:colcon.colcon_core.shell:Skip shell extension 'dsv' for command environment
[11.459s] DEBUG:colcon.colcon_core.event_handler.log_command:Invoked command in '/home/vy/GalacticRacing/sim_ws/build/safety_node' returned '0': CMAKE_PREFIX_PATH=${CMAKE_PREFIX_PATH}:/home/vy/GalacticRacing/sim_ws/install/particle_filter:/home/vy/GalacticRacing/sim_ws/install/f1tenth_gym_ros:/opt/ros/foxy /usr/bin/cmake --build /home/vy/GalacticRacing/sim_ws/build/safety_node -- -j4 -l4
[11.488s] DEBUG:colcon.colcon_core.event_handler.log_command:Invoked command in '/home/vy/GalacticRacing/sim_ws/build/wall_follow' returned '0': CMAKE_PREFIX_PATH=${CMAKE_PREFIX_PATH}:/home/vy/GalacticRacing/sim_ws/install/particle_filter:/home/vy/GalacticRacing/sim_ws/install/f1tenth_gym_ros:/opt/ros/foxy /usr/bin/cmake --build /home/vy/GalacticRacing/sim_ws/build/wall_follow -- -j4 -l4
[11.516s] DEBUG:colcon.colcon_core.event_handler.log_command:Invoked command in '/home/vy/GalacticRacing/sim_ws/build/pure_pursuit' returned '0': CMAKE_PREFIX_PATH=${CMAKE_PREFIX_PATH}:/home/vy/GalacticRacing/sim_ws/install/particle_filter:/home/vy/GalacticRacing/sim_ws/install/f1tenth_gym_ros:/opt/ros/foxy /usr/bin/cmake --build /home/vy/GalacticRacing/sim_ws/build/pure_pursuit -- -j4 -l4
[11.572s] DEBUG:colcon.colcon_core.event_handler.log_command:Invoking command in '/home/vy/GalacticRacing/sim_ws/build/waypoint_logger': CMAKE_PREFIX_PATH=${CMAKE_PREFIX_PATH}:/home/vy/GalacticRacing/sim_ws/install/particle_filter:/home/vy/GalacticRacing/sim_ws/install/f1tenth_gym_ros:/opt/ros/foxy /usr/bin/cmake --build /home/vy/GalacticRacing/sim_ws/build/waypoint_logger -- -j4 -l4
[11.617s] DEBUG:colcon.colcon_core.event_handler.log_command:Invoking command in '/home/vy/GalacticRacing/sim_ws/build/wall_follow': CMAKE_PREFIX_PATH=${CMAKE_PREFIX_PATH}:/home/vy/GalacticRacing/sim_ws/install/particle_filter:/home/vy/GalacticRacing/sim_ws/install/f1tenth_gym_ros:/opt/ros/foxy /usr/bin/cmake --install /home/vy/GalacticRacing/sim_ws/build/wall_follow
[11.642s] DEBUG:colcon.colcon_core.event_handler.log_command:Invoking command in '/home/vy/GalacticRacing/sim_ws/build/pure_pursuit': CMAKE_PREFIX_PATH=${CMAKE_PREFIX_PATH}:/home/vy/GalacticRacing/sim_ws/install/particle_filter:/home/vy/GalacticRacing/sim_ws/install/f1tenth_gym_ros:/opt/ros/foxy /usr/bin/cmake --install /home/vy/GalacticRacing/sim_ws/build/pure_pursuit
[11.713s] DEBUG:colcon.colcon_core.event_handler.log_command:Invoked command in '/home/vy/GalacticRacing/sim_ws/build/waypoint_logger' returned '0': CMAKE_PREFIX_PATH=${CMAKE_PREFIX_PATH}:/home/vy/GalacticRacing/sim_ws/install/particle_filter:/home/vy/GalacticRacing/sim_ws/install/f1tenth_gym_ros:/opt/ros/foxy /usr/bin/cmake --build /home/vy/GalacticRacing/sim_ws/build/waypoint_logger -- -j4 -l4
[11.729s] DEBUG:colcon.colcon_core.event_handler.log_command:Invoking command in '/home/vy/GalacticRacing/sim_ws/build/safety_node': CMAKE_PREFIX_PATH=${CMAKE_PREFIX_PATH}:/home/vy/GalacticRacing/sim_ws/install/particle_filter:/home/vy/GalacticRacing/sim_ws/install/f1tenth_gym_ros:/opt/ros/foxy /usr/bin/cmake --install /home/vy/GalacticRacing/sim_ws/build/safety_node
[11.778s] Level 1:colcon.colcon_core.environment:create_environment_scripts_only(wall_follow)
[11.790s] DEBUG:colcon.colcon_core.event_handler.log_command:Invoked command in '/home/vy/GalacticRacing/sim_ws/build/wall_follow' returned '0': CMAKE_PREFIX_PATH=${CMAKE_PREFIX_PATH}:/home/vy/GalacticRacing/sim_ws/install/particle_filter:/home/vy/GalacticRacing/sim_ws/install/f1tenth_gym_ros:/opt/ros/foxy /usr/bin/cmake --install /home/vy/GalacticRacing/sim_ws/build/wall_follow
[11.888s] Level 1:colcon.colcon_core.environment:checking '/home/vy/GalacticRacing/sim_ws/install/wall_follow' for CMake module files
[11.892s] Level 1:colcon.colcon_core.environment:checking '/home/vy/GalacticRacing/sim_ws/install/wall_follow' for CMake config files
[11.893s] Level 1:colcon.colcon_core.shell:create_environment_hook('wall_follow', 'cmake_prefix_path')
[11.933s] INFO:colcon.colcon_core.shell:Creating environment hook '/home/vy/GalacticRacing/sim_ws/install/wall_follow/share/wall_follow/hook/cmake_prefix_path.ps1'
[11.934s] INFO:colcon.colcon_core.shell:Creating environment descriptor '/home/vy/GalacticRacing/sim_ws/install/wall_follow/share/wall_follow/hook/cmake_prefix_path.dsv'
[11.935s] INFO:colcon.colcon_core.shell:Creating environment hook '/home/vy/GalacticRacing/sim_ws/install/wall_follow/share/wall_follow/hook/cmake_prefix_path.sh'
[11.936s] Level 1:colcon.colcon_core.environment:checking '/home/vy/GalacticRacing/sim_ws/install/wall_follow/lib'
[11.936s] Level 1:colcon.colcon_core.environment:checking '/home/vy/GalacticRacing/sim_ws/install/wall_follow/bin'
[11.936s] Level 1:colcon.colcon_core.environment:checking '/home/vy/GalacticRacing/sim_ws/install/wall_follow/lib/pkgconfig/wall_follow.pc'
[11.937s] Level 1:colcon.colcon_core.environment:checking '/home/vy/GalacticRacing/sim_ws/install/wall_follow/lib/python3.8/site-packages'
[11.937s] Level 1:colcon.colcon_core.shell:create_environment_hook('wall_follow', 'pythonpath')
[11.994s] INFO:colcon.colcon_core.shell:Creating environment hook '/home/vy/GalacticRacing/sim_ws/install/wall_follow/share/wall_follow/hook/pythonpath.ps1'
[11.995s] INFO:colcon.colcon_core.shell:Creating environment descriptor '/home/vy/GalacticRacing/sim_ws/install/wall_follow/share/wall_follow/hook/pythonpath.dsv'
[11.995s] INFO:colcon.colcon_core.shell:Creating environment hook '/home/vy/GalacticRacing/sim_ws/install/wall_follow/share/wall_follow/hook/pythonpath.sh'
[11.996s] Level 1:colcon.colcon_core.environment:checking '/home/vy/GalacticRacing/sim_ws/install/wall_follow/bin'
[12.028s] INFO:colcon.colcon_core.shell:Creating package script '/home/vy/GalacticRacing/sim_ws/install/wall_follow/share/wall_follow/package.ps1'
[12.029s] INFO:colcon.colcon_core.shell:Creating package descriptor '/home/vy/GalacticRacing/sim_ws/install/wall_follow/share/wall_follow/package.dsv'
[12.030s] INFO:colcon.colcon_core.shell:Creating package script '/home/vy/GalacticRacing/sim_ws/install/wall_follow/share/wall_follow/package.sh'
[12.031s] INFO:colcon.colcon_core.shell:Creating package script '/home/vy/GalacticRacing/sim_ws/install/wall_follow/share/wall_follow/package.bash'
[12.031s] INFO:colcon.colcon_core.shell:Creating package script '/home/vy/GalacticRacing/sim_ws/install/wall_follow/share/wall_follow/package.zsh'
[12.032s] Level 1:colcon.colcon_core.environment:create_file_with_runtime_dependencies(/home/vy/GalacticRacing/sim_ws/install/wall_follow/share/colcon-core/packages/wall_follow)
[12.040s] Level 1:colcon.colcon_core.environment:create_environment_scripts_only(safety_node)
[12.068s] DEBUG:colcon.colcon_core.event_handler.log_command:Invoked command in '/home/vy/GalacticRacing/sim_ws/build/safety_node' returned '0': CMAKE_PREFIX_PATH=${CMAKE_PREFIX_PATH}:/home/vy/GalacticRacing/sim_ws/install/particle_filter:/home/vy/GalacticRacing/sim_ws/install/f1tenth_gym_ros:/opt/ros/foxy /usr/bin/cmake --install /home/vy/GalacticRacing/sim_ws/build/safety_node
[12.085s] Level 1:colcon.colcon_core.environment:checking '/home/vy/GalacticRacing/sim_ws/install/safety_node' for CMake module files
[12.090s] Level 1:colcon.colcon_core.environment:checking '/home/vy/GalacticRacing/sim_ws/install/safety_node' for CMake config files
[12.091s] Level 1:colcon.colcon_core.shell:create_environment_hook('safety_node', 'cmake_prefix_path')
[12.185s] INFO:colcon.colcon_core.shell:Creating environment hook '/home/vy/GalacticRacing/sim_ws/install/safety_node/share/safety_node/hook/cmake_prefix_path.ps1'
[12.186s] INFO:colcon.colcon_core.shell:Creating environment descriptor '/home/vy/GalacticRacing/sim_ws/install/safety_node/share/safety_node/hook/cmake_prefix_path.dsv'
[12.187s] INFO:colcon.colcon_core.shell:Creating environment hook '/home/vy/GalacticRacing/sim_ws/install/safety_node/share/safety_node/hook/cmake_prefix_path.sh'
[12.188s] Level 1:colcon.colcon_core.environment:checking '/home/vy/GalacticRacing/sim_ws/install/safety_node/lib'
[12.188s] Level 1:colcon.colcon_core.environment:checking '/home/vy/GalacticRacing/sim_ws/install/safety_node/bin'
[12.188s] Level 1:colcon.colcon_core.environment:checking '/home/vy/GalacticRacing/sim_ws/install/safety_node/lib/pkgconfig/safety_node.pc'
[12.188s] Level 1:colcon.colcon_core.environment:checking '/home/vy/GalacticRacing/sim_ws/install/safety_node/lib/python3.8/site-packages'
[12.189s] Level 1:colcon.colcon_core.shell:create_environment_hook('safety_node', 'pythonpath')
[12.246s] INFO:colcon.colcon_core.shell:Creating environment hook '/home/vy/GalacticRacing/sim_ws/install/safety_node/share/safety_node/hook/pythonpath.ps1'
[12.256s] INFO:colcon.colcon_core.shell:Creating environment descriptor '/home/vy/GalacticRacing/sim_ws/install/safety_node/share/safety_node/hook/pythonpath.dsv'
[12.257s] INFO:colcon.colcon_core.shell:Creating environment hook '/home/vy/GalacticRacing/sim_ws/install/safety_node/share/safety_node/hook/pythonpath.sh'
[12.259s] Level 1:colcon.colcon_core.environment:checking '/home/vy/GalacticRacing/sim_ws/install/safety_node/bin'
[12.322s] INFO:colcon.colcon_core.shell:Creating package script '/home/vy/GalacticRacing/sim_ws/install/safety_node/share/safety_node/package.ps1'
[12.324s] INFO:colcon.colcon_core.shell:Creating package descriptor '/home/vy/GalacticRacing/sim_ws/install/safety_node/share/safety_node/package.dsv'
[12.325s] INFO:colcon.colcon_core.shell:Creating package script '/home/vy/GalacticRacing/sim_ws/install/safety_node/share/safety_node/package.sh'
[12.326s] INFO:colcon.colcon_core.shell:Creating package script '/home/vy/GalacticRacing/sim_ws/install/safety_node/share/safety_node/package.bash'
[12.327s] INFO:colcon.colcon_core.shell:Creating package script '/home/vy/GalacticRacing/sim_ws/install/safety_node/share/safety_node/package.zsh'
[12.331s] Level 1:colcon.colcon_core.environment:create_file_with_runtime_dependencies(/home/vy/GalacticRacing/sim_ws/install/safety_node/share/colcon-core/packages/safety_node)
[12.342s] Level 1:colcon.colcon_core.environment:create_environment_scripts_only(pure_pursuit)
[12.368s] DEBUG:colcon.colcon_core.event_handler.log_command:Invoked command in '/home/vy/GalacticRacing/sim_ws/build/pure_pursuit' returned '0': CMAKE_PREFIX_PATH=${CMAKE_PREFIX_PATH}:/home/vy/GalacticRacing/sim_ws/install/particle_filter:/home/vy/GalacticRacing/sim_ws/install/f1tenth_gym_ros:/opt/ros/foxy /usr/bin/cmake --install /home/vy/GalacticRacing/sim_ws/build/pure_pursuit
[12.391s] Level 1:colcon.colcon_core.environment:checking '/home/vy/GalacticRacing/sim_ws/install/pure_pursuit' for CMake module files
[12.394s] Level 1:colcon.colcon_core.environment:checking '/home/vy/GalacticRacing/sim_ws/install/pure_pursuit' for CMake config files
[12.394s] Level 1:colcon.colcon_core.shell:create_environment_hook('pure_pursuit', 'cmake_prefix_path')
[12.451s] INFO:colcon.colcon_core.shell:Creating environment hook '/home/vy/GalacticRacing/sim_ws/install/pure_pursuit/share/pure_pursuit/hook/cmake_prefix_path.ps1'
[12.453s] INFO:colcon.colcon_core.shell:Creating environment descriptor '/home/vy/GalacticRacing/sim_ws/install/pure_pursuit/share/pure_pursuit/hook/cmake_prefix_path.dsv'
[12.455s] INFO:colcon.colcon_core.shell:Creating environment hook '/home/vy/GalacticRacing/sim_ws/install/pure_pursuit/share/pure_pursuit/hook/cmake_prefix_path.sh'
[12.459s] Level 1:colcon.colcon_core.environment:checking '/home/vy/GalacticRacing/sim_ws/install/pure_pursuit/lib'
[12.459s] Level 1:colcon.colcon_core.environment:checking '/home/vy/GalacticRacing/sim_ws/install/pure_pursuit/bin'
[12.459s] Level 1:colcon.colcon_core.environment:checking '/home/vy/GalacticRacing/sim_ws/install/pure_pursuit/lib/pkgconfig/pure_pursuit.pc'
[12.460s] Level 1:colcon.colcon_core.environment:checking '/home/vy/GalacticRacing/sim_ws/install/pure_pursuit/lib/python3.8/site-packages'
[12.460s] Level 1:colcon.colcon_core.shell:create_environment_hook('pure_pursuit', 'pythonpath')
[12.533s] INFO:colcon.colcon_core.shell:Creating environment hook '/home/vy/GalacticRacing/sim_ws/install/pure_pursuit/share/pure_pursuit/hook/pythonpath.ps1'
[12.535s] INFO:colcon.colcon_core.shell:Creating environment descriptor '/home/vy/GalacticRacing/sim_ws/install/pure_pursuit/share/pure_pursuit/hook/pythonpath.dsv'
[12.536s] INFO:colcon.colcon_core.shell:Creating environment hook '/home/vy/GalacticRacing/sim_ws/install/pure_pursuit/share/pure_pursuit/hook/pythonpath.sh'
[12.536s] Level 1:colcon.colcon_core.environment:checking '/home/vy/GalacticRacing/sim_ws/install/pure_pursuit/bin'
[12.598s] INFO:colcon.colcon_core.shell:Creating package script '/home/vy/GalacticRacing/sim_ws/install/pure_pursuit/share/pure_pursuit/package.ps1'
[12.600s] INFO:colcon.colcon_core.shell:Creating package descriptor '/home/vy/GalacticRacing/sim_ws/install/pure_pursuit/share/pure_pursuit/package.dsv'
[12.603s] INFO:colcon.colcon_core.shell:Creating package script '/home/vy/GalacticRacing/sim_ws/install/pure_pursuit/share/pure_pursuit/package.sh'
[12.604s] INFO:colcon.colcon_core.shell:Creating package script '/home/vy/GalacticRacing/sim_ws/install/pure_pursuit/share/pure_pursuit/package.bash'
[12.604s] INFO:colcon.colcon_core.shell:Creating package script '/home/vy/GalacticRacing/sim_ws/install/pure_pursuit/share/pure_pursuit/package.zsh'
[12.607s] Level 1:colcon.colcon_core.environment:create_file_with_runtime_dependencies(/home/vy/GalacticRacing/sim_ws/install/pure_pursuit/share/colcon-core/packages/pure_pursuit)
[12.627s] DEBUG:colcon.colcon_core.event_handler.log_command:Invoking command in '/home/vy/GalacticRacing/sim_ws/build/waypoint_logger': CMAKE_PREFIX_PATH=${CMAKE_PREFIX_PATH}:/home/vy/GalacticRacing/sim_ws/install/particle_filter:/home/vy/GalacticRacing/sim_ws/install/f1tenth_gym_ros:/opt/ros/foxy /usr/bin/cmake --install /home/vy/GalacticRacing/sim_ws/build/waypoint_logger
[12.729s] Level 1:colcon.colcon_core.environment:create_environment_scripts_only(wall_follow)
[12.802s] Level 1:colcon.colcon_core.environment:checking '/home/vy/GalacticRacing/sim_ws/install/wall_follow' for CMake module files
[12.802s] Level 1:colcon.colcon_core.environment:checking '/home/vy/GalacticRacing/sim_ws/install/wall_follow' for CMake config files
[12.802s] Level 1:colcon.colcon_core.shell:create_environment_hook('wall_follow', 'cmake_prefix_path')
[12.847s] INFO:colcon.colcon_core.shell:Creating environment hook '/home/vy/GalacticRacing/sim_ws/install/wall_follow/share/wall_follow/hook/cmake_prefix_path.ps1'
[12.847s] INFO:colcon.colcon_core.shell:Creating environment descriptor '/home/vy/GalacticRacing/sim_ws/install/wall_follow/share/wall_follow/hook/cmake_prefix_path.dsv'
[12.848s] INFO:colcon.colcon_core.shell:Creating environment hook '/home/vy/GalacticRacing/sim_ws/install/wall_follow/share/wall_follow/hook/cmake_prefix_path.sh'
[12.849s] Level 1:colcon.colcon_core.environment:checking '/home/vy/GalacticRacing/sim_ws/install/wall_follow/lib'
[12.849s] Level 1:colcon.colcon_core.environment:checking '/home/vy/GalacticRacing/sim_ws/install/wall_follow/bin'
[12.849s] Level 1:colcon.colcon_core.environment:checking '/home/vy/GalacticRacing/sim_ws/install/wall_follow/lib/pkgconfig/wall_follow.pc'
[12.850s] Level 1:colcon.colcon_core.environment:checking '/home/vy/GalacticRacing/sim_ws/install/wall_follow/lib/python3.8/site-packages'
[12.850s] Level 1:colcon.colcon_core.shell:create_environment_hook('wall_follow', 'pythonpath')
[12.901s] INFO:colcon.colcon_core.shell:Creating environment hook '/home/vy/GalacticRacing/sim_ws/install/wall_follow/share/wall_follow/hook/pythonpath.ps1'
[12.902s] INFO:colcon.colcon_core.shell:Creating environment descriptor '/home/vy/GalacticRacing/sim_ws/install/wall_follow/share/wall_follow/hook/pythonpath.dsv'
[12.903s] INFO:colcon.colcon_core.shell:Creating environment hook '/home/vy/GalacticRacing/sim_ws/install/wall_follow/share/wall_follow/hook/pythonpath.sh'
[12.904s] Level 1:colcon.colcon_core.environment:checking '/home/vy/GalacticRacing/sim_ws/install/wall_follow/bin'
[12.954s] INFO:colcon.colcon_core.shell:Creating package script '/home/vy/GalacticRacing/sim_ws/install/wall_follow/share/wall_follow/package.ps1'
[12.955s] INFO:colcon.colcon_core.shell:Creating package descriptor '/home/vy/GalacticRacing/sim_ws/install/wall_follow/share/wall_follow/package.dsv'
[12.956s] INFO:colcon.colcon_core.shell:Creating package script '/home/vy/GalacticRacing/sim_ws/install/wall_follow/share/wall_follow/package.sh'
[12.957s] INFO:colcon.colcon_core.shell:Creating package script '/home/vy/GalacticRacing/sim_ws/install/wall_follow/share/wall_follow/package.bash'
[12.958s] INFO:colcon.colcon_core.shell:Creating package script '/home/vy/GalacticRacing/sim_ws/install/wall_follow/share/wall_follow/package.zsh'
[12.959s] Level 1:colcon.colcon_core.environment:create_file_with_runtime_dependencies(/home/vy/GalacticRacing/sim_ws/install/wall_follow/share/colcon-core/packages/wall_follow)
[13.013s] Level 1:colcon.colcon_core.environment:create_environment_scripts_only(safety_node)
[13.067s] Level 1:colcon.colcon_core.environment:checking '/home/vy/GalacticRacing/sim_ws/install/safety_node' for CMake module files
[13.068s] Level 1:colcon.colcon_core.environment:checking '/home/vy/GalacticRacing/sim_ws/install/safety_node' for CMake config files
[13.068s] Level 1:colcon.colcon_core.shell:create_environment_hook('safety_node', 'cmake_prefix_path')
[13.109s] INFO:colcon.colcon_core.shell:Creating environment hook '/home/vy/GalacticRacing/sim_ws/install/safety_node/share/safety_node/hook/cmake_prefix_path.ps1'
[13.110s] INFO:colcon.colcon_core.shell:Creating environment descriptor '/home/vy/GalacticRacing/sim_ws/install/safety_node/share/safety_node/hook/cmake_prefix_path.dsv'
[13.110s] INFO:colcon.colcon_core.shell:Creating environment hook '/home/vy/GalacticRacing/sim_ws/install/safety_node/share/safety_node/hook/cmake_prefix_path.sh'
[13.111s] Level 1:colcon.colcon_core.environment:checking '/home/vy/GalacticRacing/sim_ws/install/safety_node/lib'
[13.111s] Level 1:colcon.colcon_core.environment:checking '/home/vy/GalacticRacing/sim_ws/install/safety_node/bin'
[13.111s] Level 1:colcon.colcon_core.environment:checking '/home/vy/GalacticRacing/sim_ws/install/safety_node/lib/pkgconfig/safety_node.pc'
[13.112s] Level 1:colcon.colcon_core.environment:checking '/home/vy/GalacticRacing/sim_ws/install/safety_node/lib/python3.8/site-packages'
[13.112s] Level 1:colcon.colcon_core.shell:create_environment_hook('safety_node', 'pythonpath')
[13.198s] INFO:colcon.colcon_core.shell:Creating environment hook '/home/vy/GalacticRacing/sim_ws/install/safety_node/share/safety_node/hook/pythonpath.ps1'
[13.199s] INFO:colcon.colcon_core.shell:Creating environment descriptor '/home/vy/GalacticRacing/sim_ws/install/safety_node/share/safety_node/hook/pythonpath.dsv'
[13.200s] INFO:colcon.colcon_core.shell:Creating environment hook '/home/vy/GalacticRacing/sim_ws/install/safety_node/share/safety_node/hook/pythonpath.sh'
[13.201s] Level 1:colcon.colcon_core.environment:checking '/home/vy/GalacticRacing/sim_ws/install/safety_node/bin'
[13.252s] INFO:colcon.colcon_core.shell:Creating package script '/home/vy/GalacticRacing/sim_ws/install/safety_node/share/safety_node/package.ps1'
[13.253s] INFO:colcon.colcon_core.shell:Creating package descriptor '/home/vy/GalacticRacing/sim_ws/install/safety_node/share/safety_node/package.dsv'
[13.254s] INFO:colcon.colcon_core.shell:Creating package script '/home/vy/GalacticRacing/sim_ws/install/safety_node/share/safety_node/package.sh'
[13.256s] INFO:colcon.colcon_core.shell:Creating package script '/home/vy/GalacticRacing/sim_ws/install/safety_node/share/safety_node/package.bash'
[13.257s] INFO:colcon.colcon_core.shell:Creating package script '/home/vy/GalacticRacing/sim_ws/install/safety_node/share/safety_node/package.zsh'
[13.258s] Level 1:colcon.colcon_core.environment:create_file_with_runtime_dependencies(/home/vy/GalacticRacing/sim_ws/install/safety_node/share/colcon-core/packages/safety_node)
[13.312s] Level 1:colcon.colcon_core.environment:create_environment_scripts_only(pure_pursuit)
[13.369s] Level 1:colcon.colcon_core.environment:checking '/home/vy/GalacticRacing/sim_ws/install/pure_pursuit' for CMake module files
[13.369s] Level 1:colcon.colcon_core.environment:checking '/home/vy/GalacticRacing/sim_ws/install/pure_pursuit' for CMake config files
[13.369s] Level 1:colcon.colcon_core.shell:create_environment_hook('pure_pursuit', 'cmake_prefix_path')
[13.452s] INFO:colcon.colcon_core.shell:Creating environment hook '/home/vy/GalacticRacing/sim_ws/install/pure_pursuit/share/pure_pursuit/hook/cmake_prefix_path.ps1'
[13.453s] INFO:colcon.colcon_core.shell:Creating environment descriptor '/home/vy/GalacticRacing/sim_ws/install/pure_pursuit/share/pure_pursuit/hook/cmake_prefix_path.dsv'
[13.454s] INFO:colcon.colcon_core.shell:Creating environment hook '/home/vy/GalacticRacing/sim_ws/install/pure_pursuit/share/pure_pursuit/hook/cmake_prefix_path.sh'
[13.455s] Level 1:colcon.colcon_core.environment:checking '/home/vy/GalacticRacing/sim_ws/install/pure_pursuit/lib'
[13.455s] Level 1:colcon.colcon_core.environment:checking '/home/vy/GalacticRacing/sim_ws/install/pure_pursuit/bin'
[13.455s] Level 1:colcon.colcon_core.environment:checking '/home/vy/GalacticRacing/sim_ws/install/pure_pursuit/lib/pkgconfig/pure_pursuit.pc'
[13.455s] Level 1:colcon.colcon_core.environment:checking '/home/vy/GalacticRacing/sim_ws/install/pure_pursuit/lib/python3.8/site-packages'
[13.455s] Level 1:colcon.colcon_core.shell:create_environment_hook('pure_pursuit', 'pythonpath')
[13.504s] INFO:colcon.colcon_core.shell:Creating environment hook '/home/vy/GalacticRacing/sim_ws/install/pure_pursuit/share/pure_pursuit/hook/pythonpath.ps1'
[13.505s] INFO:colcon.colcon_core.shell:Creating environment descriptor '/home/vy/GalacticRacing/sim_ws/install/pure_pursuit/share/pure_pursuit/hook/pythonpath.dsv'
[13.507s] INFO:colcon.colcon_core.shell:Creating environment hook '/home/vy/GalacticRacing/sim_ws/install/pure_pursuit/share/pure_pursuit/hook/pythonpath.sh'
[13.508s] Level 1:colcon.colcon_core.environment:checking '/home/vy/GalacticRacing/sim_ws/install/pure_pursuit/bin'
[13.567s] INFO:colcon.colcon_core.shell:Creating package script '/home/vy/GalacticRacing/sim_ws/install/pure_pursuit/share/pure_pursuit/package.ps1'
[13.570s] INFO:colcon.colcon_core.shell:Creating package descriptor '/home/vy/GalacticRacing/sim_ws/install/pure_pursuit/share/pure_pursuit/package.dsv'
[13.570s] INFO:colcon.colcon_core.shell:Creating package script '/home/vy/GalacticRacing/sim_ws/install/pure_pursuit/share/pure_pursuit/package.sh'
[13.571s] INFO:colcon.colcon_core.shell:Creating package script '/home/vy/GalacticRacing/sim_ws/install/pure_pursuit/share/pure_pursuit/package.bash'
[13.572s] INFO:colcon.colcon_core.shell:Creating package script '/home/vy/GalacticRacing/sim_ws/install/pure_pursuit/share/pure_pursuit/package.zsh'
[13.573s] Level 1:colcon.colcon_core.environment:create_file_with_runtime_dependencies(/home/vy/GalacticRacing/sim_ws/install/pure_pursuit/share/colcon-core/packages/pure_pursuit)
[13.575s] Level 1:colcon.colcon_core.environment:create_environment_scripts_only(waypoint_logger)
[13.575s] DEBUG:colcon.colcon_core.event_handler.log_command:Invoked command in '/home/vy/GalacticRacing/sim_ws/build/waypoint_logger' returned '0': CMAKE_PREFIX_PATH=${CMAKE_PREFIX_PATH}:/home/vy/GalacticRacing/sim_ws/install/particle_filter:/home/vy/GalacticRacing/sim_ws/install/f1tenth_gym_ros:/opt/ros/foxy /usr/bin/cmake --install /home/vy/GalacticRacing/sim_ws/build/waypoint_logger
[13.639s] Level 1:colcon.colcon_core.environment:checking '/home/vy/GalacticRacing/sim_ws/install/waypoint_logger' for CMake module files
[13.640s] Level 1:colcon.colcon_core.environment:checking '/home/vy/GalacticRacing/sim_ws/install/waypoint_logger' for CMake config files
[13.640s] Level 1:colcon.colcon_core.shell:create_environment_hook('waypoint_logger', 'cmake_prefix_path')
[13.715s] INFO:colcon.colcon_core.shell:Creating environment hook '/home/vy/GalacticRacing/sim_ws/install/waypoint_logger/share/waypoint_logger/hook/cmake_prefix_path.ps1'
[13.716s] INFO:colcon.colcon_core.shell:Creating environment descriptor '/home/vy/GalacticRacing/sim_ws/install/waypoint_logger/share/waypoint_logger/hook/cmake_prefix_path.dsv'
[13.717s] INFO:colcon.colcon_core.shell:Creating environment hook '/home/vy/GalacticRacing/sim_ws/install/waypoint_logger/share/waypoint_logger/hook/cmake_prefix_path.sh'
[13.717s] Level 1:colcon.colcon_core.environment:checking '/home/vy/GalacticRacing/sim_ws/install/waypoint_logger/lib'
[13.717s] Level 1:colcon.colcon_core.environment:checking '/home/vy/GalacticRacing/sim_ws/install/waypoint_logger/bin'
[13.718s] Level 1:colcon.colcon_core.environment:checking '/home/vy/GalacticRacing/sim_ws/install/waypoint_logger/lib/pkgconfig/waypoint_logger.pc'
[13.718s] Level 1:colcon.colcon_core.environment:checking '/home/vy/GalacticRacing/sim_ws/install/waypoint_logger/lib/python3.8/site-packages'
[13.718s] Level 1:colcon.colcon_core.shell:create_environment_hook('waypoint_logger', 'pythonpath')
[13.755s] INFO:colcon.colcon_core.shell:Creating environment hook '/home/vy/GalacticRacing/sim_ws/install/waypoint_logger/share/waypoint_logger/hook/pythonpath.ps1'
[13.756s] INFO:colcon.colcon_core.shell:Creating environment descriptor '/home/vy/GalacticRacing/sim_ws/install/waypoint_logger/share/waypoint_logger/hook/pythonpath.dsv'
[13.757s] INFO:colcon.colcon_core.shell:Creating environment hook '/home/vy/GalacticRacing/sim_ws/install/waypoint_logger/share/waypoint_logger/hook/pythonpath.sh'
[13.758s] Level 1:colcon.colcon_core.environment:checking '/home/vy/GalacticRacing/sim_ws/install/waypoint_logger/bin'
[13.798s] INFO:colcon.colcon_core.shell:Creating package script '/home/vy/GalacticRacing/sim_ws/install/waypoint_logger/share/waypoint_logger/package.ps1'
[13.799s] INFO:colcon.colcon_core.shell:Creating package descriptor '/home/vy/GalacticRacing/sim_ws/install/waypoint_logger/share/waypoint_logger/package.dsv'
[13.799s] INFO:colcon.colcon_core.shell:Creating package script '/home/vy/GalacticRacing/sim_ws/install/waypoint_logger/share/waypoint_logger/package.sh'
[13.800s] INFO:colcon.colcon_core.shell:Creating package script '/home/vy/GalacticRacing/sim_ws/install/waypoint_logger/share/waypoint_logger/package.bash'
[13.801s] INFO:colcon.colcon_core.shell:Creating package script '/home/vy/GalacticRacing/sim_ws/install/waypoint_logger/share/waypoint_logger/package.zsh'
[13.801s] Level 1:colcon.colcon_core.environment:create_file_with_runtime_dependencies(/home/vy/GalacticRacing/sim_ws/install/waypoint_logger/share/colcon-core/packages/waypoint_logger)
[13.988s] Level 1:colcon.colcon_core.environment:create_environment_scripts_only(waypoint_logger)
[14.036s] Level 1:colcon.colcon_core.environment:checking '/home/vy/GalacticRacing/sim_ws/install/waypoint_logger' for CMake module files
[14.036s] Level 1:colcon.colcon_core.environment:checking '/home/vy/GalacticRacing/sim_ws/install/waypoint_logger' for CMake config files
[14.036s] Level 1:colcon.colcon_core.shell:create_environment_hook('waypoint_logger', 'cmake_prefix_path')
[14.112s] INFO:colcon.colcon_core.shell:Creating environment hook '/home/vy/GalacticRacing/sim_ws/install/waypoint_logger/share/waypoint_logger/hook/cmake_prefix_path.ps1'
[14.112s] INFO:colcon.colcon_core.shell:Creating environment descriptor '/home/vy/GalacticRacing/sim_ws/install/waypoint_logger/share/waypoint_logger/hook/cmake_prefix_path.dsv'
[14.114s] INFO:colcon.colcon_core.shell:Creating environment hook '/home/vy/GalacticRacing/sim_ws/install/waypoint_logger/share/waypoint_logger/hook/cmake_prefix_path.sh'
[14.118s] Level 1:colcon.colcon_core.environment:checking '/home/vy/GalacticRacing/sim_ws/install/waypoint_logger/lib'
[14.118s] Level 1:colcon.colcon_core.environment:checking '/home/vy/GalacticRacing/sim_ws/install/waypoint_logger/bin'
[14.118s] Level 1:colcon.colcon_core.environment:checking '/home/vy/GalacticRacing/sim_ws/install/waypoint_logger/lib/pkgconfig/waypoint_logger.pc'
[14.118s] Level 1:colcon.colcon_core.environment:checking '/home/vy/GalacticRacing/sim_ws/install/waypoint_logger/lib/python3.8/site-packages'
[14.118s] Level 1:colcon.colcon_core.shell:create_environment_hook('waypoint_logger', 'pythonpath')
[14.186s] INFO:colcon.colcon_core.shell:Creating environment hook '/home/vy/GalacticRacing/sim_ws/install/waypoint_logger/share/waypoint_logger/hook/pythonpath.ps1'
[14.187s] INFO:colcon.colcon_core.shell:Creating environment descriptor '/home/vy/GalacticRacing/sim_ws/install/waypoint_logger/share/waypoint_logger/hook/pythonpath.dsv'
[14.188s] INFO:colcon.colcon_core.shell:Creating environment hook '/home/vy/GalacticRacing/sim_ws/install/waypoint_logger/share/waypoint_logger/hook/pythonpath.sh'
[14.189s] Level 1:colcon.colcon_core.environment:checking '/home/vy/GalacticRacing/sim_ws/install/waypoint_logger/bin'
[14.238s] INFO:colcon.colcon_core.shell:Creating package script '/home/vy/GalacticRacing/sim_ws/install/waypoint_logger/share/waypoint_logger/package.ps1'
[14.239s] INFO:colcon.colcon_core.shell:Creating package descriptor '/home/vy/GalacticRacing/sim_ws/install/waypoint_logger/share/waypoint_logger/package.dsv'
[14.239s] INFO:colcon.colcon_core.shell:Creating package script '/home/vy/GalacticRacing/sim_ws/install/waypoint_logger/share/waypoint_logger/package.sh'
[14.240s] INFO:colcon.colcon_core.shell:Creating package script '/home/vy/GalacticRacing/sim_ws/install/waypoint_logger/share/waypoint_logger/package.bash'
[14.241s] INFO:colcon.colcon_core.shell:Creating package script '/home/vy/GalacticRacing/sim_ws/install/waypoint_logger/share/waypoint_logger/package.zsh'
[14.241s] Level 1:colcon.colcon_core.environment:create_file_with_runtime_dependencies(/home/vy/GalacticRacing/sim_ws/install/waypoint_logger/share/colcon-core/packages/waypoint_logger)
[14.258s] DEBUG:colcon.colcon_parallel_executor.executor.parallel:closing loop
[14.259s] DEBUG:colcon.colcon_parallel_executor.executor.parallel:loop closed
[14.260s] DEBUG:colcon.colcon_parallel_executor.executor.parallel:run_until_complete finished with '0'
[14.260s] DEBUG:colcon.colcon_core.event_reactor:joining thread
[14.340s] INFO:colcon.colcon_core.plugin_system:Skipping extension 'colcon_notification.desktop_notification.terminal_notifier': Not used on non-Darwin systems
[14.340s] INFO:colcon.colcon_core.plugin_system:Skipping extension 'colcon_notification.desktop_notification.win32': Not used on non-Windows systems
[14.341s] INFO:colcon.colcon_notification.desktop_notification:Sending desktop notification using 'notify2'
[14.365s] DEBUG:colcon.colcon_core.event_reactor:joined thread
[14.403s] INFO:colcon.colcon_core.shell:Creating prefix script '/home/vy/GalacticRacing/sim_ws/install/local_setup.ps1'
[14.406s] INFO:colcon.colcon_core.shell:Creating prefix util module '/home/vy/GalacticRacing/sim_ws/install/_local_setup_util_ps1.py'
[14.408s] INFO:colcon.colcon_core.shell:Creating prefix chain script '/home/vy/GalacticRacing/sim_ws/install/setup.ps1'
[14.511s] INFO:colcon.colcon_core.shell:Creating prefix script '/home/vy/GalacticRacing/sim_ws/install/local_setup.sh'
[14.520s] INFO:colcon.colcon_core.shell:Creating prefix util module '/home/vy/GalacticRacing/sim_ws/install/_local_setup_util_sh.py'
[14.524s] INFO:colcon.colcon_core.shell:Creating prefix chain script '/home/vy/GalacticRacing/sim_ws/install/setup.sh'
[14.615s] INFO:colcon.colcon_core.shell:Creating prefix script '/home/vy/GalacticRacing/sim_ws/install/local_setup.bash'
[14.620s] INFO:colcon.colcon_core.shell:Creating prefix chain script '/home/vy/GalacticRacing/sim_ws/install/setup.bash'
[14.696s] INFO:colcon.colcon_core.shell:Creating prefix script '/home/vy/GalacticRacing/sim_ws/install/local_setup.zsh'
[14.703s] INFO:colcon.colcon_core.shell:Creating prefix chain script '/home/vy/GalacticRacing/sim_ws/install/setup.zsh'
