[1.354s] DEBUG:colcon:Command line arguments: ['/usr/bin/colcon', 'build']
[1.354s] DEBUG:colcon:Parsed command line arguments: Namespace(allow_overriding=[], ament_cmake_args=None, base_paths=['.'], build_base='build', catkin_cmake_args=None, catkin_skip_building_tests=False, cmake_args=None, cmake_clean_cache=False, cmake_clean_first=False, cmake_force_configure=False, cmake_target=None, cmake_target_skip_unavailable=False, continue_on_error=False, event_handlers=None, executor='parallel', ignore_user_meta=False, install_base='install', log_base=None, log_level=None, main=<bound method BuildVerb.main of <colcon_core.verb.build.BuildVerb object at 0x7f027dca28b0>>, merge_install=False, metas=['./colcon.meta'], packages_above=None, packages_above_and_dependencies=None, packages_above_depth=None, packages_end=None, packages_ignore=None, packages_ignore_regex=None, packages_select=None, packages_select_build_failed=False, packages_select_by_dep=None, packages_select_regex=None, packages_select_test_failures=False, packages_skip=None, packages_skip_build_finished=False, packages_skip_by_dep=None, packages_skip_regex=None, packages_skip_test_passed=False, packages_skip_up_to=None, packages_start=None, packages_up_to=None, packages_up_to_regex=None, parallel_workers=6, paths=None, symlink_install=False, test_result_base=None, verb_extension=<colcon_core.verb.build.BuildVerb object at 0x7f027dca28b0>, verb_name='build', verb_parser=<colcon_defaults.argument_parser.defaults.DefaultArgumentsDecorator object at 0x7f027d8220a0>)
[1.414s] Level 1:colcon.colcon_core.package_discovery:discover_packages(colcon_meta) check parameters
[1.414s] Level 1:colcon.colcon_core.package_discovery:discover_packages(recursive) check parameters
[1.414s] Level 1:colcon.colcon_core.package_discovery:discover_packages(ignore) check parameters
[1.414s] Level 1:colcon.colcon_core.package_discovery:discover_packages(path) check parameters
[1.414s] Level 1:colcon.colcon_core.package_discovery:discover_packages(colcon_meta) discover
[1.414s] Level 1:colcon.colcon_core.package_discovery:discover_packages(recursive) discover
[1.414s] INFO:colcon.colcon_core.package_discovery:Crawling recursively for packages in '/home/vy/GalacticRacing'
[1.414s] Level 1:colcon.colcon_core.package_identification:_identify(.) by extensions ['ignore', 'ignore_ament_install']
[1.414s] Level 1:colcon.colcon_core.package_identification:_identify(.) by extension 'ignore'
[1.414s] Level 1:colcon.colcon_core.package_identification:_identify(.) by extension 'ignore_ament_install'
[1.414s] Level 1:colcon.colcon_core.package_identification:_identify(.) by extensions ['colcon_pkg']
[1.414s] Level 1:colcon.colcon_core.package_identification:_identify(.) by extension 'colcon_pkg'
[1.414s] Level 1:colcon.colcon_core.package_identification:_identify(.) by extensions ['colcon_meta']
[1.414s] Level 1:colcon.colcon_core.package_identification:_identify(.) by extension 'colcon_meta'
[1.414s] Level 1:colcon.colcon_core.package_identification:_identify(.) by extensions ['ros']
[1.414s] Level 1:colcon.colcon_core.package_identification:_identify(.) by extension 'ros'
[1.423s] Level 1:colcon.colcon_core.package_identification:_identify(.) by extensions ['cmake', 'python']
[1.423s] Level 1:colcon.colcon_core.package_identification:_identify(.) by extension 'cmake'
[1.423s] Level 1:colcon.colcon_core.package_identification:_identify(.) by extension 'python'
[1.423s] Level 1:colcon.colcon_core.package_identification:_identify(.) by extensions ['python_setup_py']
[1.423s] Level 1:colcon.colcon_core.package_identification:_identify(.) by extension 'python_setup_py'
[1.423s] Level 1:colcon.colcon_core.package_identification:_identify(build) by extensions ['ignore', 'ignore_ament_install']
[1.423s] Level 1:colcon.colcon_core.package_identification:_identify(build) by extension 'ignore'
[1.423s] Level 1:colcon.colcon_core.package_identification:_identify(build) ignored
[1.424s] Level 1:colcon.colcon_core.package_identification:_identify(docs) by extensions ['ignore', 'ignore_ament_install']
[1.424s] Level 1:colcon.colcon_core.package_identification:_identify(docs) by extension 'ignore'
[1.424s] Level 1:colcon.colcon_core.package_identification:_identify(docs) by extension 'ignore_ament_install'
[1.424s] Level 1:colcon.colcon_core.package_identification:_identify(docs) by extensions ['colcon_pkg']
[1.424s] Level 1:colcon.colcon_core.package_identification:_identify(docs) by extension 'colcon_pkg'
[1.424s] Level 1:colcon.colcon_core.package_identification:_identify(docs) by extensions ['colcon_meta']
[1.424s] Level 1:colcon.colcon_core.package_identification:_identify(docs) by extension 'colcon_meta'
[1.424s] Level 1:colcon.colcon_core.package_identification:_identify(docs) by extensions ['ros']
[1.424s] Level 1:colcon.colcon_core.package_identification:_identify(docs) by extension 'ros'
[1.424s] Level 1:colcon.colcon_core.package_identification:_identify(docs) by extensions ['cmake', 'python']
[1.424s] Level 1:colcon.colcon_core.package_identification:_identify(docs) by extension 'cmake'
[1.424s] Level 1:colcon.colcon_core.package_identification:_identify(docs) by extension 'python'
[1.424s] Level 1:colcon.colcon_core.package_identification:_identify(docs) by extensions ['python_setup_py']
[1.424s] Level 1:colcon.colcon_core.package_identification:_identify(docs) by extension 'python_setup_py'
[1.424s] Level 1:colcon.colcon_core.package_identification:_identify(install) by extensions ['ignore', 'ignore_ament_install']
[1.424s] Level 1:colcon.colcon_core.package_identification:_identify(install) by extension 'ignore'
[1.424s] Level 1:colcon.colcon_core.package_identification:_identify(install) ignored
[1.424s] Level 1:colcon.colcon_core.package_identification:_identify(log) by extensions ['ignore', 'ignore_ament_install']
[1.425s] Level 1:colcon.colcon_core.package_identification:_identify(log) by extension 'ignore'
[1.425s] Level 1:colcon.colcon_core.package_identification:_identify(log) ignored
[1.425s] Level 1:colcon.colcon_core.package_identification:_identify(scripts) by extensions ['ignore', 'ignore_ament_install']
[1.425s] Level 1:colcon.colcon_core.package_identification:_identify(scripts) by extension 'ignore'
[1.425s] Level 1:colcon.colcon_core.package_identification:_identify(scripts) by extension 'ignore_ament_install'
[1.425s] Level 1:colcon.colcon_core.package_identification:_identify(scripts) by extensions ['colcon_pkg']
[1.425s] Level 1:colcon.colcon_core.package_identification:_identify(scripts) by extension 'colcon_pkg'
[1.425s] Level 1:colcon.colcon_core.package_identification:_identify(scripts) by extensions ['colcon_meta']
[1.425s] Level 1:colcon.colcon_core.package_identification:_identify(scripts) by extension 'colcon_meta'
[1.425s] Level 1:colcon.colcon_core.package_identification:_identify(scripts) by extensions ['ros']
[1.425s] Level 1:colcon.colcon_core.package_identification:_identify(scripts) by extension 'ros'
[1.425s] Level 1:colcon.colcon_core.package_identification:_identify(scripts) by extensions ['cmake', 'python']
[1.425s] Level 1:colcon.colcon_core.package_identification:_identify(scripts) by extension 'cmake'
[1.425s] Level 1:colcon.colcon_core.package_identification:_identify(scripts) by extension 'python'
[1.425s] Level 1:colcon.colcon_core.package_identification:_identify(scripts) by extensions ['python_setup_py']
[1.425s] Level 1:colcon.colcon_core.package_identification:_identify(scripts) by extension 'python_setup_py'
[1.425s] Level 1:colcon.colcon_core.package_identification:_identify(sim_ws) by extensions ['ignore', 'ignore_ament_install']
[1.425s] Level 1:colcon.colcon_core.package_identification:_identify(sim_ws) by extension 'ignore'
[1.425s] Level 1:colcon.colcon_core.package_identification:_identify(sim_ws) by extension 'ignore_ament_install'
[1.425s] Level 1:colcon.colcon_core.package_identification:_identify(sim_ws) by extensions ['colcon_pkg']
[1.425s] Level 1:colcon.colcon_core.package_identification:_identify(sim_ws) by extension 'colcon_pkg'
[1.425s] Level 1:colcon.colcon_core.package_identification:_identify(sim_ws) by extensions ['colcon_meta']
[1.425s] Level 1:colcon.colcon_core.package_identification:_identify(sim_ws) by extension 'colcon_meta'
[1.425s] Level 1:colcon.colcon_core.package_identification:_identify(sim_ws) by extensions ['ros']
[1.426s] Level 1:colcon.colcon_core.package_identification:_identify(sim_ws) by extension 'ros'
[1.426s] Level 1:colcon.colcon_core.package_identification:_identify(sim_ws) by extensions ['cmake', 'python']
[1.426s] Level 1:colcon.colcon_core.package_identification:_identify(sim_ws) by extension 'cmake'
[1.426s] Level 1:colcon.colcon_core.package_identification:_identify(sim_ws) by extension 'python'
[1.426s] Level 1:colcon.colcon_core.package_identification:_identify(sim_ws) by extensions ['python_setup_py']
[1.426s] Level 1:colcon.colcon_core.package_identification:_identify(sim_ws) by extension 'python_setup_py'
[1.426s] Level 1:colcon.colcon_core.package_identification:_identify(sim_ws/build) by extensions ['ignore', 'ignore_ament_install']
[1.426s] Level 1:colcon.colcon_core.package_identification:_identify(sim_ws/build) by extension 'ignore'
[1.426s] Level 1:colcon.colcon_core.package_identification:_identify(sim_ws/build) ignored
[1.426s] Level 1:colcon.colcon_core.package_identification:_identify(sim_ws/install) by extensions ['ignore', 'ignore_ament_install']
[1.426s] Level 1:colcon.colcon_core.package_identification:_identify(sim_ws/install) by extension 'ignore'
[1.426s] Level 1:colcon.colcon_core.package_identification:_identify(sim_ws/install) ignored
[1.426s] Level 1:colcon.colcon_core.package_identification:_identify(sim_ws/log) by extensions ['ignore', 'ignore_ament_install']
[1.426s] Level 1:colcon.colcon_core.package_identification:_identify(sim_ws/log) by extension 'ignore'
[1.426s] Level 1:colcon.colcon_core.package_identification:_identify(sim_ws/log) ignored
[1.426s] Level 1:colcon.colcon_core.package_identification:_identify(sim_ws/src) by extensions ['ignore', 'ignore_ament_install']
[1.426s] Level 1:colcon.colcon_core.package_identification:_identify(sim_ws/src) by extension 'ignore'
[1.426s] Level 1:colcon.colcon_core.package_identification:_identify(sim_ws/src) by extension 'ignore_ament_install'
[1.426s] Level 1:colcon.colcon_core.package_identification:_identify(sim_ws/src) by extensions ['colcon_pkg']
[1.427s] Level 1:colcon.colcon_core.package_identification:_identify(sim_ws/src) by extension 'colcon_pkg'
[1.427s] Level 1:colcon.colcon_core.package_identification:_identify(sim_ws/src) by extensions ['colcon_meta']
[1.427s] Level 1:colcon.colcon_core.package_identification:_identify(sim_ws/src) by extension 'colcon_meta'
[1.427s] Level 1:colcon.colcon_core.package_identification:_identify(sim_ws/src) by extensions ['ros']
[1.427s] Level 1:colcon.colcon_core.package_identification:_identify(sim_ws/src) by extension 'ros'
[1.427s] Level 1:colcon.colcon_core.package_identification:_identify(sim_ws/src) by extensions ['cmake', 'python']
[1.427s] Level 1:colcon.colcon_core.package_identification:_identify(sim_ws/src) by extension 'cmake'
[1.427s] Level 1:colcon.colcon_core.package_identification:_identify(sim_ws/src) by extension 'python'
[1.427s] Level 1:colcon.colcon_core.package_identification:_identify(sim_ws/src) by extensions ['python_setup_py']
[1.427s] Level 1:colcon.colcon_core.package_identification:_identify(sim_ws/src) by extension 'python_setup_py'
[1.427s] Level 1:colcon.colcon_core.package_identification:_identify(sim_ws/src/build) by extensions ['ignore', 'ignore_ament_install']
[1.427s] Level 1:colcon.colcon_core.package_identification:_identify(sim_ws/src/build) by extension 'ignore'
[1.427s] Level 1:colcon.colcon_core.package_identification:_identify(sim_ws/src/build) ignored
[1.427s] Level 1:colcon.colcon_core.package_identification:_identify(sim_ws/src/f1tenth_gym_ros) by extensions ['ignore', 'ignore_ament_install']
[1.427s] Level 1:colcon.colcon_core.package_identification:_identify(sim_ws/src/f1tenth_gym_ros) by extension 'ignore'
[1.427s] Level 1:colcon.colcon_core.package_identification:_identify(sim_ws/src/f1tenth_gym_ros) by extension 'ignore_ament_install'
[1.427s] Level 1:colcon.colcon_core.package_identification:_identify(sim_ws/src/f1tenth_gym_ros) by extensions ['colcon_pkg']
[1.427s] Level 1:colcon.colcon_core.package_identification:_identify(sim_ws/src/f1tenth_gym_ros) by extension 'colcon_pkg'
[1.427s] Level 1:colcon.colcon_core.package_identification:_identify(sim_ws/src/f1tenth_gym_ros) by extensions ['colcon_meta']
[1.427s] Level 1:colcon.colcon_core.package_identification:_identify(sim_ws/src/f1tenth_gym_ros) by extension 'colcon_meta'
[1.428s] Level 1:colcon.colcon_core.package_identification:_identify(sim_ws/src/f1tenth_gym_ros) by extensions ['ros']
[1.428s] Level 1:colcon.colcon_core.package_identification:_identify(sim_ws/src/f1tenth_gym_ros) by extension 'ros'
[1.430s] DEBUG:colcon.colcon_core.package_identification:Package 'sim_ws/src/f1tenth_gym_ros' with type 'ros.ament_python' and name 'f1tenth_gym_ros'
[1.430s] Level 1:colcon.colcon_core.package_identification:_identify(sim_ws/src/gap_follow) by extensions ['ignore', 'ignore_ament_install']
[1.430s] Level 1:colcon.colcon_core.package_identification:_identify(sim_ws/src/gap_follow) by extension 'ignore'
[1.430s] Level 1:colcon.colcon_core.package_identification:_identify(sim_ws/src/gap_follow) by extension 'ignore_ament_install'
[1.430s] Level 1:colcon.colcon_core.package_identification:_identify(sim_ws/src/gap_follow) by extensions ['colcon_pkg']
[1.430s] Level 1:colcon.colcon_core.package_identification:_identify(sim_ws/src/gap_follow) by extension 'colcon_pkg'
[1.430s] Level 1:colcon.colcon_core.package_identification:_identify(sim_ws/src/gap_follow) by extensions ['colcon_meta']
[1.430s] Level 1:colcon.colcon_core.package_identification:_identify(sim_ws/src/gap_follow) by extension 'colcon_meta'
[1.430s] Level 1:colcon.colcon_core.package_identification:_identify(sim_ws/src/gap_follow) by extensions ['ros']
[1.430s] Level 1:colcon.colcon_core.package_identification:_identify(sim_ws/src/gap_follow) by extension 'ros'
[1.431s] DEBUG:colcon.colcon_core.package_identification:Package 'sim_ws/src/gap_follow' with type 'ros.ament_cmake' and name 'gap_follow'
[1.431s] Level 1:colcon.colcon_core.package_identification:_identify(sim_ws/src/install) by extensions ['ignore', 'ignore_ament_install']
[1.431s] Level 1:colcon.colcon_core.package_identification:_identify(sim_ws/src/install) by extension 'ignore'
[1.432s] Level 1:colcon.colcon_core.package_identification:_identify(sim_ws/src/install) ignored
[1.432s] Level 1:colcon.colcon_core.package_identification:_identify(sim_ws/src/log) by extensions ['ignore', 'ignore_ament_install']
[1.432s] Level 1:colcon.colcon_core.package_identification:_identify(sim_ws/src/log) by extension 'ignore'
[1.432s] Level 1:colcon.colcon_core.package_identification:_identify(sim_ws/src/log) ignored
[1.432s] Level 1:colcon.colcon_core.package_identification:_identify(sim_ws/src/ros_msg_pkg) by extensions ['ignore', 'ignore_ament_install']
[1.432s] Level 1:colcon.colcon_core.package_identification:_identify(sim_ws/src/ros_msg_pkg) by extension 'ignore'
[1.433s] Level 1:colcon.colcon_core.package_identification:_identify(sim_ws/src/ros_msg_pkg) by extension 'ignore_ament_install'
[1.433s] Level 1:colcon.colcon_core.package_identification:_identify(sim_ws/src/ros_msg_pkg) by extensions ['colcon_pkg']
[1.433s] Level 1:colcon.colcon_core.package_identification:_identify(sim_ws/src/ros_msg_pkg) by extension 'colcon_pkg'
[1.433s] Level 1:colcon.colcon_core.package_identification:_identify(sim_ws/src/ros_msg_pkg) by extensions ['colcon_meta']
[1.433s] Level 1:colcon.colcon_core.package_identification:_identify(sim_ws/src/ros_msg_pkg) by extension 'colcon_meta'
[1.433s] Level 1:colcon.colcon_core.package_identification:_identify(sim_ws/src/ros_msg_pkg) by extensions ['ros']
[1.433s] Level 1:colcon.colcon_core.package_identification:_identify(sim_ws/src/ros_msg_pkg) by extension 'ros'
[1.434s] DEBUG:colcon.colcon_core.package_identification:Package 'sim_ws/src/ros_msg_pkg' with type 'ros.ament_python' and name 'ros_msg_pkg'
[1.434s] Level 1:colcon.colcon_core.package_identification:_identify(sim_ws/src/safety_node) by extensions ['ignore', 'ignore_ament_install']
[1.435s] Level 1:colcon.colcon_core.package_identification:_identify(sim_ws/src/safety_node) by extension 'ignore'
[1.435s] Level 1:colcon.colcon_core.package_identification:_identify(sim_ws/src/safety_node) by extension 'ignore_ament_install'
[1.435s] Level 1:colcon.colcon_core.package_identification:_identify(sim_ws/src/safety_node) by extensions ['colcon_pkg']
[1.435s] Level 1:colcon.colcon_core.package_identification:_identify(sim_ws/src/safety_node) by extension 'colcon_pkg'
[1.435s] Level 1:colcon.colcon_core.package_identification:_identify(sim_ws/src/safety_node) by extensions ['colcon_meta']
[1.435s] Level 1:colcon.colcon_core.package_identification:_identify(sim_ws/src/safety_node) by extension 'colcon_meta'
[1.435s] Level 1:colcon.colcon_core.package_identification:_identify(sim_ws/src/safety_node) by extensions ['ros']
[1.435s] Level 1:colcon.colcon_core.package_identification:_identify(sim_ws/src/safety_node) by extension 'ros'
[1.436s] DEBUG:colcon.colcon_core.package_identification:Package 'sim_ws/src/safety_node' with type 'ros.ament_cmake' and name 'safety_node'
[1.436s] Level 1:colcon.colcon_core.package_identification:_identify(sim_ws/src/wall_follow) by extensions ['ignore', 'ignore_ament_install']
[1.436s] Level 1:colcon.colcon_core.package_identification:_identify(sim_ws/src/wall_follow) by extension 'ignore'
[1.436s] Level 1:colcon.colcon_core.package_identification:_identify(sim_ws/src/wall_follow) by extension 'ignore_ament_install'
[1.436s] Level 1:colcon.colcon_core.package_identification:_identify(sim_ws/src/wall_follow) by extensions ['colcon_pkg']
[1.436s] Level 1:colcon.colcon_core.package_identification:_identify(sim_ws/src/wall_follow) by extension 'colcon_pkg'
[1.436s] Level 1:colcon.colcon_core.package_identification:_identify(sim_ws/src/wall_follow) by extensions ['colcon_meta']
[1.436s] Level 1:colcon.colcon_core.package_identification:_identify(sim_ws/src/wall_follow) by extension 'colcon_meta'
[1.436s] Level 1:colcon.colcon_core.package_identification:_identify(sim_ws/src/wall_follow) by extensions ['ros']
[1.436s] Level 1:colcon.colcon_core.package_identification:_identify(sim_ws/src/wall_follow) by extension 'ros'
[1.437s] DEBUG:colcon.colcon_core.package_identification:Package 'sim_ws/src/wall_follow' with type 'ros.ament_cmake' and name 'wall_follow'
[1.437s] Level 1:colcon.colcon_core.package_discovery:discover_packages(recursive) using defaults
[1.437s] Level 1:colcon.colcon_core.package_discovery:discover_packages(ignore) discover
[1.437s] Level 1:colcon.colcon_core.package_discovery:discover_packages(ignore) using defaults
[1.437s] Level 1:colcon.colcon_core.package_discovery:discover_packages(path) discover
[1.437s] Level 1:colcon.colcon_core.package_discovery:discover_packages(path) using defaults
[1.571s] Level 1:colcon.colcon_core.package_discovery:discover_packages(prefix_path) check parameters
[1.571s] Level 1:colcon.colcon_core.package_discovery:discover_packages(prefix_path) discover
[1.594s] Level 1:colcon.colcon_core.package_discovery:discover_packages(prefix_path) using defaults
[1.640s] Level 5:colcon.colcon_core.verb:set package 'f1tenth_gym_ros' build argument 'cmake_args' from command line to 'None'
[1.640s] Level 5:colcon.colcon_core.verb:set package 'f1tenth_gym_ros' build argument 'cmake_target' from command line to 'None'
[1.640s] Level 5:colcon.colcon_core.verb:set package 'f1tenth_gym_ros' build argument 'cmake_target_skip_unavailable' from command line to 'False'
[1.640s] Level 5:colcon.colcon_core.verb:set package 'f1tenth_gym_ros' build argument 'cmake_clean_cache' from command line to 'False'
[1.640s] Level 5:colcon.colcon_core.verb:set package 'f1tenth_gym_ros' build argument 'cmake_clean_first' from command line to 'False'
[1.640s] Level 5:colcon.colcon_core.verb:set package 'f1tenth_gym_ros' build argument 'cmake_force_configure' from command line to 'False'
[1.640s] Level 5:colcon.colcon_core.verb:set package 'f1tenth_gym_ros' build argument 'ament_cmake_args' from command line to 'None'
[1.640s] Level 5:colcon.colcon_core.verb:set package 'f1tenth_gym_ros' build argument 'catkin_cmake_args' from command line to 'None'
[1.640s] Level 5:colcon.colcon_core.verb:set package 'f1tenth_gym_ros' build argument 'catkin_skip_building_tests' from command line to 'False'
[1.640s] DEBUG:colcon.colcon_core.verb:Building package 'f1tenth_gym_ros' with the following arguments: {'ament_cmake_args': None, 'build_base': '/home/vy/GalacticRacing/build/f1tenth_gym_ros', 'catkin_cmake_args': None, 'catkin_skip_building_tests': False, 'cmake_args': None, 'cmake_clean_cache': False, 'cmake_clean_first': False, 'cmake_force_configure': False, 'cmake_target': None, 'cmake_target_skip_unavailable': False, 'install_base': '/home/vy/GalacticRacing/install/f1tenth_gym_ros', 'merge_install': False, 'path': '/home/vy/GalacticRacing/sim_ws/src/f1tenth_gym_ros', 'symlink_install': False, 'test_result_base': None}
[1.662s] Level 5:colcon.colcon_core.verb:set package 'gap_follow' build argument 'cmake_args' from command line to 'None'
[1.662s] Level 5:colcon.colcon_core.verb:set package 'gap_follow' build argument 'cmake_target' from command line to 'None'
[1.662s] Level 5:colcon.colcon_core.verb:set package 'gap_follow' build argument 'cmake_target_skip_unavailable' from command line to 'False'
[1.662s] Level 5:colcon.colcon_core.verb:set package 'gap_follow' build argument 'cmake_clean_cache' from command line to 'False'
[1.662s] Level 5:colcon.colcon_core.verb:set package 'gap_follow' build argument 'cmake_clean_first' from command line to 'False'
[1.662s] Level 5:colcon.colcon_core.verb:set package 'gap_follow' build argument 'cmake_force_configure' from command line to 'False'
[1.662s] Level 5:colcon.colcon_core.verb:set package 'gap_follow' build argument 'ament_cmake_args' from command line to 'None'
[1.662s] Level 5:colcon.colcon_core.verb:set package 'gap_follow' build argument 'catkin_cmake_args' from command line to 'None'
[1.662s] Level 5:colcon.colcon_core.verb:set package 'gap_follow' build argument 'catkin_skip_building_tests' from command line to 'False'
[1.662s] DEBUG:colcon.colcon_core.verb:Building package 'gap_follow' with the following arguments: {'ament_cmake_args': None, 'build_base': '/home/vy/GalacticRacing/build/gap_follow', 'catkin_cmake_args': None, 'catkin_skip_building_tests': False, 'cmake_args': None, 'cmake_clean_cache': False, 'cmake_clean_first': False, 'cmake_force_configure': False, 'cmake_target': None, 'cmake_target_skip_unavailable': False, 'install_base': '/home/vy/GalacticRacing/install/gap_follow', 'merge_install': False, 'path': '/home/vy/GalacticRacing/sim_ws/src/gap_follow', 'symlink_install': False, 'test_result_base': None}
[1.684s] Level 5:colcon.colcon_core.verb:set package 'ros_msg_pkg' build argument 'cmake_args' from command line to 'None'
[1.684s] Level 5:colcon.colcon_core.verb:set package 'ros_msg_pkg' build argument 'cmake_target' from command line to 'None'
[1.684s] Level 5:colcon.colcon_core.verb:set package 'ros_msg_pkg' build argument 'cmake_target_skip_unavailable' from command line to 'False'
[1.684s] Level 5:colcon.colcon_core.verb:set package 'ros_msg_pkg' build argument 'cmake_clean_cache' from command line to 'False'
[1.684s] Level 5:colcon.colcon_core.verb:set package 'ros_msg_pkg' build argument 'cmake_clean_first' from command line to 'False'
[1.684s] Level 5:colcon.colcon_core.verb:set package 'ros_msg_pkg' build argument 'cmake_force_configure' from command line to 'False'
[1.684s] Level 5:colcon.colcon_core.verb:set package 'ros_msg_pkg' build argument 'ament_cmake_args' from command line to 'None'
[1.684s] Level 5:colcon.colcon_core.verb:set package 'ros_msg_pkg' build argument 'catkin_cmake_args' from command line to 'None'
[1.684s] Level 5:colcon.colcon_core.verb:set package 'ros_msg_pkg' build argument 'catkin_skip_building_tests' from command line to 'False'
[1.684s] DEBUG:colcon.colcon_core.verb:Building package 'ros_msg_pkg' with the following arguments: {'ament_cmake_args': None, 'build_base': '/home/vy/GalacticRacing/build/ros_msg_pkg', 'catkin_cmake_args': None, 'catkin_skip_building_tests': False, 'cmake_args': None, 'cmake_clean_cache': False, 'cmake_clean_first': False, 'cmake_force_configure': False, 'cmake_target': None, 'cmake_target_skip_unavailable': False, 'install_base': '/home/vy/GalacticRacing/install/ros_msg_pkg', 'merge_install': False, 'path': '/home/vy/GalacticRacing/sim_ws/src/ros_msg_pkg', 'symlink_install': False, 'test_result_base': None}
[1.707s] Level 5:colcon.colcon_core.verb:set package 'safety_node' build argument 'cmake_args' from command line to 'None'
[1.707s] Level 5:colcon.colcon_core.verb:set package 'safety_node' build argument 'cmake_target' from command line to 'None'
[1.707s] Level 5:colcon.colcon_core.verb:set package 'safety_node' build argument 'cmake_target_skip_unavailable' from command line to 'False'
[1.707s] Level 5:colcon.colcon_core.verb:set package 'safety_node' build argument 'cmake_clean_cache' from command line to 'False'
[1.707s] Level 5:colcon.colcon_core.verb:set package 'safety_node' build argument 'cmake_clean_first' from command line to 'False'
[1.708s] Level 5:colcon.colcon_core.verb:set package 'safety_node' build argument 'cmake_force_configure' from command line to 'False'
[1.708s] Level 5:colcon.colcon_core.verb:set package 'safety_node' build argument 'ament_cmake_args' from command line to 'None'
[1.708s] Level 5:colcon.colcon_core.verb:set package 'safety_node' build argument 'catkin_cmake_args' from command line to 'None'
[1.708s] Level 5:colcon.colcon_core.verb:set package 'safety_node' build argument 'catkin_skip_building_tests' from command line to 'False'
[1.708s] DEBUG:colcon.colcon_core.verb:Building package 'safety_node' with the following arguments: {'ament_cmake_args': None, 'build_base': '/home/vy/GalacticRacing/build/safety_node', 'catkin_cmake_args': None, 'catkin_skip_building_tests': False, 'cmake_args': None, 'cmake_clean_cache': False, 'cmake_clean_first': False, 'cmake_force_configure': False, 'cmake_target': None, 'cmake_target_skip_unavailable': False, 'install_base': '/home/vy/GalacticRacing/install/safety_node', 'merge_install': False, 'path': '/home/vy/GalacticRacing/sim_ws/src/safety_node', 'symlink_install': False, 'test_result_base': None}
[1.730s] Level 5:colcon.colcon_core.verb:set package 'wall_follow' build argument 'cmake_args' from command line to 'None'
[1.730s] Level 5:colcon.colcon_core.verb:set package 'wall_follow' build argument 'cmake_target' from command line to 'None'
[1.730s] Level 5:colcon.colcon_core.verb:set package 'wall_follow' build argument 'cmake_target_skip_unavailable' from command line to 'False'
[1.730s] Level 5:colcon.colcon_core.verb:set package 'wall_follow' build argument 'cmake_clean_cache' from command line to 'False'
[1.730s] Level 5:colcon.colcon_core.verb:set package 'wall_follow' build argument 'cmake_clean_first' from command line to 'False'
[1.730s] Level 5:colcon.colcon_core.verb:set package 'wall_follow' build argument 'cmake_force_configure' from command line to 'False'
[1.730s] Level 5:colcon.colcon_core.verb:set package 'wall_follow' build argument 'ament_cmake_args' from command line to 'None'
[1.730s] Level 5:colcon.colcon_core.verb:set package 'wall_follow' build argument 'catkin_cmake_args' from command line to 'None'
[1.730s] Level 5:colcon.colcon_core.verb:set package 'wall_follow' build argument 'catkin_skip_building_tests' from command line to 'False'
[1.730s] DEBUG:colcon.colcon_core.verb:Building package 'wall_follow' with the following arguments: {'ament_cmake_args': None, 'build_base': '/home/vy/GalacticRacing/build/wall_follow', 'catkin_cmake_args': None, 'catkin_skip_building_tests': False, 'cmake_args': None, 'cmake_clean_cache': False, 'cmake_clean_first': False, 'cmake_force_configure': False, 'cmake_target': None, 'cmake_target_skip_unavailable': False, 'install_base': '/home/vy/GalacticRacing/install/wall_follow', 'merge_install': False, 'path': '/home/vy/GalacticRacing/sim_ws/src/wall_follow', 'symlink_install': False, 'test_result_base': None}
[1.753s] INFO:colcon.colcon_core.executor:Executing jobs using 'parallel' executor
[1.777s] DEBUG:colcon.colcon_parallel_executor.executor.parallel:run_until_complete
[1.777s] INFO:colcon.colcon_ros.task.ament_python.build:Building ROS package in '/home/vy/GalacticRacing/sim_ws/src/f1tenth_gym_ros' with build type 'ament_python'
[1.778s] Level 1:colcon.colcon_core.shell:create_environment_hook('f1tenth_gym_ros', 'ament_prefix_path')
[1.802s] INFO:colcon.colcon_core.plugin_system:Skipping extension 'colcon_core.shell.bat': Not used on non-Windows systems
[1.802s] INFO:colcon.colcon_core.shell:Creating environment hook '/home/vy/GalacticRacing/install/f1tenth_gym_ros/share/f1tenth_gym_ros/hook/ament_prefix_path.ps1'
[1.803s] INFO:colcon.colcon_core.shell:Creating environment descriptor '/home/vy/GalacticRacing/install/f1tenth_gym_ros/share/f1tenth_gym_ros/hook/ament_prefix_path.dsv'
[1.805s] INFO:colcon.colcon_core.shell:Creating environment hook '/home/vy/GalacticRacing/install/f1tenth_gym_ros/share/f1tenth_gym_ros/hook/ament_prefix_path.sh'
[1.828s] INFO:colcon.colcon_core.shell:Skip shell extension 'powershell' for command environment: Not usable outside of PowerShell
[1.828s] DEBUG:colcon.colcon_core.shell:Skip shell extension 'dsv' for command environment
[1.854s] INFO:colcon.colcon_ros.task.ament_cmake.build:Building ROS package in '/home/vy/GalacticRacing/sim_ws/src/gap_follow' with build type 'ament_cmake'
[1.854s] INFO:colcon.colcon_cmake.task.cmake.build:Building CMake package in '/home/vy/GalacticRacing/sim_ws/src/gap_follow'
[1.881s] INFO:colcon.colcon_core.shell:Skip shell extension 'powershell' for command environment: Not usable outside of PowerShell
[1.881s] DEBUG:colcon.colcon_core.shell:Skip shell extension 'dsv' for command environment
[1.910s] INFO:colcon.colcon_ros.task.ament_python.build:Building ROS package in '/home/vy/GalacticRacing/sim_ws/src/ros_msg_pkg' with build type 'ament_python'
[1.911s] Level 1:colcon.colcon_core.shell:create_environment_hook('ros_msg_pkg', 'ament_prefix_path')
[1.941s] INFO:colcon.colcon_core.shell:Creating environment hook '/home/vy/GalacticRacing/install/ros_msg_pkg/share/ros_msg_pkg/hook/ament_prefix_path.ps1'
[1.942s] INFO:colcon.colcon_core.shell:Creating environment descriptor '/home/vy/GalacticRacing/install/ros_msg_pkg/share/ros_msg_pkg/hook/ament_prefix_path.dsv'
[1.943s] INFO:colcon.colcon_core.shell:Creating environment hook '/home/vy/GalacticRacing/install/ros_msg_pkg/share/ros_msg_pkg/hook/ament_prefix_path.sh'
[1.969s] INFO:colcon.colcon_core.shell:Skip shell extension 'powershell' for command environment: Not usable outside of PowerShell
[1.969s] DEBUG:colcon.colcon_core.shell:Skip shell extension 'dsv' for command environment
[2.006s] INFO:colcon.colcon_ros.task.ament_cmake.build:Building ROS package in '/home/vy/GalacticRacing/sim_ws/src/safety_node' with build type 'ament_cmake'
[2.006s] INFO:colcon.colcon_cmake.task.cmake.build:Building CMake package in '/home/vy/GalacticRacing/sim_ws/src/safety_node'
[2.031s] INFO:colcon.colcon_core.shell:Skip shell extension 'powershell' for command environment: Not usable outside of PowerShell
[2.031s] DEBUG:colcon.colcon_core.shell:Skip shell extension 'dsv' for command environment
[2.059s] INFO:colcon.colcon_ros.task.ament_cmake.build:Building ROS package in '/home/vy/GalacticRacing/sim_ws/src/wall_follow' with build type 'ament_cmake'
[2.059s] INFO:colcon.colcon_cmake.task.cmake.build:Building CMake package in '/home/vy/GalacticRacing/sim_ws/src/wall_follow'
[2.089s] INFO:colcon.colcon_core.shell:Skip shell extension 'powershell' for command environment: Not usable outside of PowerShell
[2.091s] DEBUG:colcon.colcon_core.shell:Skip shell extension 'dsv' for command environment
[2.275s] INFO:colcon.colcon_core.task.python.build:Building Python package in '/home/vy/GalacticRacing/sim_ws/src/f1tenth_gym_ros'
[2.298s] INFO:colcon.colcon_core.shell:Skip shell extension 'powershell' for command environment: Not usable outside of PowerShell
[2.298s] DEBUG:colcon.colcon_core.shell:Skip shell extension 'dsv' for command environment
[2.335s] DEBUG:colcon.colcon_core.event_handler.log_command:Invoking command in '/home/vy/GalacticRacing/build/gap_follow': /usr/bin/cmake --build /home/vy/GalacticRacing/build/gap_follow -- -j6 -l6
[2.510s] INFO:colcon.colcon_core.task.python.build:Building Python package in '/home/vy/GalacticRacing/sim_ws/src/ros_msg_pkg'
[2.533s] INFO:colcon.colcon_core.shell:Skip shell extension 'powershell' for command environment: Not usable outside of PowerShell
[2.533s] DEBUG:colcon.colcon_core.shell:Skip shell extension 'dsv' for command environment
[2.582s] DEBUG:colcon.colcon_core.event_handler.log_command:Invoking command in '/home/vy/GalacticRacing/build/safety_node': /usr/bin/cmake --build /home/vy/GalacticRacing/build/safety_node -- -j6 -l6
[2.598s] DEBUG:colcon.colcon_core.event_handler.log_command:Invoking command in '/home/vy/GalacticRacing/build/wall_follow': /usr/bin/cmake --build /home/vy/GalacticRacing/build/wall_follow -- -j6 -l6
[2.600s] DEBUG:colcon.colcon_core.event_handler.log_command:Invoked command in '/home/vy/GalacticRacing/build/gap_follow' returned '0': /usr/bin/cmake --build /home/vy/GalacticRacing/build/gap_follow -- -j6 -l6
[2.640s] DEBUG:colcon.colcon_core.event_handler.log_command:Invoking command in '/home/vy/GalacticRacing/build/gap_follow': /usr/bin/cmake --install /home/vy/GalacticRacing/build/gap_follow
[2.658s] DEBUG:colcon.colcon_core.event_handler.log_command:Invoked command in '/home/vy/GalacticRacing/build/safety_node' returned '0': /usr/bin/cmake --build /home/vy/GalacticRacing/build/safety_node -- -j6 -l6
[2.662s] DEBUG:colcon.colcon_core.event_handler.log_command:Invoked command in '/home/vy/GalacticRacing/build/wall_follow' returned '0': /usr/bin/cmake --build /home/vy/GalacticRacing/build/wall_follow -- -j6 -l6
[2.679s] Level 1:colcon.colcon_core.environment:create_environment_scripts_only(gap_follow)
[2.704s] Level 1:colcon.colcon_core.environment:checking '/home/vy/GalacticRacing/install/gap_follow' for CMake module files
[2.705s] Level 1:colcon.colcon_core.environment:checking '/home/vy/GalacticRacing/install/gap_follow' for CMake config files
[2.705s] DEBUG:colcon.colcon_core.event_handler.log_command:Invoked command in '/home/vy/GalacticRacing/build/gap_follow' returned '0': /usr/bin/cmake --install /home/vy/GalacticRacing/build/gap_follow
[2.706s] Level 1:colcon.colcon_core.shell:create_environment_hook('gap_follow', 'cmake_prefix_path')
[2.730s] INFO:colcon.colcon_core.shell:Creating environment hook '/home/vy/GalacticRacing/install/gap_follow/share/gap_follow/hook/cmake_prefix_path.ps1'
[2.731s] INFO:colcon.colcon_core.shell:Creating environment descriptor '/home/vy/GalacticRacing/install/gap_follow/share/gap_follow/hook/cmake_prefix_path.dsv'
[2.732s] INFO:colcon.colcon_core.shell:Creating environment hook '/home/vy/GalacticRacing/install/gap_follow/share/gap_follow/hook/cmake_prefix_path.sh'
[2.733s] Level 1:colcon.colcon_core.environment:checking '/home/vy/GalacticRacing/install/gap_follow/lib'
[2.733s] Level 1:colcon.colcon_core.environment:checking '/home/vy/GalacticRacing/install/gap_follow/bin'
[2.733s] Level 1:colcon.colcon_core.environment:checking '/home/vy/GalacticRacing/install/gap_follow/lib/pkgconfig/gap_follow.pc'
[2.733s] Level 1:colcon.colcon_core.environment:checking '/home/vy/GalacticRacing/install/gap_follow/lib/python3.8/site-packages'
[2.733s] Level 1:colcon.colcon_core.shell:create_environment_hook('gap_follow', 'pythonpath')
[2.763s] INFO:colcon.colcon_core.shell:Creating environment hook '/home/vy/GalacticRacing/install/gap_follow/share/gap_follow/hook/pythonpath.ps1'
[2.765s] INFO:colcon.colcon_core.shell:Creating environment descriptor '/home/vy/GalacticRacing/install/gap_follow/share/gap_follow/hook/pythonpath.dsv'
[2.766s] INFO:colcon.colcon_core.shell:Creating environment hook '/home/vy/GalacticRacing/install/gap_follow/share/gap_follow/hook/pythonpath.sh'
[2.767s] Level 1:colcon.colcon_core.environment:checking '/home/vy/GalacticRacing/install/gap_follow/bin'
[2.793s] INFO:colcon.colcon_core.shell:Creating package script '/home/vy/GalacticRacing/install/gap_follow/share/gap_follow/package.ps1'
[2.794s] INFO:colcon.colcon_core.shell:Creating package descriptor '/home/vy/GalacticRacing/install/gap_follow/share/gap_follow/package.dsv'
[2.795s] INFO:colcon.colcon_core.shell:Creating package script '/home/vy/GalacticRacing/install/gap_follow/share/gap_follow/package.sh'
[2.796s] INFO:colcon.colcon_core.shell:Creating package script '/home/vy/GalacticRacing/install/gap_follow/share/gap_follow/package.bash'
[2.797s] INFO:colcon.colcon_core.shell:Creating package script '/home/vy/GalacticRacing/install/gap_follow/share/gap_follow/package.zsh'
[2.798s] Level 1:colcon.colcon_core.environment:create_file_with_runtime_dependencies(/home/vy/GalacticRacing/install/gap_follow/share/colcon-core/packages/gap_follow)
[2.806s] DEBUG:colcon.colcon_core.event_handler.log_command:Invoking command in '/home/vy/GalacticRacing/build/wall_follow': /usr/bin/cmake --install /home/vy/GalacticRacing/build/wall_follow
[2.810s] DEBUG:colcon.colcon_core.event_handler.log_command:Invoking command in '/home/vy/GalacticRacing/build/safety_node': /usr/bin/cmake --install /home/vy/GalacticRacing/build/safety_node
[2.881s] Level 1:colcon.colcon_core.environment:create_environment_scripts_only(gap_follow)
[2.927s] Level 1:colcon.colcon_core.environment:checking '/home/vy/GalacticRacing/install/gap_follow' for CMake module files
[2.929s] Level 1:colcon.colcon_core.environment:checking '/home/vy/GalacticRacing/install/gap_follow' for CMake config files
[2.931s] Level 1:colcon.colcon_core.shell:create_environment_hook('gap_follow', 'cmake_prefix_path')
[2.956s] INFO:colcon.colcon_core.shell:Creating environment hook '/home/vy/GalacticRacing/install/gap_follow/share/gap_follow/hook/cmake_prefix_path.ps1'
[2.957s] INFO:colcon.colcon_core.shell:Creating environment descriptor '/home/vy/GalacticRacing/install/gap_follow/share/gap_follow/hook/cmake_prefix_path.dsv'
[2.957s] INFO:colcon.colcon_core.shell:Creating environment hook '/home/vy/GalacticRacing/install/gap_follow/share/gap_follow/hook/cmake_prefix_path.sh'
[2.958s] Level 1:colcon.colcon_core.environment:checking '/home/vy/GalacticRacing/install/gap_follow/lib'
[2.958s] Level 1:colcon.colcon_core.environment:checking '/home/vy/GalacticRacing/install/gap_follow/bin'
[2.958s] Level 1:colcon.colcon_core.environment:checking '/home/vy/GalacticRacing/install/gap_follow/lib/pkgconfig/gap_follow.pc'
[2.958s] Level 1:colcon.colcon_core.environment:checking '/home/vy/GalacticRacing/install/gap_follow/lib/python3.8/site-packages'
[2.958s] Level 1:colcon.colcon_core.shell:create_environment_hook('gap_follow', 'pythonpath')
[2.983s] INFO:colcon.colcon_core.shell:Creating environment hook '/home/vy/GalacticRacing/install/gap_follow/share/gap_follow/hook/pythonpath.ps1'
[2.984s] INFO:colcon.colcon_core.shell:Creating environment descriptor '/home/vy/GalacticRacing/install/gap_follow/share/gap_follow/hook/pythonpath.dsv'
[2.985s] INFO:colcon.colcon_core.shell:Creating environment hook '/home/vy/GalacticRacing/install/gap_follow/share/gap_follow/hook/pythonpath.sh'
[2.985s] Level 1:colcon.colcon_core.environment:checking '/home/vy/GalacticRacing/install/gap_follow/bin'
[3.009s] INFO:colcon.colcon_core.shell:Creating package script '/home/vy/GalacticRacing/install/gap_follow/share/gap_follow/package.ps1'
[3.010s] INFO:colcon.colcon_core.shell:Creating package descriptor '/home/vy/GalacticRacing/install/gap_follow/share/gap_follow/package.dsv'
[3.011s] INFO:colcon.colcon_core.shell:Creating package script '/home/vy/GalacticRacing/install/gap_follow/share/gap_follow/package.sh'
[3.011s] INFO:colcon.colcon_core.shell:Creating package script '/home/vy/GalacticRacing/install/gap_follow/share/gap_follow/package.bash'
[3.012s] INFO:colcon.colcon_core.shell:Creating package script '/home/vy/GalacticRacing/install/gap_follow/share/gap_follow/package.zsh'
[3.013s] Level 1:colcon.colcon_core.environment:create_file_with_runtime_dependencies(/home/vy/GalacticRacing/install/gap_follow/share/colcon-core/packages/gap_follow)
[3.015s] Level 1:colcon.colcon_core.environment:create_environment_scripts_only(wall_follow)
[3.018s] DEBUG:colcon.colcon_core.event_handler.log_command:Invoked command in '/home/vy/GalacticRacing/build/wall_follow' returned '0': /usr/bin/cmake --install /home/vy/GalacticRacing/build/wall_follow
[3.057s] Level 1:colcon.colcon_core.environment:checking '/home/vy/GalacticRacing/install/wall_follow' for CMake module files
[3.058s] Level 1:colcon.colcon_core.environment:checking '/home/vy/GalacticRacing/install/wall_follow' for CMake config files
[3.058s] Level 1:colcon.colcon_core.shell:create_environment_hook('wall_follow', 'cmake_prefix_path')
[3.082s] INFO:colcon.colcon_core.shell:Creating environment hook '/home/vy/GalacticRacing/install/wall_follow/share/wall_follow/hook/cmake_prefix_path.ps1'
[3.083s] INFO:colcon.colcon_core.shell:Creating environment descriptor '/home/vy/GalacticRacing/install/wall_follow/share/wall_follow/hook/cmake_prefix_path.dsv'
[3.083s] INFO:colcon.colcon_core.shell:Creating environment hook '/home/vy/GalacticRacing/install/wall_follow/share/wall_follow/hook/cmake_prefix_path.sh'
[3.084s] Level 1:colcon.colcon_core.environment:checking '/home/vy/GalacticRacing/install/wall_follow/lib'
[3.084s] Level 1:colcon.colcon_core.environment:checking '/home/vy/GalacticRacing/install/wall_follow/bin'
[3.084s] Level 1:colcon.colcon_core.environment:checking '/home/vy/GalacticRacing/install/wall_follow/lib/pkgconfig/wall_follow.pc'
[3.084s] Level 1:colcon.colcon_core.environment:checking '/home/vy/GalacticRacing/install/wall_follow/lib/python3.8/site-packages'
[3.084s] Level 1:colcon.colcon_core.shell:create_environment_hook('wall_follow', 'pythonpath')
[3.114s] INFO:colcon.colcon_core.shell:Creating environment hook '/home/vy/GalacticRacing/install/wall_follow/share/wall_follow/hook/pythonpath.ps1'
[3.115s] INFO:colcon.colcon_core.shell:Creating environment descriptor '/home/vy/GalacticRacing/install/wall_follow/share/wall_follow/hook/pythonpath.dsv'
[3.115s] INFO:colcon.colcon_core.shell:Creating environment hook '/home/vy/GalacticRacing/install/wall_follow/share/wall_follow/hook/pythonpath.sh'
[3.116s] Level 1:colcon.colcon_core.environment:checking '/home/vy/GalacticRacing/install/wall_follow/bin'
[3.141s] INFO:colcon.colcon_core.shell:Creating package script '/home/vy/GalacticRacing/install/wall_follow/share/wall_follow/package.ps1'
[3.142s] INFO:colcon.colcon_core.shell:Creating package descriptor '/home/vy/GalacticRacing/install/wall_follow/share/wall_follow/package.dsv'
[3.142s] INFO:colcon.colcon_core.shell:Creating package script '/home/vy/GalacticRacing/install/wall_follow/share/wall_follow/package.sh'
[3.143s] INFO:colcon.colcon_core.shell:Creating package script '/home/vy/GalacticRacing/install/wall_follow/share/wall_follow/package.bash'
[3.143s] INFO:colcon.colcon_core.shell:Creating package script '/home/vy/GalacticRacing/install/wall_follow/share/wall_follow/package.zsh'
[3.143s] Level 1:colcon.colcon_core.environment:create_file_with_runtime_dependencies(/home/vy/GalacticRacing/install/wall_follow/share/colcon-core/packages/wall_follow)
[3.147s] Level 1:colcon.colcon_core.environment:create_environment_scripts_only(safety_node)
[3.148s] DEBUG:colcon.colcon_core.event_handler.log_command:Invoked command in '/home/vy/GalacticRacing/build/safety_node' returned '0': /usr/bin/cmake --install /home/vy/GalacticRacing/build/safety_node
[3.176s] Level 1:colcon.colcon_core.environment:checking '/home/vy/GalacticRacing/install/safety_node' for CMake module files
[3.177s] Level 1:colcon.colcon_core.environment:checking '/home/vy/GalacticRacing/install/safety_node' for CMake config files
[3.177s] Level 1:colcon.colcon_core.shell:create_environment_hook('safety_node', 'cmake_prefix_path')
[3.203s] INFO:colcon.colcon_core.shell:Creating environment hook '/home/vy/GalacticRacing/install/safety_node/share/safety_node/hook/cmake_prefix_path.ps1'
[3.205s] INFO:colcon.colcon_core.shell:Creating environment descriptor '/home/vy/GalacticRacing/install/safety_node/share/safety_node/hook/cmake_prefix_path.dsv'
[3.206s] INFO:colcon.colcon_core.shell:Creating environment hook '/home/vy/GalacticRacing/install/safety_node/share/safety_node/hook/cmake_prefix_path.sh'
[3.207s] Level 1:colcon.colcon_core.environment:checking '/home/vy/GalacticRacing/install/safety_node/lib'
[3.207s] Level 1:colcon.colcon_core.environment:checking '/home/vy/GalacticRacing/install/safety_node/bin'
[3.207s] Level 1:colcon.colcon_core.environment:checking '/home/vy/GalacticRacing/install/safety_node/lib/pkgconfig/safety_node.pc'
[3.207s] Level 1:colcon.colcon_core.environment:checking '/home/vy/GalacticRacing/install/safety_node/lib/python3.8/site-packages'
[3.207s] Level 1:colcon.colcon_core.shell:create_environment_hook('safety_node', 'pythonpath')
[3.230s] INFO:colcon.colcon_core.shell:Creating environment hook '/home/vy/GalacticRacing/install/safety_node/share/safety_node/hook/pythonpath.ps1'
[3.231s] INFO:colcon.colcon_core.shell:Creating environment descriptor '/home/vy/GalacticRacing/install/safety_node/share/safety_node/hook/pythonpath.dsv'
[3.231s] INFO:colcon.colcon_core.shell:Creating environment hook '/home/vy/GalacticRacing/install/safety_node/share/safety_node/hook/pythonpath.sh'
[3.233s] Level 1:colcon.colcon_core.environment:checking '/home/vy/GalacticRacing/install/safety_node/bin'
[3.256s] INFO:colcon.colcon_core.shell:Creating package script '/home/vy/GalacticRacing/install/safety_node/share/safety_node/package.ps1'
[3.256s] INFO:colcon.colcon_core.shell:Creating package descriptor '/home/vy/GalacticRacing/install/safety_node/share/safety_node/package.dsv'
[3.257s] INFO:colcon.colcon_core.shell:Creating package script '/home/vy/GalacticRacing/install/safety_node/share/safety_node/package.sh'
[3.257s] INFO:colcon.colcon_core.shell:Creating package script '/home/vy/GalacticRacing/install/safety_node/share/safety_node/package.bash'
[3.258s] INFO:colcon.colcon_core.shell:Creating package script '/home/vy/GalacticRacing/install/safety_node/share/safety_node/package.zsh'
[3.258s] Level 1:colcon.colcon_core.environment:create_file_with_runtime_dependencies(/home/vy/GalacticRacing/install/safety_node/share/colcon-core/packages/safety_node)
[3.271s] DEBUG:colcon.colcon_core.event_handler.log_command:Invoking command in '/home/vy/GalacticRacing/sim_ws/src/f1tenth_gym_ros': PYTHONPATH=/home/vy/GalacticRacing/build/f1tenth_gym_ros/prefix_override:/home/vy/GalacticRacing/install/f1tenth_gym_ros/lib/python3.8/site-packages: /usr/bin/python3 setup.py egg_info --egg-base ../../../build/f1tenth_gym_ros build --build-base /home/vy/GalacticRacing/build/f1tenth_gym_ros/build install --record /home/vy/GalacticRacing/build/f1tenth_gym_ros/install.log --install-scripts $base/lib/f1tenth_gym_ros --single-version-externally-managed
[3.277s] DEBUG:colcon.colcon_core.event_handler.log_command:Invoking command in '/home/vy/GalacticRacing/sim_ws/src/ros_msg_pkg': PYTHONPATH=/home/vy/GalacticRacing/build/ros_msg_pkg/prefix_override:/home/vy/GalacticRacing/install/ros_msg_pkg/lib/python3.8/site-packages: /usr/bin/python3 setup.py egg_info --egg-base ../../../build/ros_msg_pkg build --build-base /home/vy/GalacticRacing/build/ros_msg_pkg/build install --record /home/vy/GalacticRacing/build/ros_msg_pkg/install.log --install-scripts $base/lib/ros_msg_pkg --single-version-externally-managed
[3.308s] Level 1:colcon.colcon_core.environment:create_environment_scripts_only(wall_follow)
[3.331s] Level 1:colcon.colcon_core.environment:checking '/home/vy/GalacticRacing/install/wall_follow' for CMake module files
[3.332s] Level 1:colcon.colcon_core.environment:checking '/home/vy/GalacticRacing/install/wall_follow' for CMake config files
[3.332s] Level 1:colcon.colcon_core.shell:create_environment_hook('wall_follow', 'cmake_prefix_path')
[3.354s] INFO:colcon.colcon_core.shell:Creating environment hook '/home/vy/GalacticRacing/install/wall_follow/share/wall_follow/hook/cmake_prefix_path.ps1'
[3.355s] INFO:colcon.colcon_core.shell:Creating environment descriptor '/home/vy/GalacticRacing/install/wall_follow/share/wall_follow/hook/cmake_prefix_path.dsv'
[3.355s] INFO:colcon.colcon_core.shell:Creating environment hook '/home/vy/GalacticRacing/install/wall_follow/share/wall_follow/hook/cmake_prefix_path.sh'
[3.356s] Level 1:colcon.colcon_core.environment:checking '/home/vy/GalacticRacing/install/wall_follow/lib'
[3.356s] Level 1:colcon.colcon_core.environment:checking '/home/vy/GalacticRacing/install/wall_follow/bin'
[3.357s] Level 1:colcon.colcon_core.environment:checking '/home/vy/GalacticRacing/install/wall_follow/lib/pkgconfig/wall_follow.pc'
[3.357s] Level 1:colcon.colcon_core.environment:checking '/home/vy/GalacticRacing/install/wall_follow/lib/python3.8/site-packages'
[3.357s] Level 1:colcon.colcon_core.shell:create_environment_hook('wall_follow', 'pythonpath')
[3.380s] INFO:colcon.colcon_core.shell:Creating environment hook '/home/vy/GalacticRacing/install/wall_follow/share/wall_follow/hook/pythonpath.ps1'
[3.381s] INFO:colcon.colcon_core.shell:Creating environment descriptor '/home/vy/GalacticRacing/install/wall_follow/share/wall_follow/hook/pythonpath.dsv'
[3.381s] INFO:colcon.colcon_core.shell:Creating environment hook '/home/vy/GalacticRacing/install/wall_follow/share/wall_follow/hook/pythonpath.sh'
[3.382s] Level 1:colcon.colcon_core.environment:checking '/home/vy/GalacticRacing/install/wall_follow/bin'
[3.414s] INFO:colcon.colcon_core.shell:Creating package script '/home/vy/GalacticRacing/install/wall_follow/share/wall_follow/package.ps1'
[3.415s] INFO:colcon.colcon_core.shell:Creating package descriptor '/home/vy/GalacticRacing/install/wall_follow/share/wall_follow/package.dsv'
[3.415s] INFO:colcon.colcon_core.shell:Creating package script '/home/vy/GalacticRacing/install/wall_follow/share/wall_follow/package.sh'
[3.417s] INFO:colcon.colcon_core.shell:Creating package script '/home/vy/GalacticRacing/install/wall_follow/share/wall_follow/package.bash'
[3.417s] INFO:colcon.colcon_core.shell:Creating package script '/home/vy/GalacticRacing/install/wall_follow/share/wall_follow/package.zsh'
[3.418s] Level 1:colcon.colcon_core.environment:create_file_with_runtime_dependencies(/home/vy/GalacticRacing/install/wall_follow/share/colcon-core/packages/wall_follow)
[3.483s] Level 1:colcon.colcon_core.environment:create_environment_scripts_only(safety_node)
[3.528s] Level 1:colcon.colcon_core.environment:checking '/home/vy/GalacticRacing/install/safety_node' for CMake module files
[3.529s] Level 1:colcon.colcon_core.environment:checking '/home/vy/GalacticRacing/install/safety_node' for CMake config files
[3.529s] Level 1:colcon.colcon_core.shell:create_environment_hook('safety_node', 'cmake_prefix_path')
[3.551s] INFO:colcon.colcon_core.shell:Creating environment hook '/home/vy/GalacticRacing/install/safety_node/share/safety_node/hook/cmake_prefix_path.ps1'
[3.554s] INFO:colcon.colcon_core.shell:Creating environment descriptor '/home/vy/GalacticRacing/install/safety_node/share/safety_node/hook/cmake_prefix_path.dsv'
[3.561s] INFO:colcon.colcon_core.shell:Creating environment hook '/home/vy/GalacticRacing/install/safety_node/share/safety_node/hook/cmake_prefix_path.sh'
[3.563s] Level 1:colcon.colcon_core.environment:checking '/home/vy/GalacticRacing/install/safety_node/lib'
[3.563s] Level 1:colcon.colcon_core.environment:checking '/home/vy/GalacticRacing/install/safety_node/bin'
[3.563s] Level 1:colcon.colcon_core.environment:checking '/home/vy/GalacticRacing/install/safety_node/lib/pkgconfig/safety_node.pc'
[3.563s] Level 1:colcon.colcon_core.environment:checking '/home/vy/GalacticRacing/install/safety_node/lib/python3.8/site-packages'
[3.563s] Level 1:colcon.colcon_core.shell:create_environment_hook('safety_node', 'pythonpath')
[3.586s] INFO:colcon.colcon_core.shell:Creating environment hook '/home/vy/GalacticRacing/install/safety_node/share/safety_node/hook/pythonpath.ps1'
[3.587s] INFO:colcon.colcon_core.shell:Creating environment descriptor '/home/vy/GalacticRacing/install/safety_node/share/safety_node/hook/pythonpath.dsv'
[3.589s] INFO:colcon.colcon_core.shell:Creating environment hook '/home/vy/GalacticRacing/install/safety_node/share/safety_node/hook/pythonpath.sh'
[3.589s] Level 1:colcon.colcon_core.environment:checking '/home/vy/GalacticRacing/install/safety_node/bin'
[3.612s] INFO:colcon.colcon_core.shell:Creating package script '/home/vy/GalacticRacing/install/safety_node/share/safety_node/package.ps1'
[3.617s] INFO:colcon.colcon_core.shell:Creating package descriptor '/home/vy/GalacticRacing/install/safety_node/share/safety_node/package.dsv'
[3.617s] INFO:colcon.colcon_core.shell:Creating package script '/home/vy/GalacticRacing/install/safety_node/share/safety_node/package.sh'
[3.618s] INFO:colcon.colcon_core.shell:Creating package script '/home/vy/GalacticRacing/install/safety_node/share/safety_node/package.bash'
[3.620s] INFO:colcon.colcon_core.shell:Creating package script '/home/vy/GalacticRacing/install/safety_node/share/safety_node/package.zsh'
[3.620s] Level 1:colcon.colcon_core.environment:create_file_with_runtime_dependencies(/home/vy/GalacticRacing/install/safety_node/share/colcon-core/packages/safety_node)
[3.628s] DEBUG:colcon.colcon_core.event_handler.log_command:Invoked command in '/home/vy/GalacticRacing/sim_ws/src/f1tenth_gym_ros' returned '0': PYTHONPATH=/home/vy/GalacticRacing/build/f1tenth_gym_ros/prefix_override:/home/vy/GalacticRacing/install/f1tenth_gym_ros/lib/python3.8/site-packages: /usr/bin/python3 setup.py egg_info --egg-base ../../../build/f1tenth_gym_ros build --build-base /home/vy/GalacticRacing/build/f1tenth_gym_ros/build install --record /home/vy/GalacticRacing/build/f1tenth_gym_ros/install.log --install-scripts $base/lib/f1tenth_gym_ros --single-version-externally-managed
[3.653s] Level 1:colcon.colcon_core.environment:checking '/home/vy/GalacticRacing/install/f1tenth_gym_ros' for CMake module files
[3.653s] Level 1:colcon.colcon_core.environment:checking '/home/vy/GalacticRacing/install/f1tenth_gym_ros' for CMake config files
[3.654s] Level 1:colcon.colcon_core.environment:checking '/home/vy/GalacticRacing/install/f1tenth_gym_ros/lib'
[3.654s] Level 1:colcon.colcon_core.environment:checking '/home/vy/GalacticRacing/install/f1tenth_gym_ros/bin'
[3.654s] Level 1:colcon.colcon_core.environment:checking '/home/vy/GalacticRacing/install/f1tenth_gym_ros/lib/pkgconfig/f1tenth_gym_ros.pc'
[3.654s] Level 1:colcon.colcon_core.environment:checking '/home/vy/GalacticRacing/install/f1tenth_gym_ros/lib/python3.8/site-packages'
[3.654s] Level 1:colcon.colcon_core.shell:create_environment_hook('f1tenth_gym_ros', 'pythonpath')
[3.680s] INFO:colcon.colcon_core.shell:Creating environment hook '/home/vy/GalacticRacing/install/f1tenth_gym_ros/share/f1tenth_gym_ros/hook/pythonpath.ps1'
[3.680s] INFO:colcon.colcon_core.shell:Creating environment descriptor '/home/vy/GalacticRacing/install/f1tenth_gym_ros/share/f1tenth_gym_ros/hook/pythonpath.dsv'
[3.683s] INFO:colcon.colcon_core.shell:Creating environment hook '/home/vy/GalacticRacing/install/f1tenth_gym_ros/share/f1tenth_gym_ros/hook/pythonpath.sh'
[3.688s] Level 1:colcon.colcon_core.environment:checking '/home/vy/GalacticRacing/install/f1tenth_gym_ros/bin'
[3.688s] Level 1:colcon.colcon_core.environment:create_environment_scripts_only(f1tenth_gym_ros)
[3.712s] INFO:colcon.colcon_core.shell:Creating package script '/home/vy/GalacticRacing/install/f1tenth_gym_ros/share/f1tenth_gym_ros/package.ps1'
[3.714s] INFO:colcon.colcon_core.shell:Creating package descriptor '/home/vy/GalacticRacing/install/f1tenth_gym_ros/share/f1tenth_gym_ros/package.dsv'
[3.715s] INFO:colcon.colcon_core.shell:Creating package script '/home/vy/GalacticRacing/install/f1tenth_gym_ros/share/f1tenth_gym_ros/package.sh'
[3.719s] INFO:colcon.colcon_core.shell:Creating package script '/home/vy/GalacticRacing/install/f1tenth_gym_ros/share/f1tenth_gym_ros/package.bash'
[3.720s] INFO:colcon.colcon_core.shell:Creating package script '/home/vy/GalacticRacing/install/f1tenth_gym_ros/share/f1tenth_gym_ros/package.zsh'
[3.721s] Level 1:colcon.colcon_core.environment:create_file_with_runtime_dependencies(/home/vy/GalacticRacing/install/f1tenth_gym_ros/share/colcon-core/packages/f1tenth_gym_ros)
[3.734s] DEBUG:colcon.colcon_core.event_handler.log_command:Invoked command in '/home/vy/GalacticRacing/sim_ws/src/ros_msg_pkg' returned '0': PYTHONPATH=/home/vy/GalacticRacing/build/ros_msg_pkg/prefix_override:/home/vy/GalacticRacing/install/ros_msg_pkg/lib/python3.8/site-packages: /usr/bin/python3 setup.py egg_info --egg-base ../../../build/ros_msg_pkg build --build-base /home/vy/GalacticRacing/build/ros_msg_pkg/build install --record /home/vy/GalacticRacing/build/ros_msg_pkg/install.log --install-scripts $base/lib/ros_msg_pkg --single-version-externally-managed
[3.758s] Level 1:colcon.colcon_core.environment:checking '/home/vy/GalacticRacing/install/ros_msg_pkg' for CMake module files
[3.760s] Level 1:colcon.colcon_core.environment:checking '/home/vy/GalacticRacing/install/ros_msg_pkg' for CMake config files
[3.761s] Level 1:colcon.colcon_core.environment:checking '/home/vy/GalacticRacing/install/ros_msg_pkg/lib'
[3.762s] Level 1:colcon.colcon_core.environment:checking '/home/vy/GalacticRacing/install/ros_msg_pkg/bin'
[3.762s] Level 1:colcon.colcon_core.environment:checking '/home/vy/GalacticRacing/install/ros_msg_pkg/lib/pkgconfig/ros_msg_pkg.pc'
[3.762s] Level 1:colcon.colcon_core.environment:checking '/home/vy/GalacticRacing/install/ros_msg_pkg/lib/python3.8/site-packages'
[3.762s] Level 1:colcon.colcon_core.shell:create_environment_hook('ros_msg_pkg', 'pythonpath')
[3.790s] INFO:colcon.colcon_core.shell:Creating environment hook '/home/vy/GalacticRacing/install/ros_msg_pkg/share/ros_msg_pkg/hook/pythonpath.ps1'
[3.791s] INFO:colcon.colcon_core.shell:Creating environment descriptor '/home/vy/GalacticRacing/install/ros_msg_pkg/share/ros_msg_pkg/hook/pythonpath.dsv'
[3.794s] INFO:colcon.colcon_core.shell:Creating environment hook '/home/vy/GalacticRacing/install/ros_msg_pkg/share/ros_msg_pkg/hook/pythonpath.sh'
[3.799s] Level 1:colcon.colcon_core.environment:checking '/home/vy/GalacticRacing/install/ros_msg_pkg/bin'
[3.799s] Level 1:colcon.colcon_core.environment:create_environment_scripts_only(ros_msg_pkg)
[3.830s] INFO:colcon.colcon_core.shell:Creating package script '/home/vy/GalacticRacing/install/ros_msg_pkg/share/ros_msg_pkg/package.ps1'
[3.831s] INFO:colcon.colcon_core.shell:Creating package descriptor '/home/vy/GalacticRacing/install/ros_msg_pkg/share/ros_msg_pkg/package.dsv'
[3.832s] INFO:colcon.colcon_core.shell:Creating package script '/home/vy/GalacticRacing/install/ros_msg_pkg/share/ros_msg_pkg/package.sh'
[3.833s] INFO:colcon.colcon_core.shell:Creating package script '/home/vy/GalacticRacing/install/ros_msg_pkg/share/ros_msg_pkg/package.bash'
[3.834s] INFO:colcon.colcon_core.shell:Creating package script '/home/vy/GalacticRacing/install/ros_msg_pkg/share/ros_msg_pkg/package.zsh'
[3.835s] Level 1:colcon.colcon_core.environment:create_file_with_runtime_dependencies(/home/vy/GalacticRacing/install/ros_msg_pkg/share/colcon-core/packages/ros_msg_pkg)
[3.836s] DEBUG:colcon.colcon_parallel_executor.executor.parallel:closing loop
[3.837s] DEBUG:colcon.colcon_parallel_executor.executor.parallel:loop closed
[3.841s] DEBUG:colcon.colcon_parallel_executor.executor.parallel:run_until_complete finished with '0'
[3.841s] DEBUG:colcon.colcon_core.event_reactor:joining thread
[3.882s] INFO:colcon.colcon_core.plugin_system:Skipping extension 'colcon_notification.desktop_notification.terminal_notifier': Not used on non-Darwin systems
[3.882s] INFO:colcon.colcon_core.plugin_system:Skipping extension 'colcon_notification.desktop_notification.win32': Not used on non-Windows systems
[3.882s] INFO:colcon.colcon_notification.desktop_notification:Sending desktop notification using 'notify2'
[3.903s] DEBUG:colcon.colcon_core.event_reactor:joined thread
[3.931s] INFO:colcon.colcon_core.shell:Creating prefix script '/home/vy/GalacticRacing/install/local_setup.ps1'
[3.933s] INFO:colcon.colcon_core.shell:Creating prefix util module '/home/vy/GalacticRacing/install/_local_setup_util_ps1.py'
[3.934s] INFO:colcon.colcon_core.shell:Creating prefix chain script '/home/vy/GalacticRacing/install/setup.ps1'
[3.968s] INFO:colcon.colcon_core.shell:Creating prefix script '/home/vy/GalacticRacing/install/local_setup.sh'
[3.969s] INFO:colcon.colcon_core.shell:Creating prefix util module '/home/vy/GalacticRacing/install/_local_setup_util_sh.py'
[3.970s] INFO:colcon.colcon_core.shell:Creating prefix chain script '/home/vy/GalacticRacing/install/setup.sh'
[4.003s] INFO:colcon.colcon_core.shell:Creating prefix script '/home/vy/GalacticRacing/install/local_setup.bash'
[4.003s] INFO:colcon.colcon_core.shell:Creating prefix chain script '/home/vy/GalacticRacing/install/setup.bash'
[4.034s] INFO:colcon.colcon_core.shell:Creating prefix script '/home/vy/GalacticRacing/install/local_setup.zsh'
[4.039s] INFO:colcon.colcon_core.shell:Creating prefix chain script '/home/vy/GalacticRacing/install/setup.zsh'
