[1.294s] Invoking command in '/home/vy/GalacticRacing/sim_ws/build/waypoint_logger': CMAKE_PREFIX_PATH=/home/vy/GalacticRacing/sim_ws/install/particle_filter:/home/vy/GalacticRacing/sim_ws/install/f1tenth_gym_ros:/opt/ros/foxy:${CMAKE_PREFIX_PATH} /usr/bin/cmake --build /home/vy/GalacticRacing/sim_ws/build/waypoint_logger -- -j6 -l6
[1.921s] Invoked command in '/home/vy/GalacticRacing/sim_ws/build/waypoint_logger' returned '0': CMAKE_PREFIX_PATH=/home/vy/GalacticRacing/sim_ws/install/particle_filter:/home/vy/GalacticRacing/sim_ws/install/f1tenth_gym_ros:/opt/ros/foxy:${CMAKE_PREFIX_PATH} /usr/bin/cmake --build /home/vy/GalacticRacing/sim_ws/build/waypoint_logger -- -j6 -l6
[2.711s] Invoking command in '/home/vy/GalacticRacing/sim_ws/build/waypoint_logger': CMAKE_PREFIX_PATH=/home/vy/GalacticRacing/sim_ws/install/particle_filter:/home/vy/GalacticRacing/sim_ws/install/f1tenth_gym_ros:/opt/ros/foxy:${CMAKE_PREFIX_PATH} /usr/bin/cmake --install /home/vy/GalacticRacing/sim_ws/build/waypoint_logger
[2.731s] -- Install configuration: ""
[2.732s] -- Up-to-date: /home/vy/GalacticRacing/sim_ws/install/waypoint_logger/share/waypoint_logger/environment/pythonpath.sh
[2.732s] -- Up-to-date: /home/vy/GalacticRacing/sim_ws/install/waypoint_logger/share/waypoint_logger/environment/pythonpath.dsv
[2.733s] -- Up-to-date: /home/vy/GalacticRacing/sim_ws/install/waypoint_logger/lib/python3.8/site-packages/waypoint_logger
[2.735s] -- Up-to-date: /home/vy/GalacticRacing/sim_ws/install/waypoint_logger/lib/python3.8/site-packages/waypoint_logger/__init__.py
[2.771s] Listing '/home/vy/GalacticRacing/sim_ws/install/waypoint_logger/lib/python3.8/site-packages/waypoint_logger'...
[2.782s] -- Installing: /home/vy/GalacticRacing/sim_ws/install/waypoint_logger/lib/waypoint_logger/waypoint_logger.py
[2.784s] -- Up-to-date: /home/vy/GalacticRacing/sim_ws/install/waypoint_logger/share/ament_index/resource_index/package_run_dependencies/waypoint_logger
[2.784s] -- Up-to-date: /home/vy/GalacticRacing/sim_ws/install/waypoint_logger/share/ament_index/resource_index/parent_prefix_path/waypoint_logger
[2.784s] -- Up-to-date: /home/vy/GalacticRacing/sim_ws/install/waypoint_logger/share/waypoint_logger/environment/ament_prefix_path.sh
[2.785s] -- Up-to-date: /home/vy/GalacticRacing/sim_ws/install/waypoint_logger/share/waypoint_logger/environment/ament_prefix_path.dsv
[2.785s] -- Up-to-date: /home/vy/GalacticRacing/sim_ws/install/waypoint_logger/share/waypoint_logger/environment/path.sh
[2.786s] -- Up-to-date: /home/vy/GalacticRacing/sim_ws/install/waypoint_logger/share/waypoint_logger/environment/path.dsv
[2.786s] -- Up-to-date: /home/vy/GalacticRacing/sim_ws/install/waypoint_logger/share/waypoint_logger/local_setup.bash
[2.786s] -- Up-to-date: /home/vy/GalacticRacing/sim_ws/install/waypoint_logger/share/waypoint_logger/local_setup.sh
[2.786s] -- Up-to-date: /home/vy/GalacticRacing/sim_ws/install/waypoint_logger/share/waypoint_logger/local_setup.zsh
[2.786s] -- Up-to-date: /home/vy/GalacticRacing/sim_ws/install/waypoint_logger/share/waypoint_logger/local_setup.dsv
[2.787s] -- Up-to-date: /home/vy/GalacticRacing/sim_ws/install/waypoint_logger/share/waypoint_logger/package.dsv
[2.787s] -- Up-to-date: /home/vy/GalacticRacing/sim_ws/install/waypoint_logger/share/ament_index/resource_index/packages/waypoint_logger
[2.787s] -- Up-to-date: /home/vy/GalacticRacing/sim_ws/install/waypoint_logger/share/waypoint_logger/cmake/waypoint_loggerConfig.cmake
[2.790s] -- Up-to-date: /home/vy/GalacticRacing/sim_ws/install/waypoint_logger/share/waypoint_logger/cmake/waypoint_loggerConfig-version.cmake
[2.790s] -- Up-to-date: /home/vy/GalacticRacing/sim_ws/install/waypoint_logger/share/waypoint_logger/package.xml
[2.863s] Invoked command in '/home/vy/GalacticRacing/sim_ws/build/waypoint_logger' returned '0': CMAKE_PREFIX_PATH=/home/vy/GalacticRacing/sim_ws/install/particle_filter:/home/vy/GalacticRacing/sim_ws/install/f1tenth_gym_ros:/opt/ros/foxy:${CMAKE_PREFIX_PATH} /usr/bin/cmake --install /home/vy/GalacticRacing/sim_ws/build/waypoint_logger
