[0.691s] Invoking command in '/home/vy/sim_ws/src/f1tenth_gym_ros': PYTHONPATH=/home/vy/sim_ws/src/f1tenth_gym_ros/build/f1tenth_gym_ros/prefix_override:/home/vy/sim_ws/src/f1tenth_gym_ros/install/f1tenth_gym_ros/lib/python3.8/site-packages: /usr/bin/python3 setup.py egg_info --egg-base build/f1tenth_gym_ros build --build-base /home/vy/sim_ws/src/f1tenth_gym_ros/build/f1tenth_gym_ros/build install --record /home/vy/sim_ws/src/f1tenth_gym_ros/build/f1tenth_gym_ros/install.log --install-scripts $base/lib/f1tenth_gym_ros --single-version-externally-managed
[0.870s] running egg_info
[0.870s] writing build/f1tenth_gym_ros/f1tenth_gym_ros.egg-info/PKG-INFO
[0.871s] writing dependency_links to build/f1tenth_gym_ros/f1tenth_gym_ros.egg-info/dependency_links.txt
[0.873s] writing entry points to build/f1tenth_gym_ros/f1tenth_gym_ros.egg-info/entry_points.txt
[0.873s] writing requirements to build/f1tenth_gym_ros/f1tenth_gym_ros.egg-info/requires.txt
[0.874s] writing top-level names to build/f1tenth_gym_ros/f1tenth_gym_ros.egg-info/top_level.txt
[0.905s] reading manifest file 'build/f1tenth_gym_ros/f1tenth_gym_ros.egg-info/SOURCES.txt'
[0.906s] writing manifest file 'build/f1tenth_gym_ros/f1tenth_gym_ros.egg-info/SOURCES.txt'
[0.908s] running build
[0.908s] running build_py
[0.909s] running install
[0.909s] running install_lib
[0.910s] running install_data
[0.911s] copying config/sim.yaml -> /home/vy/sim_ws/src/f1tenth_gym_ros/install/f1tenth_gym_ros/share/f1tenth_gym_ros/config
[0.911s] running install_egg_info
[0.912s] removing '/home/vy/sim_ws/src/f1tenth_gym_ros/install/f1tenth_gym_ros/lib/python3.8/site-packages/f1tenth_gym_ros-0.0.0-py3.8.egg-info' (and everything under it)
[0.913s] Copying build/f1tenth_gym_ros/f1tenth_gym_ros.egg-info to /home/vy/sim_ws/src/f1tenth_gym_ros/install/f1tenth_gym_ros/lib/python3.8/site-packages/f1tenth_gym_ros-0.0.0-py3.8.egg-info
[0.913s] running install_scripts
[0.927s] Installing gym_bridge script to /home/vy/sim_ws/src/f1tenth_gym_ros/install/f1tenth_gym_ros/lib/f1tenth_gym_ros
[0.929s] writing list of installed files to '/home/vy/sim_ws/src/f1tenth_gym_ros/build/f1tenth_gym_ros/install.log'
[0.952s] Invoked command in '/home/vy/sim_ws/src/f1tenth_gym_ros' returned '0': PYTHONPATH=/home/vy/sim_ws/src/f1tenth_gym_ros/build/f1tenth_gym_ros/prefix_override:/home/vy/sim_ws/src/f1tenth_gym_ros/install/f1tenth_gym_ros/lib/python3.8/site-packages: /usr/bin/python3 setup.py egg_info --egg-base build/f1tenth_gym_ros build --build-base /home/vy/sim_ws/src/f1tenth_gym_ros/build/f1tenth_gym_ros/build install --record /home/vy/sim_ws/src/f1tenth_gym_ros/build/f1tenth_gym_ros/install.log --install-scripts $base/lib/f1tenth_gym_ros --single-version-externally-managed
