-- The C compiler identification is GNU 9.4.0
-- The CXX compiler identification is GNU 9.4.0
-- Check for working C compiler: /usr/bin/cc
-- Check for working C compiler: /usr/bin/cc -- works
-- Detecting C compiler ABI info
-- Detecting C compiler ABI info - done
-- Detecting C compile features
-- Detecting C compile features - done
-- Check for working CXX compiler: /usr/bin/c++
-- Check for working CXX compiler: /usr/bin/c++ -- works
-- Detecting CXX compiler ABI info
-- Detecting CXX compiler ABI info - done
-- Detecting CXX compile features
-- Detecting CXX compile features - done
-- Found ament_cmake: 0.9.12 (/opt/ros/foxy/share/ament_cmake/cmake)
-- Found PythonInterp: /usr/bin/python3 (found suitable version "3.8.10", minimum required is "3") 
-- Using PYTHON_EXECUTABLE: /usr/bin/python3
-- Found rclcpp: 2.4.3 (/opt/ros/foxy/share/rclcpp/cmake)
-- Using all available rosidl_typesupport_c: rosidl_typesupport_fastrtps_c;rosidl_typesupport_introspection_c
-- Found rosidl_adapter: 1.3.1 (/opt/ros/foxy/share/rosidl_adapter/cmake)
-- Found OpenSSL: /usr/lib/x86_64-linux-gnu/libcrypto.so (found version "1.1.1f")  
-- Found FastRTPS: /opt/ros/foxy/include  
-- Using all available rosidl_typesupport_cpp: rosidl_typesupport_fastrtps_cpp;rosidl_typesupport_introspection_cpp
-- Found rmw_implementation_cmake: 1.0.4 (/opt/ros/foxy/share/rmw_implementation_cmake/cmake)
-- Using RMW implementation 'rmw_fastrtps_cpp' as default
-- Looking for pthread.h
-- Looking for pthread.h - found
-- Performing Test CMAKE_HAVE_LIBC_PTHREAD
-- Performing Test CMAKE_HAVE_LIBC_PTHREAD - Failed
-- Looking for pthread_create in pthreads
-- Looking for pthread_create in pthreads - not found
-- Looking for pthread_create in pthread
-- Looking for pthread_create in pthread - found
-- Found Threads: TRUE  
-- Found rclpy: 1.0.13 (/opt/ros/foxy/share/rclpy/cmake)
-- Found geometry_msgs: 2.0.5 (/opt/ros/foxy/share/geometry_msgs/cmake)
-- Found nav_msgs: 2.0.5 (/opt/ros/foxy/share/nav_msgs/cmake)
-- Found ackermann_msgs: 2.0.2 (/opt/ros/foxy/share/ackermann_msgs/cmake)
-- Found sensor_msgs: 2.0.5 (/opt/ros/foxy/share/sensor_msgs/cmake)
-- Found visualization_msgs: 2.0.5 (/opt/ros/foxy/share/visualization_msgs/cmake)
-- Found tf2_ros: 0.13.14 (/opt/ros/foxy/share/tf2_ros/cmake)
-- Found ament_lint_auto: 0.9.8 (/opt/ros/foxy/share/ament_lint_auto/cmake)
-- Added test 'copyright' to check source files copyright and LICENSE
-- Added test 'flake8' to check Python code syntax and style conventions
-- Added test 'lint_cmake' to check CMake code style
-- Added test 'pep257' to check Python code against some of the style conventions in PEP 257
-- Added test 'xmllint' to check XML markup files
-- Configuring done
-- Generating done
-- Build files have been written to: /home/zuki/GalacticRacing/build/waypoint_logger
-- Install configuration: ""
-- Installing: /home/zuki/GalacticRacing/install/waypoint_logger/share/waypoint_logger/environment/pythonpath.sh
-- Installing: /home/zuki/GalacticRacing/install/waypoint_logger/share/waypoint_logger/environment/pythonpath.dsv
-- Installing: /home/zuki/GalacticRacing/install/waypoint_logger/lib/python3.8/site-packages/waypoint_logger
-- Installing: /home/zuki/GalacticRacing/install/waypoint_logger/lib/python3.8/site-packages/waypoint_logger/__init__.py
Listing '/home/zuki/GalacticRacing/install/waypoint_logger/lib/python3.8/site-packages/waypoint_logger'...
Compiling '/home/zuki/GalacticRacing/install/waypoint_logger/lib/python3.8/site-packages/waypoint_logger/__init__.py'...
-- Installing: /home/zuki/GalacticRacing/install/waypoint_logger/lib/waypoint_logger/waypoint_logger.py
-- Installing: /home/zuki/GalacticRacing/install/waypoint_logger/share/ament_index/resource_index/package_run_dependencies/waypoint_logger
-- Installing: /home/zuki/GalacticRacing/install/waypoint_logger/share/ament_index/resource_index/parent_prefix_path/waypoint_logger
-- Installing: /home/zuki/GalacticRacing/install/waypoint_logger/share/waypoint_logger/environment/ament_prefix_path.sh
-- Installing: /home/zuki/GalacticRacing/install/waypoint_logger/share/waypoint_logger/environment/ament_prefix_path.dsv
-- Installing: /home/zuki/GalacticRacing/install/waypoint_logger/share/waypoint_logger/environment/path.sh
-- Installing: /home/zuki/GalacticRacing/install/waypoint_logger/share/waypoint_logger/environment/path.dsv
-- Installing: /home/zuki/GalacticRacing/install/waypoint_logger/share/waypoint_logger/local_setup.bash
-- Installing: /home/zuki/GalacticRacing/install/waypoint_logger/share/waypoint_logger/local_setup.sh
-- Installing: /home/zuki/GalacticRacing/install/waypoint_logger/share/waypoint_logger/local_setup.zsh
-- Installing: /home/zuki/GalacticRacing/install/waypoint_logger/share/waypoint_logger/local_setup.dsv
-- Installing: /home/zuki/GalacticRacing/install/waypoint_logger/share/waypoint_logger/package.dsv
-- Installing: /home/zuki/GalacticRacing/install/waypoint_logger/share/ament_index/resource_index/packages/waypoint_logger
-- Installing: /home/zuki/GalacticRacing/install/waypoint_logger/share/waypoint_logger/cmake/waypoint_loggerConfig.cmake
-- Installing: /home/zuki/GalacticRacing/install/waypoint_logger/share/waypoint_logger/cmake/waypoint_loggerConfig-version.cmake
-- Installing: /home/zuki/GalacticRacing/install/waypoint_logger/share/waypoint_logger/package.xml
