[1.472s] Invoking command in '/home/vy/GalacticRacing/sim_ws/build/safety_node': CMAKE_PREFIX_PATH=/opt/ros/foxy /usr/bin/cmake /home/vy/GalacticRacing/sim_ws/src/safety_node -DCMAKE_INSTALL_PREFIX=/home/vy/GalacticRacing/sim_ws/install/safety_node
[1.559s] -- The C compiler identification is GNU 9.4.0
[1.606s] -- The CXX compiler identification is GNU 9.4.0
[1.609s] -- Check for working C compiler: /usr/bin/cc
[1.773s] -- Check for working C compiler: /usr/bin/cc -- works
[1.773s] -- Detecting C compiler ABI info
[1.875s] -- Detecting C compiler ABI info - done
[1.883s] -- Detecting C compile features
[1.883s] -- Detecting C compile features - done
[1.885s] -- Check for working CXX compiler: /usr/bin/c++
[1.975s] -- Check for working CXX compiler: /usr/bin/c++ -- works
[1.976s] -- Detecting CXX compiler ABI info
[2.093s] -- Detecting CXX compiler ABI info - done
[2.094s] -- Detecting CXX compile features
[2.094s] -- Detecting CXX compile features - done
[2.096s] -- Found ament_cmake: 0.9.12 (/opt/ros/foxy/share/ament_cmake/cmake)
[2.134s] -- Found PythonInterp: /usr/bin/python3 (found suitable version "3.8.10", minimum required is "3") 
[2.134s] -- Using PYTHON_EXECUTABLE: /usr/bin/python3
[2.404s] -- Found rclcpp: 2.4.3 (/opt/ros/foxy/share/rclcpp/cmake)
[2.463s] -- Using all available rosidl_typesupport_c: rosidl_typesupport_fastrtps_c;rosidl_typesupport_introspection_c
[2.464s] -- Found rosidl_adapter: 1.3.1 (/opt/ros/foxy/share/rosidl_adapter/cmake)
[2.590s] -- Found OpenSSL: /usr/lib/x86_64-linux-gnu/libcrypto.so (found version "1.1.1f")  
[2.617s] -- Found FastRTPS: /opt/ros/foxy/include  
[2.707s] -- Using all available rosidl_typesupport_cpp: rosidl_typesupport_fastrtps_cpp;rosidl_typesupport_introspection_cpp
[2.827s] -- Found rmw_implementation_cmake: 1.0.4 (/opt/ros/foxy/share/rmw_implementation_cmake/cmake)
[2.853s] -- Using RMW implementation 'rmw_fastrtps_cpp' as default
[2.853s] -- Looking for pthread.h
[2.982s] -- Looking for pthread.h - found
[2.982s] -- Performing Test CMAKE_HAVE_LIBC_PTHREAD
[3.072s] -- Performing Test CMAKE_HAVE_LIBC_PTHREAD - Failed
[3.072s] -- Looking for pthread_create in pthreads
[3.161s] -- Looking for pthread_create in pthreads - not found
[3.162s] -- Looking for pthread_create in pthread
[3.280s] -- Looking for pthread_create in pthread - found
[3.281s] -- Found Threads: TRUE  
[3.481s] -- Found rclpy: 1.0.13 (/opt/ros/foxy/share/rclpy/cmake)
[3.485s] -- Found nav_msgs: 2.0.5 (/opt/ros/foxy/share/nav_msgs/cmake)
[3.631s] -- Found ackermann_msgs: 2.0.2 (/opt/ros/foxy/share/ackermann_msgs/cmake)
[3.678s] -- Found sensor_msgs: 2.0.5 (/opt/ros/foxy/share/sensor_msgs/cmake)
[3.793s] -- Found ament_lint_auto: 0.9.8 (/opt/ros/foxy/share/ament_lint_auto/cmake)
[3.905s] -- Added test 'copyright' to check source files copyright and LICENSE
[3.913s] -- Added test 'cppcheck' to perform static code analysis on C / C++ code
[3.913s] -- Configured cppcheck include dirs: /home/vy/GalacticRacing/sim_ws/src/safety_node/include
[3.913s] -- Configured cppcheck exclude dirs and/or files: 
[3.914s] -- Added test 'cpplint' to check C / C++ code against the Google style
[3.914s] -- Configured cpplint exclude dirs and/or files: 
[3.927s] -- Added test 'flake8' to check Python code syntax and style conventions
[3.936s] -- Added test 'lint_cmake' to check CMake code style
[3.945s] -- Added test 'pep257' to check Python code against some of the style conventions in PEP 257
[3.959s] -- Added test 'uncrustify' to check C / C++ code style
[3.960s] -- Configured uncrustify additional arguments: 
[3.961s] -- Added test 'xmllint' to check XML markup files
[3.966s] -- Configuring done
[3.977s] -- Generating done
[3.979s] -- Build files have been written to: /home/vy/GalacticRacing/sim_ws/build/safety_node
[4.024s] Invoked command in '/home/vy/GalacticRacing/sim_ws/build/safety_node' returned '0': CMAKE_PREFIX_PATH=/opt/ros/foxy /usr/bin/cmake /home/vy/GalacticRacing/sim_ws/src/safety_node -DCMAKE_INSTALL_PREFIX=/home/vy/GalacticRacing/sim_ws/install/safety_node
[4.031s] Invoking command in '/home/vy/GalacticRacing/sim_ws/build/safety_node': CMAKE_PREFIX_PATH=/opt/ros/foxy /usr/bin/cmake --build /home/vy/GalacticRacing/sim_ws/build/safety_node -- -j8 -l8
[4.075s] [35m[1mScanning dependencies of target safety_node[0m
[4.389s] [ 50%] [32mBuilding CXX object CMakeFiles/safety_node.dir/src/safety_node.cpp.o[0m
[6.923s] [01m[K/home/vy/GalacticRacing/sim_ws/src/safety_node/src/safety_node.cpp:[m[K In member function ‘[01m[Kvoid Safety::drive_callback(nav_msgs::msg::Odometry_<std::allocator<void> >::ConstSharedPtr)[m[K’:
[6.923s] [01m[K/home/vy/GalacticRacing/sim_ws/src/safety_node/src/safety_node.cpp:33:71:[m[K [01;35m[Kwarning: [m[Kunused parameter ‘[01m[Kmsg[m[K’ [[01;35m[K-Wunused-parameter[m[K]
[6.923s]    33 |     void drive_callback([01;35m[Kconst nav_msgs::msg::Odometry::ConstSharedPtr msg[m[K)
[6.923s]       |                         [01;35m[K~~~~~~~~~~~~~~~~~~~~~~~~~~~~~~~~~~~~~~~~~~~~~~^~~[m[K
[6.945s] [01m[K/home/vy/GalacticRacing/sim_ws/src/safety_node/src/safety_node.cpp:[m[K In member function ‘[01m[Kvoid Safety::scan_callback(sensor_msgs::msg::LaserScan_<std::allocator<void> >::ConstSharedPtr)[m[K’:
[6.945s] [01m[K/home/vy/GalacticRacing/sim_ws/src/safety_node/src/safety_node.cpp:38:74:[m[K [01;35m[Kwarning: [m[Kunused parameter ‘[01m[Kscan_msg[m[K’ [[01;35m[K-Wunused-parameter[m[K]
[6.945s]    38 | void scan_callback([01;35m[Kconst sensor_msgs::msg::LaserScan::ConstSharedPtr scan_msg[m[K)
[6.945s]       |                    [01;35m[K~~~~~~~~~~~~~~~~~~~~~~~~~~~~~~~~~~~~~~~~~~~~~~~~~~^~~~~~~~[m[K
[6.945s] 
[7.750s] [100%] [32m[1mLinking CXX executable safety_node[0m
[8.167s] [100%] Built target safety_node
[8.269s] Invoked command in '/home/vy/GalacticRacing/sim_ws/build/safety_node' returned '0': CMAKE_PREFIX_PATH=/opt/ros/foxy /usr/bin/cmake --build /home/vy/GalacticRacing/sim_ws/build/safety_node -- -j8 -l8
[8.877s] Invoking command in '/home/vy/GalacticRacing/sim_ws/build/safety_node': CMAKE_PREFIX_PATH=/opt/ros/foxy /usr/bin/cmake --install /home/vy/GalacticRacing/sim_ws/build/safety_node
[8.886s] -- Install configuration: ""
[8.886s] -- Installing: /home/vy/GalacticRacing/sim_ws/install/safety_node/lib/safety_node/safety_node
[8.886s] -- Set runtime path of "/home/vy/GalacticRacing/sim_ws/install/safety_node/lib/safety_node/safety_node" to ""
[8.886s] -- Installing: /home/vy/GalacticRacing/sim_ws/install/safety_node/share/safety_node/environment/pythonpath.sh
[8.886s] -- Installing: /home/vy/GalacticRacing/sim_ws/install/safety_node/share/safety_node/environment/pythonpath.dsv
[8.886s] -- Installing: /home/vy/GalacticRacing/sim_ws/install/safety_node/lib/python3.8/site-packages/safety_node
[8.887s] -- Installing: /home/vy/GalacticRacing/sim_ws/install/safety_node/lib/python3.8/site-packages/safety_node/__init__.py
[8.909s] Listing '/home/vy/GalacticRacing/sim_ws/install/safety_node/lib/python3.8/site-packages/safety_node'...
[8.909s] Compiling '/home/vy/GalacticRacing/sim_ws/install/safety_node/lib/python3.8/site-packages/safety_node/__init__.py'...
[8.911s] -- Installing: /home/vy/GalacticRacing/sim_ws/install/safety_node/lib/safety_node/safety_node.py
[8.913s] -- Installing: /home/vy/GalacticRacing/sim_ws/install/safety_node/share/ament_index/resource_index/package_run_dependencies/safety_node
[8.913s] -- Installing: /home/vy/GalacticRacing/sim_ws/install/safety_node/share/ament_index/resource_index/parent_prefix_path/safety_node
[8.913s] -- Installing: /home/vy/GalacticRacing/sim_ws/install/safety_node/share/safety_node/environment/ament_prefix_path.sh
[8.913s] -- Installing: /home/vy/GalacticRacing/sim_ws/install/safety_node/share/safety_node/environment/ament_prefix_path.dsv
[8.914s] -- Installing: /home/vy/GalacticRacing/sim_ws/install/safety_node/share/safety_node/environment/path.sh
[8.916s] -- Installing: /home/vy/GalacticRacing/sim_ws/install/safety_node/share/safety_node/environment/path.dsv
[8.917s] -- Installing: /home/vy/GalacticRacing/sim_ws/install/safety_node/share/safety_node/local_setup.bash
[8.917s] -- Installing: /home/vy/GalacticRacing/sim_ws/install/safety_node/share/safety_node/local_setup.sh
[8.919s] -- Installing: /home/vy/GalacticRacing/sim_ws/install/safety_node/share/safety_node/local_setup.zsh
[8.919s] -- Installing: /home/vy/GalacticRacing/sim_ws/install/safety_node/share/safety_node/local_setup.dsv
[8.920s] -- Installing: /home/vy/GalacticRacing/sim_ws/install/safety_node/share/safety_node/package.dsv
[8.920s] -- Installing: /home/vy/GalacticRacing/sim_ws/install/safety_node/share/ament_index/resource_index/packages/safety_node
[8.922s] -- Installing: /home/vy/GalacticRacing/sim_ws/install/safety_node/share/safety_node/cmake/safety_nodeConfig.cmake
[8.925s] -- Installing: /home/vy/GalacticRacing/sim_ws/install/safety_node/share/safety_node/cmake/safety_nodeConfig-version.cmake
[8.926s] -- Installing: /home/vy/GalacticRacing/sim_ws/install/safety_node/share/safety_node/package.xml
[9.672s] Invoked command in '/home/vy/GalacticRacing/sim_ws/build/safety_node' returned '0': CMAKE_PREFIX_PATH=/opt/ros/foxy /usr/bin/cmake --install /home/vy/GalacticRacing/sim_ws/build/safety_node
