[0.885s] Invoking command in '/home/vy/GalacticRacing/sim_ws/build/waypoint_logger': CMAKE_PREFIX_PATH=${CMAKE_PREFIX_PATH}:/home/vy/GalacticRacing/sim_ws/install/particle_filter:/home/vy/GalacticRacing/sim_ws/install/f1tenth_gym_ros:/opt/ros/foxy /usr/bin/cmake /home/vy/GalacticRacing/sim_ws/src/waypoint_logger -DCMAKE_INSTALL_PREFIX=/home/vy/GalacticRacing/sim_ws/install/waypoint_logger
[0.943s] -- Found ament_cmake: 0.9.12 (/opt/ros/foxy/share/ament_cmake/cmake)
[0.992s] -- Using PYTHON_EXECUTABLE: /usr/bin/python3
[1.294s] -- Found rclcpp: 2.4.3 (/opt/ros/foxy/share/rclcpp/cmake)
[1.335s] -- Using all available rosidl_typesupport_c: rosidl_typesupport_fastrtps_c;rosidl_typesupport_introspection_c
[1.336s] -- Found rosidl_adapter: 1.3.1 (/opt/ros/foxy/share/rosidl_adapter/cmake)
[1.463s] -- Using all available rosidl_typesupport_cpp: rosidl_typesupport_fastrtps_cpp;rosidl_typesupport_introspection_cpp
[1.532s] -- Found rmw_implementation_cmake: 1.0.4 (/opt/ros/foxy/share/rmw_implementation_cmake/cmake)
[1.536s] -- Using RMW implementation 'rmw_fastrtps_cpp' as default
[1.709s] -- Found rclpy: 1.0.13 (/opt/ros/foxy/share/rclpy/cmake)
[1.709s] -- Found geometry_msgs: 2.0.5 (/opt/ros/foxy/share/geometry_msgs/cmake)
[1.766s] -- Found nav_msgs: 2.0.5 (/opt/ros/foxy/share/nav_msgs/cmake)
[1.851s] -- Found ackermann_msgs: 2.0.2 (/opt/ros/foxy/share/ackermann_msgs/cmake)
[1.886s] -- Found sensor_msgs: 2.0.5 (/opt/ros/foxy/share/sensor_msgs/cmake)
[1.988s] -- Found visualization_msgs: 2.0.5 (/opt/ros/foxy/share/visualization_msgs/cmake)
[2.061s] -- Found tf2_ros: 0.13.14 (/opt/ros/foxy/share/tf2_ros/cmake)
[2.452s] -- Found ament_lint_auto: 0.9.8 (/opt/ros/foxy/share/ament_lint_auto/cmake)
[2.602s] -- Added test 'copyright' to check source files copyright and LICENSE
[2.606s] -- Added test 'flake8' to check Python code syntax and style conventions
[2.607s] -- Added test 'lint_cmake' to check CMake code style
[2.608s] -- Added test 'pep257' to check Python code against some of the style conventions in PEP 257
[2.610s] -- Added test 'xmllint' to check XML markup files
[2.614s] -- Configuring done
[2.616s] CMake Error at CMakeLists.txt:36 (add_executable):
[2.616s]   Cannot find source file:
[2.616s] 
[2.616s]     src/waypoint_logger_node.cpp
[2.616s] 
[2.616s]   Tried extensions .c .C .c++ .cc .cpp .cxx .cu .m .M .mm .h .hh .h++ .hm
[2.616s]   .hpp .hxx .in .txx
[2.616s] 
[2.617s] 
[2.618s] CMake Error at CMakeLists.txt:36 (add_executable):
[2.618s]   No SOURCES given to target: waypoint_logger_node
[2.618s] 
[2.618s] 
[2.618s] CMake Generate step failed.  Build files cannot be regenerated correctly.
[2.628s] Invoked command in '/home/vy/GalacticRacing/sim_ws/build/waypoint_logger' returned '1': CMAKE_PREFIX_PATH=${CMAKE_PREFIX_PATH}:/home/vy/GalacticRacing/sim_ws/install/particle_filter:/home/vy/GalacticRacing/sim_ws/install/f1tenth_gym_ros:/opt/ros/foxy /usr/bin/cmake /home/vy/GalacticRacing/sim_ws/src/waypoint_logger -DCMAKE_INSTALL_PREFIX=/home/vy/GalacticRacing/sim_ws/install/waypoint_logger
