[1.787s] Invoking command in '/home/vy/GalacticRacing/sim_ws/src/build/lab5_pkg': CMAKE_PREFIX_PATH=${CMAKE_PREFIX_PATH}:/home/vy/GalacticRacing/sim_ws/src/install/particle_filter:/home/vy/GalacticRacing/sim_ws/src/install/f1tenth_gym_ros:/opt/ros/foxy /usr/bin/cmake --build /home/vy/GalacticRacing/sim_ws/src/build/lab5_pkg -- -j8 -l8
[2.293s] [100%] Built target scanmatch_node
[2.317s] Invoked command in '/home/vy/GalacticRacing/sim_ws/src/build/lab5_pkg' returned '0': CMAKE_PREFIX_PATH=${CMAKE_PREFIX_PATH}:/home/vy/GalacticRacing/sim_ws/src/install/particle_filter:/home/vy/GalacticRacing/sim_ws/src/install/f1tenth_gym_ros:/opt/ros/foxy /usr/bin/cmake --build /home/vy/GalacticRacing/sim_ws/src/build/lab5_pkg -- -j8 -l8
[2.365s] Invoking command in '/home/vy/GalacticRacing/sim_ws/src/build/lab5_pkg': CMAKE_PREFIX_PATH=${CMAKE_PREFIX_PATH}:/home/vy/GalacticRacing/sim_ws/src/install/particle_filter:/home/vy/GalacticRacing/sim_ws/src/install/f1tenth_gym_ros:/opt/ros/foxy /usr/bin/cmake --install /home/vy/GalacticRacing/sim_ws/src/build/lab5_pkg
[2.377s] -- Install configuration: ""
[2.377s] -- Up-to-date: /home/vy/GalacticRacing/sim_ws/src/install/lab5_pkg/lib/lab5_pkg/scanmatch_node
[2.378s] -- Up-to-date: /home/vy/GalacticRacing/sim_ws/src/install/lab5_pkg/share/lab5_pkg/environment/pythonpath.sh
[2.379s] -- Up-to-date: /home/vy/GalacticRacing/sim_ws/src/install/lab5_pkg/share/lab5_pkg/environment/pythonpath.dsv
[2.379s] -- Up-to-date: /home/vy/GalacticRacing/sim_ws/src/install/lab5_pkg/lib/python3.8/site-packages/lab5_pkg
[2.382s] -- Up-to-date: /home/vy/GalacticRacing/sim_ws/src/install/lab5_pkg/lib/python3.8/site-packages/lab5_pkg/__init__.py
[2.405s] Listing '/home/vy/GalacticRacing/sim_ws/src/install/lab5_pkg/lib/python3.8/site-packages/lab5_pkg'...
[2.406s] -- Up-to-date: /home/vy/GalacticRacing/sim_ws/src/install/lab5_pkg/share/ament_index/resource_index/package_run_dependencies/lab5_pkg
[2.417s] -- Up-to-date: /home/vy/GalacticRacing/sim_ws/src/install/lab5_pkg/share/ament_index/resource_index/parent_prefix_path/lab5_pkg
[2.419s] -- Up-to-date: /home/vy/GalacticRacing/sim_ws/src/install/lab5_pkg/share/lab5_pkg/environment/ament_prefix_path.sh
[2.420s] -- Up-to-date: /home/vy/GalacticRacing/sim_ws/src/install/lab5_pkg/share/lab5_pkg/environment/ament_prefix_path.dsv
[2.420s] -- Up-to-date: /home/vy/GalacticRacing/sim_ws/src/install/lab5_pkg/share/lab5_pkg/environment/path.sh
[2.420s] -- Up-to-date: /home/vy/GalacticRacing/sim_ws/src/install/lab5_pkg/share/lab5_pkg/environment/path.dsv
[2.420s] -- Up-to-date: /home/vy/GalacticRacing/sim_ws/src/install/lab5_pkg/share/lab5_pkg/local_setup.bash
[2.420s] -- Up-to-date: /home/vy/GalacticRacing/sim_ws/src/install/lab5_pkg/share/lab5_pkg/local_setup.sh
[2.420s] -- Up-to-date: /home/vy/GalacticRacing/sim_ws/src/install/lab5_pkg/share/lab5_pkg/local_setup.zsh
[2.420s] -- Up-to-date: /home/vy/GalacticRacing/sim_ws/src/install/lab5_pkg/share/lab5_pkg/local_setup.dsv
[2.420s] -- Installing: /home/vy/GalacticRacing/sim_ws/src/install/lab5_pkg/share/lab5_pkg/package.dsv
[2.420s] -- Up-to-date: /home/vy/GalacticRacing/sim_ws/src/install/lab5_pkg/share/ament_index/resource_index/packages/lab5_pkg
[2.420s] -- Up-to-date: /home/vy/GalacticRacing/sim_ws/src/install/lab5_pkg/share/lab5_pkg/cmake/lab5_pkgConfig.cmake
[2.420s] -- Up-to-date: /home/vy/GalacticRacing/sim_ws/src/install/lab5_pkg/share/lab5_pkg/cmake/lab5_pkgConfig-version.cmake
[2.420s] -- Up-to-date: /home/vy/GalacticRacing/sim_ws/src/install/lab5_pkg/share/lab5_pkg/package.xml
[2.427s] Invoked command in '/home/vy/GalacticRacing/sim_ws/src/build/lab5_pkg' returned '0': CMAKE_PREFIX_PATH=${CMAKE_PREFIX_PATH}:/home/vy/GalacticRacing/sim_ws/src/install/particle_filter:/home/vy/GalacticRacing/sim_ws/src/install/f1tenth_gym_ros:/opt/ros/foxy /usr/bin/cmake --install /home/vy/GalacticRacing/sim_ws/src/build/lab5_pkg
