[2.118s] Invoking command in '/home/vy/GalacticRacing/sim_ws/src/f1tenth_gym_ros': PYTHONPATH=/home/vy/GalacticRacing/sim_ws/src/build/f1tenth_gym_ros/prefix_override:/home/vy/GalacticRacing/sim_ws/src/install/f1tenth_gym_ros/lib/python3.8/site-packages:${PYTHONPATH} /usr/bin/python3 setup.py egg_info --egg-base ../build/f1tenth_gym_ros build --build-base /home/vy/GalacticRacing/sim_ws/src/build/f1tenth_gym_ros/build install --record /home/vy/GalacticRacing/sim_ws/src/build/f1tenth_gym_ros/install.log --install-scripts $base/lib/f1tenth_gym_ros --single-version-externally-managed
[2.295s] running egg_info
[2.298s] writing ../build/f1tenth_gym_ros/f1tenth_gym_ros.egg-info/PKG-INFO
[2.298s] writing dependency_links to ../build/f1tenth_gym_ros/f1tenth_gym_ros.egg-info/dependency_links.txt
[2.299s] writing entry points to ../build/f1tenth_gym_ros/f1tenth_gym_ros.egg-info/entry_points.txt
[2.299s] writing requirements to ../build/f1tenth_gym_ros/f1tenth_gym_ros.egg-info/requires.txt
[2.299s] writing top-level names to ../build/f1tenth_gym_ros/f1tenth_gym_ros.egg-info/top_level.txt
[2.326s] reading manifest file '../build/f1tenth_gym_ros/f1tenth_gym_ros.egg-info/SOURCES.txt'
[2.327s] writing manifest file '../build/f1tenth_gym_ros/f1tenth_gym_ros.egg-info/SOURCES.txt'
[2.327s] running build
[2.327s] running build_py
[2.327s] running install
[2.328s] running install_lib
[2.331s] running install_data
[2.332s] running install_egg_info
[2.332s] removing '/home/vy/GalacticRacing/sim_ws/src/install/f1tenth_gym_ros/lib/python3.8/site-packages/f1tenth_gym_ros-0.0.0-py3.8.egg-info' (and everything under it)
[2.332s] Copying ../build/f1tenth_gym_ros/f1tenth_gym_ros.egg-info to /home/vy/GalacticRacing/sim_ws/src/install/f1tenth_gym_ros/lib/python3.8/site-packages/f1tenth_gym_ros-0.0.0-py3.8.egg-info
[2.332s] running install_scripts
[2.348s] Installing gym_bridge script to /home/vy/GalacticRacing/sim_ws/src/install/f1tenth_gym_ros/lib/f1tenth_gym_ros
[2.348s] writing list of installed files to '/home/vy/GalacticRacing/sim_ws/src/build/f1tenth_gym_ros/install.log'
