[1.460s] Invoking command in '/home/vy/GalacticRacing/sim_ws/src/ros_msg_pkg': PYTHONPATH=/home/vy/GalacticRacing/build/ros_msg_pkg/prefix_override:/home/vy/GalacticRacing/install/ros_msg_pkg/lib/python3.8/site-packages: /usr/bin/python3 setup.py egg_info --egg-base ../../../build/ros_msg_pkg build --build-base /home/vy/GalacticRacing/build/ros_msg_pkg/build install --record /home/vy/GalacticRacing/build/ros_msg_pkg/install.log --install-scripts $base/lib/ros_msg_pkg --single-version-externally-managed
[1.625s] running egg_info
[1.626s] writing ../../../build/ros_msg_pkg/ros_msg_pkg.egg-info/PKG-INFO
[1.632s] writing dependency_links to ../../../build/ros_msg_pkg/ros_msg_pkg.egg-info/dependency_links.txt
[1.639s] writing entry points to ../../../build/ros_msg_pkg/ros_msg_pkg.egg-info/entry_points.txt
[1.639s] writing requirements to ../../../build/ros_msg_pkg/ros_msg_pkg.egg-info/requires.txt
[1.639s] writing top-level names to ../../../build/ros_msg_pkg/ros_msg_pkg.egg-info/top_level.txt
[1.666s] reading manifest file '../../../build/ros_msg_pkg/ros_msg_pkg.egg-info/SOURCES.txt'
[1.667s] writing manifest file '../../../build/ros_msg_pkg/ros_msg_pkg.egg-info/SOURCES.txt'
[1.668s] running build
[1.668s] running build_py
[1.668s] running install
[1.669s] running install_lib
[1.670s] running install_data
[1.671s] running install_egg_info
[1.673s] removing '/home/vy/GalacticRacing/install/ros_msg_pkg/lib/python3.8/site-packages/ros_msg_pkg-0.0.0-py3.8.egg-info' (and everything under it)
[1.673s] Copying ../../../build/ros_msg_pkg/ros_msg_pkg.egg-info to /home/vy/GalacticRacing/install/ros_msg_pkg/lib/python3.8/site-packages/ros_msg_pkg-0.0.0-py3.8.egg-info
[1.674s] running install_scripts
[1.690s] Installing relay_node script to /home/vy/GalacticRacing/install/ros_msg_pkg/lib/ros_msg_pkg
[1.691s] Installing talker_node script to /home/vy/GalacticRacing/install/ros_msg_pkg/lib/ros_msg_pkg
[1.692s] writing list of installed files to '/home/vy/GalacticRacing/build/ros_msg_pkg/install.log'
[1.796s] Invoked command in '/home/vy/GalacticRacing/sim_ws/src/ros_msg_pkg' returned '0': PYTHONPATH=/home/vy/GalacticRacing/build/ros_msg_pkg/prefix_override:/home/vy/GalacticRacing/install/ros_msg_pkg/lib/python3.8/site-packages: /usr/bin/python3 setup.py egg_info --egg-base ../../../build/ros_msg_pkg build --build-base /home/vy/GalacticRacing/build/ros_msg_pkg/build install --record /home/vy/GalacticRacing/build/ros_msg_pkg/install.log --install-scripts $base/lib/ros_msg_pkg --single-version-externally-managed
