[100%] Built target wall_follow_node
-- Install configuration: ""
-- Up-to-date: /home/zuki/GalacticRacing/install/wall_follow/lib/wall_follow/wall_follow_node
-- Up-to-date: /home/zuki/GalacticRacing/install/wall_follow/share/wall_follow/environment/pythonpath.sh
-- Up-to-date: /home/zuki/GalacticRacing/install/wall_follow/share/wall_follow/environment/pythonpath.dsv
-- Up-to-date: /home/zuki/GalacticRacing/install/wall_follow/lib/python3.8/site-packages/wall_follow
-- Up-to-date: /home/zuki/GalacticRacing/install/wall_follow/lib/python3.8/site-packages/wall_follow/__init__.py
Listing '/home/zuki/GalacticRacing/install/wall_follow/lib/python3.8/site-packages/wall_follow'...
-- Up-to-date: /home/zuki/GalacticRacing/install/wall_follow/lib/wall_follow/wall_follow_node.py
-- Up-to-date: /home/zuki/GalacticRacing/install/wall_follow/share/ament_index/resource_index/package_run_dependencies/wall_follow
-- Up-to-date: /home/zuki/GalacticRacing/install/wall_follow/share/ament_index/resource_index/parent_prefix_path/wall_follow
-- Up-to-date: /home/zuki/GalacticRacing/install/wall_follow/share/wall_follow/environment/ament_prefix_path.sh
-- Up-to-date: /home/zuki/GalacticRacing/install/wall_follow/share/wall_follow/environment/ament_prefix_path.dsv
-- Up-to-date: /home/zuki/GalacticRacing/install/wall_follow/share/wall_follow/environment/path.sh
-- Up-to-date: /home/zuki/GalacticRacing/install/wall_follow/share/wall_follow/environment/path.dsv
-- Up-to-date: /home/zuki/GalacticRacing/install/wall_follow/share/wall_follow/local_setup.bash
-- Up-to-date: /home/zuki/GalacticRacing/install/wall_follow/share/wall_follow/local_setup.sh
-- Up-to-date: /home/zuki/GalacticRacing/install/wall_follow/share/wall_follow/local_setup.zsh
-- Up-to-date: /home/zuki/GalacticRacing/install/wall_follow/share/wall_follow/local_setup.dsv
-- Installing: /home/zuki/GalacticRacing/install/wall_follow/share/wall_follow/package.dsv
-- Up-to-date: /home/zuki/GalacticRacing/install/wall_follow/share/ament_index/resource_index/packages/wall_follow
-- Up-to-date: /home/zuki/GalacticRacing/install/wall_follow/share/wall_follow/cmake/wall_followConfig.cmake
-- Up-to-date: /home/zuki/GalacticRacing/install/wall_follow/share/wall_follow/cmake/wall_followConfig-version.cmake
-- Up-to-date: /home/zuki/GalacticRacing/install/wall_follow/share/wall_follow/package.xml
