[0.747s] Invoking command in '/home/vy/GalacticRacing/sim_ws/src/build/wall_follow': CMAKE_PREFIX_PATH=/opt/ros/foxy /usr/bin/cmake /home/vy/GalacticRacing/sim_ws/src/wall_follow -DCMAKE_INSTALL_PREFIX=/home/vy/GalacticRacing/sim_ws/src/install/wall_follow
[0.757s] -- Found ament_cmake: 0.9.12 (/opt/ros/foxy/share/ament_cmake/cmake)
[0.808s] -- Using PYTHON_EXECUTABLE: /usr/bin/python3
[0.989s] -- Found rclcpp: 2.4.3 (/opt/ros/foxy/share/rclcpp/cmake)
[1.018s] -- Using all available rosidl_typesupport_c: rosidl_typesupport_fastrtps_c;rosidl_typesupport_introspection_c
[1.029s] -- Found rosidl_adapter: 1.3.1 (/opt/ros/foxy/share/rosidl_adapter/cmake)
[1.149s] -- Using all available rosidl_typesupport_cpp: rosidl_typesupport_fastrtps_cpp;rosidl_typesupport_introspection_cpp
[1.205s] -- Found rmw_implementation_cmake: 1.0.4 (/opt/ros/foxy/share/rmw_implementation_cmake/cmake)
[1.207s] -- Using RMW implementation 'rmw_fastrtps_cpp' as default
[1.351s] -- Found rclpy: 1.0.13 (/opt/ros/foxy/share/rclpy/cmake)
[1.352s] -- Found geometry_msgs: 2.0.5 (/opt/ros/foxy/share/geometry_msgs/cmake)
[1.381s] -- Found nav_msgs: 2.0.5 (/opt/ros/foxy/share/nav_msgs/cmake)
[1.513s] CMake Error at CMakeLists.txt:25 (find_package):
[1.514s]   By not providing "Findackermann_msgs.cmake" in CMAKE_MODULE_PATH this
[1.514s]   project has asked CMake to find a package configuration file provided by
[1.515s]   "ackermann_msgs", but CMake did not find one.
[1.515s] 
[1.517s]   Could not find a package configuration file provided by "ackermann_msgs"
[1.517s]   with any of the following names:
[1.517s] 
[1.518s]     ackermann_msgsConfig.cmake
[1.518s]     ackermann_msgs-config.cmake
[1.518s] 
[1.522s]   Add the installation prefix of "ackermann_msgs" to CMAKE_PREFIX_PATH or set
[1.522s]   "ackermann_msgs_DIR" to a directory containing one of the above files.  If
[1.523s]   "ackermann_msgs" provides a separate development package or SDK, be sure it
[1.523s]   has been installed.
[1.525s] 
[1.525s] 
[1.530s] -- Configuring incomplete, errors occurred!
[1.530s] See also "/home/vy/GalacticRacing/sim_ws/src/build/wall_follow/CMakeFiles/CMakeOutput.log".
[1.530s] See also "/home/vy/GalacticRacing/sim_ws/src/build/wall_follow/CMakeFiles/CMakeError.log".
