[3.986s] DEBUG:colcon:Command line arguments: ['/usr/bin/colcon', 'build', '--packages-select', 'pure_pursuit']
[3.986s] DEBUG:colcon:Parsed command line arguments: Namespace(allow_overriding=[], ament_cmake_args=None, base_paths=['.'], build_base='build', catkin_cmake_args=None, catkin_skip_building_tests=False, cmake_args=None, cmake_clean_cache=False, cmake_clean_first=False, cmake_force_configure=False, cmake_target=None, cmake_target_skip_unavailable=False, continue_on_error=False, event_handlers=None, executor='parallel', ignore_user_meta=False, install_base='install', log_base=None, log_level=None, main=<bound method BuildVerb.main of <colcon_core.verb.build.BuildVerb object at 0x7f5348a711f0>>, merge_install=False, metas=['./colcon.meta'], packages_above=None, packages_above_and_dependencies=None, packages_above_depth=None, packages_end=None, packages_ignore=None, packages_ignore_regex=None, packages_select=['pure_pursuit'], packages_select_build_failed=False, packages_select_by_dep=None, packages_select_regex=None, packages_select_test_failures=False, packages_skip=None, packages_skip_build_finished=False, packages_skip_by_dep=None, packages_skip_regex=None, packages_skip_test_passed=False, packages_skip_up_to=None, packages_start=None, packages_up_to=None, packages_up_to_regex=None, parallel_workers=4, paths=None, symlink_install=False, test_result_base=None, verb_extension=<colcon_core.verb.build.BuildVerb object at 0x7f5348a711f0>, verb_name='build', verb_parser=<colcon_defaults.argument_parser.defaults.DefaultArgumentsDecorator object at 0x7f5349221ac0>)
[4.158s] Level 1:colcon.colcon_core.package_discovery:discover_packages(colcon_meta) check parameters
[4.159s] Level 1:colcon.colcon_core.package_discovery:discover_packages(recursive) check parameters
[4.159s] Level 1:colcon.colcon_core.package_discovery:discover_packages(ignore) check parameters
[4.160s] Level 1:colcon.colcon_core.package_discovery:discover_packages(path) check parameters
[4.160s] Level 1:colcon.colcon_core.package_discovery:discover_packages(colcon_meta) discover
[4.160s] Level 1:colcon.colcon_core.package_discovery:discover_packages(recursive) discover
[4.160s] INFO:colcon.colcon_core.package_discovery:Crawling recursively for packages in '/home/vy/GalacticRacing/sim_ws'
[4.160s] Level 1:colcon.colcon_core.package_identification:_identify(.) by extensions ['ignore', 'ignore_ament_install']
[4.160s] Level 1:colcon.colcon_core.package_identification:_identify(.) by extension 'ignore'
[4.160s] Level 1:colcon.colcon_core.package_identification:_identify(.) by extension 'ignore_ament_install'
[4.160s] Level 1:colcon.colcon_core.package_identification:_identify(.) by extensions ['colcon_pkg']
[4.161s] Level 1:colcon.colcon_core.package_identification:_identify(.) by extension 'colcon_pkg'
[4.161s] Level 1:colcon.colcon_core.package_identification:_identify(.) by extensions ['colcon_meta']
[4.161s] Level 1:colcon.colcon_core.package_identification:_identify(.) by extension 'colcon_meta'
[4.161s] Level 1:colcon.colcon_core.package_identification:_identify(.) by extensions ['ros']
[4.161s] Level 1:colcon.colcon_core.package_identification:_identify(.) by extension 'ros'
[4.172s] Level 1:colcon.colcon_core.package_identification:_identify(.) by extensions ['cmake', 'python']
[4.172s] Level 1:colcon.colcon_core.package_identification:_identify(.) by extension 'cmake'
[4.172s] Level 1:colcon.colcon_core.package_identification:_identify(.) by extension 'python'
[4.173s] Level 1:colcon.colcon_core.package_identification:_identify(.) by extensions ['python_setup_py']
[4.173s] Level 1:colcon.colcon_core.package_identification:_identify(.) by extension 'python_setup_py'
[4.173s] Level 1:colcon.colcon_core.package_identification:_identify(build) by extensions ['ignore', 'ignore_ament_install']
[4.173s] Level 1:colcon.colcon_core.package_identification:_identify(build) by extension 'ignore'
[4.173s] Level 1:colcon.colcon_core.package_identification:_identify(build) ignored
[4.173s] Level 1:colcon.colcon_core.package_identification:_identify(install) by extensions ['ignore', 'ignore_ament_install']
[4.173s] Level 1:colcon.colcon_core.package_identification:_identify(install) by extension 'ignore'
[4.174s] Level 1:colcon.colcon_core.package_identification:_identify(install) ignored
[4.174s] Level 1:colcon.colcon_core.package_identification:_identify(lab5_pkg) by extensions ['ignore', 'ignore_ament_install']
[4.174s] Level 1:colcon.colcon_core.package_identification:_identify(lab5_pkg) by extension 'ignore'
[4.174s] Level 1:colcon.colcon_core.package_identification:_identify(lab5_pkg) by extension 'ignore_ament_install'
[4.174s] Level 1:colcon.colcon_core.package_identification:_identify(lab5_pkg) by extensions ['colcon_pkg']
[4.174s] Level 1:colcon.colcon_core.package_identification:_identify(lab5_pkg) by extension 'colcon_pkg'
[4.174s] Level 1:colcon.colcon_core.package_identification:_identify(lab5_pkg) by extensions ['colcon_meta']
[4.174s] Level 1:colcon.colcon_core.package_identification:_identify(lab5_pkg) by extension 'colcon_meta'
[4.174s] Level 1:colcon.colcon_core.package_identification:_identify(lab5_pkg) by extensions ['ros']
[4.175s] Level 1:colcon.colcon_core.package_identification:_identify(lab5_pkg) by extension 'ros'
[4.177s] DEBUG:colcon.colcon_core.package_identification:Package 'lab5_pkg' with type 'ros.ament_cmake' and name 'lab5_pkg'
[4.178s] Level 1:colcon.colcon_core.package_identification:_identify(log) by extensions ['ignore', 'ignore_ament_install']
[4.178s] Level 1:colcon.colcon_core.package_identification:_identify(log) by extension 'ignore'
[4.178s] Level 1:colcon.colcon_core.package_identification:_identify(log) ignored
[4.178s] Level 1:colcon.colcon_core.package_identification:_identify(range_libc) by extensions ['ignore', 'ignore_ament_install']
[4.178s] Level 1:colcon.colcon_core.package_identification:_identify(range_libc) by extension 'ignore'
[4.178s] Level 1:colcon.colcon_core.package_identification:_identify(range_libc) by extension 'ignore_ament_install'
[4.178s] Level 1:colcon.colcon_core.package_identification:_identify(range_libc) by extensions ['colcon_pkg']
[4.179s] Level 1:colcon.colcon_core.package_identification:_identify(range_libc) by extension 'colcon_pkg'
[4.179s] Level 1:colcon.colcon_core.package_identification:_identify(range_libc) by extensions ['colcon_meta']
[4.179s] Level 1:colcon.colcon_core.package_identification:_identify(range_libc) by extension 'colcon_meta'
[4.179s] Level 1:colcon.colcon_core.package_identification:_identify(range_libc) by extensions ['ros']
[4.179s] Level 1:colcon.colcon_core.package_identification:_identify(range_libc) by extension 'ros'
[4.179s] Level 1:colcon.colcon_core.package_identification:_identify(range_libc) by extensions ['cmake', 'python']
[4.179s] Level 1:colcon.colcon_core.package_identification:_identify(range_libc) by extension 'cmake'
[4.188s] Level 1:colcon.colcon_core.package_identification:_identify(range_libc) by extension 'python'
[4.188s] DEBUG:colcon.colcon_core.package_identification:Package 'range_libc' with type 'cmake' and name 'range_lib'
[4.188s] Level 1:colcon.colcon_core.package_identification:_identify(src) by extensions ['ignore', 'ignore_ament_install']
[4.188s] Level 1:colcon.colcon_core.package_identification:_identify(src) by extension 'ignore'
[4.188s] Level 1:colcon.colcon_core.package_identification:_identify(src) by extension 'ignore_ament_install'
[4.188s] Level 1:colcon.colcon_core.package_identification:_identify(src) by extensions ['colcon_pkg']
[4.188s] Level 1:colcon.colcon_core.package_identification:_identify(src) by extension 'colcon_pkg'
[4.188s] Level 1:colcon.colcon_core.package_identification:_identify(src) by extensions ['colcon_meta']
[4.189s] Level 1:colcon.colcon_core.package_identification:_identify(src) by extension 'colcon_meta'
[4.189s] Level 1:colcon.colcon_core.package_identification:_identify(src) by extensions ['ros']
[4.189s] Level 1:colcon.colcon_core.package_identification:_identify(src) by extension 'ros'
[4.189s] Level 1:colcon.colcon_core.package_identification:_identify(src) by extensions ['cmake', 'python']
[4.189s] Level 1:colcon.colcon_core.package_identification:_identify(src) by extension 'cmake'
[4.189s] Level 1:colcon.colcon_core.package_identification:_identify(src) by extension 'python'
[4.189s] Level 1:colcon.colcon_core.package_identification:_identify(src) by extensions ['python_setup_py']
[4.189s] Level 1:colcon.colcon_core.package_identification:_identify(src) by extension 'python_setup_py'
[4.190s] Level 1:colcon.colcon_core.package_identification:_identify(src/f1tenth_gym_ros) by extensions ['ignore', 'ignore_ament_install']
[4.190s] Level 1:colcon.colcon_core.package_identification:_identify(src/f1tenth_gym_ros) by extension 'ignore'
[4.190s] Level 1:colcon.colcon_core.package_identification:_identify(src/f1tenth_gym_ros) by extension 'ignore_ament_install'
[4.190s] Level 1:colcon.colcon_core.package_identification:_identify(src/f1tenth_gym_ros) by extensions ['colcon_pkg']
[4.190s] Level 1:colcon.colcon_core.package_identification:_identify(src/f1tenth_gym_ros) by extension 'colcon_pkg'
[4.190s] Level 1:colcon.colcon_core.package_identification:_identify(src/f1tenth_gym_ros) by extensions ['colcon_meta']
[4.190s] Level 1:colcon.colcon_core.package_identification:_identify(src/f1tenth_gym_ros) by extension 'colcon_meta'
[4.190s] Level 1:colcon.colcon_core.package_identification:_identify(src/f1tenth_gym_ros) by extensions ['ros']
[4.190s] Level 1:colcon.colcon_core.package_identification:_identify(src/f1tenth_gym_ros) by extension 'ros'
[4.191s] DEBUG:colcon.colcon_core.package_identification:Package 'src/f1tenth_gym_ros' with type 'ros.ament_python' and name 'f1tenth_gym_ros'
[4.191s] Level 1:colcon.colcon_core.package_identification:_identify(src/gap_follow) by extensions ['ignore', 'ignore_ament_install']
[4.191s] Level 1:colcon.colcon_core.package_identification:_identify(src/gap_follow) by extension 'ignore'
[4.191s] Level 1:colcon.colcon_core.package_identification:_identify(src/gap_follow) by extension 'ignore_ament_install'
[4.192s] Level 1:colcon.colcon_core.package_identification:_identify(src/gap_follow) by extensions ['colcon_pkg']
[4.192s] Level 1:colcon.colcon_core.package_identification:_identify(src/gap_follow) by extension 'colcon_pkg'
[4.192s] Level 1:colcon.colcon_core.package_identification:_identify(src/gap_follow) by extensions ['colcon_meta']
[4.192s] Level 1:colcon.colcon_core.package_identification:_identify(src/gap_follow) by extension 'colcon_meta'
[4.192s] Level 1:colcon.colcon_core.package_identification:_identify(src/gap_follow) by extensions ['ros']
[4.192s] Level 1:colcon.colcon_core.package_identification:_identify(src/gap_follow) by extension 'ros'
[4.193s] DEBUG:colcon.colcon_core.package_identification:Package 'src/gap_follow' with type 'ros.ament_cmake' and name 'gap_follow'
[4.193s] Level 1:colcon.colcon_core.package_identification:_identify(src/particle_filter) by extensions ['ignore', 'ignore_ament_install']
[4.193s] Level 1:colcon.colcon_core.package_identification:_identify(src/particle_filter) by extension 'ignore'
[4.193s] Level 1:colcon.colcon_core.package_identification:_identify(src/particle_filter) by extension 'ignore_ament_install'
[4.193s] Level 1:colcon.colcon_core.package_identification:_identify(src/particle_filter) by extensions ['colcon_pkg']
[4.193s] Level 1:colcon.colcon_core.package_identification:_identify(src/particle_filter) by extension 'colcon_pkg'
[4.194s] Level 1:colcon.colcon_core.package_identification:_identify(src/particle_filter) by extensions ['colcon_meta']
[4.194s] Level 1:colcon.colcon_core.package_identification:_identify(src/particle_filter) by extension 'colcon_meta'
[4.194s] Level 1:colcon.colcon_core.package_identification:_identify(src/particle_filter) by extensions ['ros']
[4.194s] Level 1:colcon.colcon_core.package_identification:_identify(src/particle_filter) by extension 'ros'
[4.195s] DEBUG:colcon.colcon_core.package_identification:Package 'src/particle_filter' with type 'ros.ament_python' and name 'particle_filter'
[4.195s] Level 1:colcon.colcon_core.package_identification:_identify(src/pure_pursuit) by extensions ['ignore', 'ignore_ament_install']
[4.195s] Level 1:colcon.colcon_core.package_identification:_identify(src/pure_pursuit) by extension 'ignore'
[4.195s] Level 1:colcon.colcon_core.package_identification:_identify(src/pure_pursuit) by extension 'ignore_ament_install'
[4.195s] Level 1:colcon.colcon_core.package_identification:_identify(src/pure_pursuit) by extensions ['colcon_pkg']
[4.195s] Level 1:colcon.colcon_core.package_identification:_identify(src/pure_pursuit) by extension 'colcon_pkg'
[4.195s] Level 1:colcon.colcon_core.package_identification:_identify(src/pure_pursuit) by extensions ['colcon_meta']
[4.195s] Level 1:colcon.colcon_core.package_identification:_identify(src/pure_pursuit) by extension 'colcon_meta'
[4.196s] Level 1:colcon.colcon_core.package_identification:_identify(src/pure_pursuit) by extensions ['ros']
[4.196s] Level 1:colcon.colcon_core.package_identification:_identify(src/pure_pursuit) by extension 'ros'
[4.196s] DEBUG:colcon.colcon_core.package_identification:Package 'src/pure_pursuit' with type 'ros.ament_cmake' and name 'pure_pursuit'
[4.197s] Level 1:colcon.colcon_core.package_identification:_identify(src/safety_node) by extensions ['ignore', 'ignore_ament_install']
[4.197s] Level 1:colcon.colcon_core.package_identification:_identify(src/safety_node) by extension 'ignore'
[4.197s] Level 1:colcon.colcon_core.package_identification:_identify(src/safety_node) by extension 'ignore_ament_install'
[4.197s] Level 1:colcon.colcon_core.package_identification:_identify(src/safety_node) by extensions ['colcon_pkg']
[4.197s] Level 1:colcon.colcon_core.package_identification:_identify(src/safety_node) by extension 'colcon_pkg'
[4.197s] Level 1:colcon.colcon_core.package_identification:_identify(src/safety_node) by extensions ['colcon_meta']
[4.197s] Level 1:colcon.colcon_core.package_identification:_identify(src/safety_node) by extension 'colcon_meta'
[4.197s] Level 1:colcon.colcon_core.package_identification:_identify(src/safety_node) by extensions ['ros']
[4.198s] Level 1:colcon.colcon_core.package_identification:_identify(src/safety_node) by extension 'ros'
[4.198s] DEBUG:colcon.colcon_core.package_identification:Package 'src/safety_node' with type 'ros.ament_cmake' and name 'safety_node'
[4.198s] Level 1:colcon.colcon_core.package_identification:_identify(src/wall_follow) by extensions ['ignore', 'ignore_ament_install']
[4.199s] Level 1:colcon.colcon_core.package_identification:_identify(src/wall_follow) by extension 'ignore'
[4.199s] Level 1:colcon.colcon_core.package_identification:_identify(src/wall_follow) by extension 'ignore_ament_install'
[4.199s] Level 1:colcon.colcon_core.package_identification:_identify(src/wall_follow) by extensions ['colcon_pkg']
[4.199s] Level 1:colcon.colcon_core.package_identification:_identify(src/wall_follow) by extension 'colcon_pkg'
[4.199s] Level 1:colcon.colcon_core.package_identification:_identify(src/wall_follow) by extensions ['colcon_meta']
[4.199s] Level 1:colcon.colcon_core.package_identification:_identify(src/wall_follow) by extension 'colcon_meta'
[4.199s] Level 1:colcon.colcon_core.package_identification:_identify(src/wall_follow) by extensions ['ros']
[4.199s] Level 1:colcon.colcon_core.package_identification:_identify(src/wall_follow) by extension 'ros'
[4.200s] DEBUG:colcon.colcon_core.package_identification:Package 'src/wall_follow' with type 'ros.ament_cmake' and name 'wall_follow'
[4.200s] Level 1:colcon.colcon_core.package_identification:_identify(src/waypoint_logger) by extensions ['ignore', 'ignore_ament_install']
[4.200s] Level 1:colcon.colcon_core.package_identification:_identify(src/waypoint_logger) by extension 'ignore'
[4.200s] Level 1:colcon.colcon_core.package_identification:_identify(src/waypoint_logger) by extension 'ignore_ament_install'
[4.201s] Level 1:colcon.colcon_core.package_identification:_identify(src/waypoint_logger) by extensions ['colcon_pkg']
[4.201s] Level 1:colcon.colcon_core.package_identification:_identify(src/waypoint_logger) by extension 'colcon_pkg'
[4.201s] Level 1:colcon.colcon_core.package_identification:_identify(src/waypoint_logger) by extensions ['colcon_meta']
[4.201s] Level 1:colcon.colcon_core.package_identification:_identify(src/waypoint_logger) by extension 'colcon_meta'
[4.201s] Level 1:colcon.colcon_core.package_identification:_identify(src/waypoint_logger) by extensions ['ros']
[4.201s] Level 1:colcon.colcon_core.package_identification:_identify(src/waypoint_logger) by extension 'ros'
[4.202s] DEBUG:colcon.colcon_core.package_identification:Package 'src/waypoint_logger' with type 'ros.ament_cmake' and name 'waypoint_logger'
[4.202s] Level 1:colcon.colcon_core.package_discovery:discover_packages(recursive) using defaults
[4.202s] Level 1:colcon.colcon_core.package_discovery:discover_packages(ignore) discover
[4.202s] Level 1:colcon.colcon_core.package_discovery:discover_packages(ignore) using defaults
[4.202s] Level 1:colcon.colcon_core.package_discovery:discover_packages(path) discover
[4.202s] Level 1:colcon.colcon_core.package_discovery:discover_packages(path) using defaults
[4.470s] INFO:colcon.colcon_core.package_selection:Skipping not selected package 'f1tenth_gym_ros' in 'src/f1tenth_gym_ros'
[4.470s] INFO:colcon.colcon_core.package_selection:Skipping not selected package 'gap_follow' in 'src/gap_follow'
[4.480s] INFO:colcon.colcon_core.package_selection:Skipping not selected package 'lab5_pkg' in 'lab5_pkg'
[4.480s] INFO:colcon.colcon_core.package_selection:Skipping not selected package 'particle_filter' in 'src/particle_filter'
[4.480s] INFO:colcon.colcon_core.package_selection:Skipping not selected package 'range_lib' in 'range_libc'
[4.481s] INFO:colcon.colcon_core.package_selection:Skipping not selected package 'safety_node' in 'src/safety_node'
[4.481s] INFO:colcon.colcon_core.package_selection:Skipping not selected package 'wall_follow' in 'src/wall_follow'
[4.481s] INFO:colcon.colcon_core.package_selection:Skipping not selected package 'waypoint_logger' in 'src/waypoint_logger'
[4.730s] Level 1:colcon.colcon_core.package_discovery:discover_packages(prefix_path) check parameters
[4.731s] Level 1:colcon.colcon_core.package_discovery:discover_packages(prefix_path) discover
[4.919s] DEBUG:colcon.colcon_installed_package_information.package_discovery:Found 8 installed packages in /home/vy/GalacticRacing/sim_ws/install
[5.014s] DEBUG:colcon.colcon_installed_package_information.package_discovery:Found 302 installed packages in /opt/ros/foxy
[5.016s] Level 1:colcon.colcon_core.package_discovery:discover_packages(prefix_path) using defaults
[5.248s] Level 5:colcon.colcon_core.verb:set package 'pure_pursuit' build argument 'cmake_args' from command line to 'None'
[5.248s] Level 5:colcon.colcon_core.verb:set package 'pure_pursuit' build argument 'cmake_target' from command line to 'None'
[5.248s] Level 5:colcon.colcon_core.verb:set package 'pure_pursuit' build argument 'cmake_target_skip_unavailable' from command line to 'False'
[5.248s] Level 5:colcon.colcon_core.verb:set package 'pure_pursuit' build argument 'cmake_clean_cache' from command line to 'False'
[5.248s] Level 5:colcon.colcon_core.verb:set package 'pure_pursuit' build argument 'cmake_clean_first' from command line to 'False'
[5.248s] Level 5:colcon.colcon_core.verb:set package 'pure_pursuit' build argument 'cmake_force_configure' from command line to 'False'
[5.248s] Level 5:colcon.colcon_core.verb:set package 'pure_pursuit' build argument 'ament_cmake_args' from command line to 'None'
[5.248s] Level 5:colcon.colcon_core.verb:set package 'pure_pursuit' build argument 'catkin_cmake_args' from command line to 'None'
[5.248s] Level 5:colcon.colcon_core.verb:set package 'pure_pursuit' build argument 'catkin_skip_building_tests' from command line to 'False'
[5.249s] DEBUG:colcon.colcon_core.verb:Building package 'pure_pursuit' with the following arguments: {'ament_cmake_args': None, 'build_base': '/home/vy/GalacticRacing/sim_ws/build/pure_pursuit', 'catkin_cmake_args': None, 'catkin_skip_building_tests': False, 'cmake_args': None, 'cmake_clean_cache': False, 'cmake_clean_first': False, 'cmake_force_configure': False, 'cmake_target': None, 'cmake_target_skip_unavailable': False, 'install_base': '/home/vy/GalacticRacing/sim_ws/install/pure_pursuit', 'merge_install': False, 'path': '/home/vy/GalacticRacing/sim_ws/src/pure_pursuit', 'symlink_install': False, 'test_result_base': None}
[5.328s] INFO:colcon.colcon_core.executor:Executing jobs using 'parallel' executor
[5.402s] DEBUG:colcon.colcon_parallel_executor.executor.parallel:run_until_complete
[5.402s] INFO:colcon.colcon_ros.task.ament_cmake.build:Building ROS package in '/home/vy/GalacticRacing/sim_ws/src/pure_pursuit' with build type 'ament_cmake'
[5.402s] INFO:colcon.colcon_cmake.task.cmake.build:Building CMake package in '/home/vy/GalacticRacing/sim_ws/src/pure_pursuit'
[5.474s] INFO:colcon.colcon_core.plugin_system:Skipping extension 'colcon_core.shell.bat': Not used on non-Windows systems
[5.475s] INFO:colcon.colcon_core.shell:Skip shell extension 'powershell' for command environment: Not usable outside of PowerShell
[5.475s] DEBUG:colcon.colcon_core.shell:Skip shell extension 'dsv' for command environment
[5.736s] DEBUG:colcon.colcon_core.event_handler.log_command:Invoking command in '/home/vy/GalacticRacing/sim_ws/build/pure_pursuit': CMAKE_PREFIX_PATH=${CMAKE_PREFIX_PATH}:/home/vy/GalacticRacing/sim_ws/install/particle_filter:/home/vy/GalacticRacing/sim_ws/install/f1tenth_gym_ros:/opt/ros/foxy /usr/bin/cmake --build /home/vy/GalacticRacing/sim_ws/build/pure_pursuit -- -j4 -l4
[5.847s] DEBUG:colcon.colcon_core.event_handler.log_command:Invoked command in '/home/vy/GalacticRacing/sim_ws/build/pure_pursuit' returned '0': CMAKE_PREFIX_PATH=${CMAKE_PREFIX_PATH}:/home/vy/GalacticRacing/sim_ws/install/particle_filter:/home/vy/GalacticRacing/sim_ws/install/f1tenth_gym_ros:/opt/ros/foxy /usr/bin/cmake --build /home/vy/GalacticRacing/sim_ws/build/pure_pursuit -- -j4 -l4
[6.033s] DEBUG:colcon.colcon_core.event_handler.log_command:Invoking command in '/home/vy/GalacticRacing/sim_ws/build/pure_pursuit': CMAKE_PREFIX_PATH=${CMAKE_PREFIX_PATH}:/home/vy/GalacticRacing/sim_ws/install/particle_filter:/home/vy/GalacticRacing/sim_ws/install/f1tenth_gym_ros:/opt/ros/foxy /usr/bin/cmake --install /home/vy/GalacticRacing/sim_ws/build/pure_pursuit
[6.111s] Level 1:colcon.colcon_core.environment:create_environment_scripts_only(pure_pursuit)
[6.117s] DEBUG:colcon.colcon_core.event_handler.log_command:Invoked command in '/home/vy/GalacticRacing/sim_ws/build/pure_pursuit' returned '0': CMAKE_PREFIX_PATH=${CMAKE_PREFIX_PATH}:/home/vy/GalacticRacing/sim_ws/install/particle_filter:/home/vy/GalacticRacing/sim_ws/install/f1tenth_gym_ros:/opt/ros/foxy /usr/bin/cmake --install /home/vy/GalacticRacing/sim_ws/build/pure_pursuit
[6.203s] Level 1:colcon.colcon_core.environment:checking '/home/vy/GalacticRacing/sim_ws/install/pure_pursuit' for CMake module files
[6.203s] Level 1:colcon.colcon_core.environment:checking '/home/vy/GalacticRacing/sim_ws/install/pure_pursuit' for CMake config files
[6.203s] Level 1:colcon.colcon_core.shell:create_environment_hook('pure_pursuit', 'cmake_prefix_path')
[6.287s] INFO:colcon.colcon_core.shell:Creating environment hook '/home/vy/GalacticRacing/sim_ws/install/pure_pursuit/share/pure_pursuit/hook/cmake_prefix_path.ps1'
[6.290s] INFO:colcon.colcon_core.shell:Creating environment descriptor '/home/vy/GalacticRacing/sim_ws/install/pure_pursuit/share/pure_pursuit/hook/cmake_prefix_path.dsv'
[6.291s] INFO:colcon.colcon_core.shell:Creating environment hook '/home/vy/GalacticRacing/sim_ws/install/pure_pursuit/share/pure_pursuit/hook/cmake_prefix_path.sh'
[6.293s] Level 1:colcon.colcon_core.environment:checking '/home/vy/GalacticRacing/sim_ws/install/pure_pursuit/lib'
[6.294s] Level 1:colcon.colcon_core.environment:checking '/home/vy/GalacticRacing/sim_ws/install/pure_pursuit/bin'
[6.294s] Level 1:colcon.colcon_core.environment:checking '/home/vy/GalacticRacing/sim_ws/install/pure_pursuit/lib/pkgconfig/pure_pursuit.pc'
[6.294s] Level 1:colcon.colcon_core.environment:checking '/home/vy/GalacticRacing/sim_ws/install/pure_pursuit/lib/python3.8/site-packages'
[6.295s] Level 1:colcon.colcon_core.shell:create_environment_hook('pure_pursuit', 'pythonpath')
[6.409s] INFO:colcon.colcon_core.shell:Creating environment hook '/home/vy/GalacticRacing/sim_ws/install/pure_pursuit/share/pure_pursuit/hook/pythonpath.ps1'
[6.410s] INFO:colcon.colcon_core.shell:Creating environment descriptor '/home/vy/GalacticRacing/sim_ws/install/pure_pursuit/share/pure_pursuit/hook/pythonpath.dsv'
[6.411s] INFO:colcon.colcon_core.shell:Creating environment hook '/home/vy/GalacticRacing/sim_ws/install/pure_pursuit/share/pure_pursuit/hook/pythonpath.sh'
[6.414s] Level 1:colcon.colcon_core.environment:checking '/home/vy/GalacticRacing/sim_ws/install/pure_pursuit/bin'
[6.519s] INFO:colcon.colcon_core.shell:Creating package script '/home/vy/GalacticRacing/sim_ws/install/pure_pursuit/share/pure_pursuit/package.ps1'
[6.522s] INFO:colcon.colcon_core.shell:Creating package descriptor '/home/vy/GalacticRacing/sim_ws/install/pure_pursuit/share/pure_pursuit/package.dsv'
[6.523s] INFO:colcon.colcon_core.shell:Creating package script '/home/vy/GalacticRacing/sim_ws/install/pure_pursuit/share/pure_pursuit/package.sh'
[6.525s] INFO:colcon.colcon_core.shell:Creating package script '/home/vy/GalacticRacing/sim_ws/install/pure_pursuit/share/pure_pursuit/package.bash'
[6.526s] INFO:colcon.colcon_core.shell:Creating package script '/home/vy/GalacticRacing/sim_ws/install/pure_pursuit/share/pure_pursuit/package.zsh'
[6.527s] Level 1:colcon.colcon_core.environment:create_file_with_runtime_dependencies(/home/vy/GalacticRacing/sim_ws/install/pure_pursuit/share/colcon-core/packages/pure_pursuit)
[6.735s] Level 1:colcon.colcon_core.environment:create_environment_scripts_only(pure_pursuit)
[6.851s] Level 1:colcon.colcon_core.environment:checking '/home/vy/GalacticRacing/sim_ws/install/pure_pursuit' for CMake module files
[6.851s] Level 1:colcon.colcon_core.environment:checking '/home/vy/GalacticRacing/sim_ws/install/pure_pursuit' for CMake config files
[6.852s] Level 1:colcon.colcon_core.shell:create_environment_hook('pure_pursuit', 'cmake_prefix_path')
[6.959s] INFO:colcon.colcon_core.shell:Creating environment hook '/home/vy/GalacticRacing/sim_ws/install/pure_pursuit/share/pure_pursuit/hook/cmake_prefix_path.ps1'
[6.960s] INFO:colcon.colcon_core.shell:Creating environment descriptor '/home/vy/GalacticRacing/sim_ws/install/pure_pursuit/share/pure_pursuit/hook/cmake_prefix_path.dsv'
[6.961s] INFO:colcon.colcon_core.shell:Creating environment hook '/home/vy/GalacticRacing/sim_ws/install/pure_pursuit/share/pure_pursuit/hook/cmake_prefix_path.sh'
[6.962s] Level 1:colcon.colcon_core.environment:checking '/home/vy/GalacticRacing/sim_ws/install/pure_pursuit/lib'
[6.962s] Level 1:colcon.colcon_core.environment:checking '/home/vy/GalacticRacing/sim_ws/install/pure_pursuit/bin'
[6.962s] Level 1:colcon.colcon_core.environment:checking '/home/vy/GalacticRacing/sim_ws/install/pure_pursuit/lib/pkgconfig/pure_pursuit.pc'
[6.962s] Level 1:colcon.colcon_core.environment:checking '/home/vy/GalacticRacing/sim_ws/install/pure_pursuit/lib/python3.8/site-packages'
[6.962s] Level 1:colcon.colcon_core.shell:create_environment_hook('pure_pursuit', 'pythonpath')
[7.082s] INFO:colcon.colcon_core.shell:Creating environment hook '/home/vy/GalacticRacing/sim_ws/install/pure_pursuit/share/pure_pursuit/hook/pythonpath.ps1'
[7.083s] INFO:colcon.colcon_core.shell:Creating environment descriptor '/home/vy/GalacticRacing/sim_ws/install/pure_pursuit/share/pure_pursuit/hook/pythonpath.dsv'
[7.084s] INFO:colcon.colcon_core.shell:Creating environment hook '/home/vy/GalacticRacing/sim_ws/install/pure_pursuit/share/pure_pursuit/hook/pythonpath.sh'
[7.085s] Level 1:colcon.colcon_core.environment:checking '/home/vy/GalacticRacing/sim_ws/install/pure_pursuit/bin'
[7.199s] INFO:colcon.colcon_core.shell:Creating package script '/home/vy/GalacticRacing/sim_ws/install/pure_pursuit/share/pure_pursuit/package.ps1'
[7.200s] INFO:colcon.colcon_core.shell:Creating package descriptor '/home/vy/GalacticRacing/sim_ws/install/pure_pursuit/share/pure_pursuit/package.dsv'
[7.201s] INFO:colcon.colcon_core.shell:Creating package script '/home/vy/GalacticRacing/sim_ws/install/pure_pursuit/share/pure_pursuit/package.sh'
[7.202s] INFO:colcon.colcon_core.shell:Creating package script '/home/vy/GalacticRacing/sim_ws/install/pure_pursuit/share/pure_pursuit/package.bash'
[7.203s] INFO:colcon.colcon_core.shell:Creating package script '/home/vy/GalacticRacing/sim_ws/install/pure_pursuit/share/pure_pursuit/package.zsh'
[7.203s] Level 1:colcon.colcon_core.environment:create_file_with_runtime_dependencies(/home/vy/GalacticRacing/sim_ws/install/pure_pursuit/share/colcon-core/packages/pure_pursuit)
[7.205s] DEBUG:colcon.colcon_parallel_executor.executor.parallel:closing loop
[7.205s] DEBUG:colcon.colcon_parallel_executor.executor.parallel:loop closed
[7.205s] DEBUG:colcon.colcon_parallel_executor.executor.parallel:run_until_complete finished with '0'
[7.206s] DEBUG:colcon.colcon_core.event_reactor:joining thread
[7.330s] INFO:colcon.colcon_core.plugin_system:Skipping extension 'colcon_notification.desktop_notification.terminal_notifier': Not used on non-Darwin systems
[7.331s] INFO:colcon.colcon_core.plugin_system:Skipping extension 'colcon_notification.desktop_notification.win32': Not used on non-Windows systems
[7.331s] INFO:colcon.colcon_notification.desktop_notification:Sending desktop notification using 'notify2'
[7.356s] DEBUG:colcon.colcon_core.event_reactor:joined thread
[7.432s] INFO:colcon.colcon_core.shell:Creating prefix script '/home/vy/GalacticRacing/sim_ws/install/local_setup.ps1'
[7.434s] INFO:colcon.colcon_core.shell:Creating prefix util module '/home/vy/GalacticRacing/sim_ws/install/_local_setup_util_ps1.py'
[7.436s] INFO:colcon.colcon_core.shell:Creating prefix chain script '/home/vy/GalacticRacing/sim_ws/install/setup.ps1'
[7.512s] INFO:colcon.colcon_core.shell:Creating prefix script '/home/vy/GalacticRacing/sim_ws/install/local_setup.sh'
[7.513s] INFO:colcon.colcon_core.shell:Creating prefix util module '/home/vy/GalacticRacing/sim_ws/install/_local_setup_util_sh.py'
[7.514s] INFO:colcon.colcon_core.shell:Creating prefix chain script '/home/vy/GalacticRacing/sim_ws/install/setup.sh'
[7.598s] INFO:colcon.colcon_core.shell:Creating prefix script '/home/vy/GalacticRacing/sim_ws/install/local_setup.bash'
[7.598s] INFO:colcon.colcon_core.shell:Creating prefix chain script '/home/vy/GalacticRacing/sim_ws/install/setup.bash'
[7.671s] INFO:colcon.colcon_core.shell:Creating prefix script '/home/vy/GalacticRacing/sim_ws/install/local_setup.zsh'
[7.672s] INFO:colcon.colcon_core.shell:Creating prefix chain script '/home/vy/GalacticRacing/sim_ws/install/setup.zsh'
