[0.312s] Invoking command in '/home/vy/GalacticRacing/sim_ws/src/build/wall_follow': /usr/bin/cmake --build /home/vy/GalacticRacing/sim_ws/src/build/wall_follow -- -j6 -l6
[0.369s] [100%] Built target wall_follow_node
[0.381s] Invoked command in '/home/vy/GalacticRacing/sim_ws/src/build/wall_follow' returned '0': /usr/bin/cmake --build /home/vy/GalacticRacing/sim_ws/src/build/wall_follow -- -j6 -l6
[0.429s] Invoking command in '/home/vy/GalacticRacing/sim_ws/src/build/wall_follow': /usr/bin/cmake --install /home/vy/GalacticRacing/sim_ws/src/build/wall_follow
[0.446s] -- Install configuration: ""
[0.446s] -- Up-to-date: /home/vy/GalacticRacing/sim_ws/src/install/wall_follow/lib/wall_follow/wall_follow_node
[0.446s] -- Up-to-date: /home/vy/GalacticRacing/sim_ws/src/install/wall_follow/share/wall_follow/environment/pythonpath.sh
[0.446s] -- Up-to-date: /home/vy/GalacticRacing/sim_ws/src/install/wall_follow/share/wall_follow/environment/pythonpath.dsv
[0.446s] -- Up-to-date: /home/vy/GalacticRacing/sim_ws/src/install/wall_follow/lib/python3.8/site-packages/wall_follow
[0.446s] -- Up-to-date: /home/vy/GalacticRacing/sim_ws/src/install/wall_follow/lib/python3.8/site-packages/wall_follow/__init__.py
[0.507s] Listing '/home/vy/GalacticRacing/sim_ws/src/install/wall_follow/lib/python3.8/site-packages/wall_follow'...
[0.507s] -- Up-to-date: /home/vy/GalacticRacing/sim_ws/src/install/wall_follow/lib/wall_follow/wall_follow_node.py
[0.507s] -- Up-to-date: /home/vy/GalacticRacing/sim_ws/src/install/wall_follow/share/ament_index/resource_index/package_run_dependencies/wall_follow
[0.508s] -- Up-to-date: /home/vy/GalacticRacing/sim_ws/src/install/wall_follow/share/ament_index/resource_index/parent_prefix_path/wall_follow
[0.508s] -- Up-to-date: /home/vy/GalacticRacing/sim_ws/src/install/wall_follow/share/wall_follow/environment/ament_prefix_path.sh
[0.509s] -- Up-to-date: /home/vy/GalacticRacing/sim_ws/src/install/wall_follow/share/wall_follow/environment/ament_prefix_path.dsv
[0.510s] -- Up-to-date: /home/vy/GalacticRacing/sim_ws/src/install/wall_follow/share/wall_follow/environment/path.sh
[0.510s] -- Up-to-date: /home/vy/GalacticRacing/sim_ws/src/install/wall_follow/share/wall_follow/environment/path.dsv
[0.510s] -- Up-to-date: /home/vy/GalacticRacing/sim_ws/src/install/wall_follow/share/wall_follow/local_setup.bash
[0.511s] -- Up-to-date: /home/vy/GalacticRacing/sim_ws/src/install/wall_follow/share/wall_follow/local_setup.sh
[0.511s] -- Up-to-date: /home/vy/GalacticRacing/sim_ws/src/install/wall_follow/share/wall_follow/local_setup.zsh
[0.511s] -- Up-to-date: /home/vy/GalacticRacing/sim_ws/src/install/wall_follow/share/wall_follow/local_setup.dsv
[0.511s] -- Installing: /home/vy/GalacticRacing/sim_ws/src/install/wall_follow/share/wall_follow/package.dsv
[0.512s] -- Up-to-date: /home/vy/GalacticRacing/sim_ws/src/install/wall_follow/share/ament_index/resource_index/packages/wall_follow
[0.512s] -- Up-to-date: /home/vy/GalacticRacing/sim_ws/src/install/wall_follow/share/wall_follow/cmake/wall_followConfig.cmake
[0.512s] -- Up-to-date: /home/vy/GalacticRacing/sim_ws/src/install/wall_follow/share/wall_follow/cmake/wall_followConfig-version.cmake
[0.513s] -- Up-to-date: /home/vy/GalacticRacing/sim_ws/src/install/wall_follow/share/wall_follow/package.xml
[0.737s] Invoked command in '/home/vy/GalacticRacing/sim_ws/src/build/wall_follow' returned '0': /usr/bin/cmake --install /home/vy/GalacticRacing/sim_ws/src/build/wall_follow
