[0.226s] Invoking command in '/home/vy/GalacticRacing/sim_ws/build/lab5_pkg': CMAKE_PREFIX_PATH=${CMAKE_PREFIX_PATH}:/home/vy/GalacticRacing/sim_ws/install/particle_filter:/home/vy/GalacticRacing/sim_ws/install/f1tenth_gym_ros:/opt/ros/foxy /usr/bin/cmake --build /home/vy/GalacticRacing/sim_ws/build/lab5_pkg -- -j16 -l16
[0.485s] [100%] Built target scanmatch_node
[0.495s] Invoked command in '/home/vy/GalacticRacing/sim_ws/build/lab5_pkg' returned '0': CMAKE_PREFIX_PATH=${CMAKE_PREFIX_PATH}:/home/vy/GalacticRacing/sim_ws/install/particle_filter:/home/vy/GalacticRacing/sim_ws/install/f1tenth_gym_ros:/opt/ros/foxy /usr/bin/cmake --build /home/vy/GalacticRacing/sim_ws/build/lab5_pkg -- -j16 -l16
[0.548s] Invoking command in '/home/vy/GalacticRacing/sim_ws/build/lab5_pkg': CMAKE_PREFIX_PATH=${CMAKE_PREFIX_PATH}:/home/vy/GalacticRacing/sim_ws/install/particle_filter:/home/vy/GalacticRacing/sim_ws/install/f1tenth_gym_ros:/opt/ros/foxy /usr/bin/cmake --install /home/vy/GalacticRacing/sim_ws/build/lab5_pkg
[0.562s] -- Install configuration: ""
[0.562s] -- Up-to-date: /home/vy/GalacticRacing/sim_ws/install/lab5_pkg/lib/lab5_pkg/scanmatch_node
[0.562s] -- Up-to-date: /home/vy/GalacticRacing/sim_ws/install/lab5_pkg/share/lab5_pkg/environment/pythonpath.sh
[0.562s] -- Up-to-date: /home/vy/GalacticRacing/sim_ws/install/lab5_pkg/share/lab5_pkg/environment/pythonpath.dsv
[0.562s] -- Up-to-date: /home/vy/GalacticRacing/sim_ws/install/lab5_pkg/lib/python3.8/site-packages/lab5_pkg
[0.563s] -- Up-to-date: /home/vy/GalacticRacing/sim_ws/install/lab5_pkg/lib/python3.8/site-packages/lab5_pkg/__init__.py
[0.595s] Listing '/home/vy/GalacticRacing/sim_ws/install/lab5_pkg/lib/python3.8/site-packages/lab5_pkg'...
[0.604s] -- Up-to-date: /home/vy/GalacticRacing/sim_ws/install/lab5_pkg/share/ament_index/resource_index/package_run_dependencies/lab5_pkg
[0.605s] -- Up-to-date: /home/vy/GalacticRacing/sim_ws/install/lab5_pkg/share/ament_index/resource_index/parent_prefix_path/lab5_pkg
[0.605s] -- Up-to-date: /home/vy/GalacticRacing/sim_ws/install/lab5_pkg/share/lab5_pkg/environment/ament_prefix_path.sh
[0.605s] -- Up-to-date: /home/vy/GalacticRacing/sim_ws/install/lab5_pkg/share/lab5_pkg/environment/ament_prefix_path.dsv
[0.605s] -- Up-to-date: /home/vy/GalacticRacing/sim_ws/install/lab5_pkg/share/lab5_pkg/environment/path.sh
[0.605s] -- Up-to-date: /home/vy/GalacticRacing/sim_ws/install/lab5_pkg/share/lab5_pkg/environment/path.dsv
[0.605s] -- Up-to-date: /home/vy/GalacticRacing/sim_ws/install/lab5_pkg/share/lab5_pkg/local_setup.bash
[0.605s] -- Up-to-date: /home/vy/GalacticRacing/sim_ws/install/lab5_pkg/share/lab5_pkg/local_setup.sh
[0.606s] -- Up-to-date: /home/vy/GalacticRacing/sim_ws/install/lab5_pkg/share/lab5_pkg/local_setup.zsh
[0.606s] -- Up-to-date: /home/vy/GalacticRacing/sim_ws/install/lab5_pkg/share/lab5_pkg/local_setup.dsv
[0.606s] -- Installing: /home/vy/GalacticRacing/sim_ws/install/lab5_pkg/share/lab5_pkg/package.dsv
[0.606s] -- Up-to-date: /home/vy/GalacticRacing/sim_ws/install/lab5_pkg/share/ament_index/resource_index/packages/lab5_pkg
[0.606s] -- Up-to-date: /home/vy/GalacticRacing/sim_ws/install/lab5_pkg/share/lab5_pkg/cmake/lab5_pkgConfig.cmake
[0.607s] -- Up-to-date: /home/vy/GalacticRacing/sim_ws/install/lab5_pkg/share/lab5_pkg/cmake/lab5_pkgConfig-version.cmake
[0.607s] -- Up-to-date: /home/vy/GalacticRacing/sim_ws/install/lab5_pkg/share/lab5_pkg/package.xml
[0.639s] Invoked command in '/home/vy/GalacticRacing/sim_ws/build/lab5_pkg' returned '0': CMAKE_PREFIX_PATH=${CMAKE_PREFIX_PATH}:/home/vy/GalacticRacing/sim_ws/install/particle_filter:/home/vy/GalacticRacing/sim_ws/install/f1tenth_gym_ros:/opt/ros/foxy /usr/bin/cmake --install /home/vy/GalacticRacing/sim_ws/build/lab5_pkg
