[0.426s] Invoking command in '/home/vy/GalacticRacing/sim_ws/build/pure_pursuit': CMAKE_PREFIX_PATH=${CMAKE_PREFIX_PATH}:/home/vy/GalacticRacing/sim_ws/install/particle_filter:/home/vy/GalacticRacing/sim_ws/install/f1tenth_gym_ros:/opt/ros/foxy /usr/bin/cmake --build /home/vy/GalacticRacing/sim_ws/build/pure_pursuit -- -j16 -l16
[0.485s] [100%] Built target pure_pursuit_node
[0.499s] Invoked command in '/home/vy/GalacticRacing/sim_ws/build/pure_pursuit' returned '0': CMAKE_PREFIX_PATH=${CMAKE_PREFIX_PATH}:/home/vy/GalacticRacing/sim_ws/install/particle_filter:/home/vy/GalacticRacing/sim_ws/install/f1tenth_gym_ros:/opt/ros/foxy /usr/bin/cmake --build /home/vy/GalacticRacing/sim_ws/build/pure_pursuit -- -j16 -l16
[0.546s] Invoking command in '/home/vy/GalacticRacing/sim_ws/build/pure_pursuit': CMAKE_PREFIX_PATH=${CMAKE_PREFIX_PATH}:/home/vy/GalacticRacing/sim_ws/install/particle_filter:/home/vy/GalacticRacing/sim_ws/install/f1tenth_gym_ros:/opt/ros/foxy /usr/bin/cmake --install /home/vy/GalacticRacing/sim_ws/build/pure_pursuit
[0.562s] -- Install configuration: ""
[0.562s] -- Up-to-date: /home/vy/GalacticRacing/sim_ws/install/pure_pursuit/lib/pure_pursuit/pure_pursuit_node
[0.563s] -- Up-to-date: /home/vy/GalacticRacing/sim_ws/install/pure_pursuit/share/pure_pursuit/environment/pythonpath.sh
[0.563s] -- Up-to-date: /home/vy/GalacticRacing/sim_ws/install/pure_pursuit/share/pure_pursuit/environment/pythonpath.dsv
[0.563s] -- Up-to-date: /home/vy/GalacticRacing/sim_ws/install/pure_pursuit/lib/python3.8/site-packages/pure_pursuit
[0.563s] -- Up-to-date: /home/vy/GalacticRacing/sim_ws/install/pure_pursuit/lib/python3.8/site-packages/pure_pursuit/__init__.py
[0.586s] Listing '/home/vy/GalacticRacing/sim_ws/install/pure_pursuit/lib/python3.8/site-packages/pure_pursuit'...
[0.588s] -- Up-to-date: /home/vy/GalacticRacing/sim_ws/install/pure_pursuit/lib/pure_pursuit/pure_pursuit_node.py
[0.588s] -- Up-to-date: /home/vy/GalacticRacing/sim_ws/install/pure_pursuit/lib/pure_pursuit/interactive_node.py
[0.588s] -- Up-to-date: /home/vy/GalacticRacing/sim_ws/install/pure_pursuit/share/ament_index/resource_index/package_run_dependencies/pure_pursuit
[0.589s] -- Up-to-date: /home/vy/GalacticRacing/sim_ws/install/pure_pursuit/share/ament_index/resource_index/parent_prefix_path/pure_pursuit
[0.589s] -- Up-to-date: /home/vy/GalacticRacing/sim_ws/install/pure_pursuit/share/pure_pursuit/environment/ament_prefix_path.sh
[0.589s] -- Up-to-date: /home/vy/GalacticRacing/sim_ws/install/pure_pursuit/share/pure_pursuit/environment/ament_prefix_path.dsv
[0.589s] -- Up-to-date: /home/vy/GalacticRacing/sim_ws/install/pure_pursuit/share/pure_pursuit/environment/path.sh
[0.589s] -- Up-to-date: /home/vy/GalacticRacing/sim_ws/install/pure_pursuit/share/pure_pursuit/environment/path.dsv
[0.589s] -- Up-to-date: /home/vy/GalacticRacing/sim_ws/install/pure_pursuit/share/pure_pursuit/local_setup.bash
[0.589s] -- Up-to-date: /home/vy/GalacticRacing/sim_ws/install/pure_pursuit/share/pure_pursuit/local_setup.sh
[0.589s] -- Up-to-date: /home/vy/GalacticRacing/sim_ws/install/pure_pursuit/share/pure_pursuit/local_setup.zsh
[0.589s] -- Up-to-date: /home/vy/GalacticRacing/sim_ws/install/pure_pursuit/share/pure_pursuit/local_setup.dsv
[0.589s] -- Installing: /home/vy/GalacticRacing/sim_ws/install/pure_pursuit/share/pure_pursuit/package.dsv
[0.589s] -- Up-to-date: /home/vy/GalacticRacing/sim_ws/install/pure_pursuit/share/ament_index/resource_index/packages/pure_pursuit
[0.590s] -- Up-to-date: /home/vy/GalacticRacing/sim_ws/install/pure_pursuit/share/pure_pursuit/cmake/pure_pursuitConfig.cmake
[0.590s] -- Up-to-date: /home/vy/GalacticRacing/sim_ws/install/pure_pursuit/share/pure_pursuit/cmake/pure_pursuitConfig-version.cmake
[0.590s] -- Up-to-date: /home/vy/GalacticRacing/sim_ws/install/pure_pursuit/share/pure_pursuit/package.xml
[0.622s] Invoked command in '/home/vy/GalacticRacing/sim_ws/build/pure_pursuit' returned '0': CMAKE_PREFIX_PATH=${CMAKE_PREFIX_PATH}:/home/vy/GalacticRacing/sim_ws/install/particle_filter:/home/vy/GalacticRacing/sim_ws/install/f1tenth_gym_ros:/opt/ros/foxy /usr/bin/cmake --install /home/vy/GalacticRacing/sim_ws/build/pure_pursuit
