[0.942s] Invoking command in '/home/vy/GalacticRacing/sim_ws/src/build/safety_node': CMAKE_PREFIX_PATH=/opt/ros/foxy /usr/bin/cmake /home/vy/GalacticRacing/sim_ws/src/safety_node -DCMAKE_INSTALL_PREFIX=/home/vy/GalacticRacing/sim_ws/src/install/safety_node
[0.968s] -- Found ament_cmake: 0.9.12 (/opt/ros/foxy/share/ament_cmake/cmake)
[0.985s] -- Using PYTHON_EXECUTABLE: /usr/bin/python3
[1.197s] -- Found rclcpp: 2.4.3 (/opt/ros/foxy/share/rclcpp/cmake)
[1.227s] -- Using all available rosidl_typesupport_c: rosidl_typesupport_fastrtps_c;rosidl_typesupport_introspection_c
[1.229s] -- Found rosidl_adapter: 1.3.1 (/opt/ros/foxy/share/rosidl_adapter/cmake)
[1.357s] -- Using all available rosidl_typesupport_cpp: rosidl_typesupport_fastrtps_cpp;rosidl_typesupport_introspection_cpp
[1.408s] -- Found rmw_implementation_cmake: 1.0.4 (/opt/ros/foxy/share/rmw_implementation_cmake/cmake)
[1.409s] -- Using RMW implementation 'rmw_fastrtps_cpp' as default
[1.551s] -- Found rclpy: 1.0.13 (/opt/ros/foxy/share/rclpy/cmake)
[1.551s] -- Found nav_msgs: 2.0.5 (/opt/ros/foxy/share/nav_msgs/cmake)
[1.696s] -- Configuring incomplete, errors occurred!
[1.699s] See also "/home/vy/GalacticRacing/sim_ws/src/build/safety_node/CMakeFiles/CMakeOutput.log".
[1.699s] See also "/home/vy/GalacticRacing/sim_ws/src/build/safety_node/CMakeFiles/CMakeError.log".
[1.700s] CMake Error at CMakeLists.txt:24 (find_package):
[1.700s]   By not providing "Findackermann_msgs.cmake" in CMAKE_MODULE_PATH this
[1.700s]   project has asked CMake to find a package configuration file provided by
[1.701s]   "ackermann_msgs", but CMake did not find one.
[1.701s] 
[1.701s]   Could not find a package configuration file provided by "ackermann_msgs"
[1.701s]   with any of the following names:
[1.701s] 
[1.702s]     ackermann_msgsConfig.cmake
[1.703s]     ackermann_msgs-config.cmake
[1.705s] 
[1.723s]   Add the installation prefix of "ackermann_msgs" to CMAKE_PREFIX_PATH or set
[1.724s]   "ackermann_msgs_DIR" to a directory containing one of the above files.  If
[1.724s]   "ackermann_msgs" provides a separate development package or SDK, be sure it
[1.738s]   has been installed.
[1.738s] 
[1.739s] 
