[0.422s] Invoking command in '/home/vy/GalacticRacing/sim_ws/src/build/lab5_pkg': /usr/bin/cmake /home/vy/GalacticRacing/sim_ws/src/lab5_pkg -DCMAKE_INSTALL_PREFIX=/home/vy/GalacticRacing/sim_ws/src/install/lab5_pkg
[0.902s] -- The C compiler identification is GNU 9.4.0
[1.224s] -- The CXX compiler identification is GNU 9.4.0
[1.246s] -- Check for working C compiler: /usr/bin/cc
[1.376s] -- Check for working C compiler: /usr/bin/cc -- works
[1.376s] -- Detecting C compiler ABI info
[1.478s] -- Detecting C compiler ABI info - done
[1.497s] -- Detecting C compile features
[1.497s] -- Detecting C compile features - done
[1.502s] -- Check for working CXX compiler: /usr/bin/c++
[1.618s] -- Check for working CXX compiler: /usr/bin/c++ -- works
[1.618s] -- Detecting CXX compiler ABI info
[1.756s] -- Detecting CXX compiler ABI info - done
[1.757s] -- Detecting CXX compile features
[1.758s] -- Detecting CXX compile features - done
[1.781s] CMake Error at CMakeLists.txt:28 (find_package):
[1.783s]   By not providing "Findament_cmake.cmake" in CMAKE_MODULE_PATH this project
[1.783s]   has asked CMake to find a package configuration file provided by
[1.783s]   "ament_cmake", but CMake did not find one.
[1.790s] 
[1.790s]   Could not find a package configuration file provided by "ament_cmake" with
[1.790s]   any of the following names:
[1.790s] 
[1.790s]     ament_cmakeConfig.cmake
[1.790s]     ament_cmake-config.cmake
[1.790s] 
[1.790s]   Add the installation prefix of "ament_cmake" to CMAKE_PREFIX_PATH or set
[1.790s]   "ament_cmake_DIR" to a directory containing one of the above files.  If
[1.790s]   "ament_cmake" provides a separate development package or SDK, be sure it
[1.790s]   has been installed.
[1.790s] 
[1.791s] 
[1.796s] -- Configuring incomplete, errors occurred!
[1.796s] See also "/home/vy/GalacticRacing/sim_ws/src/build/lab5_pkg/CMakeFiles/CMakeOutput.log".
