[1.943s] DEBUG:colcon:Command line arguments: ['/usr/bin/colcon', 'build']
[1.943s] DEBUG:colcon:Parsed command line arguments: Namespace(allow_overriding=[], ament_cmake_args=None, base_paths=['.'], build_base='build', catkin_cmake_args=None, catkin_skip_building_tests=False, cmake_args=None, cmake_clean_cache=False, cmake_clean_first=False, cmake_force_configure=False, cmake_target=None, cmake_target_skip_unavailable=False, continue_on_error=False, event_handlers=None, executor='parallel', ignore_user_meta=False, install_base='install', log_base=None, log_level=None, main=<bound method BuildVerb.main of <colcon_core.verb.build.BuildVerb object at 0x7fb0dff8a550>>, merge_install=False, metas=['./colcon.meta'], packages_above=None, packages_above_and_dependencies=None, packages_above_depth=None, packages_end=None, packages_ignore=None, packages_ignore_regex=None, packages_select=None, packages_select_build_failed=False, packages_select_by_dep=None, packages_select_regex=None, packages_select_test_failures=False, packages_skip=None, packages_skip_build_finished=False, packages_skip_by_dep=None, packages_skip_regex=None, packages_skip_test_passed=False, packages_skip_up_to=None, packages_start=None, packages_up_to=None, packages_up_to_regex=None, parallel_workers=6, paths=None, symlink_install=False, test_result_base=None, verb_extension=<colcon_core.verb.build.BuildVerb object at 0x7fb0dff8a550>, verb_name='build', verb_parser=<colcon_defaults.argument_parser.defaults.DefaultArgumentsDecorator object at 0x7fb0dff93a60>)
[2.033s] Level 1:colcon.colcon_core.package_discovery:discover_packages(colcon_meta) check parameters
[2.033s] Level 1:colcon.colcon_core.package_discovery:discover_packages(recursive) check parameters
[2.033s] Level 1:colcon.colcon_core.package_discovery:discover_packages(ignore) check parameters
[2.033s] Level 1:colcon.colcon_core.package_discovery:discover_packages(path) check parameters
[2.033s] Level 1:colcon.colcon_core.package_discovery:discover_packages(colcon_meta) discover
[2.033s] Level 1:colcon.colcon_core.package_discovery:discover_packages(recursive) discover
[2.033s] INFO:colcon.colcon_core.package_discovery:Crawling recursively for packages in '/home/vy/GalacticRacing/sim_ws'
[2.033s] Level 1:colcon.colcon_core.package_identification:_identify(.) by extensions ['ignore', 'ignore_ament_install']
[2.033s] Level 1:colcon.colcon_core.package_identification:_identify(.) by extension 'ignore'
[2.034s] Level 1:colcon.colcon_core.package_identification:_identify(.) by extension 'ignore_ament_install'
[2.034s] Level 1:colcon.colcon_core.package_identification:_identify(.) by extensions ['colcon_pkg']
[2.034s] Level 1:colcon.colcon_core.package_identification:_identify(.) by extension 'colcon_pkg'
[2.034s] Level 1:colcon.colcon_core.package_identification:_identify(.) by extensions ['colcon_meta']
[2.034s] Level 1:colcon.colcon_core.package_identification:_identify(.) by extension 'colcon_meta'
[2.034s] Level 1:colcon.colcon_core.package_identification:_identify(.) by extensions ['ros']
[2.034s] Level 1:colcon.colcon_core.package_identification:_identify(.) by extension 'ros'
[2.044s] Level 1:colcon.colcon_core.package_identification:_identify(.) by extensions ['cmake', 'python']
[2.044s] Level 1:colcon.colcon_core.package_identification:_identify(.) by extension 'cmake'
[2.044s] Level 1:colcon.colcon_core.package_identification:_identify(.) by extension 'python'
[2.044s] Level 1:colcon.colcon_core.package_identification:_identify(.) by extensions ['python_setup_py']
[2.044s] Level 1:colcon.colcon_core.package_identification:_identify(.) by extension 'python_setup_py'
[2.044s] Level 1:colcon.colcon_core.package_identification:_identify(build) by extensions ['ignore', 'ignore_ament_install']
[2.044s] Level 1:colcon.colcon_core.package_identification:_identify(build) by extension 'ignore'
[2.044s] Level 1:colcon.colcon_core.package_identification:_identify(build) ignored
[2.045s] Level 1:colcon.colcon_core.package_identification:_identify(install) by extensions ['ignore', 'ignore_ament_install']
[2.045s] Level 1:colcon.colcon_core.package_identification:_identify(install) by extension 'ignore'
[2.045s] Level 1:colcon.colcon_core.package_identification:_identify(install) ignored
[2.045s] Level 1:colcon.colcon_core.package_identification:_identify(lab5_pkg) by extensions ['ignore', 'ignore_ament_install']
[2.046s] Level 1:colcon.colcon_core.package_identification:_identify(lab5_pkg) by extension 'ignore'
[2.046s] Level 1:colcon.colcon_core.package_identification:_identify(lab5_pkg) by extension 'ignore_ament_install'
[2.046s] Level 1:colcon.colcon_core.package_identification:_identify(lab5_pkg) by extensions ['colcon_pkg']
[2.046s] Level 1:colcon.colcon_core.package_identification:_identify(lab5_pkg) by extension 'colcon_pkg'
[2.046s] Level 1:colcon.colcon_core.package_identification:_identify(lab5_pkg) by extensions ['colcon_meta']
[2.046s] Level 1:colcon.colcon_core.package_identification:_identify(lab5_pkg) by extension 'colcon_meta'
[2.046s] Level 1:colcon.colcon_core.package_identification:_identify(lab5_pkg) by extensions ['ros']
[2.046s] Level 1:colcon.colcon_core.package_identification:_identify(lab5_pkg) by extension 'ros'
[2.048s] DEBUG:colcon.colcon_core.package_identification:Package 'lab5_pkg' with type 'ros.ament_cmake' and name 'lab5_pkg'
[2.049s] Level 1:colcon.colcon_core.package_identification:_identify(log) by extensions ['ignore', 'ignore_ament_install']
[2.049s] Level 1:colcon.colcon_core.package_identification:_identify(log) by extension 'ignore'
[2.049s] Level 1:colcon.colcon_core.package_identification:_identify(log) ignored
[2.049s] Level 1:colcon.colcon_core.package_identification:_identify(range_libc) by extensions ['ignore', 'ignore_ament_install']
[2.049s] Level 1:colcon.colcon_core.package_identification:_identify(range_libc) by extension 'ignore'
[2.049s] Level 1:colcon.colcon_core.package_identification:_identify(range_libc) by extension 'ignore_ament_install'
[2.049s] Level 1:colcon.colcon_core.package_identification:_identify(range_libc) by extensions ['colcon_pkg']
[2.049s] Level 1:colcon.colcon_core.package_identification:_identify(range_libc) by extension 'colcon_pkg'
[2.049s] Level 1:colcon.colcon_core.package_identification:_identify(range_libc) by extensions ['colcon_meta']
[2.049s] Level 1:colcon.colcon_core.package_identification:_identify(range_libc) by extension 'colcon_meta'
[2.049s] Level 1:colcon.colcon_core.package_identification:_identify(range_libc) by extensions ['ros']
[2.049s] Level 1:colcon.colcon_core.package_identification:_identify(range_libc) by extension 'ros'
[2.049s] Level 1:colcon.colcon_core.package_identification:_identify(range_libc) by extensions ['cmake', 'python']
[2.049s] Level 1:colcon.colcon_core.package_identification:_identify(range_libc) by extension 'cmake'
[2.057s] Level 1:colcon.colcon_core.package_identification:_identify(range_libc) by extension 'python'
[2.057s] DEBUG:colcon.colcon_core.package_identification:Package 'range_libc' with type 'cmake' and name 'range_lib'
[2.058s] Level 1:colcon.colcon_core.package_identification:_identify(src) by extensions ['ignore', 'ignore_ament_install']
[2.058s] Level 1:colcon.colcon_core.package_identification:_identify(src) by extension 'ignore'
[2.058s] Level 1:colcon.colcon_core.package_identification:_identify(src) by extension 'ignore_ament_install'
[2.058s] Level 1:colcon.colcon_core.package_identification:_identify(src) by extensions ['colcon_pkg']
[2.058s] Level 1:colcon.colcon_core.package_identification:_identify(src) by extension 'colcon_pkg'
[2.058s] Level 1:colcon.colcon_core.package_identification:_identify(src) by extensions ['colcon_meta']
[2.058s] Level 1:colcon.colcon_core.package_identification:_identify(src) by extension 'colcon_meta'
[2.058s] Level 1:colcon.colcon_core.package_identification:_identify(src) by extensions ['ros']
[2.058s] Level 1:colcon.colcon_core.package_identification:_identify(src) by extension 'ros'
[2.058s] Level 1:colcon.colcon_core.package_identification:_identify(src) by extensions ['cmake', 'python']
[2.058s] Level 1:colcon.colcon_core.package_identification:_identify(src) by extension 'cmake'
[2.058s] Level 1:colcon.colcon_core.package_identification:_identify(src) by extension 'python'
[2.058s] Level 1:colcon.colcon_core.package_identification:_identify(src) by extensions ['python_setup_py']
[2.058s] Level 1:colcon.colcon_core.package_identification:_identify(src) by extension 'python_setup_py'
[2.058s] Level 1:colcon.colcon_core.package_identification:_identify(src/f1tenth_gym_ros) by extensions ['ignore', 'ignore_ament_install']
[2.059s] Level 1:colcon.colcon_core.package_identification:_identify(src/f1tenth_gym_ros) by extension 'ignore'
[2.059s] Level 1:colcon.colcon_core.package_identification:_identify(src/f1tenth_gym_ros) by extension 'ignore_ament_install'
[2.059s] Level 1:colcon.colcon_core.package_identification:_identify(src/f1tenth_gym_ros) by extensions ['colcon_pkg']
[2.059s] Level 1:colcon.colcon_core.package_identification:_identify(src/f1tenth_gym_ros) by extension 'colcon_pkg'
[2.059s] Level 1:colcon.colcon_core.package_identification:_identify(src/f1tenth_gym_ros) by extensions ['colcon_meta']
[2.059s] Level 1:colcon.colcon_core.package_identification:_identify(src/f1tenth_gym_ros) by extension 'colcon_meta'
[2.059s] Level 1:colcon.colcon_core.package_identification:_identify(src/f1tenth_gym_ros) by extensions ['ros']
[2.059s] Level 1:colcon.colcon_core.package_identification:_identify(src/f1tenth_gym_ros) by extension 'ros'
[2.059s] DEBUG:colcon.colcon_core.package_identification:Package 'src/f1tenth_gym_ros' with type 'ros.ament_python' and name 'f1tenth_gym_ros'
[2.059s] Level 1:colcon.colcon_core.package_identification:_identify(src/gap_follow) by extensions ['ignore', 'ignore_ament_install']
[2.060s] Level 1:colcon.colcon_core.package_identification:_identify(src/gap_follow) by extension 'ignore'
[2.060s] Level 1:colcon.colcon_core.package_identification:_identify(src/gap_follow) by extension 'ignore_ament_install'
[2.060s] Level 1:colcon.colcon_core.package_identification:_identify(src/gap_follow) by extensions ['colcon_pkg']
[2.060s] Level 1:colcon.colcon_core.package_identification:_identify(src/gap_follow) by extension 'colcon_pkg'
[2.060s] Level 1:colcon.colcon_core.package_identification:_identify(src/gap_follow) by extensions ['colcon_meta']
[2.060s] Level 1:colcon.colcon_core.package_identification:_identify(src/gap_follow) by extension 'colcon_meta'
[2.060s] Level 1:colcon.colcon_core.package_identification:_identify(src/gap_follow) by extensions ['ros']
[2.060s] Level 1:colcon.colcon_core.package_identification:_identify(src/gap_follow) by extension 'ros'
[2.060s] DEBUG:colcon.colcon_core.package_identification:Package 'src/gap_follow' with type 'ros.ament_cmake' and name 'gap_follow'
[2.061s] Level 1:colcon.colcon_core.package_identification:_identify(src/particle_filter) by extensions ['ignore', 'ignore_ament_install']
[2.061s] Level 1:colcon.colcon_core.package_identification:_identify(src/particle_filter) by extension 'ignore'
[2.061s] Level 1:colcon.colcon_core.package_identification:_identify(src/particle_filter) by extension 'ignore_ament_install'
[2.061s] Level 1:colcon.colcon_core.package_identification:_identify(src/particle_filter) by extensions ['colcon_pkg']
[2.061s] Level 1:colcon.colcon_core.package_identification:_identify(src/particle_filter) by extension 'colcon_pkg'
[2.061s] Level 1:colcon.colcon_core.package_identification:_identify(src/particle_filter) by extensions ['colcon_meta']
[2.061s] Level 1:colcon.colcon_core.package_identification:_identify(src/particle_filter) by extension 'colcon_meta'
[2.061s] Level 1:colcon.colcon_core.package_identification:_identify(src/particle_filter) by extensions ['ros']
[2.061s] Level 1:colcon.colcon_core.package_identification:_identify(src/particle_filter) by extension 'ros'
[2.062s] DEBUG:colcon.colcon_core.package_identification:Package 'src/particle_filter' with type 'ros.ament_python' and name 'particle_filter'
[2.062s] Level 1:colcon.colcon_core.package_identification:_identify(src/pure_pursuit) by extensions ['ignore', 'ignore_ament_install']
[2.063s] Level 1:colcon.colcon_core.package_identification:_identify(src/pure_pursuit) by extension 'ignore'
[2.063s] Level 1:colcon.colcon_core.package_identification:_identify(src/pure_pursuit) by extension 'ignore_ament_install'
[2.063s] Level 1:colcon.colcon_core.package_identification:_identify(src/pure_pursuit) by extensions ['colcon_pkg']
[2.063s] Level 1:colcon.colcon_core.package_identification:_identify(src/pure_pursuit) by extension 'colcon_pkg'
[2.063s] Level 1:colcon.colcon_core.package_identification:_identify(src/pure_pursuit) by extensions ['colcon_meta']
[2.063s] Level 1:colcon.colcon_core.package_identification:_identify(src/pure_pursuit) by extension 'colcon_meta'
[2.063s] Level 1:colcon.colcon_core.package_identification:_identify(src/pure_pursuit) by extensions ['ros']
[2.063s] Level 1:colcon.colcon_core.package_identification:_identify(src/pure_pursuit) by extension 'ros'
[2.064s] DEBUG:colcon.colcon_core.package_identification:Package 'src/pure_pursuit' with type 'ros.ament_cmake' and name 'pure_pursuit'
[2.064s] Level 1:colcon.colcon_core.package_identification:_identify(src/safety_node) by extensions ['ignore', 'ignore_ament_install']
[2.064s] Level 1:colcon.colcon_core.package_identification:_identify(src/safety_node) by extension 'ignore'
[2.064s] Level 1:colcon.colcon_core.package_identification:_identify(src/safety_node) by extension 'ignore_ament_install'
[2.064s] Level 1:colcon.colcon_core.package_identification:_identify(src/safety_node) by extensions ['colcon_pkg']
[2.064s] Level 1:colcon.colcon_core.package_identification:_identify(src/safety_node) by extension 'colcon_pkg'
[2.064s] Level 1:colcon.colcon_core.package_identification:_identify(src/safety_node) by extensions ['colcon_meta']
[2.064s] Level 1:colcon.colcon_core.package_identification:_identify(src/safety_node) by extension 'colcon_meta'
[2.064s] Level 1:colcon.colcon_core.package_identification:_identify(src/safety_node) by extensions ['ros']
[2.064s] Level 1:colcon.colcon_core.package_identification:_identify(src/safety_node) by extension 'ros'
[2.065s] DEBUG:colcon.colcon_core.package_identification:Package 'src/safety_node' with type 'ros.ament_cmake' and name 'safety_node'
[2.065s] Level 1:colcon.colcon_core.package_identification:_identify(src/wall_follow) by extensions ['ignore', 'ignore_ament_install']
[2.065s] Level 1:colcon.colcon_core.package_identification:_identify(src/wall_follow) by extension 'ignore'
[2.065s] Level 1:colcon.colcon_core.package_identification:_identify(src/wall_follow) by extension 'ignore_ament_install'
[2.065s] Level 1:colcon.colcon_core.package_identification:_identify(src/wall_follow) by extensions ['colcon_pkg']
[2.065s] Level 1:colcon.colcon_core.package_identification:_identify(src/wall_follow) by extension 'colcon_pkg'
[2.065s] Level 1:colcon.colcon_core.package_identification:_identify(src/wall_follow) by extensions ['colcon_meta']
[2.065s] Level 1:colcon.colcon_core.package_identification:_identify(src/wall_follow) by extension 'colcon_meta'
[2.065s] Level 1:colcon.colcon_core.package_identification:_identify(src/wall_follow) by extensions ['ros']
[2.065s] Level 1:colcon.colcon_core.package_identification:_identify(src/wall_follow) by extension 'ros'
[2.066s] DEBUG:colcon.colcon_core.package_identification:Package 'src/wall_follow' with type 'ros.ament_cmake' and name 'wall_follow'
[2.067s] Level 1:colcon.colcon_core.package_identification:_identify(src/waypoint_logger) by extensions ['ignore', 'ignore_ament_install']
[2.067s] Level 1:colcon.colcon_core.package_identification:_identify(src/waypoint_logger) by extension 'ignore'
[2.067s] Level 1:colcon.colcon_core.package_identification:_identify(src/waypoint_logger) by extension 'ignore_ament_install'
[2.067s] Level 1:colcon.colcon_core.package_identification:_identify(src/waypoint_logger) by extensions ['colcon_pkg']
[2.067s] Level 1:colcon.colcon_core.package_identification:_identify(src/waypoint_logger) by extension 'colcon_pkg'
[2.067s] Level 1:colcon.colcon_core.package_identification:_identify(src/waypoint_logger) by extensions ['colcon_meta']
[2.067s] Level 1:colcon.colcon_core.package_identification:_identify(src/waypoint_logger) by extension 'colcon_meta'
[2.067s] Level 1:colcon.colcon_core.package_identification:_identify(src/waypoint_logger) by extensions ['ros']
[2.067s] Level 1:colcon.colcon_core.package_identification:_identify(src/waypoint_logger) by extension 'ros'
[2.068s] DEBUG:colcon.colcon_core.package_identification:Package 'src/waypoint_logger' with type 'ros.ament_cmake' and name 'waypoint_logger'
[2.068s] Level 1:colcon.colcon_core.package_discovery:discover_packages(recursive) using defaults
[2.068s] Level 1:colcon.colcon_core.package_discovery:discover_packages(ignore) discover
[2.068s] Level 1:colcon.colcon_core.package_discovery:discover_packages(ignore) using defaults
[2.068s] Level 1:colcon.colcon_core.package_discovery:discover_packages(path) discover
[2.068s] Level 1:colcon.colcon_core.package_discovery:discover_packages(path) using defaults
[2.249s] Level 1:colcon.colcon_core.package_discovery:discover_packages(prefix_path) check parameters
[2.249s] Level 1:colcon.colcon_core.package_discovery:discover_packages(prefix_path) discover
[2.316s] DEBUG:colcon.colcon_installed_package_information.package_discovery:Found 8 installed packages in /home/vy/GalacticRacing/sim_ws/install
[2.350s] DEBUG:colcon.colcon_installed_package_information.package_discovery:Found 266 installed packages in /opt/ros/foxy
[2.351s] Level 1:colcon.colcon_core.package_discovery:discover_packages(prefix_path) using defaults
[2.493s] Level 5:colcon.colcon_core.verb:set package 'f1tenth_gym_ros' build argument 'cmake_args' from command line to 'None'
[2.493s] Level 5:colcon.colcon_core.verb:set package 'f1tenth_gym_ros' build argument 'cmake_target' from command line to 'None'
[2.493s] Level 5:colcon.colcon_core.verb:set package 'f1tenth_gym_ros' build argument 'cmake_target_skip_unavailable' from command line to 'False'
[2.493s] Level 5:colcon.colcon_core.verb:set package 'f1tenth_gym_ros' build argument 'cmake_clean_cache' from command line to 'False'
[2.493s] Level 5:colcon.colcon_core.verb:set package 'f1tenth_gym_ros' build argument 'cmake_clean_first' from command line to 'False'
[2.493s] Level 5:colcon.colcon_core.verb:set package 'f1tenth_gym_ros' build argument 'cmake_force_configure' from command line to 'False'
[2.493s] Level 5:colcon.colcon_core.verb:set package 'f1tenth_gym_ros' build argument 'ament_cmake_args' from command line to 'None'
[2.493s] Level 5:colcon.colcon_core.verb:set package 'f1tenth_gym_ros' build argument 'catkin_cmake_args' from command line to 'None'
[2.493s] Level 5:colcon.colcon_core.verb:set package 'f1tenth_gym_ros' build argument 'catkin_skip_building_tests' from command line to 'False'
[2.493s] DEBUG:colcon.colcon_core.verb:Building package 'f1tenth_gym_ros' with the following arguments: {'ament_cmake_args': None, 'build_base': '/home/vy/GalacticRacing/sim_ws/build/f1tenth_gym_ros', 'catkin_cmake_args': None, 'catkin_skip_building_tests': False, 'cmake_args': None, 'cmake_clean_cache': False, 'cmake_clean_first': False, 'cmake_force_configure': False, 'cmake_target': None, 'cmake_target_skip_unavailable': False, 'install_base': '/home/vy/GalacticRacing/sim_ws/install/f1tenth_gym_ros', 'merge_install': False, 'path': '/home/vy/GalacticRacing/sim_ws/src/f1tenth_gym_ros', 'symlink_install': False, 'test_result_base': None}
[2.524s] Level 5:colcon.colcon_core.verb:set package 'gap_follow' build argument 'cmake_args' from command line to 'None'
[2.524s] Level 5:colcon.colcon_core.verb:set package 'gap_follow' build argument 'cmake_target' from command line to 'None'
[2.524s] Level 5:colcon.colcon_core.verb:set package 'gap_follow' build argument 'cmake_target_skip_unavailable' from command line to 'False'
[2.524s] Level 5:colcon.colcon_core.verb:set package 'gap_follow' build argument 'cmake_clean_cache' from command line to 'False'
[2.524s] Level 5:colcon.colcon_core.verb:set package 'gap_follow' build argument 'cmake_clean_first' from command line to 'False'
[2.524s] Level 5:colcon.colcon_core.verb:set package 'gap_follow' build argument 'cmake_force_configure' from command line to 'False'
[2.524s] Level 5:colcon.colcon_core.verb:set package 'gap_follow' build argument 'ament_cmake_args' from command line to 'None'
[2.524s] Level 5:colcon.colcon_core.verb:set package 'gap_follow' build argument 'catkin_cmake_args' from command line to 'None'
[2.524s] Level 5:colcon.colcon_core.verb:set package 'gap_follow' build argument 'catkin_skip_building_tests' from command line to 'False'
[2.524s] DEBUG:colcon.colcon_core.verb:Building package 'gap_follow' with the following arguments: {'ament_cmake_args': None, 'build_base': '/home/vy/GalacticRacing/sim_ws/build/gap_follow', 'catkin_cmake_args': None, 'catkin_skip_building_tests': False, 'cmake_args': None, 'cmake_clean_cache': False, 'cmake_clean_first': False, 'cmake_force_configure': False, 'cmake_target': None, 'cmake_target_skip_unavailable': False, 'install_base': '/home/vy/GalacticRacing/sim_ws/install/gap_follow', 'merge_install': False, 'path': '/home/vy/GalacticRacing/sim_ws/src/gap_follow', 'symlink_install': False, 'test_result_base': None}
[2.564s] Level 5:colcon.colcon_core.verb:set package 'lab5_pkg' build argument 'cmake_args' from command line to 'None'
[2.564s] Level 5:colcon.colcon_core.verb:set package 'lab5_pkg' build argument 'cmake_target' from command line to 'None'
[2.564s] Level 5:colcon.colcon_core.verb:set package 'lab5_pkg' build argument 'cmake_target_skip_unavailable' from command line to 'False'
[2.564s] Level 5:colcon.colcon_core.verb:set package 'lab5_pkg' build argument 'cmake_clean_cache' from command line to 'False'
[2.564s] Level 5:colcon.colcon_core.verb:set package 'lab5_pkg' build argument 'cmake_clean_first' from command line to 'False'
[2.564s] Level 5:colcon.colcon_core.verb:set package 'lab5_pkg' build argument 'cmake_force_configure' from command line to 'False'
[2.564s] Level 5:colcon.colcon_core.verb:set package 'lab5_pkg' build argument 'ament_cmake_args' from command line to 'None'
[2.564s] Level 5:colcon.colcon_core.verb:set package 'lab5_pkg' build argument 'catkin_cmake_args' from command line to 'None'
[2.564s] Level 5:colcon.colcon_core.verb:set package 'lab5_pkg' build argument 'catkin_skip_building_tests' from command line to 'False'
[2.564s] DEBUG:colcon.colcon_core.verb:Building package 'lab5_pkg' with the following arguments: {'ament_cmake_args': None, 'build_base': '/home/vy/GalacticRacing/sim_ws/build/lab5_pkg', 'catkin_cmake_args': None, 'catkin_skip_building_tests': False, 'cmake_args': None, 'cmake_clean_cache': False, 'cmake_clean_first': False, 'cmake_force_configure': False, 'cmake_target': None, 'cmake_target_skip_unavailable': False, 'install_base': '/home/vy/GalacticRacing/sim_ws/install/lab5_pkg', 'merge_install': False, 'path': '/home/vy/GalacticRacing/sim_ws/lab5_pkg', 'symlink_install': False, 'test_result_base': None}
[2.601s] Level 5:colcon.colcon_core.verb:set package 'particle_filter' build argument 'cmake_args' from command line to 'None'
[2.602s] Level 5:colcon.colcon_core.verb:set package 'particle_filter' build argument 'cmake_target' from command line to 'None'
[2.602s] Level 5:colcon.colcon_core.verb:set package 'particle_filter' build argument 'cmake_target_skip_unavailable' from command line to 'False'
[2.602s] Level 5:colcon.colcon_core.verb:set package 'particle_filter' build argument 'cmake_clean_cache' from command line to 'False'
[2.602s] Level 5:colcon.colcon_core.verb:set package 'particle_filter' build argument 'cmake_clean_first' from command line to 'False'
[2.602s] Level 5:colcon.colcon_core.verb:set package 'particle_filter' build argument 'cmake_force_configure' from command line to 'False'
[2.602s] Level 5:colcon.colcon_core.verb:set package 'particle_filter' build argument 'ament_cmake_args' from command line to 'None'
[2.602s] Level 5:colcon.colcon_core.verb:set package 'particle_filter' build argument 'catkin_cmake_args' from command line to 'None'
[2.602s] Level 5:colcon.colcon_core.verb:set package 'particle_filter' build argument 'catkin_skip_building_tests' from command line to 'False'
[2.602s] DEBUG:colcon.colcon_core.verb:Building package 'particle_filter' with the following arguments: {'ament_cmake_args': None, 'build_base': '/home/vy/GalacticRacing/sim_ws/build/particle_filter', 'catkin_cmake_args': None, 'catkin_skip_building_tests': False, 'cmake_args': None, 'cmake_clean_cache': False, 'cmake_clean_first': False, 'cmake_force_configure': False, 'cmake_target': None, 'cmake_target_skip_unavailable': False, 'install_base': '/home/vy/GalacticRacing/sim_ws/install/particle_filter', 'merge_install': False, 'path': '/home/vy/GalacticRacing/sim_ws/src/particle_filter', 'symlink_install': False, 'test_result_base': None}
[2.645s] Level 5:colcon.colcon_core.verb:set package 'pure_pursuit' build argument 'cmake_args' from command line to 'None'
[2.645s] Level 5:colcon.colcon_core.verb:set package 'pure_pursuit' build argument 'cmake_target' from command line to 'None'
[2.645s] Level 5:colcon.colcon_core.verb:set package 'pure_pursuit' build argument 'cmake_target_skip_unavailable' from command line to 'False'
[2.645s] Level 5:colcon.colcon_core.verb:set package 'pure_pursuit' build argument 'cmake_clean_cache' from command line to 'False'
[2.645s] Level 5:colcon.colcon_core.verb:set package 'pure_pursuit' build argument 'cmake_clean_first' from command line to 'False'
[2.645s] Level 5:colcon.colcon_core.verb:set package 'pure_pursuit' build argument 'cmake_force_configure' from command line to 'False'
[2.645s] Level 5:colcon.colcon_core.verb:set package 'pure_pursuit' build argument 'ament_cmake_args' from command line to 'None'
[2.645s] Level 5:colcon.colcon_core.verb:set package 'pure_pursuit' build argument 'catkin_cmake_args' from command line to 'None'
[2.645s] Level 5:colcon.colcon_core.verb:set package 'pure_pursuit' build argument 'catkin_skip_building_tests' from command line to 'False'
[2.645s] DEBUG:colcon.colcon_core.verb:Building package 'pure_pursuit' with the following arguments: {'ament_cmake_args': None, 'build_base': '/home/vy/GalacticRacing/sim_ws/build/pure_pursuit', 'catkin_cmake_args': None, 'catkin_skip_building_tests': False, 'cmake_args': None, 'cmake_clean_cache': False, 'cmake_clean_first': False, 'cmake_force_configure': False, 'cmake_target': None, 'cmake_target_skip_unavailable': False, 'install_base': '/home/vy/GalacticRacing/sim_ws/install/pure_pursuit', 'merge_install': False, 'path': '/home/vy/GalacticRacing/sim_ws/src/pure_pursuit', 'symlink_install': False, 'test_result_base': None}
[2.692s] Level 5:colcon.colcon_core.verb:set package 'range_lib' build argument 'cmake_args' from command line to 'None'
[2.696s] Level 5:colcon.colcon_core.verb:set package 'range_lib' build argument 'cmake_target' from command line to 'None'
[2.696s] Level 5:colcon.colcon_core.verb:set package 'range_lib' build argument 'cmake_target_skip_unavailable' from command line to 'False'
[2.696s] Level 5:colcon.colcon_core.verb:set package 'range_lib' build argument 'cmake_clean_cache' from command line to 'False'
[2.696s] Level 5:colcon.colcon_core.verb:set package 'range_lib' build argument 'cmake_clean_first' from command line to 'False'
[2.696s] Level 5:colcon.colcon_core.verb:set package 'range_lib' build argument 'cmake_force_configure' from command line to 'False'
[2.696s] Level 5:colcon.colcon_core.verb:set package 'range_lib' build argument 'ament_cmake_args' from command line to 'None'
[2.696s] Level 5:colcon.colcon_core.verb:set package 'range_lib' build argument 'catkin_cmake_args' from command line to 'None'
[2.696s] Level 5:colcon.colcon_core.verb:set package 'range_lib' build argument 'catkin_skip_building_tests' from command line to 'False'
[2.696s] DEBUG:colcon.colcon_core.verb:Building package 'range_lib' with the following arguments: {'ament_cmake_args': None, 'build_base': '/home/vy/GalacticRacing/sim_ws/build/range_lib', 'catkin_cmake_args': None, 'catkin_skip_building_tests': False, 'cmake_args': None, 'cmake_clean_cache': False, 'cmake_clean_first': False, 'cmake_force_configure': False, 'cmake_target': None, 'cmake_target_skip_unavailable': False, 'install_base': '/home/vy/GalacticRacing/sim_ws/install/range_lib', 'merge_install': False, 'path': '/home/vy/GalacticRacing/sim_ws/range_libc', 'symlink_install': False, 'test_result_base': None}
[2.740s] Level 5:colcon.colcon_core.verb:set package 'safety_node' build argument 'cmake_args' from command line to 'None'
[2.740s] Level 5:colcon.colcon_core.verb:set package 'safety_node' build argument 'cmake_target' from command line to 'None'
[2.740s] Level 5:colcon.colcon_core.verb:set package 'safety_node' build argument 'cmake_target_skip_unavailable' from command line to 'False'
[2.740s] Level 5:colcon.colcon_core.verb:set package 'safety_node' build argument 'cmake_clean_cache' from command line to 'False'
[2.740s] Level 5:colcon.colcon_core.verb:set package 'safety_node' build argument 'cmake_clean_first' from command line to 'False'
[2.740s] Level 5:colcon.colcon_core.verb:set package 'safety_node' build argument 'cmake_force_configure' from command line to 'False'
[2.740s] Level 5:colcon.colcon_core.verb:set package 'safety_node' build argument 'ament_cmake_args' from command line to 'None'
[2.740s] Level 5:colcon.colcon_core.verb:set package 'safety_node' build argument 'catkin_cmake_args' from command line to 'None'
[2.741s] Level 5:colcon.colcon_core.verb:set package 'safety_node' build argument 'catkin_skip_building_tests' from command line to 'False'
[2.741s] DEBUG:colcon.colcon_core.verb:Building package 'safety_node' with the following arguments: {'ament_cmake_args': None, 'build_base': '/home/vy/GalacticRacing/sim_ws/build/safety_node', 'catkin_cmake_args': None, 'catkin_skip_building_tests': False, 'cmake_args': None, 'cmake_clean_cache': False, 'cmake_clean_first': False, 'cmake_force_configure': False, 'cmake_target': None, 'cmake_target_skip_unavailable': False, 'install_base': '/home/vy/GalacticRacing/sim_ws/install/safety_node', 'merge_install': False, 'path': '/home/vy/GalacticRacing/sim_ws/src/safety_node', 'symlink_install': False, 'test_result_base': None}
[2.772s] Level 5:colcon.colcon_core.verb:set package 'wall_follow' build argument 'cmake_args' from command line to 'None'
[2.773s] Level 5:colcon.colcon_core.verb:set package 'wall_follow' build argument 'cmake_target' from command line to 'None'
[2.773s] Level 5:colcon.colcon_core.verb:set package 'wall_follow' build argument 'cmake_target_skip_unavailable' from command line to 'False'
[2.773s] Level 5:colcon.colcon_core.verb:set package 'wall_follow' build argument 'cmake_clean_cache' from command line to 'False'
[2.773s] Level 5:colcon.colcon_core.verb:set package 'wall_follow' build argument 'cmake_clean_first' from command line to 'False'
[2.773s] Level 5:colcon.colcon_core.verb:set package 'wall_follow' build argument 'cmake_force_configure' from command line to 'False'
[2.773s] Level 5:colcon.colcon_core.verb:set package 'wall_follow' build argument 'ament_cmake_args' from command line to 'None'
[2.773s] Level 5:colcon.colcon_core.verb:set package 'wall_follow' build argument 'catkin_cmake_args' from command line to 'None'
[2.773s] Level 5:colcon.colcon_core.verb:set package 'wall_follow' build argument 'catkin_skip_building_tests' from command line to 'False'
[2.773s] DEBUG:colcon.colcon_core.verb:Building package 'wall_follow' with the following arguments: {'ament_cmake_args': None, 'build_base': '/home/vy/GalacticRacing/sim_ws/build/wall_follow', 'catkin_cmake_args': None, 'catkin_skip_building_tests': False, 'cmake_args': None, 'cmake_clean_cache': False, 'cmake_clean_first': False, 'cmake_force_configure': False, 'cmake_target': None, 'cmake_target_skip_unavailable': False, 'install_base': '/home/vy/GalacticRacing/sim_ws/install/wall_follow', 'merge_install': False, 'path': '/home/vy/GalacticRacing/sim_ws/src/wall_follow', 'symlink_install': False, 'test_result_base': None}
[2.804s] Level 5:colcon.colcon_core.verb:set package 'waypoint_logger' build argument 'cmake_args' from command line to 'None'
[2.804s] Level 5:colcon.colcon_core.verb:set package 'waypoint_logger' build argument 'cmake_target' from command line to 'None'
[2.804s] Level 5:colcon.colcon_core.verb:set package 'waypoint_logger' build argument 'cmake_target_skip_unavailable' from command line to 'False'
[2.804s] Level 5:colcon.colcon_core.verb:set package 'waypoint_logger' build argument 'cmake_clean_cache' from command line to 'False'
[2.804s] Level 5:colcon.colcon_core.verb:set package 'waypoint_logger' build argument 'cmake_clean_first' from command line to 'False'
[2.804s] Level 5:colcon.colcon_core.verb:set package 'waypoint_logger' build argument 'cmake_force_configure' from command line to 'False'
[2.804s] Level 5:colcon.colcon_core.verb:set package 'waypoint_logger' build argument 'ament_cmake_args' from command line to 'None'
[2.804s] Level 5:colcon.colcon_core.verb:set package 'waypoint_logger' build argument 'catkin_cmake_args' from command line to 'None'
[2.804s] Level 5:colcon.colcon_core.verb:set package 'waypoint_logger' build argument 'catkin_skip_building_tests' from command line to 'False'
[2.804s] DEBUG:colcon.colcon_core.verb:Building package 'waypoint_logger' with the following arguments: {'ament_cmake_args': None, 'build_base': '/home/vy/GalacticRacing/sim_ws/build/waypoint_logger', 'catkin_cmake_args': None, 'catkin_skip_building_tests': False, 'cmake_args': None, 'cmake_clean_cache': False, 'cmake_clean_first': False, 'cmake_force_configure': False, 'cmake_target': None, 'cmake_target_skip_unavailable': False, 'install_base': '/home/vy/GalacticRacing/sim_ws/install/waypoint_logger', 'merge_install': False, 'path': '/home/vy/GalacticRacing/sim_ws/src/waypoint_logger', 'symlink_install': False, 'test_result_base': None}
[2.836s] INFO:colcon.colcon_core.executor:Executing jobs using 'parallel' executor
[2.870s] DEBUG:colcon.colcon_parallel_executor.executor.parallel:run_until_complete
[2.870s] INFO:colcon.colcon_ros.task.ament_python.build:Building ROS package in '/home/vy/GalacticRacing/sim_ws/src/f1tenth_gym_ros' with build type 'ament_python'
[2.871s] Level 1:colcon.colcon_core.shell:create_environment_hook('f1tenth_gym_ros', 'ament_prefix_path')
[2.915s] INFO:colcon.colcon_core.plugin_system:Skipping extension 'colcon_core.shell.bat': Not used on non-Windows systems
[2.915s] INFO:colcon.colcon_core.shell:Creating environment hook '/home/vy/GalacticRacing/sim_ws/install/f1tenth_gym_ros/share/f1tenth_gym_ros/hook/ament_prefix_path.ps1'
[2.916s] INFO:colcon.colcon_core.shell:Creating environment descriptor '/home/vy/GalacticRacing/sim_ws/install/f1tenth_gym_ros/share/f1tenth_gym_ros/hook/ament_prefix_path.dsv'
[2.916s] INFO:colcon.colcon_core.shell:Creating environment hook '/home/vy/GalacticRacing/sim_ws/install/f1tenth_gym_ros/share/f1tenth_gym_ros/hook/ament_prefix_path.sh'
[2.950s] INFO:colcon.colcon_core.shell:Skip shell extension 'powershell' for command environment: Not usable outside of PowerShell
[2.950s] DEBUG:colcon.colcon_core.shell:Skip shell extension 'dsv' for command environment
[3.064s] INFO:colcon.colcon_ros.task.ament_cmake.build:Building ROS package in '/home/vy/GalacticRacing/sim_ws/src/gap_follow' with build type 'ament_cmake'
[3.064s] INFO:colcon.colcon_cmake.task.cmake.build:Building CMake package in '/home/vy/GalacticRacing/sim_ws/src/gap_follow'
[3.118s] INFO:colcon.colcon_core.shell:Skip shell extension 'powershell' for command environment: Not usable outside of PowerShell
[3.118s] DEBUG:colcon.colcon_core.shell:Skip shell extension 'dsv' for command environment
[3.226s] INFO:colcon.colcon_ros.task.ament_cmake.build:Building ROS package in '/home/vy/GalacticRacing/sim_ws/lab5_pkg' with build type 'ament_cmake'
[3.227s] INFO:colcon.colcon_cmake.task.cmake.build:Building CMake package in '/home/vy/GalacticRacing/sim_ws/lab5_pkg'
[3.277s] INFO:colcon.colcon_core.shell:Skip shell extension 'powershell' for command environment: Not usable outside of PowerShell
[3.277s] DEBUG:colcon.colcon_core.shell:Skip shell extension 'dsv' for command environment
[3.388s] INFO:colcon.colcon_ros.task.ament_python.build:Building ROS package in '/home/vy/GalacticRacing/sim_ws/src/particle_filter' with build type 'ament_python'
[3.390s] Level 1:colcon.colcon_core.shell:create_environment_hook('particle_filter', 'ament_prefix_path')
[3.437s] INFO:colcon.colcon_core.shell:Creating environment hook '/home/vy/GalacticRacing/sim_ws/install/particle_filter/share/particle_filter/hook/ament_prefix_path.ps1'
[3.438s] INFO:colcon.colcon_core.shell:Creating environment descriptor '/home/vy/GalacticRacing/sim_ws/install/particle_filter/share/particle_filter/hook/ament_prefix_path.dsv'
[3.438s] INFO:colcon.colcon_core.shell:Creating environment hook '/home/vy/GalacticRacing/sim_ws/install/particle_filter/share/particle_filter/hook/ament_prefix_path.sh'
[3.471s] INFO:colcon.colcon_core.shell:Skip shell extension 'powershell' for command environment: Not usable outside of PowerShell
[3.471s] DEBUG:colcon.colcon_core.shell:Skip shell extension 'dsv' for command environment
[3.583s] INFO:colcon.colcon_ros.task.ament_cmake.build:Building ROS package in '/home/vy/GalacticRacing/sim_ws/src/pure_pursuit' with build type 'ament_cmake'
[3.585s] INFO:colcon.colcon_cmake.task.cmake.build:Building CMake package in '/home/vy/GalacticRacing/sim_ws/src/pure_pursuit'
[3.640s] INFO:colcon.colcon_core.shell:Skip shell extension 'powershell' for command environment: Not usable outside of PowerShell
[3.640s] DEBUG:colcon.colcon_core.shell:Skip shell extension 'dsv' for command environment
[3.770s] INFO:colcon.colcon_cmake.task.cmake.build:Building CMake package in '/home/vy/GalacticRacing/sim_ws/range_libc'
[3.815s] INFO:colcon.colcon_core.shell:Skip shell extension 'powershell' for command environment: Not usable outside of PowerShell
[3.815s] DEBUG:colcon.colcon_core.shell:Skip shell extension 'dsv' for command environment
[4.130s] INFO:colcon.colcon_core.task.python.build:Building Python package in '/home/vy/GalacticRacing/sim_ws/src/f1tenth_gym_ros'
[4.164s] INFO:colcon.colcon_core.shell:Skip shell extension 'powershell' for command environment: Not usable outside of PowerShell
[4.165s] DEBUG:colcon.colcon_core.shell:Skip shell extension 'dsv' for command environment
[4.295s] DEBUG:colcon.colcon_core.event_handler.log_command:Invoking command in '/home/vy/GalacticRacing/sim_ws/build/gap_follow': CMAKE_PREFIX_PATH=${CMAKE_PREFIX_PATH}:/home/vy/GalacticRacing/sim_ws/install/particle_filter:/home/vy/GalacticRacing/sim_ws/install/f1tenth_gym_ros:/opt/ros/foxy /usr/bin/cmake --build /home/vy/GalacticRacing/sim_ws/build/gap_follow -- -j6 -l6
[4.311s] DEBUG:colcon.colcon_core.event_handler.log_command:Invoking command in '/home/vy/GalacticRacing/sim_ws/build/lab5_pkg': CMAKE_PREFIX_PATH=${CMAKE_PREFIX_PATH}:/home/vy/GalacticRacing/sim_ws/install/particle_filter:/home/vy/GalacticRacing/sim_ws/install/f1tenth_gym_ros:/opt/ros/foxy /usr/bin/cmake --build /home/vy/GalacticRacing/sim_ws/build/lab5_pkg -- -j6 -l6
[4.525s] INFO:colcon.colcon_core.task.python.build:Building Python package in '/home/vy/GalacticRacing/sim_ws/src/particle_filter'
[4.563s] INFO:colcon.colcon_core.shell:Skip shell extension 'powershell' for command environment: Not usable outside of PowerShell
[4.563s] DEBUG:colcon.colcon_core.shell:Skip shell extension 'dsv' for command environment
[4.680s] DEBUG:colcon.colcon_core.event_handler.log_command:Invoking command in '/home/vy/GalacticRacing/sim_ws/build/pure_pursuit': CMAKE_PREFIX_PATH=${CMAKE_PREFIX_PATH}:/home/vy/GalacticRacing/sim_ws/install/particle_filter:/home/vy/GalacticRacing/sim_ws/install/f1tenth_gym_ros:/opt/ros/foxy /usr/bin/cmake --build /home/vy/GalacticRacing/sim_ws/build/pure_pursuit -- -j6 -l6
[4.712s] DEBUG:colcon.colcon_core.event_handler.log_command:Invoking command in '/home/vy/GalacticRacing/sim_ws/build/range_lib': /usr/bin/cmake /home/vy/GalacticRacing/sim_ws/range_libc -DCMAKE_INSTALL_PREFIX=/home/vy/GalacticRacing/sim_ws/install/range_lib
[4.712s] DEBUG:colcon.colcon_core.event_handler.log_command:Invoked command in '/home/vy/GalacticRacing/sim_ws/build/gap_follow' returned '0': CMAKE_PREFIX_PATH=${CMAKE_PREFIX_PATH}:/home/vy/GalacticRacing/sim_ws/install/particle_filter:/home/vy/GalacticRacing/sim_ws/install/f1tenth_gym_ros:/opt/ros/foxy /usr/bin/cmake --build /home/vy/GalacticRacing/sim_ws/build/gap_follow -- -j6 -l6
[4.716s] DEBUG:colcon.colcon_core.event_handler.log_command:Invoked command in '/home/vy/GalacticRacing/sim_ws/build/lab5_pkg' returned '0': CMAKE_PREFIX_PATH=${CMAKE_PREFIX_PATH}:/home/vy/GalacticRacing/sim_ws/install/particle_filter:/home/vy/GalacticRacing/sim_ws/install/f1tenth_gym_ros:/opt/ros/foxy /usr/bin/cmake --build /home/vy/GalacticRacing/sim_ws/build/lab5_pkg -- -j6 -l6
[4.793s] DEBUG:colcon.colcon_core.event_handler.log_command:Invoking command in '/home/vy/GalacticRacing/sim_ws/build/gap_follow': CMAKE_PREFIX_PATH=${CMAKE_PREFIX_PATH}:/home/vy/GalacticRacing/sim_ws/install/particle_filter:/home/vy/GalacticRacing/sim_ws/install/f1tenth_gym_ros:/opt/ros/foxy /usr/bin/cmake --install /home/vy/GalacticRacing/sim_ws/build/gap_follow
[4.795s] DEBUG:colcon.colcon_core.event_handler.log_command:Invoking command in '/home/vy/GalacticRacing/sim_ws/build/lab5_pkg': CMAKE_PREFIX_PATH=${CMAKE_PREFIX_PATH}:/home/vy/GalacticRacing/sim_ws/install/particle_filter:/home/vy/GalacticRacing/sim_ws/install/f1tenth_gym_ros:/opt/ros/foxy /usr/bin/cmake --install /home/vy/GalacticRacing/sim_ws/build/lab5_pkg
[4.796s] WARNING:colcon.colcon_cmake.task.cmake.build:Could not build CMake package 'range_lib' because the CMake cache has no 'CMAKE_PROJECT_NAME' variable
[4.799s] DEBUG:colcon.colcon_core.event_handler.log_command:Invoked command in '/home/vy/GalacticRacing/sim_ws/build/range_lib' returned '0': /usr/bin/cmake /home/vy/GalacticRacing/sim_ws/range_libc -DCMAKE_INSTALL_PREFIX=/home/vy/GalacticRacing/sim_ws/install/range_lib
[4.809s] DEBUG:colcon.colcon_core.event_handler.log_command:Invoked command in '/home/vy/GalacticRacing/sim_ws/build/pure_pursuit' returned '0': CMAKE_PREFIX_PATH=${CMAKE_PREFIX_PATH}:/home/vy/GalacticRacing/sim_ws/install/particle_filter:/home/vy/GalacticRacing/sim_ws/install/f1tenth_gym_ros:/opt/ros/foxy /usr/bin/cmake --build /home/vy/GalacticRacing/sim_ws/build/pure_pursuit -- -j6 -l6
[4.823s] INFO:colcon.colcon_ros.task.ament_cmake.build:Building ROS package in '/home/vy/GalacticRacing/sim_ws/src/safety_node' with build type 'ament_cmake'
[4.824s] INFO:colcon.colcon_cmake.task.cmake.build:Building CMake package in '/home/vy/GalacticRacing/sim_ws/src/safety_node'
[4.880s] INFO:colcon.colcon_core.shell:Skip shell extension 'powershell' for command environment: Not usable outside of PowerShell
[4.880s] DEBUG:colcon.colcon_core.shell:Skip shell extension 'dsv' for command environment
[5.013s] Level 1:colcon.colcon_core.environment:create_environment_scripts_only(lab5_pkg)
[5.015s] DEBUG:colcon.colcon_core.event_handler.log_command:Invoked command in '/home/vy/GalacticRacing/sim_ws/build/lab5_pkg' returned '0': CMAKE_PREFIX_PATH=${CMAKE_PREFIX_PATH}:/home/vy/GalacticRacing/sim_ws/install/particle_filter:/home/vy/GalacticRacing/sim_ws/install/f1tenth_gym_ros:/opt/ros/foxy /usr/bin/cmake --install /home/vy/GalacticRacing/sim_ws/build/lab5_pkg
[5.054s] Level 1:colcon.colcon_core.environment:checking '/home/vy/GalacticRacing/sim_ws/install/lab5_pkg' for CMake module files
[5.055s] Level 1:colcon.colcon_core.environment:checking '/home/vy/GalacticRacing/sim_ws/install/lab5_pkg' for CMake config files
[5.055s] Level 1:colcon.colcon_core.shell:create_environment_hook('lab5_pkg', 'cmake_prefix_path')
[5.089s] INFO:colcon.colcon_core.shell:Creating environment hook '/home/vy/GalacticRacing/sim_ws/install/lab5_pkg/share/lab5_pkg/hook/cmake_prefix_path.ps1'
[5.092s] INFO:colcon.colcon_core.shell:Creating environment descriptor '/home/vy/GalacticRacing/sim_ws/install/lab5_pkg/share/lab5_pkg/hook/cmake_prefix_path.dsv'
[5.093s] INFO:colcon.colcon_core.shell:Creating environment hook '/home/vy/GalacticRacing/sim_ws/install/lab5_pkg/share/lab5_pkg/hook/cmake_prefix_path.sh'
[5.094s] Level 1:colcon.colcon_core.environment:checking '/home/vy/GalacticRacing/sim_ws/install/lab5_pkg/lib'
[5.094s] Level 1:colcon.colcon_core.environment:checking '/home/vy/GalacticRacing/sim_ws/install/lab5_pkg/bin'
[5.094s] Level 1:colcon.colcon_core.environment:checking '/home/vy/GalacticRacing/sim_ws/install/lab5_pkg/lib/pkgconfig/lab5_pkg.pc'
[5.094s] Level 1:colcon.colcon_core.environment:checking '/home/vy/GalacticRacing/sim_ws/install/lab5_pkg/lib/python3.8/site-packages'
[5.094s] Level 1:colcon.colcon_core.shell:create_environment_hook('lab5_pkg', 'pythonpath')
[5.148s] INFO:colcon.colcon_core.shell:Creating environment hook '/home/vy/GalacticRacing/sim_ws/install/lab5_pkg/share/lab5_pkg/hook/pythonpath.ps1'
[5.150s] INFO:colcon.colcon_core.shell:Creating environment descriptor '/home/vy/GalacticRacing/sim_ws/install/lab5_pkg/share/lab5_pkg/hook/pythonpath.dsv'
[5.151s] INFO:colcon.colcon_core.shell:Creating environment hook '/home/vy/GalacticRacing/sim_ws/install/lab5_pkg/share/lab5_pkg/hook/pythonpath.sh'
[5.152s] Level 1:colcon.colcon_core.environment:checking '/home/vy/GalacticRacing/sim_ws/install/lab5_pkg/bin'
[5.188s] INFO:colcon.colcon_core.shell:Creating package script '/home/vy/GalacticRacing/sim_ws/install/lab5_pkg/share/lab5_pkg/package.ps1'
[5.189s] INFO:colcon.colcon_core.shell:Creating package descriptor '/home/vy/GalacticRacing/sim_ws/install/lab5_pkg/share/lab5_pkg/package.dsv'
[5.191s] INFO:colcon.colcon_core.shell:Creating package script '/home/vy/GalacticRacing/sim_ws/install/lab5_pkg/share/lab5_pkg/package.sh'
[5.192s] INFO:colcon.colcon_core.shell:Creating package script '/home/vy/GalacticRacing/sim_ws/install/lab5_pkg/share/lab5_pkg/package.bash'
[5.193s] INFO:colcon.colcon_core.shell:Creating package script '/home/vy/GalacticRacing/sim_ws/install/lab5_pkg/share/lab5_pkg/package.zsh'
[5.195s] Level 1:colcon.colcon_core.environment:create_file_with_runtime_dependencies(/home/vy/GalacticRacing/sim_ws/install/lab5_pkg/share/colcon-core/packages/lab5_pkg)
[5.199s] Level 1:colcon.colcon_core.environment:create_environment_scripts_only(gap_follow)
[5.200s] DEBUG:colcon.colcon_core.event_handler.log_command:Invoked command in '/home/vy/GalacticRacing/sim_ws/build/gap_follow' returned '0': CMAKE_PREFIX_PATH=${CMAKE_PREFIX_PATH}:/home/vy/GalacticRacing/sim_ws/install/particle_filter:/home/vy/GalacticRacing/sim_ws/install/f1tenth_gym_ros:/opt/ros/foxy /usr/bin/cmake --install /home/vy/GalacticRacing/sim_ws/build/gap_follow
[5.272s] Level 1:colcon.colcon_core.environment:checking '/home/vy/GalacticRacing/sim_ws/install/gap_follow' for CMake module files
[5.273s] Level 1:colcon.colcon_core.environment:checking '/home/vy/GalacticRacing/sim_ws/install/gap_follow' for CMake config files
[5.274s] Level 1:colcon.colcon_core.shell:create_environment_hook('gap_follow', 'cmake_prefix_path')
[5.319s] INFO:colcon.colcon_core.shell:Creating environment hook '/home/vy/GalacticRacing/sim_ws/install/gap_follow/share/gap_follow/hook/cmake_prefix_path.ps1'
[5.320s] INFO:colcon.colcon_core.shell:Creating environment descriptor '/home/vy/GalacticRacing/sim_ws/install/gap_follow/share/gap_follow/hook/cmake_prefix_path.dsv'
[5.321s] INFO:colcon.colcon_core.shell:Creating environment hook '/home/vy/GalacticRacing/sim_ws/install/gap_follow/share/gap_follow/hook/cmake_prefix_path.sh'
[5.323s] Level 1:colcon.colcon_core.environment:checking '/home/vy/GalacticRacing/sim_ws/install/gap_follow/lib'
[5.323s] Level 1:colcon.colcon_core.environment:checking '/home/vy/GalacticRacing/sim_ws/install/gap_follow/bin'
[5.323s] Level 1:colcon.colcon_core.environment:checking '/home/vy/GalacticRacing/sim_ws/install/gap_follow/lib/pkgconfig/gap_follow.pc'
[5.323s] Level 1:colcon.colcon_core.environment:checking '/home/vy/GalacticRacing/sim_ws/install/gap_follow/lib/python3.8/site-packages'
[5.323s] Level 1:colcon.colcon_core.shell:create_environment_hook('gap_follow', 'pythonpath')
[5.406s] INFO:colcon.colcon_core.shell:Creating environment hook '/home/vy/GalacticRacing/sim_ws/install/gap_follow/share/gap_follow/hook/pythonpath.ps1'
[5.408s] INFO:colcon.colcon_core.shell:Creating environment descriptor '/home/vy/GalacticRacing/sim_ws/install/gap_follow/share/gap_follow/hook/pythonpath.dsv'
[5.408s] INFO:colcon.colcon_core.shell:Creating environment hook '/home/vy/GalacticRacing/sim_ws/install/gap_follow/share/gap_follow/hook/pythonpath.sh'
[5.409s] Level 1:colcon.colcon_core.environment:checking '/home/vy/GalacticRacing/sim_ws/install/gap_follow/bin'
[5.449s] INFO:colcon.colcon_core.shell:Creating package script '/home/vy/GalacticRacing/sim_ws/install/gap_follow/share/gap_follow/package.ps1'
[5.450s] INFO:colcon.colcon_core.shell:Creating package descriptor '/home/vy/GalacticRacing/sim_ws/install/gap_follow/share/gap_follow/package.dsv'
[5.451s] INFO:colcon.colcon_core.shell:Creating package script '/home/vy/GalacticRacing/sim_ws/install/gap_follow/share/gap_follow/package.sh'
[5.452s] INFO:colcon.colcon_core.shell:Creating package script '/home/vy/GalacticRacing/sim_ws/install/gap_follow/share/gap_follow/package.bash'
[5.456s] INFO:colcon.colcon_core.shell:Creating package script '/home/vy/GalacticRacing/sim_ws/install/gap_follow/share/gap_follow/package.zsh'
[5.457s] Level 1:colcon.colcon_core.environment:create_file_with_runtime_dependencies(/home/vy/GalacticRacing/sim_ws/install/gap_follow/share/colcon-core/packages/gap_follow)
[5.471s] DEBUG:colcon.colcon_core.event_handler.log_command:Invoking command in '/home/vy/GalacticRacing/sim_ws/build/pure_pursuit': CMAKE_PREFIX_PATH=${CMAKE_PREFIX_PATH}:/home/vy/GalacticRacing/sim_ws/install/particle_filter:/home/vy/GalacticRacing/sim_ws/install/f1tenth_gym_ros:/opt/ros/foxy /usr/bin/cmake --install /home/vy/GalacticRacing/sim_ws/build/pure_pursuit
[5.480s] DEBUG:colcon.colcon_core.event_handler.log_command:Invoking command in '/home/vy/GalacticRacing/sim_ws/build/safety_node': CMAKE_PREFIX_PATH=${CMAKE_PREFIX_PATH}:/home/vy/GalacticRacing/sim_ws/install/particle_filter:/home/vy/GalacticRacing/sim_ws/install/f1tenth_gym_ros:/opt/ros/foxy /usr/bin/cmake --build /home/vy/GalacticRacing/sim_ws/build/safety_node -- -j6 -l6
[5.487s] DEBUG:colcon.colcon_core.event_handler.log_command:Invoking command in '/home/vy/GalacticRacing/sim_ws/src/particle_filter': PYTHONPATH=/home/vy/GalacticRacing/sim_ws/build/particle_filter/prefix_override:/home/vy/GalacticRacing/sim_ws/install/particle_filter/lib/python3.8/site-packages:${PYTHONPATH} /usr/bin/python3 setup.py egg_info --egg-base ../../build/particle_filter build --build-base /home/vy/GalacticRacing/sim_ws/build/particle_filter/build install --record /home/vy/GalacticRacing/sim_ws/build/particle_filter/install.log --install-scripts $base/lib/particle_filter --single-version-externally-managed
[5.495s] DEBUG:colcon.colcon_core.event_handler.log_command:Invoking command in '/home/vy/GalacticRacing/sim_ws/src/f1tenth_gym_ros': PYTHONPATH=/home/vy/GalacticRacing/sim_ws/build/f1tenth_gym_ros/prefix_override:/home/vy/GalacticRacing/sim_ws/install/f1tenth_gym_ros/lib/python3.8/site-packages:${PYTHONPATH} /usr/bin/python3 setup.py egg_info --egg-base ../../build/f1tenth_gym_ros build --build-base /home/vy/GalacticRacing/sim_ws/build/f1tenth_gym_ros/build install --record /home/vy/GalacticRacing/sim_ws/build/f1tenth_gym_ros/install.log --install-scripts $base/lib/f1tenth_gym_ros --single-version-externally-managed
[5.563s] Level 1:colcon.colcon_core.environment:create_environment_scripts_only(lab5_pkg)
[5.611s] Level 1:colcon.colcon_core.environment:checking '/home/vy/GalacticRacing/sim_ws/install/lab5_pkg' for CMake module files
[5.612s] Level 1:colcon.colcon_core.environment:checking '/home/vy/GalacticRacing/sim_ws/install/lab5_pkg' for CMake config files
[5.612s] Level 1:colcon.colcon_core.shell:create_environment_hook('lab5_pkg', 'cmake_prefix_path')
[5.666s] INFO:colcon.colcon_core.shell:Creating environment hook '/home/vy/GalacticRacing/sim_ws/install/lab5_pkg/share/lab5_pkg/hook/cmake_prefix_path.ps1'
[5.669s] INFO:colcon.colcon_core.shell:Creating environment descriptor '/home/vy/GalacticRacing/sim_ws/install/lab5_pkg/share/lab5_pkg/hook/cmake_prefix_path.dsv'
[5.671s] INFO:colcon.colcon_core.shell:Creating environment hook '/home/vy/GalacticRacing/sim_ws/install/lab5_pkg/share/lab5_pkg/hook/cmake_prefix_path.sh'
[5.672s] Level 1:colcon.colcon_core.environment:checking '/home/vy/GalacticRacing/sim_ws/install/lab5_pkg/lib'
[5.673s] Level 1:colcon.colcon_core.environment:checking '/home/vy/GalacticRacing/sim_ws/install/lab5_pkg/bin'
[5.673s] Level 1:colcon.colcon_core.environment:checking '/home/vy/GalacticRacing/sim_ws/install/lab5_pkg/lib/pkgconfig/lab5_pkg.pc'
[5.673s] Level 1:colcon.colcon_core.environment:checking '/home/vy/GalacticRacing/sim_ws/install/lab5_pkg/lib/python3.8/site-packages'
[5.673s] Level 1:colcon.colcon_core.shell:create_environment_hook('lab5_pkg', 'pythonpath')
[5.714s] INFO:colcon.colcon_core.shell:Creating environment hook '/home/vy/GalacticRacing/sim_ws/install/lab5_pkg/share/lab5_pkg/hook/pythonpath.ps1'
[5.716s] INFO:colcon.colcon_core.shell:Creating environment descriptor '/home/vy/GalacticRacing/sim_ws/install/lab5_pkg/share/lab5_pkg/hook/pythonpath.dsv'
[5.716s] INFO:colcon.colcon_core.shell:Creating environment hook '/home/vy/GalacticRacing/sim_ws/install/lab5_pkg/share/lab5_pkg/hook/pythonpath.sh'
[5.718s] Level 1:colcon.colcon_core.environment:checking '/home/vy/GalacticRacing/sim_ws/install/lab5_pkg/bin'
[5.768s] INFO:colcon.colcon_core.shell:Creating package script '/home/vy/GalacticRacing/sim_ws/install/lab5_pkg/share/lab5_pkg/package.ps1'
[5.771s] INFO:colcon.colcon_core.shell:Creating package descriptor '/home/vy/GalacticRacing/sim_ws/install/lab5_pkg/share/lab5_pkg/package.dsv'
[5.772s] INFO:colcon.colcon_core.shell:Creating package script '/home/vy/GalacticRacing/sim_ws/install/lab5_pkg/share/lab5_pkg/package.sh'
[5.773s] INFO:colcon.colcon_core.shell:Creating package script '/home/vy/GalacticRacing/sim_ws/install/lab5_pkg/share/lab5_pkg/package.bash'
[5.776s] INFO:colcon.colcon_core.shell:Creating package script '/home/vy/GalacticRacing/sim_ws/install/lab5_pkg/share/lab5_pkg/package.zsh'
[5.777s] Level 1:colcon.colcon_core.environment:create_file_with_runtime_dependencies(/home/vy/GalacticRacing/sim_ws/install/lab5_pkg/share/colcon-core/packages/lab5_pkg)
[5.781s] INFO:colcon.colcon_ros.task.ament_cmake.build:Building ROS package in '/home/vy/GalacticRacing/sim_ws/src/wall_follow' with build type 'ament_cmake'
[5.781s] INFO:colcon.colcon_cmake.task.cmake.build:Building CMake package in '/home/vy/GalacticRacing/sim_ws/src/wall_follow'
[5.850s] INFO:colcon.colcon_core.shell:Skip shell extension 'powershell' for command environment: Not usable outside of PowerShell
[5.851s] DEBUG:colcon.colcon_core.shell:Skip shell extension 'dsv' for command environment
[6.031s] Level 1:colcon.colcon_core.environment:create_environment_scripts_only(pure_pursuit)
[6.043s] DEBUG:colcon.colcon_core.event_handler.log_command:Invoked command in '/home/vy/GalacticRacing/sim_ws/build/pure_pursuit' returned '0': CMAKE_PREFIX_PATH=${CMAKE_PREFIX_PATH}:/home/vy/GalacticRacing/sim_ws/install/particle_filter:/home/vy/GalacticRacing/sim_ws/install/f1tenth_gym_ros:/opt/ros/foxy /usr/bin/cmake --install /home/vy/GalacticRacing/sim_ws/build/pure_pursuit
[6.100s] Level 1:colcon.colcon_core.environment:checking '/home/vy/GalacticRacing/sim_ws/install/pure_pursuit' for CMake module files
[6.103s] Level 1:colcon.colcon_core.environment:checking '/home/vy/GalacticRacing/sim_ws/install/pure_pursuit' for CMake config files
[6.105s] Level 1:colcon.colcon_core.shell:create_environment_hook('pure_pursuit', 'cmake_prefix_path')
[6.142s] INFO:colcon.colcon_core.shell:Creating environment hook '/home/vy/GalacticRacing/sim_ws/install/pure_pursuit/share/pure_pursuit/hook/cmake_prefix_path.ps1'
[6.143s] INFO:colcon.colcon_core.shell:Creating environment descriptor '/home/vy/GalacticRacing/sim_ws/install/pure_pursuit/share/pure_pursuit/hook/cmake_prefix_path.dsv'
[6.145s] INFO:colcon.colcon_core.shell:Creating environment hook '/home/vy/GalacticRacing/sim_ws/install/pure_pursuit/share/pure_pursuit/hook/cmake_prefix_path.sh'
[6.148s] Level 1:colcon.colcon_core.environment:checking '/home/vy/GalacticRacing/sim_ws/install/pure_pursuit/lib'
[6.148s] Level 1:colcon.colcon_core.environment:checking '/home/vy/GalacticRacing/sim_ws/install/pure_pursuit/bin'
[6.148s] Level 1:colcon.colcon_core.environment:checking '/home/vy/GalacticRacing/sim_ws/install/pure_pursuit/lib/pkgconfig/pure_pursuit.pc'
[6.148s] Level 1:colcon.colcon_core.environment:checking '/home/vy/GalacticRacing/sim_ws/install/pure_pursuit/lib/python3.8/site-packages'
[6.148s] Level 1:colcon.colcon_core.shell:create_environment_hook('pure_pursuit', 'pythonpath')
[6.198s] INFO:colcon.colcon_core.shell:Creating environment hook '/home/vy/GalacticRacing/sim_ws/install/pure_pursuit/share/pure_pursuit/hook/pythonpath.ps1'
[6.199s] INFO:colcon.colcon_core.shell:Creating environment descriptor '/home/vy/GalacticRacing/sim_ws/install/pure_pursuit/share/pure_pursuit/hook/pythonpath.dsv'
[6.199s] INFO:colcon.colcon_core.shell:Creating environment hook '/home/vy/GalacticRacing/sim_ws/install/pure_pursuit/share/pure_pursuit/hook/pythonpath.sh'
[6.200s] Level 1:colcon.colcon_core.environment:checking '/home/vy/GalacticRacing/sim_ws/install/pure_pursuit/bin'
[6.241s] INFO:colcon.colcon_core.shell:Creating package script '/home/vy/GalacticRacing/sim_ws/install/pure_pursuit/share/pure_pursuit/package.ps1'
[6.243s] INFO:colcon.colcon_core.shell:Creating package descriptor '/home/vy/GalacticRacing/sim_ws/install/pure_pursuit/share/pure_pursuit/package.dsv'
[6.243s] INFO:colcon.colcon_core.shell:Creating package script '/home/vy/GalacticRacing/sim_ws/install/pure_pursuit/share/pure_pursuit/package.sh'
[6.244s] INFO:colcon.colcon_core.shell:Creating package script '/home/vy/GalacticRacing/sim_ws/install/pure_pursuit/share/pure_pursuit/package.bash'
[6.248s] INFO:colcon.colcon_core.shell:Creating package script '/home/vy/GalacticRacing/sim_ws/install/pure_pursuit/share/pure_pursuit/package.zsh'
[6.249s] Level 1:colcon.colcon_core.environment:create_file_with_runtime_dependencies(/home/vy/GalacticRacing/sim_ws/install/pure_pursuit/share/colcon-core/packages/pure_pursuit)
[6.265s] DEBUG:colcon.colcon_core.event_handler.log_command:Invoked command in '/home/vy/GalacticRacing/sim_ws/build/safety_node' returned '0': CMAKE_PREFIX_PATH=${CMAKE_PREFIX_PATH}:/home/vy/GalacticRacing/sim_ws/install/particle_filter:/home/vy/GalacticRacing/sim_ws/install/f1tenth_gym_ros:/opt/ros/foxy /usr/bin/cmake --build /home/vy/GalacticRacing/sim_ws/build/safety_node -- -j6 -l6
[6.330s] Level 1:colcon.colcon_core.environment:create_environment_scripts_only(gap_follow)
[6.384s] Level 1:colcon.colcon_core.environment:checking '/home/vy/GalacticRacing/sim_ws/install/gap_follow' for CMake module files
[6.385s] Level 1:colcon.colcon_core.environment:checking '/home/vy/GalacticRacing/sim_ws/install/gap_follow' for CMake config files
[6.385s] Level 1:colcon.colcon_core.shell:create_environment_hook('gap_follow', 'cmake_prefix_path')
[6.445s] INFO:colcon.colcon_core.shell:Creating environment hook '/home/vy/GalacticRacing/sim_ws/install/gap_follow/share/gap_follow/hook/cmake_prefix_path.ps1'
[6.446s] INFO:colcon.colcon_core.shell:Creating environment descriptor '/home/vy/GalacticRacing/sim_ws/install/gap_follow/share/gap_follow/hook/cmake_prefix_path.dsv'
[6.447s] INFO:colcon.colcon_core.shell:Creating environment hook '/home/vy/GalacticRacing/sim_ws/install/gap_follow/share/gap_follow/hook/cmake_prefix_path.sh'
[6.447s] Level 1:colcon.colcon_core.environment:checking '/home/vy/GalacticRacing/sim_ws/install/gap_follow/lib'
[6.448s] Level 1:colcon.colcon_core.environment:checking '/home/vy/GalacticRacing/sim_ws/install/gap_follow/bin'
[6.448s] Level 1:colcon.colcon_core.environment:checking '/home/vy/GalacticRacing/sim_ws/install/gap_follow/lib/pkgconfig/gap_follow.pc'
[6.448s] Level 1:colcon.colcon_core.environment:checking '/home/vy/GalacticRacing/sim_ws/install/gap_follow/lib/python3.8/site-packages'
[6.448s] Level 1:colcon.colcon_core.shell:create_environment_hook('gap_follow', 'pythonpath')
[6.498s] INFO:colcon.colcon_core.shell:Creating environment hook '/home/vy/GalacticRacing/sim_ws/install/gap_follow/share/gap_follow/hook/pythonpath.ps1'
[6.499s] INFO:colcon.colcon_core.shell:Creating environment descriptor '/home/vy/GalacticRacing/sim_ws/install/gap_follow/share/gap_follow/hook/pythonpath.dsv'
[6.500s] INFO:colcon.colcon_core.shell:Creating environment hook '/home/vy/GalacticRacing/sim_ws/install/gap_follow/share/gap_follow/hook/pythonpath.sh'
[6.501s] Level 1:colcon.colcon_core.environment:checking '/home/vy/GalacticRacing/sim_ws/install/gap_follow/bin'
[6.565s] INFO:colcon.colcon_core.shell:Creating package script '/home/vy/GalacticRacing/sim_ws/install/gap_follow/share/gap_follow/package.ps1'
[6.569s] INFO:colcon.colcon_core.shell:Creating package descriptor '/home/vy/GalacticRacing/sim_ws/install/gap_follow/share/gap_follow/package.dsv'
[6.572s] INFO:colcon.colcon_core.shell:Creating package script '/home/vy/GalacticRacing/sim_ws/install/gap_follow/share/gap_follow/package.sh'
[6.572s] INFO:colcon.colcon_core.shell:Creating package script '/home/vy/GalacticRacing/sim_ws/install/gap_follow/share/gap_follow/package.bash'
[6.573s] INFO:colcon.colcon_core.shell:Creating package script '/home/vy/GalacticRacing/sim_ws/install/gap_follow/share/gap_follow/package.zsh'
[6.576s] Level 1:colcon.colcon_core.environment:create_file_with_runtime_dependencies(/home/vy/GalacticRacing/sim_ws/install/gap_follow/share/colcon-core/packages/gap_follow)
[6.610s] DEBUG:colcon.colcon_core.event_handler.log_command:Invoked command in '/home/vy/GalacticRacing/sim_ws/src/particle_filter' returned '0': PYTHONPATH=/home/vy/GalacticRacing/sim_ws/build/particle_filter/prefix_override:/home/vy/GalacticRacing/sim_ws/install/particle_filter/lib/python3.8/site-packages:${PYTHONPATH} /usr/bin/python3 setup.py egg_info --egg-base ../../build/particle_filter build --build-base /home/vy/GalacticRacing/sim_ws/build/particle_filter/build install --record /home/vy/GalacticRacing/sim_ws/build/particle_filter/install.log --install-scripts $base/lib/particle_filter --single-version-externally-managed
[6.659s] Level 1:colcon.colcon_core.environment:checking '/home/vy/GalacticRacing/sim_ws/install/particle_filter' for CMake module files
[6.661s] Level 1:colcon.colcon_core.environment:checking '/home/vy/GalacticRacing/sim_ws/install/particle_filter' for CMake config files
[6.661s] Level 1:colcon.colcon_core.environment:checking '/home/vy/GalacticRacing/sim_ws/install/particle_filter/lib'
[6.662s] Level 1:colcon.colcon_core.environment:checking '/home/vy/GalacticRacing/sim_ws/install/particle_filter/bin'
[6.662s] Level 1:colcon.colcon_core.environment:checking '/home/vy/GalacticRacing/sim_ws/install/particle_filter/lib/pkgconfig/particle_filter.pc'
[6.662s] Level 1:colcon.colcon_core.environment:checking '/home/vy/GalacticRacing/sim_ws/install/particle_filter/lib/python3.8/site-packages'
[6.662s] Level 1:colcon.colcon_core.shell:create_environment_hook('particle_filter', 'pythonpath')
[6.715s] INFO:colcon.colcon_core.shell:Creating environment hook '/home/vy/GalacticRacing/sim_ws/install/particle_filter/share/particle_filter/hook/pythonpath.ps1'
[6.716s] INFO:colcon.colcon_core.shell:Creating environment descriptor '/home/vy/GalacticRacing/sim_ws/install/particle_filter/share/particle_filter/hook/pythonpath.dsv'
[6.723s] INFO:colcon.colcon_core.shell:Creating environment hook '/home/vy/GalacticRacing/sim_ws/install/particle_filter/share/particle_filter/hook/pythonpath.sh'
[6.724s] Level 1:colcon.colcon_core.environment:checking '/home/vy/GalacticRacing/sim_ws/install/particle_filter/bin'
[6.724s] Level 1:colcon.colcon_core.environment:create_environment_scripts_only(particle_filter)
[6.779s] INFO:colcon.colcon_core.shell:Creating package script '/home/vy/GalacticRacing/sim_ws/install/particle_filter/share/particle_filter/package.ps1'
[6.783s] INFO:colcon.colcon_core.shell:Creating package descriptor '/home/vy/GalacticRacing/sim_ws/install/particle_filter/share/particle_filter/package.dsv'
[6.784s] INFO:colcon.colcon_core.shell:Creating package script '/home/vy/GalacticRacing/sim_ws/install/particle_filter/share/particle_filter/package.sh'
[6.788s] INFO:colcon.colcon_core.shell:Creating package script '/home/vy/GalacticRacing/sim_ws/install/particle_filter/share/particle_filter/package.bash'
[6.789s] INFO:colcon.colcon_core.shell:Creating package script '/home/vy/GalacticRacing/sim_ws/install/particle_filter/share/particle_filter/package.zsh'
[6.792s] Level 1:colcon.colcon_core.environment:create_file_with_runtime_dependencies(/home/vy/GalacticRacing/sim_ws/install/particle_filter/share/colcon-core/packages/particle_filter)
[6.844s] DEBUG:colcon.colcon_core.event_handler.log_command:Invoked command in '/home/vy/GalacticRacing/sim_ws/src/f1tenth_gym_ros' returned '0': PYTHONPATH=/home/vy/GalacticRacing/sim_ws/build/f1tenth_gym_ros/prefix_override:/home/vy/GalacticRacing/sim_ws/install/f1tenth_gym_ros/lib/python3.8/site-packages:${PYTHONPATH} /usr/bin/python3 setup.py egg_info --egg-base ../../build/f1tenth_gym_ros build --build-base /home/vy/GalacticRacing/sim_ws/build/f1tenth_gym_ros/build install --record /home/vy/GalacticRacing/sim_ws/build/f1tenth_gym_ros/install.log --install-scripts $base/lib/f1tenth_gym_ros --single-version-externally-managed
[6.871s] Level 1:colcon.colcon_core.environment:checking '/home/vy/GalacticRacing/sim_ws/install/f1tenth_gym_ros' for CMake module files
[6.872s] Level 1:colcon.colcon_core.environment:checking '/home/vy/GalacticRacing/sim_ws/install/f1tenth_gym_ros' for CMake config files
[6.873s] Level 1:colcon.colcon_core.environment:checking '/home/vy/GalacticRacing/sim_ws/install/f1tenth_gym_ros/lib'
[6.873s] Level 1:colcon.colcon_core.environment:checking '/home/vy/GalacticRacing/sim_ws/install/f1tenth_gym_ros/bin'
[6.874s] Level 1:colcon.colcon_core.environment:checking '/home/vy/GalacticRacing/sim_ws/install/f1tenth_gym_ros/lib/pkgconfig/f1tenth_gym_ros.pc'
[6.874s] Level 1:colcon.colcon_core.environment:checking '/home/vy/GalacticRacing/sim_ws/install/f1tenth_gym_ros/lib/python3.8/site-packages'
[6.874s] Level 1:colcon.colcon_core.shell:create_environment_hook('f1tenth_gym_ros', 'pythonpath')
[6.920s] INFO:colcon.colcon_core.shell:Creating environment hook '/home/vy/GalacticRacing/sim_ws/install/f1tenth_gym_ros/share/f1tenth_gym_ros/hook/pythonpath.ps1'
[6.922s] INFO:colcon.colcon_core.shell:Creating environment descriptor '/home/vy/GalacticRacing/sim_ws/install/f1tenth_gym_ros/share/f1tenth_gym_ros/hook/pythonpath.dsv'
[6.923s] INFO:colcon.colcon_core.shell:Creating environment hook '/home/vy/GalacticRacing/sim_ws/install/f1tenth_gym_ros/share/f1tenth_gym_ros/hook/pythonpath.sh'
[6.924s] Level 1:colcon.colcon_core.environment:checking '/home/vy/GalacticRacing/sim_ws/install/f1tenth_gym_ros/bin'
[6.924s] Level 1:colcon.colcon_core.environment:create_environment_scripts_only(f1tenth_gym_ros)
[6.966s] INFO:colcon.colcon_core.shell:Creating package script '/home/vy/GalacticRacing/sim_ws/install/f1tenth_gym_ros/share/f1tenth_gym_ros/package.ps1'
[6.967s] INFO:colcon.colcon_core.shell:Creating package descriptor '/home/vy/GalacticRacing/sim_ws/install/f1tenth_gym_ros/share/f1tenth_gym_ros/package.dsv'
[6.967s] INFO:colcon.colcon_core.shell:Creating package script '/home/vy/GalacticRacing/sim_ws/install/f1tenth_gym_ros/share/f1tenth_gym_ros/package.sh'
[6.968s] INFO:colcon.colcon_core.shell:Creating package script '/home/vy/GalacticRacing/sim_ws/install/f1tenth_gym_ros/share/f1tenth_gym_ros/package.bash'
[6.972s] INFO:colcon.colcon_core.shell:Creating package script '/home/vy/GalacticRacing/sim_ws/install/f1tenth_gym_ros/share/f1tenth_gym_ros/package.zsh'
[6.973s] Level 1:colcon.colcon_core.environment:create_file_with_runtime_dependencies(/home/vy/GalacticRacing/sim_ws/install/f1tenth_gym_ros/share/colcon-core/packages/f1tenth_gym_ros)
[6.973s] INFO:colcon.colcon_ros.task.ament_cmake.build:Building ROS package in '/home/vy/GalacticRacing/sim_ws/src/waypoint_logger' with build type 'ament_cmake'
[6.974s] INFO:colcon.colcon_cmake.task.cmake.build:Building CMake package in '/home/vy/GalacticRacing/sim_ws/src/waypoint_logger'
[7.038s] INFO:colcon.colcon_core.shell:Skip shell extension 'powershell' for command environment: Not usable outside of PowerShell
[7.038s] DEBUG:colcon.colcon_core.shell:Skip shell extension 'dsv' for command environment
[7.203s] DEBUG:colcon.colcon_core.event_handler.log_command:Invoking command in '/home/vy/GalacticRacing/sim_ws/build/wall_follow': CMAKE_PREFIX_PATH=${CMAKE_PREFIX_PATH}:/home/vy/GalacticRacing/sim_ws/install/particle_filter:/home/vy/GalacticRacing/sim_ws/install/f1tenth_gym_ros:/opt/ros/foxy /usr/bin/cmake --build /home/vy/GalacticRacing/sim_ws/build/wall_follow -- -j6 -l6
[7.253s] Level 1:colcon.colcon_core.environment:create_environment_scripts_only(pure_pursuit)
[7.303s] Level 1:colcon.colcon_core.environment:checking '/home/vy/GalacticRacing/sim_ws/install/pure_pursuit' for CMake module files
[7.303s] Level 1:colcon.colcon_core.environment:checking '/home/vy/GalacticRacing/sim_ws/install/pure_pursuit' for CMake config files
[7.303s] Level 1:colcon.colcon_core.shell:create_environment_hook('pure_pursuit', 'cmake_prefix_path')
[7.351s] INFO:colcon.colcon_core.shell:Creating environment hook '/home/vy/GalacticRacing/sim_ws/install/pure_pursuit/share/pure_pursuit/hook/cmake_prefix_path.ps1'
[7.355s] INFO:colcon.colcon_core.shell:Creating environment descriptor '/home/vy/GalacticRacing/sim_ws/install/pure_pursuit/share/pure_pursuit/hook/cmake_prefix_path.dsv'
[7.363s] INFO:colcon.colcon_core.shell:Creating environment hook '/home/vy/GalacticRacing/sim_ws/install/pure_pursuit/share/pure_pursuit/hook/cmake_prefix_path.sh'
[7.365s] Level 1:colcon.colcon_core.environment:checking '/home/vy/GalacticRacing/sim_ws/install/pure_pursuit/lib'
[7.366s] Level 1:colcon.colcon_core.environment:checking '/home/vy/GalacticRacing/sim_ws/install/pure_pursuit/bin'
[7.366s] Level 1:colcon.colcon_core.environment:checking '/home/vy/GalacticRacing/sim_ws/install/pure_pursuit/lib/pkgconfig/pure_pursuit.pc'
[7.366s] Level 1:colcon.colcon_core.environment:checking '/home/vy/GalacticRacing/sim_ws/install/pure_pursuit/lib/python3.8/site-packages'
[7.367s] Level 1:colcon.colcon_core.shell:create_environment_hook('pure_pursuit', 'pythonpath')
[7.426s] INFO:colcon.colcon_core.shell:Creating environment hook '/home/vy/GalacticRacing/sim_ws/install/pure_pursuit/share/pure_pursuit/hook/pythonpath.ps1'
[7.427s] INFO:colcon.colcon_core.shell:Creating environment descriptor '/home/vy/GalacticRacing/sim_ws/install/pure_pursuit/share/pure_pursuit/hook/pythonpath.dsv'
[7.428s] INFO:colcon.colcon_core.shell:Creating environment hook '/home/vy/GalacticRacing/sim_ws/install/pure_pursuit/share/pure_pursuit/hook/pythonpath.sh'
[7.430s] Level 1:colcon.colcon_core.environment:checking '/home/vy/GalacticRacing/sim_ws/install/pure_pursuit/bin'
[7.468s] INFO:colcon.colcon_core.shell:Creating package script '/home/vy/GalacticRacing/sim_ws/install/pure_pursuit/share/pure_pursuit/package.ps1'
[7.472s] INFO:colcon.colcon_core.shell:Creating package descriptor '/home/vy/GalacticRacing/sim_ws/install/pure_pursuit/share/pure_pursuit/package.dsv'
[7.474s] INFO:colcon.colcon_core.shell:Creating package script '/home/vy/GalacticRacing/sim_ws/install/pure_pursuit/share/pure_pursuit/package.sh'
[7.475s] INFO:colcon.colcon_core.shell:Creating package script '/home/vy/GalacticRacing/sim_ws/install/pure_pursuit/share/pure_pursuit/package.bash'
[7.476s] INFO:colcon.colcon_core.shell:Creating package script '/home/vy/GalacticRacing/sim_ws/install/pure_pursuit/share/pure_pursuit/package.zsh'
[7.476s] Level 1:colcon.colcon_core.environment:create_file_with_runtime_dependencies(/home/vy/GalacticRacing/sim_ws/install/pure_pursuit/share/colcon-core/packages/pure_pursuit)
[7.488s] DEBUG:colcon.colcon_core.event_handler.log_command:Invoking command in '/home/vy/GalacticRacing/sim_ws/build/safety_node': CMAKE_PREFIX_PATH=${CMAKE_PREFIX_PATH}:/home/vy/GalacticRacing/sim_ws/install/particle_filter:/home/vy/GalacticRacing/sim_ws/install/f1tenth_gym_ros:/opt/ros/foxy /usr/bin/cmake --install /home/vy/GalacticRacing/sim_ws/build/safety_node
[7.495s] DEBUG:colcon.colcon_core.event_handler.log_command:Invoking command in '/home/vy/GalacticRacing/sim_ws/build/waypoint_logger': CMAKE_PREFIX_PATH=${CMAKE_PREFIX_PATH}:/home/vy/GalacticRacing/sim_ws/install/particle_filter:/home/vy/GalacticRacing/sim_ws/install/f1tenth_gym_ros:/opt/ros/foxy /usr/bin/cmake --build /home/vy/GalacticRacing/sim_ws/build/waypoint_logger -- -j6 -l6
[7.502s] DEBUG:colcon.colcon_core.event_handler.log_command:Invoked command in '/home/vy/GalacticRacing/sim_ws/build/wall_follow' returned '0': CMAKE_PREFIX_PATH=${CMAKE_PREFIX_PATH}:/home/vy/GalacticRacing/sim_ws/install/particle_filter:/home/vy/GalacticRacing/sim_ws/install/f1tenth_gym_ros:/opt/ros/foxy /usr/bin/cmake --build /home/vy/GalacticRacing/sim_ws/build/wall_follow -- -j6 -l6
[7.543s] Level 1:colcon.colcon_core.environment:create_environment_scripts_only(safety_node)
[7.544s] DEBUG:colcon.colcon_core.event_handler.log_command:Invoked command in '/home/vy/GalacticRacing/sim_ws/build/safety_node' returned '0': CMAKE_PREFIX_PATH=${CMAKE_PREFIX_PATH}:/home/vy/GalacticRacing/sim_ws/install/particle_filter:/home/vy/GalacticRacing/sim_ws/install/f1tenth_gym_ros:/opt/ros/foxy /usr/bin/cmake --install /home/vy/GalacticRacing/sim_ws/build/safety_node
[7.627s] Level 1:colcon.colcon_core.environment:checking '/home/vy/GalacticRacing/sim_ws/install/safety_node' for CMake module files
[7.627s] Level 1:colcon.colcon_core.environment:checking '/home/vy/GalacticRacing/sim_ws/install/safety_node' for CMake config files
[7.627s] Level 1:colcon.colcon_core.shell:create_environment_hook('safety_node', 'cmake_prefix_path')
[7.670s] INFO:colcon.colcon_core.shell:Creating environment hook '/home/vy/GalacticRacing/sim_ws/install/safety_node/share/safety_node/hook/cmake_prefix_path.ps1'
[7.671s] INFO:colcon.colcon_core.shell:Creating environment descriptor '/home/vy/GalacticRacing/sim_ws/install/safety_node/share/safety_node/hook/cmake_prefix_path.dsv'
[7.672s] INFO:colcon.colcon_core.shell:Creating environment hook '/home/vy/GalacticRacing/sim_ws/install/safety_node/share/safety_node/hook/cmake_prefix_path.sh'
[7.673s] Level 1:colcon.colcon_core.environment:checking '/home/vy/GalacticRacing/sim_ws/install/safety_node/lib'
[7.673s] Level 1:colcon.colcon_core.environment:checking '/home/vy/GalacticRacing/sim_ws/install/safety_node/bin'
[7.673s] Level 1:colcon.colcon_core.environment:checking '/home/vy/GalacticRacing/sim_ws/install/safety_node/lib/pkgconfig/safety_node.pc'
[7.673s] Level 1:colcon.colcon_core.environment:checking '/home/vy/GalacticRacing/sim_ws/install/safety_node/lib/python3.8/site-packages'
[7.673s] Level 1:colcon.colcon_core.shell:create_environment_hook('safety_node', 'pythonpath')
[7.715s] INFO:colcon.colcon_core.shell:Creating environment hook '/home/vy/GalacticRacing/sim_ws/install/safety_node/share/safety_node/hook/pythonpath.ps1'
[7.720s] INFO:colcon.colcon_core.shell:Creating environment descriptor '/home/vy/GalacticRacing/sim_ws/install/safety_node/share/safety_node/hook/pythonpath.dsv'
[7.722s] INFO:colcon.colcon_core.shell:Creating environment hook '/home/vy/GalacticRacing/sim_ws/install/safety_node/share/safety_node/hook/pythonpath.sh'
[7.723s] Level 1:colcon.colcon_core.environment:checking '/home/vy/GalacticRacing/sim_ws/install/safety_node/bin'
[7.775s] INFO:colcon.colcon_core.shell:Creating package script '/home/vy/GalacticRacing/sim_ws/install/safety_node/share/safety_node/package.ps1'
[7.775s] INFO:colcon.colcon_core.shell:Creating package descriptor '/home/vy/GalacticRacing/sim_ws/install/safety_node/share/safety_node/package.dsv'
[7.779s] INFO:colcon.colcon_core.shell:Creating package script '/home/vy/GalacticRacing/sim_ws/install/safety_node/share/safety_node/package.sh'
[7.780s] INFO:colcon.colcon_core.shell:Creating package script '/home/vy/GalacticRacing/sim_ws/install/safety_node/share/safety_node/package.bash'
[7.781s] INFO:colcon.colcon_core.shell:Creating package script '/home/vy/GalacticRacing/sim_ws/install/safety_node/share/safety_node/package.zsh'
[7.782s] Level 1:colcon.colcon_core.environment:create_file_with_runtime_dependencies(/home/vy/GalacticRacing/sim_ws/install/safety_node/share/colcon-core/packages/safety_node)
[7.797s] DEBUG:colcon.colcon_core.event_handler.log_command:Invoking command in '/home/vy/GalacticRacing/sim_ws/build/wall_follow': CMAKE_PREFIX_PATH=${CMAKE_PREFIX_PATH}:/home/vy/GalacticRacing/sim_ws/install/particle_filter:/home/vy/GalacticRacing/sim_ws/install/f1tenth_gym_ros:/opt/ros/foxy /usr/bin/cmake --install /home/vy/GalacticRacing/sim_ws/build/wall_follow
[7.906s] Level 1:colcon.colcon_core.environment:create_environment_scripts_only(safety_node)
[7.950s] Level 1:colcon.colcon_core.environment:checking '/home/vy/GalacticRacing/sim_ws/install/safety_node' for CMake module files
[7.950s] Level 1:colcon.colcon_core.environment:checking '/home/vy/GalacticRacing/sim_ws/install/safety_node' for CMake config files
[7.951s] Level 1:colcon.colcon_core.shell:create_environment_hook('safety_node', 'cmake_prefix_path')
[7.995s] INFO:colcon.colcon_core.shell:Creating environment hook '/home/vy/GalacticRacing/sim_ws/install/safety_node/share/safety_node/hook/cmake_prefix_path.ps1'
[7.996s] INFO:colcon.colcon_core.shell:Creating environment descriptor '/home/vy/GalacticRacing/sim_ws/install/safety_node/share/safety_node/hook/cmake_prefix_path.dsv'
[7.996s] INFO:colcon.colcon_core.shell:Creating environment hook '/home/vy/GalacticRacing/sim_ws/install/safety_node/share/safety_node/hook/cmake_prefix_path.sh'
[7.997s] Level 1:colcon.colcon_core.environment:checking '/home/vy/GalacticRacing/sim_ws/install/safety_node/lib'
[7.997s] Level 1:colcon.colcon_core.environment:checking '/home/vy/GalacticRacing/sim_ws/install/safety_node/bin'
[7.997s] Level 1:colcon.colcon_core.environment:checking '/home/vy/GalacticRacing/sim_ws/install/safety_node/lib/pkgconfig/safety_node.pc'
[7.999s] Level 1:colcon.colcon_core.environment:checking '/home/vy/GalacticRacing/sim_ws/install/safety_node/lib/python3.8/site-packages'
[7.999s] Level 1:colcon.colcon_core.shell:create_environment_hook('safety_node', 'pythonpath')
[8.075s] INFO:colcon.colcon_core.shell:Creating environment hook '/home/vy/GalacticRacing/sim_ws/install/safety_node/share/safety_node/hook/pythonpath.ps1'
[8.076s] INFO:colcon.colcon_core.shell:Creating environment descriptor '/home/vy/GalacticRacing/sim_ws/install/safety_node/share/safety_node/hook/pythonpath.dsv'
[8.076s] INFO:colcon.colcon_core.shell:Creating environment hook '/home/vy/GalacticRacing/sim_ws/install/safety_node/share/safety_node/hook/pythonpath.sh'
[8.077s] Level 1:colcon.colcon_core.environment:checking '/home/vy/GalacticRacing/sim_ws/install/safety_node/bin'
[8.107s] INFO:colcon.colcon_core.shell:Creating package script '/home/vy/GalacticRacing/sim_ws/install/safety_node/share/safety_node/package.ps1'
[8.114s] INFO:colcon.colcon_core.shell:Creating package descriptor '/home/vy/GalacticRacing/sim_ws/install/safety_node/share/safety_node/package.dsv'
[8.119s] INFO:colcon.colcon_core.shell:Creating package script '/home/vy/GalacticRacing/sim_ws/install/safety_node/share/safety_node/package.sh'
[8.122s] INFO:colcon.colcon_core.shell:Creating package script '/home/vy/GalacticRacing/sim_ws/install/safety_node/share/safety_node/package.bash'
[8.122s] INFO:colcon.colcon_core.shell:Creating package script '/home/vy/GalacticRacing/sim_ws/install/safety_node/share/safety_node/package.zsh'
[8.124s] Level 1:colcon.colcon_core.environment:create_file_with_runtime_dependencies(/home/vy/GalacticRacing/sim_ws/install/safety_node/share/colcon-core/packages/safety_node)
[8.127s] Level 1:colcon.colcon_core.environment:create_environment_scripts_only(wall_follow)
[8.129s] DEBUG:colcon.colcon_core.event_handler.log_command:Invoked command in '/home/vy/GalacticRacing/sim_ws/build/wall_follow' returned '0': CMAKE_PREFIX_PATH=${CMAKE_PREFIX_PATH}:/home/vy/GalacticRacing/sim_ws/install/particle_filter:/home/vy/GalacticRacing/sim_ws/install/f1tenth_gym_ros:/opt/ros/foxy /usr/bin/cmake --install /home/vy/GalacticRacing/sim_ws/build/wall_follow
[8.160s] Level 1:colcon.colcon_core.environment:checking '/home/vy/GalacticRacing/sim_ws/install/wall_follow' for CMake module files
[8.163s] Level 1:colcon.colcon_core.environment:checking '/home/vy/GalacticRacing/sim_ws/install/wall_follow' for CMake config files
[8.164s] Level 1:colcon.colcon_core.shell:create_environment_hook('wall_follow', 'cmake_prefix_path')
[8.225s] INFO:colcon.colcon_core.shell:Creating environment hook '/home/vy/GalacticRacing/sim_ws/install/wall_follow/share/wall_follow/hook/cmake_prefix_path.ps1'
[8.227s] INFO:colcon.colcon_core.shell:Creating environment descriptor '/home/vy/GalacticRacing/sim_ws/install/wall_follow/share/wall_follow/hook/cmake_prefix_path.dsv'
[8.229s] INFO:colcon.colcon_core.shell:Creating environment hook '/home/vy/GalacticRacing/sim_ws/install/wall_follow/share/wall_follow/hook/cmake_prefix_path.sh'
[8.232s] Level 1:colcon.colcon_core.environment:checking '/home/vy/GalacticRacing/sim_ws/install/wall_follow/lib'
[8.232s] Level 1:colcon.colcon_core.environment:checking '/home/vy/GalacticRacing/sim_ws/install/wall_follow/bin'
[8.232s] Level 1:colcon.colcon_core.environment:checking '/home/vy/GalacticRacing/sim_ws/install/wall_follow/lib/pkgconfig/wall_follow.pc'
[8.232s] Level 1:colcon.colcon_core.environment:checking '/home/vy/GalacticRacing/sim_ws/install/wall_follow/lib/python3.8/site-packages'
[8.232s] Level 1:colcon.colcon_core.shell:create_environment_hook('wall_follow', 'pythonpath')
[8.282s] INFO:colcon.colcon_core.shell:Creating environment hook '/home/vy/GalacticRacing/sim_ws/install/wall_follow/share/wall_follow/hook/pythonpath.ps1'
[8.284s] INFO:colcon.colcon_core.shell:Creating environment descriptor '/home/vy/GalacticRacing/sim_ws/install/wall_follow/share/wall_follow/hook/pythonpath.dsv'
[8.284s] INFO:colcon.colcon_core.shell:Creating environment hook '/home/vy/GalacticRacing/sim_ws/install/wall_follow/share/wall_follow/hook/pythonpath.sh'
[8.288s] Level 1:colcon.colcon_core.environment:checking '/home/vy/GalacticRacing/sim_ws/install/wall_follow/bin'
[8.332s] INFO:colcon.colcon_core.shell:Creating package script '/home/vy/GalacticRacing/sim_ws/install/wall_follow/share/wall_follow/package.ps1'
[8.333s] INFO:colcon.colcon_core.shell:Creating package descriptor '/home/vy/GalacticRacing/sim_ws/install/wall_follow/share/wall_follow/package.dsv'
[8.340s] INFO:colcon.colcon_core.shell:Creating package script '/home/vy/GalacticRacing/sim_ws/install/wall_follow/share/wall_follow/package.sh'
[8.341s] INFO:colcon.colcon_core.shell:Creating package script '/home/vy/GalacticRacing/sim_ws/install/wall_follow/share/wall_follow/package.bash'
[8.342s] INFO:colcon.colcon_core.shell:Creating package script '/home/vy/GalacticRacing/sim_ws/install/wall_follow/share/wall_follow/package.zsh'
[8.343s] Level 1:colcon.colcon_core.environment:create_file_with_runtime_dependencies(/home/vy/GalacticRacing/sim_ws/install/wall_follow/share/colcon-core/packages/wall_follow)
[8.428s] Level 1:colcon.colcon_core.environment:create_environment_scripts_only(wall_follow)
[8.496s] Level 1:colcon.colcon_core.environment:checking '/home/vy/GalacticRacing/sim_ws/install/wall_follow' for CMake module files
[8.497s] Level 1:colcon.colcon_core.environment:checking '/home/vy/GalacticRacing/sim_ws/install/wall_follow' for CMake config files
[8.497s] Level 1:colcon.colcon_core.shell:create_environment_hook('wall_follow', 'cmake_prefix_path')
[8.550s] INFO:colcon.colcon_core.shell:Creating environment hook '/home/vy/GalacticRacing/sim_ws/install/wall_follow/share/wall_follow/hook/cmake_prefix_path.ps1'
[8.552s] INFO:colcon.colcon_core.shell:Creating environment descriptor '/home/vy/GalacticRacing/sim_ws/install/wall_follow/share/wall_follow/hook/cmake_prefix_path.dsv'
[8.552s] INFO:colcon.colcon_core.shell:Creating environment hook '/home/vy/GalacticRacing/sim_ws/install/wall_follow/share/wall_follow/hook/cmake_prefix_path.sh'
[8.553s] Level 1:colcon.colcon_core.environment:checking '/home/vy/GalacticRacing/sim_ws/install/wall_follow/lib'
[8.553s] Level 1:colcon.colcon_core.environment:checking '/home/vy/GalacticRacing/sim_ws/install/wall_follow/bin'
[8.553s] Level 1:colcon.colcon_core.environment:checking '/home/vy/GalacticRacing/sim_ws/install/wall_follow/lib/pkgconfig/wall_follow.pc'
[8.553s] Level 1:colcon.colcon_core.environment:checking '/home/vy/GalacticRacing/sim_ws/install/wall_follow/lib/python3.8/site-packages'
[8.553s] Level 1:colcon.colcon_core.shell:create_environment_hook('wall_follow', 'pythonpath')
[8.601s] INFO:colcon.colcon_core.shell:Creating environment hook '/home/vy/GalacticRacing/sim_ws/install/wall_follow/share/wall_follow/hook/pythonpath.ps1'
[8.602s] INFO:colcon.colcon_core.shell:Creating environment descriptor '/home/vy/GalacticRacing/sim_ws/install/wall_follow/share/wall_follow/hook/pythonpath.dsv'
[8.603s] INFO:colcon.colcon_core.shell:Creating environment hook '/home/vy/GalacticRacing/sim_ws/install/wall_follow/share/wall_follow/hook/pythonpath.sh'
[8.603s] Level 1:colcon.colcon_core.environment:checking '/home/vy/GalacticRacing/sim_ws/install/wall_follow/bin'
[8.644s] INFO:colcon.colcon_core.shell:Creating package script '/home/vy/GalacticRacing/sim_ws/install/wall_follow/share/wall_follow/package.ps1'
[8.645s] INFO:colcon.colcon_core.shell:Creating package descriptor '/home/vy/GalacticRacing/sim_ws/install/wall_follow/share/wall_follow/package.dsv'
[8.646s] INFO:colcon.colcon_core.shell:Creating package script '/home/vy/GalacticRacing/sim_ws/install/wall_follow/share/wall_follow/package.sh'
[8.647s] INFO:colcon.colcon_core.shell:Creating package script '/home/vy/GalacticRacing/sim_ws/install/wall_follow/share/wall_follow/package.bash'
[8.648s] INFO:colcon.colcon_core.shell:Creating package script '/home/vy/GalacticRacing/sim_ws/install/wall_follow/share/wall_follow/package.zsh'
[8.649s] Level 1:colcon.colcon_core.environment:create_file_with_runtime_dependencies(/home/vy/GalacticRacing/sim_ws/install/wall_follow/share/colcon-core/packages/wall_follow)
[9.097s] DEBUG:colcon.colcon_core.event_handler.log_command:Invoked command in '/home/vy/GalacticRacing/sim_ws/build/waypoint_logger' returned '0': CMAKE_PREFIX_PATH=${CMAKE_PREFIX_PATH}:/home/vy/GalacticRacing/sim_ws/install/particle_filter:/home/vy/GalacticRacing/sim_ws/install/f1tenth_gym_ros:/opt/ros/foxy /usr/bin/cmake --build /home/vy/GalacticRacing/sim_ws/build/waypoint_logger -- -j6 -l6
[9.143s] DEBUG:colcon.colcon_core.event_handler.log_command:Invoking command in '/home/vy/GalacticRacing/sim_ws/build/waypoint_logger': CMAKE_PREFIX_PATH=${CMAKE_PREFIX_PATH}:/home/vy/GalacticRacing/sim_ws/install/particle_filter:/home/vy/GalacticRacing/sim_ws/install/f1tenth_gym_ros:/opt/ros/foxy /usr/bin/cmake --install /home/vy/GalacticRacing/sim_ws/build/waypoint_logger
[9.207s] Level 1:colcon.colcon_core.environment:create_environment_scripts_only(waypoint_logger)
[9.215s] DEBUG:colcon.colcon_core.event_handler.log_command:Invoked command in '/home/vy/GalacticRacing/sim_ws/build/waypoint_logger' returned '0': CMAKE_PREFIX_PATH=${CMAKE_PREFIX_PATH}:/home/vy/GalacticRacing/sim_ws/install/particle_filter:/home/vy/GalacticRacing/sim_ws/install/f1tenth_gym_ros:/opt/ros/foxy /usr/bin/cmake --install /home/vy/GalacticRacing/sim_ws/build/waypoint_logger
[9.253s] Level 1:colcon.colcon_core.environment:checking '/home/vy/GalacticRacing/sim_ws/install/waypoint_logger' for CMake module files
[9.255s] Level 1:colcon.colcon_core.environment:checking '/home/vy/GalacticRacing/sim_ws/install/waypoint_logger' for CMake config files
[9.255s] Level 1:colcon.colcon_core.shell:create_environment_hook('waypoint_logger', 'cmake_prefix_path')
[9.310s] INFO:colcon.colcon_core.shell:Creating environment hook '/home/vy/GalacticRacing/sim_ws/install/waypoint_logger/share/waypoint_logger/hook/cmake_prefix_path.ps1'
[9.311s] INFO:colcon.colcon_core.shell:Creating environment descriptor '/home/vy/GalacticRacing/sim_ws/install/waypoint_logger/share/waypoint_logger/hook/cmake_prefix_path.dsv'
[9.311s] INFO:colcon.colcon_core.shell:Creating environment hook '/home/vy/GalacticRacing/sim_ws/install/waypoint_logger/share/waypoint_logger/hook/cmake_prefix_path.sh'
[9.312s] Level 1:colcon.colcon_core.environment:checking '/home/vy/GalacticRacing/sim_ws/install/waypoint_logger/lib'
[9.312s] Level 1:colcon.colcon_core.environment:checking '/home/vy/GalacticRacing/sim_ws/install/waypoint_logger/bin'
[9.312s] Level 1:colcon.colcon_core.environment:checking '/home/vy/GalacticRacing/sim_ws/install/waypoint_logger/lib/pkgconfig/waypoint_logger.pc'
[9.312s] Level 1:colcon.colcon_core.environment:checking '/home/vy/GalacticRacing/sim_ws/install/waypoint_logger/lib/python3.8/site-packages'
[9.312s] Level 1:colcon.colcon_core.shell:create_environment_hook('waypoint_logger', 'pythonpath')
[9.385s] INFO:colcon.colcon_core.shell:Creating environment hook '/home/vy/GalacticRacing/sim_ws/install/waypoint_logger/share/waypoint_logger/hook/pythonpath.ps1'
[9.391s] INFO:colcon.colcon_core.shell:Creating environment descriptor '/home/vy/GalacticRacing/sim_ws/install/waypoint_logger/share/waypoint_logger/hook/pythonpath.dsv'
[9.392s] INFO:colcon.colcon_core.shell:Creating environment hook '/home/vy/GalacticRacing/sim_ws/install/waypoint_logger/share/waypoint_logger/hook/pythonpath.sh'
[9.395s] Level 1:colcon.colcon_core.environment:checking '/home/vy/GalacticRacing/sim_ws/install/waypoint_logger/bin'
[9.439s] INFO:colcon.colcon_core.shell:Creating package script '/home/vy/GalacticRacing/sim_ws/install/waypoint_logger/share/waypoint_logger/package.ps1'
[9.443s] INFO:colcon.colcon_core.shell:Creating package descriptor '/home/vy/GalacticRacing/sim_ws/install/waypoint_logger/share/waypoint_logger/package.dsv'
[9.443s] INFO:colcon.colcon_core.shell:Creating package script '/home/vy/GalacticRacing/sim_ws/install/waypoint_logger/share/waypoint_logger/package.sh'
[9.444s] INFO:colcon.colcon_core.shell:Creating package script '/home/vy/GalacticRacing/sim_ws/install/waypoint_logger/share/waypoint_logger/package.bash'
[9.447s] INFO:colcon.colcon_core.shell:Creating package script '/home/vy/GalacticRacing/sim_ws/install/waypoint_logger/share/waypoint_logger/package.zsh'
[9.447s] Level 1:colcon.colcon_core.environment:create_file_with_runtime_dependencies(/home/vy/GalacticRacing/sim_ws/install/waypoint_logger/share/colcon-core/packages/waypoint_logger)
[9.575s] Level 1:colcon.colcon_core.environment:create_environment_scripts_only(waypoint_logger)
[9.622s] Level 1:colcon.colcon_core.environment:checking '/home/vy/GalacticRacing/sim_ws/install/waypoint_logger' for CMake module files
[9.622s] Level 1:colcon.colcon_core.environment:checking '/home/vy/GalacticRacing/sim_ws/install/waypoint_logger' for CMake config files
[9.622s] Level 1:colcon.colcon_core.shell:create_environment_hook('waypoint_logger', 'cmake_prefix_path')
[9.660s] INFO:colcon.colcon_core.shell:Creating environment hook '/home/vy/GalacticRacing/sim_ws/install/waypoint_logger/share/waypoint_logger/hook/cmake_prefix_path.ps1'
[9.661s] INFO:colcon.colcon_core.shell:Creating environment descriptor '/home/vy/GalacticRacing/sim_ws/install/waypoint_logger/share/waypoint_logger/hook/cmake_prefix_path.dsv'
[9.662s] INFO:colcon.colcon_core.shell:Creating environment hook '/home/vy/GalacticRacing/sim_ws/install/waypoint_logger/share/waypoint_logger/hook/cmake_prefix_path.sh'
[9.662s] Level 1:colcon.colcon_core.environment:checking '/home/vy/GalacticRacing/sim_ws/install/waypoint_logger/lib'
[9.663s] Level 1:colcon.colcon_core.environment:checking '/home/vy/GalacticRacing/sim_ws/install/waypoint_logger/bin'
[9.663s] Level 1:colcon.colcon_core.environment:checking '/home/vy/GalacticRacing/sim_ws/install/waypoint_logger/lib/pkgconfig/waypoint_logger.pc'
[9.663s] Level 1:colcon.colcon_core.environment:checking '/home/vy/GalacticRacing/sim_ws/install/waypoint_logger/lib/python3.8/site-packages'
[9.663s] Level 1:colcon.colcon_core.shell:create_environment_hook('waypoint_logger', 'pythonpath')
[9.728s] INFO:colcon.colcon_core.shell:Creating environment hook '/home/vy/GalacticRacing/sim_ws/install/waypoint_logger/share/waypoint_logger/hook/pythonpath.ps1'
[9.729s] INFO:colcon.colcon_core.shell:Creating environment descriptor '/home/vy/GalacticRacing/sim_ws/install/waypoint_logger/share/waypoint_logger/hook/pythonpath.dsv'
[9.730s] INFO:colcon.colcon_core.shell:Creating environment hook '/home/vy/GalacticRacing/sim_ws/install/waypoint_logger/share/waypoint_logger/hook/pythonpath.sh'
[9.731s] Level 1:colcon.colcon_core.environment:checking '/home/vy/GalacticRacing/sim_ws/install/waypoint_logger/bin'
[9.775s] INFO:colcon.colcon_core.shell:Creating package script '/home/vy/GalacticRacing/sim_ws/install/waypoint_logger/share/waypoint_logger/package.ps1'
[9.776s] INFO:colcon.colcon_core.shell:Creating package descriptor '/home/vy/GalacticRacing/sim_ws/install/waypoint_logger/share/waypoint_logger/package.dsv'
[9.776s] INFO:colcon.colcon_core.shell:Creating package script '/home/vy/GalacticRacing/sim_ws/install/waypoint_logger/share/waypoint_logger/package.sh'
[9.777s] INFO:colcon.colcon_core.shell:Creating package script '/home/vy/GalacticRacing/sim_ws/install/waypoint_logger/share/waypoint_logger/package.bash'
[9.779s] INFO:colcon.colcon_core.shell:Creating package script '/home/vy/GalacticRacing/sim_ws/install/waypoint_logger/share/waypoint_logger/package.zsh'
[9.780s] Level 1:colcon.colcon_core.environment:create_file_with_runtime_dependencies(/home/vy/GalacticRacing/sim_ws/install/waypoint_logger/share/colcon-core/packages/waypoint_logger)
[9.781s] DEBUG:colcon.colcon_parallel_executor.executor.parallel:closing loop
[9.781s] DEBUG:colcon.colcon_parallel_executor.executor.parallel:loop closed
[9.783s] DEBUG:colcon.colcon_parallel_executor.executor.parallel:run_until_complete finished with '0'
[9.783s] DEBUG:colcon.colcon_core.event_reactor:joining thread
[9.856s] INFO:colcon.colcon_core.plugin_system:Skipping extension 'colcon_notification.desktop_notification.terminal_notifier': Not used on non-Darwin systems
[9.856s] INFO:colcon.colcon_core.plugin_system:Skipping extension 'colcon_notification.desktop_notification.win32': Not used on non-Windows systems
[9.856s] INFO:colcon.colcon_notification.desktop_notification:Sending desktop notification using 'notify2'
[9.904s] DEBUG:colcon.colcon_core.event_reactor:joined thread
[9.939s] INFO:colcon.colcon_core.shell:Creating prefix script '/home/vy/GalacticRacing/sim_ws/install/local_setup.ps1'
[9.951s] INFO:colcon.colcon_core.shell:Creating prefix util module '/home/vy/GalacticRacing/sim_ws/install/_local_setup_util_ps1.py'
[9.955s] INFO:colcon.colcon_core.shell:Creating prefix chain script '/home/vy/GalacticRacing/sim_ws/install/setup.ps1'
[9.992s] INFO:colcon.colcon_core.shell:Creating prefix script '/home/vy/GalacticRacing/sim_ws/install/local_setup.sh'
[9.993s] INFO:colcon.colcon_core.shell:Creating prefix util module '/home/vy/GalacticRacing/sim_ws/install/_local_setup_util_sh.py'
[9.994s] INFO:colcon.colcon_core.shell:Creating prefix chain script '/home/vy/GalacticRacing/sim_ws/install/setup.sh'
[10.040s] INFO:colcon.colcon_core.shell:Creating prefix script '/home/vy/GalacticRacing/sim_ws/install/local_setup.bash'
[10.043s] INFO:colcon.colcon_core.shell:Creating prefix chain script '/home/vy/GalacticRacing/sim_ws/install/setup.bash'
[10.090s] INFO:colcon.colcon_core.shell:Creating prefix script '/home/vy/GalacticRacing/sim_ws/install/local_setup.zsh'
[10.095s] INFO:colcon.colcon_core.shell:Creating prefix chain script '/home/vy/GalacticRacing/sim_ws/install/setup.zsh'
