[0.062s] Invoking command in '/home/vy/GalacticRacing/sim_ws/src/build/wall_follow': /usr/bin/cmake /home/vy/GalacticRacing/sim_ws/src/wall_follow -DCMAKE_INSTALL_PREFIX=/home/vy/GalacticRacing/sim_ws/src/install/wall_follow
[0.109s] -- The C compiler identification is GNU 9.4.0
[0.160s] -- The CXX compiler identification is GNU 9.4.0
[0.163s] -- Check for working C compiler: /usr/bin/cc
[0.223s] -- Check for working C compiler: /usr/bin/cc -- works
[0.224s] -- Detecting C compiler ABI info
[0.294s] -- Detecting C compiler ABI info - done
[0.306s] -- Detecting C compile features
[0.306s] -- Detecting C compile features - done
[0.309s] -- Check for working CXX compiler: /usr/bin/c++
[0.385s] -- Check for working CXX compiler: /usr/bin/c++ -- works
[0.387s] -- Detecting CXX compiler ABI info
[0.461s] -- Detecting CXX compiler ABI info - done
[0.469s] -- Detecting CXX compile features
[0.470s] -- Detecting CXX compile features - done
[0.476s] CMake Error at CMakeLists.txt:25 (find_package):
[0.476s]   By not providing "Findament_cmake.cmake" in CMAKE_MODULE_PATH this project
[0.477s]   has asked CMake to find a package configuration file provided by
[0.477s]   "ament_cmake", but CMake did not find one.
[0.477s] 
[0.477s]   Could not find a package configuration file provided by "ament_cmake" with
[0.477s]   any of the following names:
[0.477s] 
[0.477s]     ament_cmakeConfig.cmake
[0.477s]     ament_cmake-config.cmake
[0.477s] 
[0.477s]   Add the installation prefix of "ament_cmake" to CMAKE_PREFIX_PATH or set
[0.477s]   "ament_cmake_DIR" to a directory containing one of the above files.  If
[0.477s]   "ament_cmake" provides a separate development package or SDK, be sure it
[0.477s]   has been installed.
[0.477s] 
[0.477s] 
[0.477s] -- Configuring incomplete, errors occurred!
[0.477s] See also "/home/vy/GalacticRacing/sim_ws/src/build/wall_follow/CMakeFiles/CMakeOutput.log".
[0.480s] Invoked command in '/home/vy/GalacticRacing/sim_ws/src/build/wall_follow' returned '1': /usr/bin/cmake /home/vy/GalacticRacing/sim_ws/src/wall_follow -DCMAKE_INSTALL_PREFIX=/home/vy/GalacticRacing/sim_ws/src/install/wall_follow
[0.619s] Traceback (most recent call last):
  File "/usr/lib/python3/dist-packages/colcon_core/executor/__init__.py", line 91, in __call__
    rc = await self.task(*args, **kwargs)
  File "/usr/lib/python3/dist-packages/colcon_core/task/__init__.py", line 93, in __call__
    return await task_method(*args, **kwargs)
  File "/usr/lib/python3/dist-packages/colcon_ros/task/ament_cmake/build.py", line 84, in build
    create_environment_scripts(
  File "/usr/lib/python3/dist-packages/colcon_core/environment/__init__.py", line 89, in create_environment_scripts
    create_file_with_runtime_dependencies(prefix_path, pkg))
  File "/usr/lib/python3/dist-packages/colcon_core/environment/__init__.py", line 172, in create_file_with_runtime_dependencies
    path.write_text(
  File "/usr/lib/python3.8/pathlib.py", line 1255, in write_text
    with self.open(mode='w', encoding=encoding, errors=errors) as f:
  File "/usr/lib/python3.8/pathlib.py", line 1222, in open
    return io.open(self, mode, buffering, encoding, errors, newline,
  File "/usr/lib/python3.8/pathlib.py", line 1078, in _opener
    return self._accessor.open(self, flags, mode)
PermissionError: [Errno 13] Permission denied: '/home/vy/GalacticRacing/sim_ws/src/install/wall_follow/share/colcon-core/packages/wall_follow'
