[3.539s] Invoking command in '/home/vy/GalacticRacing/sim_ws/src/build/gap_follow': CMAKE_PREFIX_PATH=${CMAKE_PREFIX_PATH}:/home/vy/GalacticRacing/sim_ws/src/install/particle_filter:/home/vy/GalacticRacing/sim_ws/src/install/f1tenth_gym_ros:/opt/ros/foxy /usr/bin/cmake --build /home/vy/GalacticRacing/sim_ws/src/build/gap_follow -- -j8 -l8
[4.309s] [100%] Built target reactive_node
[4.348s] Invoked command in '/home/vy/GalacticRacing/sim_ws/src/build/gap_follow' returned '0': CMAKE_PREFIX_PATH=${CMAKE_PREFIX_PATH}:/home/vy/GalacticRacing/sim_ws/src/install/particle_filter:/home/vy/GalacticRacing/sim_ws/src/install/f1tenth_gym_ros:/opt/ros/foxy /usr/bin/cmake --build /home/vy/GalacticRacing/sim_ws/src/build/gap_follow -- -j8 -l8
[4.425s] Invoking command in '/home/vy/GalacticRacing/sim_ws/src/build/gap_follow': CMAKE_PREFIX_PATH=${CMAKE_PREFIX_PATH}:/home/vy/GalacticRacing/sim_ws/src/install/particle_filter:/home/vy/GalacticRacing/sim_ws/src/install/f1tenth_gym_ros:/opt/ros/foxy /usr/bin/cmake --install /home/vy/GalacticRacing/sim_ws/src/build/gap_follow
[4.436s] -- Install configuration: ""
[4.436s] -- Up-to-date: /home/vy/GalacticRacing/sim_ws/src/install/gap_follow/lib/gap_follow/reactive_node
[4.436s] -- Up-to-date: /home/vy/GalacticRacing/sim_ws/src/install/gap_follow/share/gap_follow/environment/pythonpath.sh
[4.436s] -- Up-to-date: /home/vy/GalacticRacing/sim_ws/src/install/gap_follow/share/gap_follow/environment/pythonpath.dsv
[4.436s] -- Up-to-date: /home/vy/GalacticRacing/sim_ws/src/install/gap_follow/lib/python3.8/site-packages/gap_follow
[4.437s] -- Up-to-date: /home/vy/GalacticRacing/sim_ws/src/install/gap_follow/lib/python3.8/site-packages/gap_follow/__init__.py
[4.437s] -- Up-to-date: /home/vy/GalacticRacing/sim_ws/src/install/gap_follow/lib/python3.8/site-packages/gap_follow/variables.py
[4.437s] -- Up-to-date: /home/vy/GalacticRacing/sim_ws/src/install/gap_follow/lib/python3.8/site-packages/gap_follow/helper.py
[4.466s] Listing '/home/vy/GalacticRacing/sim_ws/src/install/gap_follow/lib/python3.8/site-packages/gap_follow'...
[4.467s] -- Up-to-date: /home/vy/GalacticRacing/sim_ws/src/install/gap_follow/lib/gap_follow/reactive_node.py
[4.468s] -- Up-to-date: /home/vy/GalacticRacing/sim_ws/src/install/gap_follow/share/ament_index/resource_index/package_run_dependencies/gap_follow
[4.468s] -- Up-to-date: /home/vy/GalacticRacing/sim_ws/src/install/gap_follow/share/ament_index/resource_index/parent_prefix_path/gap_follow
[4.470s] -- Up-to-date: /home/vy/GalacticRacing/sim_ws/src/install/gap_follow/share/gap_follow/environment/ament_prefix_path.sh
[4.470s] -- Up-to-date: /home/vy/GalacticRacing/sim_ws/src/install/gap_follow/share/gap_follow/environment/ament_prefix_path.dsv
[4.471s] -- Up-to-date: /home/vy/GalacticRacing/sim_ws/src/install/gap_follow/share/gap_follow/environment/path.sh
[4.471s] -- Up-to-date: /home/vy/GalacticRacing/sim_ws/src/install/gap_follow/share/gap_follow/environment/path.dsv
[4.471s] -- Up-to-date: /home/vy/GalacticRacing/sim_ws/src/install/gap_follow/share/gap_follow/local_setup.bash
[4.472s] -- Up-to-date: /home/vy/GalacticRacing/sim_ws/src/install/gap_follow/share/gap_follow/local_setup.sh
[4.472s] -- Up-to-date: /home/vy/GalacticRacing/sim_ws/src/install/gap_follow/share/gap_follow/local_setup.zsh
[4.473s] -- Up-to-date: /home/vy/GalacticRacing/sim_ws/src/install/gap_follow/share/gap_follow/local_setup.dsv
[4.473s] -- Installing: /home/vy/GalacticRacing/sim_ws/src/install/gap_follow/share/gap_follow/package.dsv
[4.473s] -- Up-to-date: /home/vy/GalacticRacing/sim_ws/src/install/gap_follow/share/ament_index/resource_index/packages/gap_follow
[4.473s] -- Up-to-date: /home/vy/GalacticRacing/sim_ws/src/install/gap_follow/share/gap_follow/cmake/gap_followConfig.cmake
[4.474s] -- Up-to-date: /home/vy/GalacticRacing/sim_ws/src/install/gap_follow/share/gap_follow/cmake/gap_followConfig-version.cmake
[4.474s] -- Up-to-date: /home/vy/GalacticRacing/sim_ws/src/install/gap_follow/share/gap_follow/package.xml
[4.474s] Invoked command in '/home/vy/GalacticRacing/sim_ws/src/build/gap_follow' returned '0': CMAKE_PREFIX_PATH=${CMAKE_PREFIX_PATH}:/home/vy/GalacticRacing/sim_ws/src/install/particle_filter:/home/vy/GalacticRacing/sim_ws/src/install/f1tenth_gym_ros:/opt/ros/foxy /usr/bin/cmake --install /home/vy/GalacticRacing/sim_ws/src/build/gap_follow
