[1.314s] Invoking command in '/home/vy/GalacticRacing/sim_ws/src/build/wall_follow': CMAKE_PREFIX_PATH=${CMAKE_PREFIX_PATH}:/home/vy/GalacticRacing/sim_ws/src/install/particle_filter:/home/vy/GalacticRacing/sim_ws/src/install/f1tenth_gym_ros:/opt/ros/foxy /usr/bin/cmake --build /home/vy/GalacticRacing/sim_ws/src/build/wall_follow -- -j8 -l8
[1.414s] [100%] Built target wall_follow_node
[1.417s] Invoked command in '/home/vy/GalacticRacing/sim_ws/src/build/wall_follow' returned '0': CMAKE_PREFIX_PATH=${CMAKE_PREFIX_PATH}:/home/vy/GalacticRacing/sim_ws/src/install/particle_filter:/home/vy/GalacticRacing/sim_ws/src/install/f1tenth_gym_ros:/opt/ros/foxy /usr/bin/cmake --build /home/vy/GalacticRacing/sim_ws/src/build/wall_follow -- -j8 -l8
[1.916s] Invoking command in '/home/vy/GalacticRacing/sim_ws/src/build/wall_follow': CMAKE_PREFIX_PATH=${CMAKE_PREFIX_PATH}:/home/vy/GalacticRacing/sim_ws/src/install/particle_filter:/home/vy/GalacticRacing/sim_ws/src/install/f1tenth_gym_ros:/opt/ros/foxy /usr/bin/cmake --install /home/vy/GalacticRacing/sim_ws/src/build/wall_follow
[2.265s] -- Install configuration: ""
[2.266s] -- Up-to-date: /home/vy/GalacticRacing/sim_ws/src/install/wall_follow/lib/wall_follow/wall_follow_node
[2.266s] -- Up-to-date: /home/vy/GalacticRacing/sim_ws/src/install/wall_follow/share/wall_follow/environment/pythonpath.sh
[2.267s] -- Up-to-date: /home/vy/GalacticRacing/sim_ws/src/install/wall_follow/share/wall_follow/environment/pythonpath.dsv
[2.267s] -- Up-to-date: /home/vy/GalacticRacing/sim_ws/src/install/wall_follow/lib/python3.8/site-packages/wall_follow
[2.267s] -- Up-to-date: /home/vy/GalacticRacing/sim_ws/src/install/wall_follow/lib/python3.8/site-packages/wall_follow/__init__.py
[2.267s] Listing '/home/vy/GalacticRacing/sim_ws/src/install/wall_follow/lib/python3.8/site-packages/wall_follow'...
[2.268s] -- Up-to-date: /home/vy/GalacticRacing/sim_ws/src/install/wall_follow/lib/wall_follow/wall_follow_node.py
[2.268s] -- Up-to-date: /home/vy/GalacticRacing/sim_ws/src/install/wall_follow/share/ament_index/resource_index/package_run_dependencies/wall_follow
[2.268s] -- Up-to-date: /home/vy/GalacticRacing/sim_ws/src/install/wall_follow/share/ament_index/resource_index/parent_prefix_path/wall_follow
[2.268s] -- Up-to-date: /home/vy/GalacticRacing/sim_ws/src/install/wall_follow/share/wall_follow/environment/ament_prefix_path.sh
[2.269s] -- Up-to-date: /home/vy/GalacticRacing/sim_ws/src/install/wall_follow/share/wall_follow/environment/ament_prefix_path.dsv
[2.269s] -- Up-to-date: /home/vy/GalacticRacing/sim_ws/src/install/wall_follow/share/wall_follow/environment/path.sh
[2.269s] -- Up-to-date: /home/vy/GalacticRacing/sim_ws/src/install/wall_follow/share/wall_follow/environment/path.dsv
[2.269s] -- Up-to-date: /home/vy/GalacticRacing/sim_ws/src/install/wall_follow/share/wall_follow/local_setup.bash
[2.270s] -- Up-to-date: /home/vy/GalacticRacing/sim_ws/src/install/wall_follow/share/wall_follow/local_setup.sh
[2.272s] -- Up-to-date: /home/vy/GalacticRacing/sim_ws/src/install/wall_follow/share/wall_follow/local_setup.zsh
[2.272s] -- Up-to-date: /home/vy/GalacticRacing/sim_ws/src/install/wall_follow/share/wall_follow/local_setup.dsv
[2.272s] -- Installing: /home/vy/GalacticRacing/sim_ws/src/install/wall_follow/share/wall_follow/package.dsv
[2.272s] -- Up-to-date: /home/vy/GalacticRacing/sim_ws/src/install/wall_follow/share/ament_index/resource_index/packages/wall_follow
[2.273s] -- Up-to-date: /home/vy/GalacticRacing/sim_ws/src/install/wall_follow/share/wall_follow/cmake/wall_followConfig.cmake
[2.273s] -- Up-to-date: /home/vy/GalacticRacing/sim_ws/src/install/wall_follow/share/wall_follow/cmake/wall_followConfig-version.cmake
[2.273s] -- Up-to-date: /home/vy/GalacticRacing/sim_ws/src/install/wall_follow/share/wall_follow/package.xml
[2.592s] Invoked command in '/home/vy/GalacticRacing/sim_ws/src/build/wall_follow' returned '0': CMAKE_PREFIX_PATH=${CMAKE_PREFIX_PATH}:/home/vy/GalacticRacing/sim_ws/src/install/particle_filter:/home/vy/GalacticRacing/sim_ws/src/install/f1tenth_gym_ros:/opt/ros/foxy /usr/bin/cmake --install /home/vy/GalacticRacing/sim_ws/src/build/wall_follow
