[0.436s] Invoking command in '/home/vy/GalacticRacing/sim_ws/build/pure_pursuit': CMAKE_PREFIX_PATH=/home/vy/GalacticRacing/sim_ws/install/particle_filter:/home/vy/GalacticRacing/sim_ws/install/f1tenth_gym_ros:/opt/ros/foxy:${CMAKE_PREFIX_PATH} /usr/bin/cmake --build /home/vy/GalacticRacing/sim_ws/build/pure_pursuit -- -j8 -l8
[0.619s] [100%] Built target pure_pursuit_node
[0.647s] Invoked command in '/home/vy/GalacticRacing/sim_ws/build/pure_pursuit' returned '0': CMAKE_PREFIX_PATH=/home/vy/GalacticRacing/sim_ws/install/particle_filter:/home/vy/GalacticRacing/sim_ws/install/f1tenth_gym_ros:/opt/ros/foxy:${CMAKE_PREFIX_PATH} /usr/bin/cmake --build /home/vy/GalacticRacing/sim_ws/build/pure_pursuit -- -j8 -l8
[0.740s] Invoking command in '/home/vy/GalacticRacing/sim_ws/build/pure_pursuit': CMAKE_PREFIX_PATH=/home/vy/GalacticRacing/sim_ws/install/particle_filter:/home/vy/GalacticRacing/sim_ws/install/f1tenth_gym_ros:/opt/ros/foxy:${CMAKE_PREFIX_PATH} /usr/bin/cmake --install /home/vy/GalacticRacing/sim_ws/build/pure_pursuit
[0.803s] -- Install configuration: ""
[0.803s] -- Up-to-date: /home/vy/GalacticRacing/sim_ws/install/pure_pursuit/lib/pure_pursuit/pure_pursuit_node
[0.803s] -- Up-to-date: /home/vy/GalacticRacing/sim_ws/install/pure_pursuit/share/pure_pursuit/environment/pythonpath.sh
[0.803s] -- Up-to-date: /home/vy/GalacticRacing/sim_ws/install/pure_pursuit/share/pure_pursuit/environment/pythonpath.dsv
[0.803s] -- Up-to-date: /home/vy/GalacticRacing/sim_ws/install/pure_pursuit/lib/python3.8/site-packages/pure_pursuit
[0.803s] -- Up-to-date: /home/vy/GalacticRacing/sim_ws/install/pure_pursuit/lib/python3.8/site-packages/pure_pursuit/__init__.py
[0.836s] Listing '/home/vy/GalacticRacing/sim_ws/install/pure_pursuit/lib/python3.8/site-packages/pure_pursuit'...
[0.840s] -- Installing: /home/vy/GalacticRacing/sim_ws/install/pure_pursuit/lib/pure_pursuit/pure_pursuit_node.py
[0.841s] -- Up-to-date: /home/vy/GalacticRacing/sim_ws/install/pure_pursuit/share/ament_index/resource_index/package_run_dependencies/pure_pursuit
[0.841s] -- Up-to-date: /home/vy/GalacticRacing/sim_ws/install/pure_pursuit/share/ament_index/resource_index/parent_prefix_path/pure_pursuit
[0.841s] -- Up-to-date: /home/vy/GalacticRacing/sim_ws/install/pure_pursuit/share/pure_pursuit/environment/ament_prefix_path.sh
[0.841s] -- Up-to-date: /home/vy/GalacticRacing/sim_ws/install/pure_pursuit/share/pure_pursuit/environment/ament_prefix_path.dsv
[0.842s] -- Up-to-date: /home/vy/GalacticRacing/sim_ws/install/pure_pursuit/share/pure_pursuit/environment/path.sh
[0.842s] -- Up-to-date: /home/vy/GalacticRacing/sim_ws/install/pure_pursuit/share/pure_pursuit/environment/path.dsv
[0.842s] -- Up-to-date: /home/vy/GalacticRacing/sim_ws/install/pure_pursuit/share/pure_pursuit/local_setup.bash
[0.842s] -- Up-to-date: /home/vy/GalacticRacing/sim_ws/install/pure_pursuit/share/pure_pursuit/local_setup.sh
[0.842s] -- Up-to-date: /home/vy/GalacticRacing/sim_ws/install/pure_pursuit/share/pure_pursuit/local_setup.zsh
[0.843s] -- Up-to-date: /home/vy/GalacticRacing/sim_ws/install/pure_pursuit/share/pure_pursuit/local_setup.dsv
[0.843s] -- Installing: /home/vy/GalacticRacing/sim_ws/install/pure_pursuit/share/pure_pursuit/package.dsv
[0.843s] -- Up-to-date: /home/vy/GalacticRacing/sim_ws/install/pure_pursuit/share/ament_index/resource_index/packages/pure_pursuit
[0.843s] -- Up-to-date: /home/vy/GalacticRacing/sim_ws/install/pure_pursuit/share/pure_pursuit/cmake/pure_pursuitConfig.cmake
[0.843s] -- Up-to-date: /home/vy/GalacticRacing/sim_ws/install/pure_pursuit/share/pure_pursuit/cmake/pure_pursuitConfig-version.cmake
[0.845s] -- Up-to-date: /home/vy/GalacticRacing/sim_ws/install/pure_pursuit/share/pure_pursuit/package.xml
[0.860s] Invoked command in '/home/vy/GalacticRacing/sim_ws/build/pure_pursuit' returned '0': CMAKE_PREFIX_PATH=/home/vy/GalacticRacing/sim_ws/install/particle_filter:/home/vy/GalacticRacing/sim_ws/install/f1tenth_gym_ros:/opt/ros/foxy:${CMAKE_PREFIX_PATH} /usr/bin/cmake --install /home/vy/GalacticRacing/sim_ws/build/pure_pursuit
