[0.570s] Invoking command in '/home/vy/GalacticRacing/build/wall_follow': /usr/bin/cmake --build /home/vy/GalacticRacing/build/wall_follow -- -j6 -l6
[0.636s] [100%] Built target wall_follow_node
[0.780s] Invoked command in '/home/vy/GalacticRacing/build/wall_follow' returned '0': /usr/bin/cmake --build /home/vy/GalacticRacing/build/wall_follow -- -j6 -l6
[1.132s] Invoking command in '/home/vy/GalacticRacing/build/wall_follow': /usr/bin/cmake --install /home/vy/GalacticRacing/build/wall_follow
[1.143s] -- Install configuration: ""
[1.143s] -- Up-to-date: /home/vy/GalacticRacing/install/wall_follow/lib/wall_follow/wall_follow_node
[1.143s] -- Up-to-date: /home/vy/GalacticRacing/install/wall_follow/share/wall_follow/environment/pythonpath.sh
[1.146s] -- Up-to-date: /home/vy/GalacticRacing/install/wall_follow/share/wall_follow/environment/pythonpath.dsv
[1.146s] -- Up-to-date: /home/vy/GalacticRacing/install/wall_follow/lib/python3.8/site-packages/wall_follow
[1.146s] -- Up-to-date: /home/vy/GalacticRacing/install/wall_follow/lib/python3.8/site-packages/wall_follow/__init__.py
[1.164s] Listing '/home/vy/GalacticRacing/install/wall_follow/lib/python3.8/site-packages/wall_follow'...
[1.167s] -- Up-to-date: /home/vy/GalacticRacing/install/wall_follow/lib/wall_follow/wall_follow_node.py
[1.167s] -- Up-to-date: /home/vy/GalacticRacing/install/wall_follow/share/ament_index/resource_index/package_run_dependencies/wall_follow
[1.202s] -- Up-to-date: /home/vy/GalacticRacing/install/wall_follow/share/ament_index/resource_index/parent_prefix_path/wall_follow
[1.205s] -- Up-to-date: /home/vy/GalacticRacing/install/wall_follow/share/wall_follow/environment/ament_prefix_path.sh
[1.209s] -- Up-to-date: /home/vy/GalacticRacing/install/wall_follow/share/wall_follow/environment/ament_prefix_path.dsv
[1.210s] -- Up-to-date: /home/vy/GalacticRacing/install/wall_follow/share/wall_follow/environment/path.sh
[1.210s] -- Up-to-date: /home/vy/GalacticRacing/install/wall_follow/share/wall_follow/environment/path.dsv
[1.210s] -- Up-to-date: /home/vy/GalacticRacing/install/wall_follow/share/wall_follow/local_setup.bash
[1.210s] -- Up-to-date: /home/vy/GalacticRacing/install/wall_follow/share/wall_follow/local_setup.sh
[1.210s] -- Up-to-date: /home/vy/GalacticRacing/install/wall_follow/share/wall_follow/local_setup.zsh
[1.211s] -- Up-to-date: /home/vy/GalacticRacing/install/wall_follow/share/wall_follow/local_setup.dsv
[1.211s] -- Installing: /home/vy/GalacticRacing/install/wall_follow/share/wall_follow/package.dsv
[1.211s] -- Up-to-date: /home/vy/GalacticRacing/install/wall_follow/share/ament_index/resource_index/packages/wall_follow
[1.211s] -- Up-to-date: /home/vy/GalacticRacing/install/wall_follow/share/wall_follow/cmake/wall_followConfig.cmake
[1.211s] -- Up-to-date: /home/vy/GalacticRacing/install/wall_follow/share/wall_follow/cmake/wall_followConfig-version.cmake
[1.211s] -- Up-to-date: /home/vy/GalacticRacing/install/wall_follow/share/wall_follow/package.xml
[1.387s] Invoked command in '/home/vy/GalacticRacing/build/wall_follow' returned '0': /usr/bin/cmake --install /home/vy/GalacticRacing/build/wall_follow
