[1.661s] Invoking command in '/home/vy/GalacticRacing/sim_ws/build/lab5_pkg': CMAKE_PREFIX_PATH=/home/vy/GalacticRacing/sim_ws/install/particle_filter:/home/vy/GalacticRacing/sim_ws/install/f1tenth_gym_ros:/opt/ros/foxy:${CMAKE_PREFIX_PATH} /usr/bin/cmake --build /home/vy/GalacticRacing/sim_ws/build/lab5_pkg -- -j6 -l6
[2.256s] [100%] Built target scanmatch_node
[2.296s] Invoked command in '/home/vy/GalacticRacing/sim_ws/build/lab5_pkg' returned '0': CMAKE_PREFIX_PATH=/home/vy/GalacticRacing/sim_ws/install/particle_filter:/home/vy/GalacticRacing/sim_ws/install/f1tenth_gym_ros:/opt/ros/foxy:${CMAKE_PREFIX_PATH} /usr/bin/cmake --build /home/vy/GalacticRacing/sim_ws/build/lab5_pkg -- -j6 -l6
[3.211s] Invoking command in '/home/vy/GalacticRacing/sim_ws/build/lab5_pkg': CMAKE_PREFIX_PATH=/home/vy/GalacticRacing/sim_ws/install/particle_filter:/home/vy/GalacticRacing/sim_ws/install/f1tenth_gym_ros:/opt/ros/foxy:${CMAKE_PREFIX_PATH} /usr/bin/cmake --install /home/vy/GalacticRacing/sim_ws/build/lab5_pkg
[3.264s] -- Install configuration: ""
[3.264s] -- Up-to-date: /home/vy/GalacticRacing/sim_ws/install/lab5_pkg/lib/lab5_pkg/scanmatch_node
[3.264s] -- Up-to-date: /home/vy/GalacticRacing/sim_ws/install/lab5_pkg/share/lab5_pkg/environment/pythonpath.sh
[3.264s] -- Up-to-date: /home/vy/GalacticRacing/sim_ws/install/lab5_pkg/share/lab5_pkg/environment/pythonpath.dsv
[3.264s] -- Up-to-date: /home/vy/GalacticRacing/sim_ws/install/lab5_pkg/lib/python3.8/site-packages/lab5_pkg
[3.264s] -- Up-to-date: /home/vy/GalacticRacing/sim_ws/install/lab5_pkg/lib/python3.8/site-packages/lab5_pkg/__init__.py
[3.312s] Listing '/home/vy/GalacticRacing/sim_ws/install/lab5_pkg/lib/python3.8/site-packages/lab5_pkg'...
[3.339s] -- Up-to-date: /home/vy/GalacticRacing/sim_ws/install/lab5_pkg/share/ament_index/resource_index/package_run_dependencies/lab5_pkg
[3.339s] -- Up-to-date: /home/vy/GalacticRacing/sim_ws/install/lab5_pkg/share/ament_index/resource_index/parent_prefix_path/lab5_pkg
[3.339s] -- Up-to-date: /home/vy/GalacticRacing/sim_ws/install/lab5_pkg/share/lab5_pkg/environment/ament_prefix_path.sh
[3.339s] -- Up-to-date: /home/vy/GalacticRacing/sim_ws/install/lab5_pkg/share/lab5_pkg/environment/ament_prefix_path.dsv
[3.339s] -- Up-to-date: /home/vy/GalacticRacing/sim_ws/install/lab5_pkg/share/lab5_pkg/environment/path.sh
[3.339s] -- Up-to-date: /home/vy/GalacticRacing/sim_ws/install/lab5_pkg/share/lab5_pkg/environment/path.dsv
[3.339s] -- Up-to-date: /home/vy/GalacticRacing/sim_ws/install/lab5_pkg/share/lab5_pkg/local_setup.bash
[3.339s] -- Up-to-date: /home/vy/GalacticRacing/sim_ws/install/lab5_pkg/share/lab5_pkg/local_setup.sh
[3.339s] -- Up-to-date: /home/vy/GalacticRacing/sim_ws/install/lab5_pkg/share/lab5_pkg/local_setup.zsh
[3.340s] -- Up-to-date: /home/vy/GalacticRacing/sim_ws/install/lab5_pkg/share/lab5_pkg/local_setup.dsv
[3.340s] -- Installing: /home/vy/GalacticRacing/sim_ws/install/lab5_pkg/share/lab5_pkg/package.dsv
[3.340s] -- Up-to-date: /home/vy/GalacticRacing/sim_ws/install/lab5_pkg/share/ament_index/resource_index/packages/lab5_pkg
[3.340s] -- Up-to-date: /home/vy/GalacticRacing/sim_ws/install/lab5_pkg/share/lab5_pkg/cmake/lab5_pkgConfig.cmake
[3.340s] -- Up-to-date: /home/vy/GalacticRacing/sim_ws/install/lab5_pkg/share/lab5_pkg/cmake/lab5_pkgConfig-version.cmake
[3.340s] -- Up-to-date: /home/vy/GalacticRacing/sim_ws/install/lab5_pkg/share/lab5_pkg/package.xml
[4.586s] Invoked command in '/home/vy/GalacticRacing/sim_ws/build/lab5_pkg' returned '0': CMAKE_PREFIX_PATH=/home/vy/GalacticRacing/sim_ws/install/particle_filter:/home/vy/GalacticRacing/sim_ws/install/f1tenth_gym_ros:/opt/ros/foxy:${CMAKE_PREFIX_PATH} /usr/bin/cmake --install /home/vy/GalacticRacing/sim_ws/build/lab5_pkg
