running egg_info
writing ../../../build/ros_msg_pkg/ros_msg_pkg.egg-info/PKG-INFO
writing dependency_links to ../../../build/ros_msg_pkg/ros_msg_pkg.egg-info/dependency_links.txt
writing entry points to ../../../build/ros_msg_pkg/ros_msg_pkg.egg-info/entry_points.txt
writing requirements to ../../../build/ros_msg_pkg/ros_msg_pkg.egg-info/requires.txt
writing top-level names to ../../../build/ros_msg_pkg/ros_msg_pkg.egg-info/top_level.txt
reading manifest file '../../../build/ros_msg_pkg/ros_msg_pkg.egg-info/SOURCES.txt'
writing manifest file '../../../build/ros_msg_pkg/ros_msg_pkg.egg-info/SOURCES.txt'
running build
running build_py
running install
running install_lib
running install_data
running install_egg_info
removing '/home/vy/GalacticRacing/install/ros_msg_pkg/lib/python3.8/site-packages/ros_msg_pkg-0.0.0-py3.8.egg-info' (and everything under it)
Copying ../../../build/ros_msg_pkg/ros_msg_pkg.egg-info to /home/vy/GalacticRacing/install/ros_msg_pkg/lib/python3.8/site-packages/ros_msg_pkg-0.0.0-py3.8.egg-info
running install_scripts
Installing relay_node script to /home/vy/GalacticRacing/install/ros_msg_pkg/lib/ros_msg_pkg
Installing talker_node script to /home/vy/GalacticRacing/install/ros_msg_pkg/lib/ros_msg_pkg
writing list of installed files to '/home/vy/GalacticRacing/build/ros_msg_pkg/install.log'
