[1.869s] DEBUG:colcon:Command line arguments: ['/usr/bin/colcon', 'build']
[1.869s] DEBUG:colcon:Parsed command line arguments: Namespace(allow_overriding=[], ament_cmake_args=None, base_paths=['.'], build_base='build', catkin_cmake_args=None, catkin_skip_building_tests=False, cmake_args=None, cmake_clean_cache=False, cmake_clean_first=False, cmake_force_configure=False, cmake_target=None, cmake_target_skip_unavailable=False, continue_on_error=False, event_handlers=None, executor='parallel', ignore_user_meta=False, install_base='install', log_base=None, log_level=None, main=<bound method BuildVerb.main of <colcon_core.verb.build.BuildVerb object at 0x7fc386df7160>>, merge_install=False, metas=['./colcon.meta'], packages_above=None, packages_above_and_dependencies=None, packages_above_depth=None, packages_end=None, packages_ignore=None, packages_ignore_regex=None, packages_select=None, packages_select_build_failed=False, packages_select_by_dep=None, packages_select_regex=None, packages_select_test_failures=False, packages_skip=None, packages_skip_build_finished=False, packages_skip_by_dep=None, packages_skip_regex=None, packages_skip_test_passed=False, packages_skip_up_to=None, packages_start=None, packages_up_to=None, packages_up_to_regex=None, parallel_workers=6, paths=None, symlink_install=False, test_result_base=None, verb_extension=<colcon_core.verb.build.BuildVerb object at 0x7fc386df7160>, verb_name='build', verb_parser=<colcon_defaults.argument_parser.defaults.DefaultArgumentsDecorator object at 0x7fc386df4f70>)
[1.944s] Level 1:colcon.colcon_core.package_discovery:discover_packages(colcon_meta) check parameters
[1.944s] Level 1:colcon.colcon_core.package_discovery:discover_packages(recursive) check parameters
[1.944s] Level 1:colcon.colcon_core.package_discovery:discover_packages(ignore) check parameters
[1.944s] Level 1:colcon.colcon_core.package_discovery:discover_packages(path) check parameters
[1.944s] Level 1:colcon.colcon_core.package_discovery:discover_packages(colcon_meta) discover
[1.944s] Level 1:colcon.colcon_core.package_discovery:discover_packages(recursive) discover
[1.944s] INFO:colcon.colcon_core.package_discovery:Crawling recursively for packages in '/home/vy/GalacticRacing'
[1.945s] Level 1:colcon.colcon_core.package_identification:_identify(.) by extensions ['ignore', 'ignore_ament_install']
[1.945s] Level 1:colcon.colcon_core.package_identification:_identify(.) by extension 'ignore'
[1.945s] Level 1:colcon.colcon_core.package_identification:_identify(.) by extension 'ignore_ament_install'
[1.945s] Level 1:colcon.colcon_core.package_identification:_identify(.) by extensions ['colcon_pkg']
[1.945s] Level 1:colcon.colcon_core.package_identification:_identify(.) by extension 'colcon_pkg'
[1.945s] Level 1:colcon.colcon_core.package_identification:_identify(.) by extensions ['colcon_meta']
[1.945s] Level 1:colcon.colcon_core.package_identification:_identify(.) by extension 'colcon_meta'
[1.945s] Level 1:colcon.colcon_core.package_identification:_identify(.) by extensions ['ros']
[1.945s] Level 1:colcon.colcon_core.package_identification:_identify(.) by extension 'ros'
[1.954s] Level 1:colcon.colcon_core.package_identification:_identify(.) by extensions ['cmake', 'python']
[1.955s] Level 1:colcon.colcon_core.package_identification:_identify(.) by extension 'cmake'
[1.955s] Level 1:colcon.colcon_core.package_identification:_identify(.) by extension 'python'
[1.955s] Level 1:colcon.colcon_core.package_identification:_identify(.) by extensions ['python_setup_py']
[1.955s] Level 1:colcon.colcon_core.package_identification:_identify(.) by extension 'python_setup_py'
[1.955s] Level 1:colcon.colcon_core.package_identification:_identify(build) by extensions ['ignore', 'ignore_ament_install']
[1.955s] Level 1:colcon.colcon_core.package_identification:_identify(build) by extension 'ignore'
[1.955s] Level 1:colcon.colcon_core.package_identification:_identify(build) ignored
[1.955s] Level 1:colcon.colcon_core.package_identification:_identify(docs) by extensions ['ignore', 'ignore_ament_install']
[1.955s] Level 1:colcon.colcon_core.package_identification:_identify(docs) by extension 'ignore'
[1.955s] Level 1:colcon.colcon_core.package_identification:_identify(docs) by extension 'ignore_ament_install'
[1.955s] Level 1:colcon.colcon_core.package_identification:_identify(docs) by extensions ['colcon_pkg']
[1.955s] Level 1:colcon.colcon_core.package_identification:_identify(docs) by extension 'colcon_pkg'
[1.955s] Level 1:colcon.colcon_core.package_identification:_identify(docs) by extensions ['colcon_meta']
[1.955s] Level 1:colcon.colcon_core.package_identification:_identify(docs) by extension 'colcon_meta'
[1.955s] Level 1:colcon.colcon_core.package_identification:_identify(docs) by extensions ['ros']
[1.956s] Level 1:colcon.colcon_core.package_identification:_identify(docs) by extension 'ros'
[1.956s] Level 1:colcon.colcon_core.package_identification:_identify(docs) by extensions ['cmake', 'python']
[1.956s] Level 1:colcon.colcon_core.package_identification:_identify(docs) by extension 'cmake'
[1.956s] Level 1:colcon.colcon_core.package_identification:_identify(docs) by extension 'python'
[1.956s] Level 1:colcon.colcon_core.package_identification:_identify(docs) by extensions ['python_setup_py']
[1.956s] Level 1:colcon.colcon_core.package_identification:_identify(docs) by extension 'python_setup_py'
[1.956s] Level 1:colcon.colcon_core.package_identification:_identify(install) by extensions ['ignore', 'ignore_ament_install']
[1.956s] Level 1:colcon.colcon_core.package_identification:_identify(install) by extension 'ignore'
[1.956s] Level 1:colcon.colcon_core.package_identification:_identify(install) ignored
[1.956s] Level 1:colcon.colcon_core.package_identification:_identify(log) by extensions ['ignore', 'ignore_ament_install']
[1.956s] Level 1:colcon.colcon_core.package_identification:_identify(log) by extension 'ignore'
[1.956s] Level 1:colcon.colcon_core.package_identification:_identify(log) ignored
[1.956s] Level 1:colcon.colcon_core.package_identification:_identify(scripts) by extensions ['ignore', 'ignore_ament_install']
[1.956s] Level 1:colcon.colcon_core.package_identification:_identify(scripts) by extension 'ignore'
[1.956s] Level 1:colcon.colcon_core.package_identification:_identify(scripts) by extension 'ignore_ament_install'
[1.956s] Level 1:colcon.colcon_core.package_identification:_identify(scripts) by extensions ['colcon_pkg']
[1.956s] Level 1:colcon.colcon_core.package_identification:_identify(scripts) by extension 'colcon_pkg'
[1.956s] Level 1:colcon.colcon_core.package_identification:_identify(scripts) by extensions ['colcon_meta']
[1.956s] Level 1:colcon.colcon_core.package_identification:_identify(scripts) by extension 'colcon_meta'
[1.956s] Level 1:colcon.colcon_core.package_identification:_identify(scripts) by extensions ['ros']
[1.956s] Level 1:colcon.colcon_core.package_identification:_identify(scripts) by extension 'ros'
[1.956s] Level 1:colcon.colcon_core.package_identification:_identify(scripts) by extensions ['cmake', 'python']
[1.956s] Level 1:colcon.colcon_core.package_identification:_identify(scripts) by extension 'cmake'
[1.957s] Level 1:colcon.colcon_core.package_identification:_identify(scripts) by extension 'python'
[1.957s] Level 1:colcon.colcon_core.package_identification:_identify(scripts) by extensions ['python_setup_py']
[1.957s] Level 1:colcon.colcon_core.package_identification:_identify(scripts) by extension 'python_setup_py'
[1.957s] Level 1:colcon.colcon_core.package_identification:_identify(sim_ws) by extensions ['ignore', 'ignore_ament_install']
[1.957s] Level 1:colcon.colcon_core.package_identification:_identify(sim_ws) by extension 'ignore'
[1.957s] Level 1:colcon.colcon_core.package_identification:_identify(sim_ws) by extension 'ignore_ament_install'
[1.957s] Level 1:colcon.colcon_core.package_identification:_identify(sim_ws) by extensions ['colcon_pkg']
[1.957s] Level 1:colcon.colcon_core.package_identification:_identify(sim_ws) by extension 'colcon_pkg'
[1.957s] Level 1:colcon.colcon_core.package_identification:_identify(sim_ws) by extensions ['colcon_meta']
[1.957s] Level 1:colcon.colcon_core.package_identification:_identify(sim_ws) by extension 'colcon_meta'
[1.957s] Level 1:colcon.colcon_core.package_identification:_identify(sim_ws) by extensions ['ros']
[1.957s] Level 1:colcon.colcon_core.package_identification:_identify(sim_ws) by extension 'ros'
[1.957s] Level 1:colcon.colcon_core.package_identification:_identify(sim_ws) by extensions ['cmake', 'python']
[1.957s] Level 1:colcon.colcon_core.package_identification:_identify(sim_ws) by extension 'cmake'
[1.957s] Level 1:colcon.colcon_core.package_identification:_identify(sim_ws) by extension 'python'
[1.957s] Level 1:colcon.colcon_core.package_identification:_identify(sim_ws) by extensions ['python_setup_py']
[1.957s] Level 1:colcon.colcon_core.package_identification:_identify(sim_ws) by extension 'python_setup_py'
[1.957s] Level 1:colcon.colcon_core.package_identification:_identify(sim_ws/build) by extensions ['ignore', 'ignore_ament_install']
[1.957s] Level 1:colcon.colcon_core.package_identification:_identify(sim_ws/build) by extension 'ignore'
[1.958s] Level 1:colcon.colcon_core.package_identification:_identify(sim_ws/build) ignored
[1.958s] Level 1:colcon.colcon_core.package_identification:_identify(sim_ws/install) by extensions ['ignore', 'ignore_ament_install']
[1.958s] Level 1:colcon.colcon_core.package_identification:_identify(sim_ws/install) by extension 'ignore'
[1.958s] Level 1:colcon.colcon_core.package_identification:_identify(sim_ws/install) ignored
[1.958s] Level 1:colcon.colcon_core.package_identification:_identify(sim_ws/log) by extensions ['ignore', 'ignore_ament_install']
[1.958s] Level 1:colcon.colcon_core.package_identification:_identify(sim_ws/log) by extension 'ignore'
[1.958s] Level 1:colcon.colcon_core.package_identification:_identify(sim_ws/log) ignored
[1.958s] Level 1:colcon.colcon_core.package_identification:_identify(sim_ws/src) by extensions ['ignore', 'ignore_ament_install']
[1.958s] Level 1:colcon.colcon_core.package_identification:_identify(sim_ws/src) by extension 'ignore'
[1.958s] Level 1:colcon.colcon_core.package_identification:_identify(sim_ws/src) by extension 'ignore_ament_install'
[1.958s] Level 1:colcon.colcon_core.package_identification:_identify(sim_ws/src) by extensions ['colcon_pkg']
[1.958s] Level 1:colcon.colcon_core.package_identification:_identify(sim_ws/src) by extension 'colcon_pkg'
[1.958s] Level 1:colcon.colcon_core.package_identification:_identify(sim_ws/src) by extensions ['colcon_meta']
[1.958s] Level 1:colcon.colcon_core.package_identification:_identify(sim_ws/src) by extension 'colcon_meta'
[1.958s] Level 1:colcon.colcon_core.package_identification:_identify(sim_ws/src) by extensions ['ros']
[1.958s] Level 1:colcon.colcon_core.package_identification:_identify(sim_ws/src) by extension 'ros'
[1.958s] Level 1:colcon.colcon_core.package_identification:_identify(sim_ws/src) by extensions ['cmake', 'python']
[1.958s] Level 1:colcon.colcon_core.package_identification:_identify(sim_ws/src) by extension 'cmake'
[1.958s] Level 1:colcon.colcon_core.package_identification:_identify(sim_ws/src) by extension 'python'
[1.959s] Level 1:colcon.colcon_core.package_identification:_identify(sim_ws/src) by extensions ['python_setup_py']
[1.959s] Level 1:colcon.colcon_core.package_identification:_identify(sim_ws/src) by extension 'python_setup_py'
[1.959s] Level 1:colcon.colcon_core.package_identification:_identify(sim_ws/src/build) by extensions ['ignore', 'ignore_ament_install']
[1.959s] Level 1:colcon.colcon_core.package_identification:_identify(sim_ws/src/build) by extension 'ignore'
[1.959s] Level 1:colcon.colcon_core.package_identification:_identify(sim_ws/src/build) ignored
[1.959s] Level 1:colcon.colcon_core.package_identification:_identify(sim_ws/src/f1tenth_gym_ros) by extensions ['ignore', 'ignore_ament_install']
[1.959s] Level 1:colcon.colcon_core.package_identification:_identify(sim_ws/src/f1tenth_gym_ros) by extension 'ignore'
[1.959s] Level 1:colcon.colcon_core.package_identification:_identify(sim_ws/src/f1tenth_gym_ros) by extension 'ignore_ament_install'
[1.959s] Level 1:colcon.colcon_core.package_identification:_identify(sim_ws/src/f1tenth_gym_ros) by extensions ['colcon_pkg']
[1.959s] Level 1:colcon.colcon_core.package_identification:_identify(sim_ws/src/f1tenth_gym_ros) by extension 'colcon_pkg'
[1.959s] Level 1:colcon.colcon_core.package_identification:_identify(sim_ws/src/f1tenth_gym_ros) by extensions ['colcon_meta']
[1.959s] Level 1:colcon.colcon_core.package_identification:_identify(sim_ws/src/f1tenth_gym_ros) by extension 'colcon_meta'
[1.959s] Level 1:colcon.colcon_core.package_identification:_identify(sim_ws/src/f1tenth_gym_ros) by extensions ['ros']
[1.959s] Level 1:colcon.colcon_core.package_identification:_identify(sim_ws/src/f1tenth_gym_ros) by extension 'ros'
[1.961s] DEBUG:colcon.colcon_core.package_identification:Package 'sim_ws/src/f1tenth_gym_ros' with type 'ros.ament_python' and name 'f1tenth_gym_ros'
[1.961s] Level 1:colcon.colcon_core.package_identification:_identify(sim_ws/src/gap_follow) by extensions ['ignore', 'ignore_ament_install']
[1.961s] Level 1:colcon.colcon_core.package_identification:_identify(sim_ws/src/gap_follow) by extension 'ignore'
[1.961s] Level 1:colcon.colcon_core.package_identification:_identify(sim_ws/src/gap_follow) by extension 'ignore_ament_install'
[1.961s] Level 1:colcon.colcon_core.package_identification:_identify(sim_ws/src/gap_follow) by extensions ['colcon_pkg']
[1.961s] Level 1:colcon.colcon_core.package_identification:_identify(sim_ws/src/gap_follow) by extension 'colcon_pkg'
[1.962s] Level 1:colcon.colcon_core.package_identification:_identify(sim_ws/src/gap_follow) by extensions ['colcon_meta']
[1.962s] Level 1:colcon.colcon_core.package_identification:_identify(sim_ws/src/gap_follow) by extension 'colcon_meta'
[1.962s] Level 1:colcon.colcon_core.package_identification:_identify(sim_ws/src/gap_follow) by extensions ['ros']
[1.962s] Level 1:colcon.colcon_core.package_identification:_identify(sim_ws/src/gap_follow) by extension 'ros'
[1.962s] DEBUG:colcon.colcon_core.package_identification:Package 'sim_ws/src/gap_follow' with type 'ros.ament_cmake' and name 'gap_follow'
[1.963s] Level 1:colcon.colcon_core.package_identification:_identify(sim_ws/src/install) by extensions ['ignore', 'ignore_ament_install']
[1.963s] Level 1:colcon.colcon_core.package_identification:_identify(sim_ws/src/install) by extension 'ignore'
[1.963s] Level 1:colcon.colcon_core.package_identification:_identify(sim_ws/src/install) ignored
[1.963s] Level 1:colcon.colcon_core.package_identification:_identify(sim_ws/src/log) by extensions ['ignore', 'ignore_ament_install']
[1.963s] Level 1:colcon.colcon_core.package_identification:_identify(sim_ws/src/log) by extension 'ignore'
[1.963s] Level 1:colcon.colcon_core.package_identification:_identify(sim_ws/src/log) ignored
[1.963s] Level 1:colcon.colcon_core.package_identification:_identify(sim_ws/src/ros_msg_pkg) by extensions ['ignore', 'ignore_ament_install']
[1.963s] Level 1:colcon.colcon_core.package_identification:_identify(sim_ws/src/ros_msg_pkg) by extension 'ignore'
[1.963s] Level 1:colcon.colcon_core.package_identification:_identify(sim_ws/src/ros_msg_pkg) by extension 'ignore_ament_install'
[1.963s] Level 1:colcon.colcon_core.package_identification:_identify(sim_ws/src/ros_msg_pkg) by extensions ['colcon_pkg']
[1.963s] Level 1:colcon.colcon_core.package_identification:_identify(sim_ws/src/ros_msg_pkg) by extension 'colcon_pkg'
[1.963s] Level 1:colcon.colcon_core.package_identification:_identify(sim_ws/src/ros_msg_pkg) by extensions ['colcon_meta']
[1.963s] Level 1:colcon.colcon_core.package_identification:_identify(sim_ws/src/ros_msg_pkg) by extension 'colcon_meta'
[1.963s] Level 1:colcon.colcon_core.package_identification:_identify(sim_ws/src/ros_msg_pkg) by extensions ['ros']
[1.963s] Level 1:colcon.colcon_core.package_identification:_identify(sim_ws/src/ros_msg_pkg) by extension 'ros'
[1.964s] DEBUG:colcon.colcon_core.package_identification:Package 'sim_ws/src/ros_msg_pkg' with type 'ros.ament_python' and name 'ros_msg_pkg'
[1.964s] Level 1:colcon.colcon_core.package_identification:_identify(sim_ws/src/safety_node) by extensions ['ignore', 'ignore_ament_install']
[1.964s] Level 1:colcon.colcon_core.package_identification:_identify(sim_ws/src/safety_node) by extension 'ignore'
[1.964s] Level 1:colcon.colcon_core.package_identification:_identify(sim_ws/src/safety_node) by extension 'ignore_ament_install'
[1.964s] Level 1:colcon.colcon_core.package_identification:_identify(sim_ws/src/safety_node) by extensions ['colcon_pkg']
[1.964s] Level 1:colcon.colcon_core.package_identification:_identify(sim_ws/src/safety_node) by extension 'colcon_pkg'
[1.964s] Level 1:colcon.colcon_core.package_identification:_identify(sim_ws/src/safety_node) by extensions ['colcon_meta']
[1.964s] Level 1:colcon.colcon_core.package_identification:_identify(sim_ws/src/safety_node) by extension 'colcon_meta'
[1.964s] Level 1:colcon.colcon_core.package_identification:_identify(sim_ws/src/safety_node) by extensions ['ros']
[1.964s] Level 1:colcon.colcon_core.package_identification:_identify(sim_ws/src/safety_node) by extension 'ros'
[1.965s] DEBUG:colcon.colcon_core.package_identification:Package 'sim_ws/src/safety_node' with type 'ros.ament_cmake' and name 'safety_node'
[1.965s] Level 1:colcon.colcon_core.package_identification:_identify(sim_ws/src/wall_follow) by extensions ['ignore', 'ignore_ament_install']
[1.965s] Level 1:colcon.colcon_core.package_identification:_identify(sim_ws/src/wall_follow) by extension 'ignore'
[1.965s] Level 1:colcon.colcon_core.package_identification:_identify(sim_ws/src/wall_follow) by extension 'ignore_ament_install'
[1.965s] Level 1:colcon.colcon_core.package_identification:_identify(sim_ws/src/wall_follow) by extensions ['colcon_pkg']
[1.965s] Level 1:colcon.colcon_core.package_identification:_identify(sim_ws/src/wall_follow) by extension 'colcon_pkg'
[1.965s] Level 1:colcon.colcon_core.package_identification:_identify(sim_ws/src/wall_follow) by extensions ['colcon_meta']
[1.966s] Level 1:colcon.colcon_core.package_identification:_identify(sim_ws/src/wall_follow) by extension 'colcon_meta'
[1.966s] Level 1:colcon.colcon_core.package_identification:_identify(sim_ws/src/wall_follow) by extensions ['ros']
[1.966s] Level 1:colcon.colcon_core.package_identification:_identify(sim_ws/src/wall_follow) by extension 'ros'
[1.967s] DEBUG:colcon.colcon_core.package_identification:Package 'sim_ws/src/wall_follow' with type 'ros.ament_cmake' and name 'wall_follow'
[1.967s] Level 1:colcon.colcon_core.package_discovery:discover_packages(recursive) using defaults
[1.967s] Level 1:colcon.colcon_core.package_discovery:discover_packages(ignore) discover
[1.967s] Level 1:colcon.colcon_core.package_discovery:discover_packages(ignore) using defaults
[1.967s] Level 1:colcon.colcon_core.package_discovery:discover_packages(path) discover
[1.967s] Level 1:colcon.colcon_core.package_discovery:discover_packages(path) using defaults
[2.130s] Level 1:colcon.colcon_core.package_discovery:discover_packages(prefix_path) check parameters
[2.130s] Level 1:colcon.colcon_core.package_discovery:discover_packages(prefix_path) discover
[2.201s] DEBUG:colcon.colcon_installed_package_information.package_discovery:Found 265 installed packages in /opt/ros/foxy
[2.202s] Level 1:colcon.colcon_core.package_discovery:discover_packages(prefix_path) using defaults
[2.369s] Level 5:colcon.colcon_core.verb:set package 'f1tenth_gym_ros' build argument 'cmake_args' from command line to 'None'
[2.369s] Level 5:colcon.colcon_core.verb:set package 'f1tenth_gym_ros' build argument 'cmake_target' from command line to 'None'
[2.370s] Level 5:colcon.colcon_core.verb:set package 'f1tenth_gym_ros' build argument 'cmake_target_skip_unavailable' from command line to 'False'
[2.370s] Level 5:colcon.colcon_core.verb:set package 'f1tenth_gym_ros' build argument 'cmake_clean_cache' from command line to 'False'
[2.370s] Level 5:colcon.colcon_core.verb:set package 'f1tenth_gym_ros' build argument 'cmake_clean_first' from command line to 'False'
[2.370s] Level 5:colcon.colcon_core.verb:set package 'f1tenth_gym_ros' build argument 'cmake_force_configure' from command line to 'False'
[2.370s] Level 5:colcon.colcon_core.verb:set package 'f1tenth_gym_ros' build argument 'ament_cmake_args' from command line to 'None'
[2.370s] Level 5:colcon.colcon_core.verb:set package 'f1tenth_gym_ros' build argument 'catkin_cmake_args' from command line to 'None'
[2.370s] Level 5:colcon.colcon_core.verb:set package 'f1tenth_gym_ros' build argument 'catkin_skip_building_tests' from command line to 'False'
[2.370s] DEBUG:colcon.colcon_core.verb:Building package 'f1tenth_gym_ros' with the following arguments: {'ament_cmake_args': None, 'build_base': '/home/vy/GalacticRacing/build/f1tenth_gym_ros', 'catkin_cmake_args': None, 'catkin_skip_building_tests': False, 'cmake_args': None, 'cmake_clean_cache': False, 'cmake_clean_first': False, 'cmake_force_configure': False, 'cmake_target': None, 'cmake_target_skip_unavailable': False, 'install_base': '/home/vy/GalacticRacing/install/f1tenth_gym_ros', 'merge_install': False, 'path': '/home/vy/GalacticRacing/sim_ws/src/f1tenth_gym_ros', 'symlink_install': False, 'test_result_base': None}
[2.399s] Level 5:colcon.colcon_core.verb:set package 'gap_follow' build argument 'cmake_args' from command line to 'None'
[2.399s] Level 5:colcon.colcon_core.verb:set package 'gap_follow' build argument 'cmake_target' from command line to 'None'
[2.399s] Level 5:colcon.colcon_core.verb:set package 'gap_follow' build argument 'cmake_target_skip_unavailable' from command line to 'False'
[2.399s] Level 5:colcon.colcon_core.verb:set package 'gap_follow' build argument 'cmake_clean_cache' from command line to 'False'
[2.399s] Level 5:colcon.colcon_core.verb:set package 'gap_follow' build argument 'cmake_clean_first' from command line to 'False'
[2.399s] Level 5:colcon.colcon_core.verb:set package 'gap_follow' build argument 'cmake_force_configure' from command line to 'False'
[2.399s] Level 5:colcon.colcon_core.verb:set package 'gap_follow' build argument 'ament_cmake_args' from command line to 'None'
[2.399s] Level 5:colcon.colcon_core.verb:set package 'gap_follow' build argument 'catkin_cmake_args' from command line to 'None'
[2.399s] Level 5:colcon.colcon_core.verb:set package 'gap_follow' build argument 'catkin_skip_building_tests' from command line to 'False'
[2.399s] DEBUG:colcon.colcon_core.verb:Building package 'gap_follow' with the following arguments: {'ament_cmake_args': None, 'build_base': '/home/vy/GalacticRacing/build/gap_follow', 'catkin_cmake_args': None, 'catkin_skip_building_tests': False, 'cmake_args': None, 'cmake_clean_cache': False, 'cmake_clean_first': False, 'cmake_force_configure': False, 'cmake_target': None, 'cmake_target_skip_unavailable': False, 'install_base': '/home/vy/GalacticRacing/install/gap_follow', 'merge_install': False, 'path': '/home/vy/GalacticRacing/sim_ws/src/gap_follow', 'symlink_install': False, 'test_result_base': None}
[2.428s] Level 5:colcon.colcon_core.verb:set package 'ros_msg_pkg' build argument 'cmake_args' from command line to 'None'
[2.429s] Level 5:colcon.colcon_core.verb:set package 'ros_msg_pkg' build argument 'cmake_target' from command line to 'None'
[2.429s] Level 5:colcon.colcon_core.verb:set package 'ros_msg_pkg' build argument 'cmake_target_skip_unavailable' from command line to 'False'
[2.429s] Level 5:colcon.colcon_core.verb:set package 'ros_msg_pkg' build argument 'cmake_clean_cache' from command line to 'False'
[2.429s] Level 5:colcon.colcon_core.verb:set package 'ros_msg_pkg' build argument 'cmake_clean_first' from command line to 'False'
[2.429s] Level 5:colcon.colcon_core.verb:set package 'ros_msg_pkg' build argument 'cmake_force_configure' from command line to 'False'
[2.429s] Level 5:colcon.colcon_core.verb:set package 'ros_msg_pkg' build argument 'ament_cmake_args' from command line to 'None'
[2.429s] Level 5:colcon.colcon_core.verb:set package 'ros_msg_pkg' build argument 'catkin_cmake_args' from command line to 'None'
[2.429s] Level 5:colcon.colcon_core.verb:set package 'ros_msg_pkg' build argument 'catkin_skip_building_tests' from command line to 'False'
[2.430s] DEBUG:colcon.colcon_core.verb:Building package 'ros_msg_pkg' with the following arguments: {'ament_cmake_args': None, 'build_base': '/home/vy/GalacticRacing/build/ros_msg_pkg', 'catkin_cmake_args': None, 'catkin_skip_building_tests': False, 'cmake_args': None, 'cmake_clean_cache': False, 'cmake_clean_first': False, 'cmake_force_configure': False, 'cmake_target': None, 'cmake_target_skip_unavailable': False, 'install_base': '/home/vy/GalacticRacing/install/ros_msg_pkg', 'merge_install': False, 'path': '/home/vy/GalacticRacing/sim_ws/src/ros_msg_pkg', 'symlink_install': False, 'test_result_base': None}
[2.461s] Level 5:colcon.colcon_core.verb:set package 'safety_node' build argument 'cmake_args' from command line to 'None'
[2.462s] Level 5:colcon.colcon_core.verb:set package 'safety_node' build argument 'cmake_target' from command line to 'None'
[2.462s] Level 5:colcon.colcon_core.verb:set package 'safety_node' build argument 'cmake_target_skip_unavailable' from command line to 'False'
[2.462s] Level 5:colcon.colcon_core.verb:set package 'safety_node' build argument 'cmake_clean_cache' from command line to 'False'
[2.462s] Level 5:colcon.colcon_core.verb:set package 'safety_node' build argument 'cmake_clean_first' from command line to 'False'
[2.462s] Level 5:colcon.colcon_core.verb:set package 'safety_node' build argument 'cmake_force_configure' from command line to 'False'
[2.462s] Level 5:colcon.colcon_core.verb:set package 'safety_node' build argument 'ament_cmake_args' from command line to 'None'
[2.462s] Level 5:colcon.colcon_core.verb:set package 'safety_node' build argument 'catkin_cmake_args' from command line to 'None'
[2.462s] Level 5:colcon.colcon_core.verb:set package 'safety_node' build argument 'catkin_skip_building_tests' from command line to 'False'
[2.462s] DEBUG:colcon.colcon_core.verb:Building package 'safety_node' with the following arguments: {'ament_cmake_args': None, 'build_base': '/home/vy/GalacticRacing/build/safety_node', 'catkin_cmake_args': None, 'catkin_skip_building_tests': False, 'cmake_args': None, 'cmake_clean_cache': False, 'cmake_clean_first': False, 'cmake_force_configure': False, 'cmake_target': None, 'cmake_target_skip_unavailable': False, 'install_base': '/home/vy/GalacticRacing/install/safety_node', 'merge_install': False, 'path': '/home/vy/GalacticRacing/sim_ws/src/safety_node', 'symlink_install': False, 'test_result_base': None}
[2.498s] Level 5:colcon.colcon_core.verb:set package 'wall_follow' build argument 'cmake_args' from command line to 'None'
[2.498s] Level 5:colcon.colcon_core.verb:set package 'wall_follow' build argument 'cmake_target' from command line to 'None'
[2.498s] Level 5:colcon.colcon_core.verb:set package 'wall_follow' build argument 'cmake_target_skip_unavailable' from command line to 'False'
[2.498s] Level 5:colcon.colcon_core.verb:set package 'wall_follow' build argument 'cmake_clean_cache' from command line to 'False'
[2.498s] Level 5:colcon.colcon_core.verb:set package 'wall_follow' build argument 'cmake_clean_first' from command line to 'False'
[2.498s] Level 5:colcon.colcon_core.verb:set package 'wall_follow' build argument 'cmake_force_configure' from command line to 'False'
[2.498s] Level 5:colcon.colcon_core.verb:set package 'wall_follow' build argument 'ament_cmake_args' from command line to 'None'
[2.498s] Level 5:colcon.colcon_core.verb:set package 'wall_follow' build argument 'catkin_cmake_args' from command line to 'None'
[2.498s] Level 5:colcon.colcon_core.verb:set package 'wall_follow' build argument 'catkin_skip_building_tests' from command line to 'False'
[2.498s] DEBUG:colcon.colcon_core.verb:Building package 'wall_follow' with the following arguments: {'ament_cmake_args': None, 'build_base': '/home/vy/GalacticRacing/build/wall_follow', 'catkin_cmake_args': None, 'catkin_skip_building_tests': False, 'cmake_args': None, 'cmake_clean_cache': False, 'cmake_clean_first': False, 'cmake_force_configure': False, 'cmake_target': None, 'cmake_target_skip_unavailable': False, 'install_base': '/home/vy/GalacticRacing/install/wall_follow', 'merge_install': False, 'path': '/home/vy/GalacticRacing/sim_ws/src/wall_follow', 'symlink_install': False, 'test_result_base': None}
[2.531s] INFO:colcon.colcon_core.executor:Executing jobs using 'parallel' executor
[2.563s] DEBUG:colcon.colcon_parallel_executor.executor.parallel:run_until_complete
[2.563s] INFO:colcon.colcon_ros.task.ament_python.build:Building ROS package in '/home/vy/GalacticRacing/sim_ws/src/f1tenth_gym_ros' with build type 'ament_python'
[2.564s] Level 1:colcon.colcon_core.shell:create_environment_hook('f1tenth_gym_ros', 'ament_prefix_path')
[2.603s] INFO:colcon.colcon_core.plugin_system:Skipping extension 'colcon_core.shell.bat': Not used on non-Windows systems
[2.604s] INFO:colcon.colcon_core.shell:Creating environment hook '/home/vy/GalacticRacing/install/f1tenth_gym_ros/share/f1tenth_gym_ros/hook/ament_prefix_path.ps1'
[2.604s] INFO:colcon.colcon_core.shell:Creating environment descriptor '/home/vy/GalacticRacing/install/f1tenth_gym_ros/share/f1tenth_gym_ros/hook/ament_prefix_path.dsv'
[2.606s] INFO:colcon.colcon_core.shell:Creating environment hook '/home/vy/GalacticRacing/install/f1tenth_gym_ros/share/f1tenth_gym_ros/hook/ament_prefix_path.sh'
[2.638s] INFO:colcon.colcon_core.shell:Skip shell extension 'powershell' for command environment: Not usable outside of PowerShell
[2.638s] DEBUG:colcon.colcon_core.shell:Skip shell extension 'dsv' for command environment
[2.716s] INFO:colcon.colcon_ros.task.ament_cmake.build:Building ROS package in '/home/vy/GalacticRacing/sim_ws/src/gap_follow' with build type 'ament_cmake'
[2.716s] INFO:colcon.colcon_cmake.task.cmake.build:Building CMake package in '/home/vy/GalacticRacing/sim_ws/src/gap_follow'
[2.764s] INFO:colcon.colcon_core.shell:Skip shell extension 'powershell' for command environment: Not usable outside of PowerShell
[2.765s] DEBUG:colcon.colcon_core.shell:Skip shell extension 'dsv' for command environment
[2.859s] INFO:colcon.colcon_ros.task.ament_python.build:Building ROS package in '/home/vy/GalacticRacing/sim_ws/src/ros_msg_pkg' with build type 'ament_python'
[2.860s] Level 1:colcon.colcon_core.shell:create_environment_hook('ros_msg_pkg', 'ament_prefix_path')
[2.892s] INFO:colcon.colcon_core.shell:Creating environment hook '/home/vy/GalacticRacing/install/ros_msg_pkg/share/ros_msg_pkg/hook/ament_prefix_path.ps1'
[2.892s] INFO:colcon.colcon_core.shell:Creating environment descriptor '/home/vy/GalacticRacing/install/ros_msg_pkg/share/ros_msg_pkg/hook/ament_prefix_path.dsv'
[2.893s] INFO:colcon.colcon_core.shell:Creating environment hook '/home/vy/GalacticRacing/install/ros_msg_pkg/share/ros_msg_pkg/hook/ament_prefix_path.sh'
[2.939s] INFO:colcon.colcon_core.shell:Skip shell extension 'powershell' for command environment: Not usable outside of PowerShell
[2.939s] DEBUG:colcon.colcon_core.shell:Skip shell extension 'dsv' for command environment
[3.009s] INFO:colcon.colcon_ros.task.ament_cmake.build:Building ROS package in '/home/vy/GalacticRacing/sim_ws/src/safety_node' with build type 'ament_cmake'
[3.010s] INFO:colcon.colcon_cmake.task.cmake.build:Building CMake package in '/home/vy/GalacticRacing/sim_ws/src/safety_node'
[3.050s] INFO:colcon.colcon_core.shell:Skip shell extension 'powershell' for command environment: Not usable outside of PowerShell
[3.050s] DEBUG:colcon.colcon_core.shell:Skip shell extension 'dsv' for command environment
[3.120s] INFO:colcon.colcon_ros.task.ament_cmake.build:Building ROS package in '/home/vy/GalacticRacing/sim_ws/src/wall_follow' with build type 'ament_cmake'
[3.120s] INFO:colcon.colcon_cmake.task.cmake.build:Building CMake package in '/home/vy/GalacticRacing/sim_ws/src/wall_follow'
[3.171s] INFO:colcon.colcon_core.shell:Skip shell extension 'powershell' for command environment: Not usable outside of PowerShell
[3.171s] DEBUG:colcon.colcon_core.shell:Skip shell extension 'dsv' for command environment
[3.423s] INFO:colcon.colcon_core.task.python.build:Building Python package in '/home/vy/GalacticRacing/sim_ws/src/f1tenth_gym_ros'
[3.457s] INFO:colcon.colcon_core.shell:Skip shell extension 'powershell' for command environment: Not usable outside of PowerShell
[3.457s] DEBUG:colcon.colcon_core.shell:Skip shell extension 'dsv' for command environment
[3.540s] DEBUG:colcon.colcon_core.event_handler.log_command:Invoking command in '/home/vy/GalacticRacing/build/gap_follow': CMAKE_PREFIX_PATH=/opt/ros/foxy /usr/bin/cmake /home/vy/GalacticRacing/sim_ws/src/gap_follow -DCMAKE_INSTALL_PREFIX=/home/vy/GalacticRacing/install/gap_follow
[3.719s] INFO:colcon.colcon_core.task.python.build:Building Python package in '/home/vy/GalacticRacing/sim_ws/src/ros_msg_pkg'
[3.768s] INFO:colcon.colcon_core.shell:Skip shell extension 'powershell' for command environment: Not usable outside of PowerShell
[3.768s] DEBUG:colcon.colcon_core.shell:Skip shell extension 'dsv' for command environment
[3.925s] DEBUG:colcon.colcon_core.event_handler.log_command:Invoking command in '/home/vy/GalacticRacing/build/safety_node': CMAKE_PREFIX_PATH=/opt/ros/foxy /usr/bin/cmake /home/vy/GalacticRacing/sim_ws/src/safety_node -DCMAKE_INSTALL_PREFIX=/home/vy/GalacticRacing/install/safety_node
[3.943s] DEBUG:colcon.colcon_core.event_handler.log_command:Invoking command in '/home/vy/GalacticRacing/build/wall_follow': CMAKE_PREFIX_PATH=/opt/ros/foxy /usr/bin/cmake /home/vy/GalacticRacing/sim_ws/src/wall_follow -DCMAKE_INSTALL_PREFIX=/home/vy/GalacticRacing/install/wall_follow
[4.361s] DEBUG:colcon.colcon_core.event_handler.log_command:Invoking command in '/home/vy/GalacticRacing/sim_ws/src/ros_msg_pkg': PYTHONPATH=/home/vy/GalacticRacing/build/ros_msg_pkg/prefix_override:/home/vy/GalacticRacing/install/ros_msg_pkg/lib/python3.8/site-packages:${PYTHONPATH} /usr/bin/python3 setup.py egg_info --egg-base ../../../build/ros_msg_pkg build --build-base /home/vy/GalacticRacing/build/ros_msg_pkg/build install --record /home/vy/GalacticRacing/build/ros_msg_pkg/install.log --install-scripts $base/lib/ros_msg_pkg --single-version-externally-managed
[4.368s] DEBUG:colcon.colcon_core.event_handler.log_command:Invoking command in '/home/vy/GalacticRacing/sim_ws/src/f1tenth_gym_ros': PYTHONPATH=/home/vy/GalacticRacing/build/f1tenth_gym_ros/prefix_override:/home/vy/GalacticRacing/install/f1tenth_gym_ros/lib/python3.8/site-packages:${PYTHONPATH} /usr/bin/python3 setup.py egg_info --egg-base ../../../build/f1tenth_gym_ros build --build-base /home/vy/GalacticRacing/build/f1tenth_gym_ros/build install --record /home/vy/GalacticRacing/build/f1tenth_gym_ros/install.log --install-scripts $base/lib/f1tenth_gym_ros --single-version-externally-managed
[4.649s] DEBUG:colcon.colcon_core.event_handler.log_command:Invoked command in '/home/vy/GalacticRacing/sim_ws/src/ros_msg_pkg' returned '0': PYTHONPATH=/home/vy/GalacticRacing/build/ros_msg_pkg/prefix_override:/home/vy/GalacticRacing/install/ros_msg_pkg/lib/python3.8/site-packages:${PYTHONPATH} /usr/bin/python3 setup.py egg_info --egg-base ../../../build/ros_msg_pkg build --build-base /home/vy/GalacticRacing/build/ros_msg_pkg/build install --record /home/vy/GalacticRacing/build/ros_msg_pkg/install.log --install-scripts $base/lib/ros_msg_pkg --single-version-externally-managed
[4.692s] Level 1:colcon.colcon_core.environment:checking '/home/vy/GalacticRacing/install/ros_msg_pkg' for CMake module files
[4.692s] Level 1:colcon.colcon_core.environment:checking '/home/vy/GalacticRacing/install/ros_msg_pkg' for CMake config files
[4.693s] Level 1:colcon.colcon_core.environment:checking '/home/vy/GalacticRacing/install/ros_msg_pkg/lib'
[4.694s] Level 1:colcon.colcon_core.environment:checking '/home/vy/GalacticRacing/install/ros_msg_pkg/bin'
[4.694s] Level 1:colcon.colcon_core.environment:checking '/home/vy/GalacticRacing/install/ros_msg_pkg/lib/pkgconfig/ros_msg_pkg.pc'
[4.694s] Level 1:colcon.colcon_core.environment:checking '/home/vy/GalacticRacing/install/ros_msg_pkg/lib/python3.8/site-packages'
[4.695s] Level 1:colcon.colcon_core.shell:create_environment_hook('ros_msg_pkg', 'pythonpath')
[4.734s] INFO:colcon.colcon_core.shell:Creating environment hook '/home/vy/GalacticRacing/install/ros_msg_pkg/share/ros_msg_pkg/hook/pythonpath.ps1'
[4.737s] INFO:colcon.colcon_core.shell:Creating environment descriptor '/home/vy/GalacticRacing/install/ros_msg_pkg/share/ros_msg_pkg/hook/pythonpath.dsv'
[4.739s] INFO:colcon.colcon_core.shell:Creating environment hook '/home/vy/GalacticRacing/install/ros_msg_pkg/share/ros_msg_pkg/hook/pythonpath.sh'
[4.740s] Level 1:colcon.colcon_core.environment:checking '/home/vy/GalacticRacing/install/ros_msg_pkg/bin'
[4.740s] Level 1:colcon.colcon_core.environment:create_environment_scripts_only(ros_msg_pkg)
[4.782s] INFO:colcon.colcon_core.shell:Creating package script '/home/vy/GalacticRacing/install/ros_msg_pkg/share/ros_msg_pkg/package.ps1'
[4.784s] INFO:colcon.colcon_core.shell:Creating package descriptor '/home/vy/GalacticRacing/install/ros_msg_pkg/share/ros_msg_pkg/package.dsv'
[4.784s] INFO:colcon.colcon_core.shell:Creating package script '/home/vy/GalacticRacing/install/ros_msg_pkg/share/ros_msg_pkg/package.sh'
[4.785s] INFO:colcon.colcon_core.shell:Creating package script '/home/vy/GalacticRacing/install/ros_msg_pkg/share/ros_msg_pkg/package.bash'
[4.785s] INFO:colcon.colcon_core.shell:Creating package script '/home/vy/GalacticRacing/install/ros_msg_pkg/share/ros_msg_pkg/package.zsh'
[4.786s] Level 1:colcon.colcon_core.environment:create_file_with_runtime_dependencies(/home/vy/GalacticRacing/install/ros_msg_pkg/share/colcon-core/packages/ros_msg_pkg)
[4.788s] DEBUG:colcon.colcon_core.event_handler.log_command:Invoked command in '/home/vy/GalacticRacing/sim_ws/src/f1tenth_gym_ros' returned '0': PYTHONPATH=/home/vy/GalacticRacing/build/f1tenth_gym_ros/prefix_override:/home/vy/GalacticRacing/install/f1tenth_gym_ros/lib/python3.8/site-packages:${PYTHONPATH} /usr/bin/python3 setup.py egg_info --egg-base ../../../build/f1tenth_gym_ros build --build-base /home/vy/GalacticRacing/build/f1tenth_gym_ros/build install --record /home/vy/GalacticRacing/build/f1tenth_gym_ros/install.log --install-scripts $base/lib/f1tenth_gym_ros --single-version-externally-managed
[4.833s] Level 1:colcon.colcon_core.environment:checking '/home/vy/GalacticRacing/install/f1tenth_gym_ros' for CMake module files
[4.833s] Level 1:colcon.colcon_core.environment:checking '/home/vy/GalacticRacing/install/f1tenth_gym_ros' for CMake config files
[4.834s] Level 1:colcon.colcon_core.environment:checking '/home/vy/GalacticRacing/install/f1tenth_gym_ros/lib'
[4.834s] Level 1:colcon.colcon_core.environment:checking '/home/vy/GalacticRacing/install/f1tenth_gym_ros/bin'
[4.834s] Level 1:colcon.colcon_core.environment:checking '/home/vy/GalacticRacing/install/f1tenth_gym_ros/lib/pkgconfig/f1tenth_gym_ros.pc'
[4.835s] Level 1:colcon.colcon_core.environment:checking '/home/vy/GalacticRacing/install/f1tenth_gym_ros/lib/python3.8/site-packages'
[4.835s] Level 1:colcon.colcon_core.shell:create_environment_hook('f1tenth_gym_ros', 'pythonpath')
[4.877s] INFO:colcon.colcon_core.shell:Creating environment hook '/home/vy/GalacticRacing/install/f1tenth_gym_ros/share/f1tenth_gym_ros/hook/pythonpath.ps1'
[4.881s] INFO:colcon.colcon_core.shell:Creating environment descriptor '/home/vy/GalacticRacing/install/f1tenth_gym_ros/share/f1tenth_gym_ros/hook/pythonpath.dsv'
[4.882s] INFO:colcon.colcon_core.shell:Creating environment hook '/home/vy/GalacticRacing/install/f1tenth_gym_ros/share/f1tenth_gym_ros/hook/pythonpath.sh'
[4.883s] Level 1:colcon.colcon_core.environment:checking '/home/vy/GalacticRacing/install/f1tenth_gym_ros/bin'
[4.883s] Level 1:colcon.colcon_core.environment:create_environment_scripts_only(f1tenth_gym_ros)
[4.932s] INFO:colcon.colcon_core.shell:Creating package script '/home/vy/GalacticRacing/install/f1tenth_gym_ros/share/f1tenth_gym_ros/package.ps1'
[4.932s] INFO:colcon.colcon_core.shell:Creating package descriptor '/home/vy/GalacticRacing/install/f1tenth_gym_ros/share/f1tenth_gym_ros/package.dsv'
[4.935s] INFO:colcon.colcon_core.shell:Creating package script '/home/vy/GalacticRacing/install/f1tenth_gym_ros/share/f1tenth_gym_ros/package.sh'
[4.936s] INFO:colcon.colcon_core.shell:Creating package script '/home/vy/GalacticRacing/install/f1tenth_gym_ros/share/f1tenth_gym_ros/package.bash'
[4.936s] INFO:colcon.colcon_core.shell:Creating package script '/home/vy/GalacticRacing/install/f1tenth_gym_ros/share/f1tenth_gym_ros/package.zsh'
[4.937s] Level 1:colcon.colcon_core.environment:create_file_with_runtime_dependencies(/home/vy/GalacticRacing/install/f1tenth_gym_ros/share/colcon-core/packages/f1tenth_gym_ros)
[5.873s] DEBUG:colcon.colcon_core.event_handler.log_command:Invoked command in '/home/vy/GalacticRacing/build/safety_node' returned '0': CMAKE_PREFIX_PATH=/opt/ros/foxy /usr/bin/cmake /home/vy/GalacticRacing/sim_ws/src/safety_node -DCMAKE_INSTALL_PREFIX=/home/vy/GalacticRacing/install/safety_node
[5.881s] DEBUG:colcon.colcon_core.event_handler.log_command:Invoking command in '/home/vy/GalacticRacing/build/safety_node': CMAKE_PREFIX_PATH=/opt/ros/foxy /usr/bin/cmake --build /home/vy/GalacticRacing/build/safety_node -- -j6 -l6
[5.896s] DEBUG:colcon.colcon_core.event_handler.log_command:Invoked command in '/home/vy/GalacticRacing/build/gap_follow' returned '0': CMAKE_PREFIX_PATH=/opt/ros/foxy /usr/bin/cmake /home/vy/GalacticRacing/sim_ws/src/gap_follow -DCMAKE_INSTALL_PREFIX=/home/vy/GalacticRacing/install/gap_follow
[5.911s] DEBUG:colcon.colcon_core.event_handler.log_command:Invoking command in '/home/vy/GalacticRacing/build/gap_follow': CMAKE_PREFIX_PATH=/opt/ros/foxy /usr/bin/cmake --build /home/vy/GalacticRacing/build/gap_follow -- -j6 -l6
[5.911s] DEBUG:colcon.colcon_core.event_handler.log_command:Invoked command in '/home/vy/GalacticRacing/build/wall_follow' returned '0': CMAKE_PREFIX_PATH=/opt/ros/foxy /usr/bin/cmake /home/vy/GalacticRacing/sim_ws/src/wall_follow -DCMAKE_INSTALL_PREFIX=/home/vy/GalacticRacing/install/wall_follow
[5.913s] DEBUG:colcon.colcon_core.event_handler.log_command:Invoking command in '/home/vy/GalacticRacing/build/wall_follow': CMAKE_PREFIX_PATH=/opt/ros/foxy /usr/bin/cmake --build /home/vy/GalacticRacing/build/wall_follow -- -j6 -l6
[8.970s] DEBUG:colcon.colcon_core.event_handler.log_command:Invoked command in '/home/vy/GalacticRacing/build/wall_follow' returned '0': CMAKE_PREFIX_PATH=/opt/ros/foxy /usr/bin/cmake --build /home/vy/GalacticRacing/build/wall_follow -- -j6 -l6
[8.980s] DEBUG:colcon.colcon_core.event_handler.log_command:Invoked command in '/home/vy/GalacticRacing/build/safety_node' returned '0': CMAKE_PREFIX_PATH=/opt/ros/foxy /usr/bin/cmake --build /home/vy/GalacticRacing/build/safety_node -- -j6 -l6
[9.031s] DEBUG:colcon.colcon_core.event_handler.log_command:Invoking command in '/home/vy/GalacticRacing/build/wall_follow': CMAKE_PREFIX_PATH=/opt/ros/foxy /usr/bin/cmake --install /home/vy/GalacticRacing/build/wall_follow
[9.039s] DEBUG:colcon.colcon_core.event_handler.log_command:Invoking command in '/home/vy/GalacticRacing/build/safety_node': CMAKE_PREFIX_PATH=/opt/ros/foxy /usr/bin/cmake --install /home/vy/GalacticRacing/build/safety_node
[9.092s] Level 1:colcon.colcon_core.environment:create_environment_scripts_only(wall_follow)
[9.135s] DEBUG:colcon.colcon_core.event_handler.log_command:Invoked command in '/home/vy/GalacticRacing/build/wall_follow' returned '0': CMAKE_PREFIX_PATH=/opt/ros/foxy /usr/bin/cmake --install /home/vy/GalacticRacing/build/wall_follow
[9.173s] Level 1:colcon.colcon_core.environment:checking '/home/vy/GalacticRacing/install/wall_follow' for CMake module files
[9.175s] Level 1:colcon.colcon_core.environment:checking '/home/vy/GalacticRacing/install/wall_follow' for CMake config files
[9.178s] Level 1:colcon.colcon_core.shell:create_environment_hook('wall_follow', 'cmake_prefix_path')
[9.208s] INFO:colcon.colcon_core.shell:Creating environment hook '/home/vy/GalacticRacing/install/wall_follow/share/wall_follow/hook/cmake_prefix_path.ps1'
[9.209s] INFO:colcon.colcon_core.shell:Creating environment descriptor '/home/vy/GalacticRacing/install/wall_follow/share/wall_follow/hook/cmake_prefix_path.dsv'
[9.211s] INFO:colcon.colcon_core.shell:Creating environment hook '/home/vy/GalacticRacing/install/wall_follow/share/wall_follow/hook/cmake_prefix_path.sh'
[9.212s] Level 1:colcon.colcon_core.environment:checking '/home/vy/GalacticRacing/install/wall_follow/lib'
[9.212s] Level 1:colcon.colcon_core.environment:checking '/home/vy/GalacticRacing/install/wall_follow/bin'
[9.212s] Level 1:colcon.colcon_core.environment:checking '/home/vy/GalacticRacing/install/wall_follow/lib/pkgconfig/wall_follow.pc'
[9.212s] Level 1:colcon.colcon_core.environment:checking '/home/vy/GalacticRacing/install/wall_follow/lib/python3.8/site-packages'
[9.212s] Level 1:colcon.colcon_core.shell:create_environment_hook('wall_follow', 'pythonpath')
[9.244s] INFO:colcon.colcon_core.shell:Creating environment hook '/home/vy/GalacticRacing/install/wall_follow/share/wall_follow/hook/pythonpath.ps1'
[9.244s] INFO:colcon.colcon_core.shell:Creating environment descriptor '/home/vy/GalacticRacing/install/wall_follow/share/wall_follow/hook/pythonpath.dsv'
[9.245s] INFO:colcon.colcon_core.shell:Creating environment hook '/home/vy/GalacticRacing/install/wall_follow/share/wall_follow/hook/pythonpath.sh'
[9.246s] Level 1:colcon.colcon_core.environment:checking '/home/vy/GalacticRacing/install/wall_follow/bin'
[9.288s] INFO:colcon.colcon_core.shell:Creating package script '/home/vy/GalacticRacing/install/wall_follow/share/wall_follow/package.ps1'
[9.288s] INFO:colcon.colcon_core.shell:Creating package descriptor '/home/vy/GalacticRacing/install/wall_follow/share/wall_follow/package.dsv'
[9.289s] INFO:colcon.colcon_core.shell:Creating package script '/home/vy/GalacticRacing/install/wall_follow/share/wall_follow/package.sh'
[9.289s] INFO:colcon.colcon_core.shell:Creating package script '/home/vy/GalacticRacing/install/wall_follow/share/wall_follow/package.bash'
[9.289s] INFO:colcon.colcon_core.shell:Creating package script '/home/vy/GalacticRacing/install/wall_follow/share/wall_follow/package.zsh'
[9.290s] Level 1:colcon.colcon_core.environment:create_file_with_runtime_dependencies(/home/vy/GalacticRacing/install/wall_follow/share/colcon-core/packages/wall_follow)
[9.296s] Level 1:colcon.colcon_core.environment:create_environment_scripts_only(safety_node)
[9.299s] DEBUG:colcon.colcon_core.event_handler.log_command:Invoked command in '/home/vy/GalacticRacing/build/safety_node' returned '0': CMAKE_PREFIX_PATH=/opt/ros/foxy /usr/bin/cmake --install /home/vy/GalacticRacing/build/safety_node
[9.345s] Level 1:colcon.colcon_core.environment:checking '/home/vy/GalacticRacing/install/safety_node' for CMake module files
[9.347s] Level 1:colcon.colcon_core.environment:checking '/home/vy/GalacticRacing/install/safety_node' for CMake config files
[9.347s] Level 1:colcon.colcon_core.shell:create_environment_hook('safety_node', 'cmake_prefix_path')
[9.378s] INFO:colcon.colcon_core.shell:Creating environment hook '/home/vy/GalacticRacing/install/safety_node/share/safety_node/hook/cmake_prefix_path.ps1'
[9.379s] INFO:colcon.colcon_core.shell:Creating environment descriptor '/home/vy/GalacticRacing/install/safety_node/share/safety_node/hook/cmake_prefix_path.dsv'
[9.379s] INFO:colcon.colcon_core.shell:Creating environment hook '/home/vy/GalacticRacing/install/safety_node/share/safety_node/hook/cmake_prefix_path.sh'
[9.380s] Level 1:colcon.colcon_core.environment:checking '/home/vy/GalacticRacing/install/safety_node/lib'
[9.380s] Level 1:colcon.colcon_core.environment:checking '/home/vy/GalacticRacing/install/safety_node/bin'
[9.380s] Level 1:colcon.colcon_core.environment:checking '/home/vy/GalacticRacing/install/safety_node/lib/pkgconfig/safety_node.pc'
[9.380s] Level 1:colcon.colcon_core.environment:checking '/home/vy/GalacticRacing/install/safety_node/lib/python3.8/site-packages'
[9.380s] Level 1:colcon.colcon_core.shell:create_environment_hook('safety_node', 'pythonpath')
[9.410s] INFO:colcon.colcon_core.shell:Creating environment hook '/home/vy/GalacticRacing/install/safety_node/share/safety_node/hook/pythonpath.ps1'
[9.411s] INFO:colcon.colcon_core.shell:Creating environment descriptor '/home/vy/GalacticRacing/install/safety_node/share/safety_node/hook/pythonpath.dsv'
[9.411s] INFO:colcon.colcon_core.shell:Creating environment hook '/home/vy/GalacticRacing/install/safety_node/share/safety_node/hook/pythonpath.sh'
[9.412s] Level 1:colcon.colcon_core.environment:checking '/home/vy/GalacticRacing/install/safety_node/bin'
[9.441s] INFO:colcon.colcon_core.shell:Creating package script '/home/vy/GalacticRacing/install/safety_node/share/safety_node/package.ps1'
[9.442s] INFO:colcon.colcon_core.shell:Creating package descriptor '/home/vy/GalacticRacing/install/safety_node/share/safety_node/package.dsv'
[9.443s] INFO:colcon.colcon_core.shell:Creating package script '/home/vy/GalacticRacing/install/safety_node/share/safety_node/package.sh'
[9.444s] INFO:colcon.colcon_core.shell:Creating package script '/home/vy/GalacticRacing/install/safety_node/share/safety_node/package.bash'
[9.446s] INFO:colcon.colcon_core.shell:Creating package script '/home/vy/GalacticRacing/install/safety_node/share/safety_node/package.zsh'
[9.446s] Level 1:colcon.colcon_core.environment:create_file_with_runtime_dependencies(/home/vy/GalacticRacing/install/safety_node/share/colcon-core/packages/safety_node)
[9.456s] DEBUG:colcon.colcon_core.event_handler.log_command:Invoked command in '/home/vy/GalacticRacing/build/gap_follow' returned '0': CMAKE_PREFIX_PATH=/opt/ros/foxy /usr/bin/cmake --build /home/vy/GalacticRacing/build/gap_follow -- -j6 -l6
[9.509s] Level 1:colcon.colcon_core.environment:create_environment_scripts_only(wall_follow)
[9.543s] Level 1:colcon.colcon_core.environment:checking '/home/vy/GalacticRacing/install/wall_follow' for CMake module files
[9.544s] Level 1:colcon.colcon_core.environment:checking '/home/vy/GalacticRacing/install/wall_follow' for CMake config files
[9.544s] Level 1:colcon.colcon_core.shell:create_environment_hook('wall_follow', 'cmake_prefix_path')
[9.578s] INFO:colcon.colcon_core.shell:Creating environment hook '/home/vy/GalacticRacing/install/wall_follow/share/wall_follow/hook/cmake_prefix_path.ps1'
[9.579s] INFO:colcon.colcon_core.shell:Creating environment descriptor '/home/vy/GalacticRacing/install/wall_follow/share/wall_follow/hook/cmake_prefix_path.dsv'
[9.579s] INFO:colcon.colcon_core.shell:Creating environment hook '/home/vy/GalacticRacing/install/wall_follow/share/wall_follow/hook/cmake_prefix_path.sh'
[9.580s] Level 1:colcon.colcon_core.environment:checking '/home/vy/GalacticRacing/install/wall_follow/lib'
[9.581s] Level 1:colcon.colcon_core.environment:checking '/home/vy/GalacticRacing/install/wall_follow/bin'
[9.581s] Level 1:colcon.colcon_core.environment:checking '/home/vy/GalacticRacing/install/wall_follow/lib/pkgconfig/wall_follow.pc'
[9.581s] Level 1:colcon.colcon_core.environment:checking '/home/vy/GalacticRacing/install/wall_follow/lib/python3.8/site-packages'
[9.581s] Level 1:colcon.colcon_core.shell:create_environment_hook('wall_follow', 'pythonpath')
[9.612s] INFO:colcon.colcon_core.shell:Creating environment hook '/home/vy/GalacticRacing/install/wall_follow/share/wall_follow/hook/pythonpath.ps1'
[9.612s] INFO:colcon.colcon_core.shell:Creating environment descriptor '/home/vy/GalacticRacing/install/wall_follow/share/wall_follow/hook/pythonpath.dsv'
[9.614s] INFO:colcon.colcon_core.shell:Creating environment hook '/home/vy/GalacticRacing/install/wall_follow/share/wall_follow/hook/pythonpath.sh'
[9.615s] Level 1:colcon.colcon_core.environment:checking '/home/vy/GalacticRacing/install/wall_follow/bin'
[9.645s] INFO:colcon.colcon_core.shell:Creating package script '/home/vy/GalacticRacing/install/wall_follow/share/wall_follow/package.ps1'
[9.646s] INFO:colcon.colcon_core.shell:Creating package descriptor '/home/vy/GalacticRacing/install/wall_follow/share/wall_follow/package.dsv'
[9.647s] INFO:colcon.colcon_core.shell:Creating package script '/home/vy/GalacticRacing/install/wall_follow/share/wall_follow/package.sh'
[9.648s] INFO:colcon.colcon_core.shell:Creating package script '/home/vy/GalacticRacing/install/wall_follow/share/wall_follow/package.bash'
[9.648s] INFO:colcon.colcon_core.shell:Creating package script '/home/vy/GalacticRacing/install/wall_follow/share/wall_follow/package.zsh'
[9.649s] Level 1:colcon.colcon_core.environment:create_file_with_runtime_dependencies(/home/vy/GalacticRacing/install/wall_follow/share/colcon-core/packages/wall_follow)
[9.721s] Level 1:colcon.colcon_core.environment:create_environment_scripts_only(safety_node)
[9.755s] Level 1:colcon.colcon_core.environment:checking '/home/vy/GalacticRacing/install/safety_node' for CMake module files
[9.755s] Level 1:colcon.colcon_core.environment:checking '/home/vy/GalacticRacing/install/safety_node' for CMake config files
[9.756s] Level 1:colcon.colcon_core.shell:create_environment_hook('safety_node', 'cmake_prefix_path')
[9.787s] INFO:colcon.colcon_core.shell:Creating environment hook '/home/vy/GalacticRacing/install/safety_node/share/safety_node/hook/cmake_prefix_path.ps1'
[9.788s] INFO:colcon.colcon_core.shell:Creating environment descriptor '/home/vy/GalacticRacing/install/safety_node/share/safety_node/hook/cmake_prefix_path.dsv'
[9.789s] INFO:colcon.colcon_core.shell:Creating environment hook '/home/vy/GalacticRacing/install/safety_node/share/safety_node/hook/cmake_prefix_path.sh'
[9.791s] Level 1:colcon.colcon_core.environment:checking '/home/vy/GalacticRacing/install/safety_node/lib'
[9.792s] Level 1:colcon.colcon_core.environment:checking '/home/vy/GalacticRacing/install/safety_node/bin'
[9.792s] Level 1:colcon.colcon_core.environment:checking '/home/vy/GalacticRacing/install/safety_node/lib/pkgconfig/safety_node.pc'
[9.792s] Level 1:colcon.colcon_core.environment:checking '/home/vy/GalacticRacing/install/safety_node/lib/python3.8/site-packages'
[9.792s] Level 1:colcon.colcon_core.shell:create_environment_hook('safety_node', 'pythonpath')
[9.822s] INFO:colcon.colcon_core.shell:Creating environment hook '/home/vy/GalacticRacing/install/safety_node/share/safety_node/hook/pythonpath.ps1'
[9.823s] INFO:colcon.colcon_core.shell:Creating environment descriptor '/home/vy/GalacticRacing/install/safety_node/share/safety_node/hook/pythonpath.dsv'
[9.824s] INFO:colcon.colcon_core.shell:Creating environment hook '/home/vy/GalacticRacing/install/safety_node/share/safety_node/hook/pythonpath.sh'
[9.825s] Level 1:colcon.colcon_core.environment:checking '/home/vy/GalacticRacing/install/safety_node/bin'
[9.856s] INFO:colcon.colcon_core.shell:Creating package script '/home/vy/GalacticRacing/install/safety_node/share/safety_node/package.ps1'
[9.857s] INFO:colcon.colcon_core.shell:Creating package descriptor '/home/vy/GalacticRacing/install/safety_node/share/safety_node/package.dsv'
[9.859s] INFO:colcon.colcon_core.shell:Creating package script '/home/vy/GalacticRacing/install/safety_node/share/safety_node/package.sh'
[9.860s] INFO:colcon.colcon_core.shell:Creating package script '/home/vy/GalacticRacing/install/safety_node/share/safety_node/package.bash'
[9.863s] INFO:colcon.colcon_core.shell:Creating package script '/home/vy/GalacticRacing/install/safety_node/share/safety_node/package.zsh'
[9.863s] Level 1:colcon.colcon_core.environment:create_file_with_runtime_dependencies(/home/vy/GalacticRacing/install/safety_node/share/colcon-core/packages/safety_node)
[9.876s] DEBUG:colcon.colcon_core.event_handler.log_command:Invoking command in '/home/vy/GalacticRacing/build/gap_follow': CMAKE_PREFIX_PATH=/opt/ros/foxy /usr/bin/cmake --install /home/vy/GalacticRacing/build/gap_follow
[9.921s] Level 1:colcon.colcon_core.environment:create_environment_scripts_only(gap_follow)
[9.924s] DEBUG:colcon.colcon_core.event_handler.log_command:Invoked command in '/home/vy/GalacticRacing/build/gap_follow' returned '0': CMAKE_PREFIX_PATH=/opt/ros/foxy /usr/bin/cmake --install /home/vy/GalacticRacing/build/gap_follow
[9.960s] Level 1:colcon.colcon_core.environment:checking '/home/vy/GalacticRacing/install/gap_follow' for CMake module files
[9.960s] Level 1:colcon.colcon_core.environment:checking '/home/vy/GalacticRacing/install/gap_follow' for CMake config files
[9.961s] Level 1:colcon.colcon_core.shell:create_environment_hook('gap_follow', 'cmake_prefix_path')
[9.992s] INFO:colcon.colcon_core.shell:Creating environment hook '/home/vy/GalacticRacing/install/gap_follow/share/gap_follow/hook/cmake_prefix_path.ps1'
[9.993s] INFO:colcon.colcon_core.shell:Creating environment descriptor '/home/vy/GalacticRacing/install/gap_follow/share/gap_follow/hook/cmake_prefix_path.dsv'
[9.993s] INFO:colcon.colcon_core.shell:Creating environment hook '/home/vy/GalacticRacing/install/gap_follow/share/gap_follow/hook/cmake_prefix_path.sh'
[9.993s] Level 1:colcon.colcon_core.environment:checking '/home/vy/GalacticRacing/install/gap_follow/lib'
[9.993s] Level 1:colcon.colcon_core.environment:checking '/home/vy/GalacticRacing/install/gap_follow/bin'
[9.993s] Level 1:colcon.colcon_core.environment:checking '/home/vy/GalacticRacing/install/gap_follow/lib/pkgconfig/gap_follow.pc'
[9.995s] Level 1:colcon.colcon_core.environment:checking '/home/vy/GalacticRacing/install/gap_follow/lib/python3.8/site-packages'
[9.995s] Level 1:colcon.colcon_core.shell:create_environment_hook('gap_follow', 'pythonpath')
[10.036s] INFO:colcon.colcon_core.shell:Creating environment hook '/home/vy/GalacticRacing/install/gap_follow/share/gap_follow/hook/pythonpath.ps1'
[10.036s] INFO:colcon.colcon_core.shell:Creating environment descriptor '/home/vy/GalacticRacing/install/gap_follow/share/gap_follow/hook/pythonpath.dsv'
[10.037s] INFO:colcon.colcon_core.shell:Creating environment hook '/home/vy/GalacticRacing/install/gap_follow/share/gap_follow/hook/pythonpath.sh'
[10.038s] Level 1:colcon.colcon_core.environment:checking '/home/vy/GalacticRacing/install/gap_follow/bin'
[10.072s] INFO:colcon.colcon_core.shell:Creating package script '/home/vy/GalacticRacing/install/gap_follow/share/gap_follow/package.ps1'
[10.072s] INFO:colcon.colcon_core.shell:Creating package descriptor '/home/vy/GalacticRacing/install/gap_follow/share/gap_follow/package.dsv'
[10.073s] INFO:colcon.colcon_core.shell:Creating package script '/home/vy/GalacticRacing/install/gap_follow/share/gap_follow/package.sh'
[10.073s] INFO:colcon.colcon_core.shell:Creating package script '/home/vy/GalacticRacing/install/gap_follow/share/gap_follow/package.bash'
[10.077s] INFO:colcon.colcon_core.shell:Creating package script '/home/vy/GalacticRacing/install/gap_follow/share/gap_follow/package.zsh'
[10.077s] Level 1:colcon.colcon_core.environment:create_file_with_runtime_dependencies(/home/vy/GalacticRacing/install/gap_follow/share/colcon-core/packages/gap_follow)
[10.165s] Level 1:colcon.colcon_core.environment:create_environment_scripts_only(gap_follow)
[10.197s] Level 1:colcon.colcon_core.environment:checking '/home/vy/GalacticRacing/install/gap_follow' for CMake module files
[10.197s] Level 1:colcon.colcon_core.environment:checking '/home/vy/GalacticRacing/install/gap_follow' for CMake config files
[10.198s] Level 1:colcon.colcon_core.shell:create_environment_hook('gap_follow', 'cmake_prefix_path')
[10.228s] INFO:colcon.colcon_core.shell:Creating environment hook '/home/vy/GalacticRacing/install/gap_follow/share/gap_follow/hook/cmake_prefix_path.ps1'
[10.228s] INFO:colcon.colcon_core.shell:Creating environment descriptor '/home/vy/GalacticRacing/install/gap_follow/share/gap_follow/hook/cmake_prefix_path.dsv'
[10.229s] INFO:colcon.colcon_core.shell:Creating environment hook '/home/vy/GalacticRacing/install/gap_follow/share/gap_follow/hook/cmake_prefix_path.sh'
[10.230s] Level 1:colcon.colcon_core.environment:checking '/home/vy/GalacticRacing/install/gap_follow/lib'
[10.232s] Level 1:colcon.colcon_core.environment:checking '/home/vy/GalacticRacing/install/gap_follow/bin'
[10.232s] Level 1:colcon.colcon_core.environment:checking '/home/vy/GalacticRacing/install/gap_follow/lib/pkgconfig/gap_follow.pc'
[10.232s] Level 1:colcon.colcon_core.environment:checking '/home/vy/GalacticRacing/install/gap_follow/lib/python3.8/site-packages'
[10.232s] Level 1:colcon.colcon_core.shell:create_environment_hook('gap_follow', 'pythonpath')
[10.264s] INFO:colcon.colcon_core.shell:Creating environment hook '/home/vy/GalacticRacing/install/gap_follow/share/gap_follow/hook/pythonpath.ps1'
[10.265s] INFO:colcon.colcon_core.shell:Creating environment descriptor '/home/vy/GalacticRacing/install/gap_follow/share/gap_follow/hook/pythonpath.dsv'
[10.266s] INFO:colcon.colcon_core.shell:Creating environment hook '/home/vy/GalacticRacing/install/gap_follow/share/gap_follow/hook/pythonpath.sh'
[10.267s] Level 1:colcon.colcon_core.environment:checking '/home/vy/GalacticRacing/install/gap_follow/bin'
[10.297s] INFO:colcon.colcon_core.shell:Creating package script '/home/vy/GalacticRacing/install/gap_follow/share/gap_follow/package.ps1'
[10.297s] INFO:colcon.colcon_core.shell:Creating package descriptor '/home/vy/GalacticRacing/install/gap_follow/share/gap_follow/package.dsv'
[10.298s] INFO:colcon.colcon_core.shell:Creating package script '/home/vy/GalacticRacing/install/gap_follow/share/gap_follow/package.sh'
[10.300s] INFO:colcon.colcon_core.shell:Creating package script '/home/vy/GalacticRacing/install/gap_follow/share/gap_follow/package.bash'
[10.301s] INFO:colcon.colcon_core.shell:Creating package script '/home/vy/GalacticRacing/install/gap_follow/share/gap_follow/package.zsh'
[10.301s] Level 1:colcon.colcon_core.environment:create_file_with_runtime_dependencies(/home/vy/GalacticRacing/install/gap_follow/share/colcon-core/packages/gap_follow)
[10.302s] DEBUG:colcon.colcon_parallel_executor.executor.parallel:closing loop
[10.303s] DEBUG:colcon.colcon_parallel_executor.executor.parallel:loop closed
[10.305s] DEBUG:colcon.colcon_parallel_executor.executor.parallel:run_until_complete finished with '0'
[10.305s] DEBUG:colcon.colcon_core.event_reactor:joining thread
[10.360s] INFO:colcon.colcon_core.plugin_system:Skipping extension 'colcon_notification.desktop_notification.terminal_notifier': Not used on non-Darwin systems
[10.361s] INFO:colcon.colcon_core.plugin_system:Skipping extension 'colcon_notification.desktop_notification.win32': Not used on non-Windows systems
[10.361s] INFO:colcon.colcon_notification.desktop_notification:Sending desktop notification using 'notify2'
[10.395s] DEBUG:colcon.colcon_core.event_reactor:joined thread
[10.435s] INFO:colcon.colcon_core.shell:Creating prefix script '/home/vy/GalacticRacing/install/local_setup.ps1'
[10.435s] INFO:colcon.colcon_core.shell:Creating prefix util module '/home/vy/GalacticRacing/install/_local_setup_util_ps1.py'
[10.437s] INFO:colcon.colcon_core.shell:Creating prefix chain script '/home/vy/GalacticRacing/install/setup.ps1'
[10.472s] INFO:colcon.colcon_core.shell:Creating prefix script '/home/vy/GalacticRacing/install/local_setup.sh'
[10.475s] INFO:colcon.colcon_core.shell:Creating prefix util module '/home/vy/GalacticRacing/install/_local_setup_util_sh.py'
[10.476s] INFO:colcon.colcon_core.shell:Creating prefix chain script '/home/vy/GalacticRacing/install/setup.sh'
[10.531s] INFO:colcon.colcon_core.shell:Creating prefix script '/home/vy/GalacticRacing/install/local_setup.bash'
[10.533s] INFO:colcon.colcon_core.shell:Creating prefix chain script '/home/vy/GalacticRacing/install/setup.bash'
[10.574s] INFO:colcon.colcon_core.shell:Creating prefix script '/home/vy/GalacticRacing/install/local_setup.zsh'
[10.575s] INFO:colcon.colcon_core.shell:Creating prefix chain script '/home/vy/GalacticRacing/install/setup.zsh'
