[0.429s] Invoking command in '/home/vy/GalacticRacing/sim_ws/build/wall_follow': CMAKE_PREFIX_PATH=${CMAKE_PREFIX_PATH}:/home/vy/GalacticRacing/sim_ws/install/lab5_pkg:/home/vy/GalacticRacing/sim_ws/install/gap_follow:/home/vy/GalacticRacing/sim_ws/install/particle_filter:/home/vy/GalacticRacing/sim_ws/install/f1tenth_gym_ros:/opt/ros/foxy /usr/bin/cmake /home/vy/GalacticRacing/sim_ws/src/wall_follow -DCMAKE_INSTALL_PREFIX=/home/vy/GalacticRacing/sim_ws/install/wall_follow
[0.523s] -- The C compiler identification is GNU 9.4.0
[0.616s] -- The CXX compiler identification is GNU 9.4.0
[0.616s] -- Check for working C compiler: /usr/bin/cc
[0.696s] -- Check for working C compiler: /usr/bin/cc -- works
[0.696s] -- Detecting C compiler ABI info
[0.801s] -- Detecting C compiler ABI info - done
[0.801s] -- Detecting C compile features
[0.801s] -- Detecting C compile features - done
[0.801s] -- Check for working CXX compiler: /usr/bin/c++
[0.908s] -- Check for working CXX compiler: /usr/bin/c++ -- works
[0.909s] -- Detecting CXX compiler ABI info
[0.990s] -- Detecting CXX compiler ABI info - done
[1.002s] -- Detecting CXX compile features
[1.002s] -- Detecting CXX compile features - done
[1.005s] -- Found ament_cmake: 0.9.12 (/opt/ros/foxy/share/ament_cmake/cmake)
[1.030s] -- Found PythonInterp: /usr/bin/python3 (found suitable version "3.8.10", minimum required is "3") 
[1.031s] -- Using PYTHON_EXECUTABLE: /usr/bin/python3
[1.236s] -- Found rclcpp: 2.4.3 (/opt/ros/foxy/share/rclcpp/cmake)
[1.338s] -- Using all available rosidl_typesupport_c: rosidl_typesupport_fastrtps_c;rosidl_typesupport_introspection_c
[1.344s] -- Found rosidl_adapter: 1.3.1 (/opt/ros/foxy/share/rosidl_adapter/cmake)
[1.455s] -- Found OpenSSL: /usr/lib/x86_64-linux-gnu/libcrypto.so (found version "1.1.1f")  
[1.481s] -- Found FastRTPS: /opt/ros/foxy/include  
[1.558s] -- Using all available rosidl_typesupport_cpp: rosidl_typesupport_fastrtps_cpp;rosidl_typesupport_introspection_cpp
[1.650s] -- Found rmw_implementation_cmake: 1.0.4 (/opt/ros/foxy/share/rmw_implementation_cmake/cmake)
[1.653s] -- Using RMW implementation 'rmw_fastrtps_cpp' as default
[1.654s] -- Looking for pthread.h
[1.832s] -- Looking for pthread.h - found
[1.832s] -- Performing Test CMAKE_HAVE_LIBC_PTHREAD
[1.905s] -- Performing Test CMAKE_HAVE_LIBC_PTHREAD - Failed
[1.905s] -- Looking for pthread_create in pthreads
[2.323s] -- Looking for pthread_create in pthreads - not found
[2.329s] -- Looking for pthread_create in pthread
[3.103s] -- Looking for pthread_create in pthread - found
[3.104s] -- Found Threads: TRUE  
[3.267s] -- Found rclpy: 1.0.13 (/opt/ros/foxy/share/rclpy/cmake)
[3.269s] -- Found geometry_msgs: 2.0.5 (/opt/ros/foxy/share/geometry_msgs/cmake)
[3.307s] -- Found nav_msgs: 2.0.5 (/opt/ros/foxy/share/nav_msgs/cmake)
[3.398s] -- Found ackermann_msgs: 2.0.2 (/opt/ros/foxy/share/ackermann_msgs/cmake)
[3.444s] -- Found sensor_msgs: 2.0.5 (/opt/ros/foxy/share/sensor_msgs/cmake)
[3.597s] -- Found ament_lint_auto: 0.9.8 (/opt/ros/foxy/share/ament_lint_auto/cmake)
[3.666s] -- Added test 'copyright' to check source files copyright and LICENSE
[3.669s] -- Added test 'cppcheck' to perform static code analysis on C / C++ code
[3.669s] -- Configured cppcheck include dirs: /home/vy/GalacticRacing/sim_ws/src/wall_follow/include
[3.669s] -- Configured cppcheck exclude dirs and/or files: 
[3.671s] -- Added test 'cpplint' to check C / C++ code against the Google style
[3.671s] -- Configured cpplint exclude dirs and/or files: 
[3.672s] -- Added test 'flake8' to check Python code syntax and style conventions
[3.673s] -- Added test 'lint_cmake' to check CMake code style
[3.674s] -- Added test 'pep257' to check Python code against some of the style conventions in PEP 257
[3.675s] -- Added test 'uncrustify' to check C / C++ code style
[3.675s] -- Configured uncrustify additional arguments: 
[3.676s] -- Added test 'xmllint' to check XML markup files
[3.680s] -- Configuring done
[3.695s] -- Generating done
[3.698s] -- Build files have been written to: /home/vy/GalacticRacing/sim_ws/build/wall_follow
[3.719s] Invoked command in '/home/vy/GalacticRacing/sim_ws/build/wall_follow' returned '0': CMAKE_PREFIX_PATH=${CMAKE_PREFIX_PATH}:/home/vy/GalacticRacing/sim_ws/install/lab5_pkg:/home/vy/GalacticRacing/sim_ws/install/gap_follow:/home/vy/GalacticRacing/sim_ws/install/particle_filter:/home/vy/GalacticRacing/sim_ws/install/f1tenth_gym_ros:/opt/ros/foxy /usr/bin/cmake /home/vy/GalacticRacing/sim_ws/src/wall_follow -DCMAKE_INSTALL_PREFIX=/home/vy/GalacticRacing/sim_ws/install/wall_follow
[3.720s] Invoking command in '/home/vy/GalacticRacing/sim_ws/build/wall_follow': CMAKE_PREFIX_PATH=${CMAKE_PREFIX_PATH}:/home/vy/GalacticRacing/sim_ws/install/lab5_pkg:/home/vy/GalacticRacing/sim_ws/install/gap_follow:/home/vy/GalacticRacing/sim_ws/install/particle_filter:/home/vy/GalacticRacing/sim_ws/install/f1tenth_gym_ros:/opt/ros/foxy /usr/bin/cmake --build /home/vy/GalacticRacing/sim_ws/build/wall_follow -- -j6 -l6
[3.974s] [35m[1mScanning dependencies of target wall_follow_node[0m
[4.031s] [ 50%] [32mBuilding CXX object CMakeFiles/wall_follow_node.dir/src/wall_follow_node.cpp.o[0m
[5.680s] [01m[K/home/vy/GalacticRacing/sim_ws/src/wall_follow/src/wall_follow_node.cpp:[m[K In member function ‘[01m[Kdouble WallFollow::get_range(float*, double)[m[K’:
[5.681s] [01m[K/home/vy/GalacticRacing/sim_ws/src/wall_follow/src/wall_follow_node.cpp:30:29:[m[K [01;35m[Kwarning: [m[Kunused parameter ‘[01m[Krange_data[m[K’ [[01;35m[K-Wunused-parameter[m[K]
[5.681s]    30 |     double get_range([01;35m[Kfloat* range_data[m[K, double angle)
[5.681s]       |                      [01;35m[K~~~~~~~^~~~~~~~~~[m[K
[5.681s] [01m[K/home/vy/GalacticRacing/sim_ws/src/wall_follow/src/wall_follow_node.cpp:30:48:[m[K [01;35m[Kwarning: [m[Kunused parameter ‘[01m[Kangle[m[K’ [[01;35m[K-Wunused-parameter[m[K]
[5.682s]    30 |     double get_range(float* range_data, [01;35m[Kdouble angle[m[K)
[5.683s]       |                                         [01;35m[K~~~~~~~^~~~~[m[K
[5.683s] [01m[K/home/vy/GalacticRacing/sim_ws/src/wall_follow/src/wall_follow_node.cpp:[m[K In member function ‘[01m[Kdouble WallFollow::get_error(float*, double)[m[K’:
[5.683s] [01m[K/home/vy/GalacticRacing/sim_ws/src/wall_follow/src/wall_follow_node.cpp:47:29:[m[K [01;35m[Kwarning: [m[Kunused parameter ‘[01m[Krange_data[m[K’ [[01;35m[K-Wunused-parameter[m[K]
[5.683s]    47 |     double get_error([01;35m[Kfloat* range_data[m[K, double dist)
[5.683s]       |                      [01;35m[K~~~~~~~^~~~~~~~~~[m[K
[5.684s] [01m[K/home/vy/GalacticRacing/sim_ws/src/wall_follow/src/wall_follow_node.cpp:47:48:[m[K [01;35m[Kwarning: [m[Kunused parameter ‘[01m[Kdist[m[K’ [[01;35m[K-Wunused-parameter[m[K]
[5.684s]    47 |     double get_error(float* range_data, [01;35m[Kdouble dist[m[K)
[5.684s]       |                                         [01;35m[K~~~~~~~^~~~[m[K
[5.684s] [01m[K/home/vy/GalacticRacing/sim_ws/src/wall_follow/src/wall_follow_node.cpp:[m[K In member function ‘[01m[Kvoid WallFollow::pid_control(double, double)[m[K’:
[5.684s] [01m[K/home/vy/GalacticRacing/sim_ws/src/wall_follow/src/wall_follow_node.cpp:76:16:[m[K [01;35m[Kwarning: [m[Kunused variable ‘[01m[Kangle[m[K’ [[01;35m[K-Wunused-variable[m[K]
[5.684s]    76 |         double [01;35m[Kangle[m[K = 0.0;
[5.685s]       |                [01;35m[K^~~~~[m[K
[5.685s] [01m[K/home/vy/GalacticRacing/sim_ws/src/wall_follow/src/wall_follow_node.cpp:64:29:[m[K [01;35m[Kwarning: [m[Kunused parameter ‘[01m[Kerror[m[K’ [[01;35m[K-Wunused-parameter[m[K]
[5.685s]    64 |     void pid_control([01;35m[Kdouble error[m[K, double velocity)
[5.685s]       |                      [01;35m[K~~~~~~~^~~~~[m[K
[5.704s] [01m[K/home/vy/GalacticRacing/sim_ws/src/wall_follow/src/wall_follow_node.cpp:64:43:[m[K [01;35m[Kwarning: [m[Kunused parameter ‘[01m[Kvelocity[m[K’ [[01;35m[K-Wunused-parameter[m[K]
[5.705s]    64 |     void pid_control(double error, [01;35m[Kdouble velocity[m[K)
[5.705s]       |                                    [01;35m[K~~~~~~~^~~~~~~~[m[K
[5.705s] [01m[K/home/vy/GalacticRacing/sim_ws/src/wall_follow/src/wall_follow_node.cpp:[m[K In member function ‘[01m[Kvoid WallFollow::scan_callback(sensor_msgs::msg::LaserScan_<std::allocator<void> >::ConstSharedPtr)[m[K’:
[5.705s] [01m[K/home/vy/GalacticRacing/sim_ws/src/wall_follow/src/wall_follow_node.cpp:93:16:[m[K [01;35m[Kwarning: [m[Kunused variable ‘[01m[Kerror[m[K’ [[01;35m[K-Wunused-variable[m[K]
[5.705s]    93 |         double [01;35m[Kerror[m[K = 0.0; // TODO: replace with error calculated by get_error()
[5.705s]       |                [01;35m[K^~~~~[m[K
[5.706s] [01m[K/home/vy/GalacticRacing/sim_ws/src/wall_follow/src/wall_follow_node.cpp:94:16:[m[K [01;35m[Kwarning: [m[Kunused variable ‘[01m[Kvelocity[m[K’ [[01;35m[K-Wunused-variable[m[K]
[5.706s]    94 |         double [01;35m[Kvelocity[m[K = 0.0; // TODO: calculate desired car velocity based on error
[5.706s]       |                [01;35m[K^~~~~~~~[m[K
[5.707s] [01m[K/home/vy/GalacticRacing/sim_ws/src/wall_follow/src/wall_follow_node.cpp:82:74:[m[K [01;35m[Kwarning: [m[Kunused parameter ‘[01m[Kscan_msg[m[K’ [[01;35m[K-Wunused-parameter[m[K]
[5.707s]    82 | void scan_callback([01;35m[Kconst sensor_msgs::msg::LaserScan::ConstSharedPtr scan_msg[m[K)
[5.709s]       |                    [01;35m[K~~~~~~~~~~~~~~~~~~~~~~~~~~~~~~~~~~~~~~~~~~~~~~~~~~^~~~~~~~[m[K
[5.709s] 
[6.144s] [100%] [32m[1mLinking CXX executable wall_follow_node[0m
[6.314s] [100%] Built target wall_follow_node
[6.328s] Invoked command in '/home/vy/GalacticRacing/sim_ws/build/wall_follow' returned '0': CMAKE_PREFIX_PATH=${CMAKE_PREFIX_PATH}:/home/vy/GalacticRacing/sim_ws/install/lab5_pkg:/home/vy/GalacticRacing/sim_ws/install/gap_follow:/home/vy/GalacticRacing/sim_ws/install/particle_filter:/home/vy/GalacticRacing/sim_ws/install/f1tenth_gym_ros:/opt/ros/foxy /usr/bin/cmake --build /home/vy/GalacticRacing/sim_ws/build/wall_follow -- -j6 -l6
[6.361s] Invoking command in '/home/vy/GalacticRacing/sim_ws/build/wall_follow': CMAKE_PREFIX_PATH=${CMAKE_PREFIX_PATH}:/home/vy/GalacticRacing/sim_ws/install/lab5_pkg:/home/vy/GalacticRacing/sim_ws/install/gap_follow:/home/vy/GalacticRacing/sim_ws/install/particle_filter:/home/vy/GalacticRacing/sim_ws/install/f1tenth_gym_ros:/opt/ros/foxy /usr/bin/cmake --install /home/vy/GalacticRacing/sim_ws/build/wall_follow
[6.370s] -- Install configuration: ""
[6.370s] -- Installing: /home/vy/GalacticRacing/sim_ws/install/wall_follow/lib/wall_follow/wall_follow_node
[6.370s] -- Set runtime path of "/home/vy/GalacticRacing/sim_ws/install/wall_follow/lib/wall_follow/wall_follow_node" to ""
[6.370s] -- Installing: /home/vy/GalacticRacing/sim_ws/install/wall_follow/share/wall_follow/environment/pythonpath.sh
[6.370s] -- Installing: /home/vy/GalacticRacing/sim_ws/install/wall_follow/share/wall_follow/environment/pythonpath.dsv
[6.370s] -- Installing: /home/vy/GalacticRacing/sim_ws/install/wall_follow/lib/python3.8/site-packages/wall_follow
[6.371s] -- Installing: /home/vy/GalacticRacing/sim_ws/install/wall_follow/lib/python3.8/site-packages/wall_follow/__init__.py
[6.397s] Listing '/home/vy/GalacticRacing/sim_ws/install/wall_follow/lib/python3.8/site-packages/wall_follow'...
[6.397s] Compiling '/home/vy/GalacticRacing/sim_ws/install/wall_follow/lib/python3.8/site-packages/wall_follow/__init__.py'...
[6.402s] -- Installing: /home/vy/GalacticRacing/sim_ws/install/wall_follow/lib/wall_follow/wall_follow_node.py
[6.403s] -- Installing: /home/vy/GalacticRacing/sim_ws/install/wall_follow/share/ament_index/resource_index/package_run_dependencies/wall_follow
[6.403s] -- Installing: /home/vy/GalacticRacing/sim_ws/install/wall_follow/share/ament_index/resource_index/parent_prefix_path/wall_follow
[6.404s] -- Installing: /home/vy/GalacticRacing/sim_ws/install/wall_follow/share/wall_follow/environment/ament_prefix_path.sh
[6.406s] -- Installing: /home/vy/GalacticRacing/sim_ws/install/wall_follow/share/wall_follow/environment/ament_prefix_path.dsv
[6.406s] -- Installing: /home/vy/GalacticRacing/sim_ws/install/wall_follow/share/wall_follow/environment/path.sh
[6.406s] -- Installing: /home/vy/GalacticRacing/sim_ws/install/wall_follow/share/wall_follow/environment/path.dsv
[6.406s] -- Installing: /home/vy/GalacticRacing/sim_ws/install/wall_follow/share/wall_follow/local_setup.bash
[6.407s] -- Installing: /home/vy/GalacticRacing/sim_ws/install/wall_follow/share/wall_follow/local_setup.sh
[6.407s] -- Installing: /home/vy/GalacticRacing/sim_ws/install/wall_follow/share/wall_follow/local_setup.zsh
[6.407s] -- Installing: /home/vy/GalacticRacing/sim_ws/install/wall_follow/share/wall_follow/local_setup.dsv
[6.407s] -- Installing: /home/vy/GalacticRacing/sim_ws/install/wall_follow/share/wall_follow/package.dsv
[6.407s] -- Installing: /home/vy/GalacticRacing/sim_ws/install/wall_follow/share/ament_index/resource_index/packages/wall_follow
[6.407s] -- Installing: /home/vy/GalacticRacing/sim_ws/install/wall_follow/share/wall_follow/cmake/wall_followConfig.cmake
[6.407s] -- Installing: /home/vy/GalacticRacing/sim_ws/install/wall_follow/share/wall_follow/cmake/wall_followConfig-version.cmake
[6.407s] -- Installing: /home/vy/GalacticRacing/sim_ws/install/wall_follow/share/wall_follow/package.xml
[6.409s] Invoked command in '/home/vy/GalacticRacing/sim_ws/build/wall_follow' returned '0': CMAKE_PREFIX_PATH=${CMAKE_PREFIX_PATH}:/home/vy/GalacticRacing/sim_ws/install/lab5_pkg:/home/vy/GalacticRacing/sim_ws/install/gap_follow:/home/vy/GalacticRacing/sim_ws/install/particle_filter:/home/vy/GalacticRacing/sim_ws/install/f1tenth_gym_ros:/opt/ros/foxy /usr/bin/cmake --install /home/vy/GalacticRacing/sim_ws/build/wall_follow
