[1.986s] Invoking command in '/home/vy/GalacticRacing/sim_ws/build/lab5_pkg': CMAKE_PREFIX_PATH=/opt/ros/foxy /usr/bin/cmake --build /home/vy/GalacticRacing/sim_ws/build/lab5_pkg -- -j8 -l8
[2.439s] -- Found ament_cmake: 0.9.12 (/opt/ros/foxy/share/ament_cmake/cmake)
[2.439s] -- Using PYTHON_EXECUTABLE: /usr/bin/python3
[2.439s] -- Found rclcpp: 2.4.3 (/opt/ros/foxy/share/rclcpp/cmake)
[2.566s] -- Using all available rosidl_typesupport_c: rosidl_typesupport_fastrtps_c;rosidl_typesupport_introspection_c
[2.574s] -- Found rosidl_adapter: 1.3.1 (/opt/ros/foxy/share/rosidl_adapter/cmake)
[2.815s] -- Using all available rosidl_typesupport_cpp: rosidl_typesupport_fastrtps_cpp;rosidl_typesupport_introspection_cpp
[2.929s] -- Found rmw_implementation_cmake: 1.0.4 (/opt/ros/foxy/share/rmw_implementation_cmake/cmake)
[2.929s] -- Using RMW implementation 'rmw_fastrtps_cpp' as default
[3.209s] -- Found rclpy: 1.0.13 (/opt/ros/foxy/share/rclpy/cmake)
[3.210s] -- Found geometry_msgs: 2.0.5 (/opt/ros/foxy/share/geometry_msgs/cmake)
[3.274s] -- Found nav_msgs: 2.0.5 (/opt/ros/foxy/share/nav_msgs/cmake)
[3.353s] -- Found ackermann_msgs: 2.0.2 (/opt/ros/foxy/share/ackermann_msgs/cmake)
[3.403s] -- Found sensor_msgs: 2.0.5 (/opt/ros/foxy/share/sensor_msgs/cmake)
[3.492s] -- Found visualization_msgs: 2.0.5 (/opt/ros/foxy/share/visualization_msgs/cmake)
[3.626s] -- Found tf2_ros: 0.13.14 (/opt/ros/foxy/share/tf2_ros/cmake)
[4.187s] -- Found ament_lint_auto: 0.9.8 (/opt/ros/foxy/share/ament_lint_auto/cmake)
[4.281s] -- Added test 'copyright' to check source files copyright and LICENSE
[4.282s] -- Added test 'cppcheck' to perform static code analysis on C / C++ code
[4.282s] -- Configured cppcheck include dirs: /home/vy/GalacticRacing/sim_ws/lab5_pkg/include
[4.282s] -- Configured cppcheck exclude dirs and/or files: 
[4.282s] -- Added test 'cpplint' to check C / C++ code against the Google style
[4.282s] -- Configured cpplint exclude dirs and/or files: 
[4.282s] -- Added test 'flake8' to check Python code syntax and style conventions
[4.282s] -- Added test 'lint_cmake' to check CMake code style
[4.313s] -- Added test 'pep257' to check Python code against some of the style conventions in PEP 257
[4.318s] -- Added test 'uncrustify' to check C / C++ code style
[4.318s] -- Configured uncrustify additional arguments: 
[4.318s] -- Added test 'xmllint' to check XML markup files
[4.318s] -- Configuring done
[4.341s] -- Generating done
[4.344s] -- Build files have been written to: /home/vy/GalacticRacing/sim_ws/build/lab5_pkg
[4.438s] [100%] Built target scanmatch_node
[4.836s] Invoked command in '/home/vy/GalacticRacing/sim_ws/build/lab5_pkg' returned '0': CMAKE_PREFIX_PATH=/opt/ros/foxy /usr/bin/cmake --build /home/vy/GalacticRacing/sim_ws/build/lab5_pkg -- -j8 -l8
[5.588s] Invoking command in '/home/vy/GalacticRacing/sim_ws/build/lab5_pkg': CMAKE_PREFIX_PATH=/opt/ros/foxy /usr/bin/cmake --install /home/vy/GalacticRacing/sim_ws/build/lab5_pkg
[5.912s] -- Install configuration: ""
[5.912s] -- Up-to-date: /home/vy/GalacticRacing/sim_ws/install/lab5_pkg/lib/lab5_pkg/scanmatch_node
[5.913s] -- Up-to-date: /home/vy/GalacticRacing/sim_ws/install/lab5_pkg/share/lab5_pkg/environment/pythonpath.sh
[5.913s] -- Installing: /home/vy/GalacticRacing/sim_ws/install/lab5_pkg/share/lab5_pkg/environment/pythonpath.dsv
[5.913s] -- Up-to-date: /home/vy/GalacticRacing/sim_ws/install/lab5_pkg/lib/python3.8/site-packages/lab5_pkg
[5.913s] -- Up-to-date: /home/vy/GalacticRacing/sim_ws/install/lab5_pkg/lib/python3.8/site-packages/lab5_pkg/__init__.py
[5.914s] Listing '/home/vy/GalacticRacing/sim_ws/install/lab5_pkg/lib/python3.8/site-packages/lab5_pkg'...
[5.914s] Compiling '/home/vy/GalacticRacing/sim_ws/install/lab5_pkg/lib/python3.8/site-packages/lab5_pkg/__init__.py'...
[5.914s] -- Up-to-date: /home/vy/GalacticRacing/sim_ws/install/lab5_pkg/share/ament_index/resource_index/package_run_dependencies/lab5_pkg
[5.914s] -- Up-to-date: /home/vy/GalacticRacing/sim_ws/install/lab5_pkg/share/ament_index/resource_index/parent_prefix_path/lab5_pkg
[5.914s] -- Up-to-date: /home/vy/GalacticRacing/sim_ws/install/lab5_pkg/share/lab5_pkg/environment/ament_prefix_path.sh
[5.914s] -- Installing: /home/vy/GalacticRacing/sim_ws/install/lab5_pkg/share/lab5_pkg/environment/ament_prefix_path.dsv
[5.916s] -- Up-to-date: /home/vy/GalacticRacing/sim_ws/install/lab5_pkg/share/lab5_pkg/environment/path.sh
[5.924s] -- Installing: /home/vy/GalacticRacing/sim_ws/install/lab5_pkg/share/lab5_pkg/environment/path.dsv
[5.925s] -- Up-to-date: /home/vy/GalacticRacing/sim_ws/install/lab5_pkg/share/lab5_pkg/local_setup.bash
[5.927s] -- Up-to-date: /home/vy/GalacticRacing/sim_ws/install/lab5_pkg/share/lab5_pkg/local_setup.sh
[5.933s] -- Up-to-date: /home/vy/GalacticRacing/sim_ws/install/lab5_pkg/share/lab5_pkg/local_setup.zsh
[5.933s] -- Installing: /home/vy/GalacticRacing/sim_ws/install/lab5_pkg/share/lab5_pkg/local_setup.dsv
[5.933s] -- Installing: /home/vy/GalacticRacing/sim_ws/install/lab5_pkg/share/lab5_pkg/package.dsv
[5.933s] -- Up-to-date: /home/vy/GalacticRacing/sim_ws/install/lab5_pkg/share/ament_index/resource_index/packages/lab5_pkg
[5.933s] -- Up-to-date: /home/vy/GalacticRacing/sim_ws/install/lab5_pkg/share/lab5_pkg/cmake/lab5_pkgConfig.cmake
[5.933s] -- Up-to-date: /home/vy/GalacticRacing/sim_ws/install/lab5_pkg/share/lab5_pkg/cmake/lab5_pkgConfig-version.cmake
[5.933s] -- Up-to-date: /home/vy/GalacticRacing/sim_ws/install/lab5_pkg/share/lab5_pkg/package.xml
[6.275s] Invoked command in '/home/vy/GalacticRacing/sim_ws/build/lab5_pkg' returned '0': CMAKE_PREFIX_PATH=/opt/ros/foxy /usr/bin/cmake --install /home/vy/GalacticRacing/sim_ws/build/lab5_pkg
